[1.592s] DEBUG:colcon:Command line arguments: ['/usr/bin/colcon', 'build']
[1.592s] DEBUG:colcon:Parsed command line arguments: Namespace(log_base=None, log_level=None, verb_name='build', build_base='build', install_base='install', merge_install=False, symlink_install=False, test_result_base=None, continue_on_error=False, executor='parallel', parallel_workers=4, event_handlers=None, ignore_user_meta=False, metas=['./colcon.meta'], base_paths=['.'], packages_ignore=None, packages_ignore_regex=None, paths=None, packages_up_to=None, packages_up_to_regex=None, packages_above=None, packages_above_and_dependencies=None, packages_above_depth=None, packages_select_by_dep=None, packages_skip_by_dep=None, packages_skip_up_to=None, packages_select_build_failed=False, packages_skip_build_finished=False, packages_select_test_failures=False, packages_skip_test_passed=False, packages_select=None, packages_skip=None, packages_select_regex=None, packages_skip_regex=None, packages_start=None, packages_end=None, allow_overriding=[], cmake_args=None, cmake_target=None, cmake_target_skip_unavailable=False, cmake_clean_cache=False, cmake_clean_first=False, cmake_force_configure=False, ament_cmake_args=None, catkin_cmake_args=None, catkin_skip_building_tests=False, verb_parser=<colcon_defaults.argument_parser.defaults.DefaultArgumentsDecorator object at 0x7f1958ece950>, verb_extension=<colcon_core.verb.build.BuildVerb object at 0x7f1958ece710>, main=<bound method BuildVerb.main of <colcon_core.verb.build.BuildVerb object at 0x7f1958ece710>>)
[1.665s] Level 1:colcon.colcon_core.package_discovery:discover_packages(colcon_meta) check parameters
[1.666s] Level 1:colcon.colcon_core.package_discovery:discover_packages(recursive) check parameters
[1.666s] Level 1:colcon.colcon_core.package_discovery:discover_packages(ignore) check parameters
[1.666s] Level 1:colcon.colcon_core.package_discovery:discover_packages(path) check parameters
[1.666s] Level 1:colcon.colcon_core.package_discovery:discover_packages(colcon_meta) discover
[1.666s] Level 1:colcon.colcon_core.package_discovery:discover_packages(recursive) discover
[1.666s] INFO:colcon.colcon_core.package_discovery:Crawling recursively for packages in '/home/tch/mpo_500_workspace/src/neo_mpo_500-2'
[1.666s] Level 1:colcon.colcon_core.package_identification:_identify(.) by extensions ['ignore', 'ignore_ament_install']
[1.666s] Level 1:colcon.colcon_core.package_identification:_identify(.) by extension 'ignore'
[1.666s] Level 1:colcon.colcon_core.package_identification:_identify(.) by extension 'ignore_ament_install'
[1.667s] Level 1:colcon.colcon_core.package_identification:_identify(.) by extensions ['colcon_pkg']
[1.667s] Level 1:colcon.colcon_core.package_identification:_identify(.) by extension 'colcon_pkg'
[1.667s] Level 1:colcon.colcon_core.package_identification:_identify(.) by extensions ['colcon_meta']
[1.667s] Level 1:colcon.colcon_core.package_identification:_identify(.) by extension 'colcon_meta'
[1.667s] Level 1:colcon.colcon_core.package_identification:_identify(.) by extensions ['ros']
[1.667s] Level 1:colcon.colcon_core.package_identification:_identify(.) by extension 'ros'
[1.687s] DEBUG:colcon.colcon_core.package_identification:Package '.' with type 'ros.ament_cmake' and name 'neo_mpo_500-2'
[1.687s] Level 1:colcon.colcon_core.package_discovery:discover_packages(recursive) using defaults
[1.687s] Level 1:colcon.colcon_core.package_discovery:discover_packages(ignore) discover
[1.687s] Level 1:colcon.colcon_core.package_discovery:discover_packages(ignore) using defaults
[1.687s] Level 1:colcon.colcon_core.package_discovery:discover_packages(path) discover
[1.687s] Level 1:colcon.colcon_core.package_discovery:discover_packages(path) using defaults
[1.833s] Level 1:colcon.colcon_core.package_discovery:discover_packages(prefix_path) check parameters
[1.834s] Level 1:colcon.colcon_core.package_discovery:discover_packages(prefix_path) discover
[1.883s] DEBUG:colcon.colcon_installed_package_information.package_discovery:Found 1 installed packages in /home/tch/mpo_500_workspace/src/neo_mpo_500-2/install
[1.907s] DEBUG:colcon.colcon_installed_package_information.package_discovery:Found 7 installed packages in /home/tch/neobotix_workspace/install
[1.931s] DEBUG:colcon.colcon_installed_package_information.package_discovery:Found 18 installed packages in /home/tch/mpo_500_workspace/install
[1.955s] DEBUG:colcon.colcon_installed_package_information.package_discovery:Found 1 installed packages in /home/tch/laser_filters-ros2/install
[1.994s] DEBUG:colcon.colcon_installed_package_information.package_discovery:Found 1 installed packages in /home/tch/filters-ros2/install
[2.017s] DEBUG:colcon.colcon_installed_package_information.package_discovery:Found 1 installed packages in /home/tch/mpo_500_workspace/src/odrive_motor_op/install
[2.043s] DEBUG:colcon.colcon_installed_package_information.package_discovery:Found 331 installed packages in /opt/ros/humble
[2.045s] Level 1:colcon.colcon_core.package_discovery:discover_packages(prefix_path) using defaults
[2.202s] Level 5:colcon.colcon_core.verb:set package 'neo_mpo_500-2' build argument 'cmake_args' from command line to 'None'
[2.202s] Level 5:colcon.colcon_core.verb:set package 'neo_mpo_500-2' build argument 'cmake_target' from command line to 'None'
[2.202s] Level 5:colcon.colcon_core.verb:set package 'neo_mpo_500-2' build argument 'cmake_target_skip_unavailable' from command line to 'False'
[2.202s] Level 5:colcon.colcon_core.verb:set package 'neo_mpo_500-2' build argument 'cmake_clean_cache' from command line to 'False'
[2.202s] Level 5:colcon.colcon_core.verb:set package 'neo_mpo_500-2' build argument 'cmake_clean_first' from command line to 'False'
[2.202s] Level 5:colcon.colcon_core.verb:set package 'neo_mpo_500-2' build argument 'cmake_force_configure' from command line to 'False'
[2.202s] Level 5:colcon.colcon_core.verb:set package 'neo_mpo_500-2' build argument 'ament_cmake_args' from command line to 'None'
[2.202s] Level 5:colcon.colcon_core.verb:set package 'neo_mpo_500-2' build argument 'catkin_cmake_args' from command line to 'None'
[2.202s] Level 5:colcon.colcon_core.verb:set package 'neo_mpo_500-2' build argument 'catkin_skip_building_tests' from command line to 'False'
[2.202s] DEBUG:colcon.colcon_core.verb:Building package 'neo_mpo_500-2' with the following arguments: {'ament_cmake_args': None, 'build_base': '/home/tch/mpo_500_workspace/src/neo_mpo_500-2/build/neo_mpo_500-2', 'catkin_cmake_args': None, 'catkin_skip_building_tests': False, 'cmake_args': None, 'cmake_clean_cache': False, 'cmake_clean_first': False, 'cmake_force_configure': False, 'cmake_target': None, 'cmake_target_skip_unavailable': False, 'install_base': '/home/tch/mpo_500_workspace/src/neo_mpo_500-2/install/neo_mpo_500-2', 'merge_install': False, 'path': '/home/tch/mpo_500_workspace/src/neo_mpo_500-2', 'symlink_install': False, 'test_result_base': None}
[2.227s] INFO:colcon.colcon_core.executor:Executing jobs using 'parallel' executor
[2.252s] DEBUG:colcon.colcon_parallel_executor.executor.parallel:run_until_complete
[2.252s] INFO:colcon.colcon_ros.task.ament_cmake.build:Building ROS package in '/home/tch/mpo_500_workspace/src/neo_mpo_500-2' with build type 'ament_cmake'
[2.253s] INFO:colcon.colcon_cmake.task.cmake.build:Building CMake package in '/home/tch/mpo_500_workspace/src/neo_mpo_500-2'
[2.281s] INFO:colcon.colcon_core.plugin_system:Skipping extension 'colcon_core.shell.bat': Not used on non-Windows systems
[2.281s] INFO:colcon.colcon_core.shell:Skip shell extension 'powershell' for command environment: Not usable outside of PowerShell
[2.281s] DEBUG:colcon.colcon_core.shell:Skip shell extension 'dsv' for command environment
[2.484s] DEBUG:colcon.colcon_core.event_handler.log_command:Invoking command in '/home/tch/mpo_500_workspace/src/neo_mpo_500-2/build/neo_mpo_500-2': CMAKE_PREFIX_PATH=${CMAKE_PREFIX_PATH}:/home/tch/mpo_500_workspace/install/odrive_motor_op:/home/tch/mpo_500_workspace/install/neo_nav2_py_costmap2D:/home/tch/mpo_500_workspace/src/odrive_motor_op/install/odrive_motor_op:/opt/ros/humble /usr/bin/cmake --build /home/tch/mpo_500_workspace/src/neo_mpo_500-2/build/neo_mpo_500-2 -- -j4 -l4
[2.540s] DEBUG:colcon.colcon_core.event_handler.log_command:Invoked command in '/home/tch/mpo_500_workspace/src/neo_mpo_500-2/build/neo_mpo_500-2' returned '0': CMAKE_PREFIX_PATH=${CMAKE_PREFIX_PATH}:/home/tch/mpo_500_workspace/install/odrive_motor_op:/home/tch/mpo_500_workspace/install/neo_nav2_py_costmap2D:/home/tch/mpo_500_workspace/src/odrive_motor_op/install/odrive_motor_op:/opt/ros/humble /usr/bin/cmake --build /home/tch/mpo_500_workspace/src/neo_mpo_500-2/build/neo_mpo_500-2 -- -j4 -l4
[2.583s] DEBUG:colcon.colcon_core.event_handler.log_command:Invoking command in '/home/tch/mpo_500_workspace/src/neo_mpo_500-2/build/neo_mpo_500-2': CMAKE_PREFIX_PATH=${CMAKE_PREFIX_PATH}:/home/tch/mpo_500_workspace/install/odrive_motor_op:/home/tch/mpo_500_workspace/install/neo_nav2_py_costmap2D:/home/tch/mpo_500_workspace/src/odrive_motor_op/install/odrive_motor_op:/opt/ros/humble /usr/bin/cmake --install /home/tch/mpo_500_workspace/src/neo_mpo_500-2/build/neo_mpo_500-2
[2.602s] Level 1:colcon.colcon_core.environment:create_environment_scripts_only(neo_mpo_500-2)
[2.623s] DEBUG:colcon.colcon_core.event_handler.log_command:Invoked command in '/home/tch/mpo_500_workspace/src/neo_mpo_500-2/build/neo_mpo_500-2' returned '0': CMAKE_PREFIX_PATH=${CMAKE_PREFIX_PATH}:/home/tch/mpo_500_workspace/install/odrive_motor_op:/home/tch/mpo_500_workspace/install/neo_nav2_py_costmap2D:/home/tch/mpo_500_workspace/src/odrive_motor_op/install/odrive_motor_op:/opt/ros/humble /usr/bin/cmake --install /home/tch/mpo_500_workspace/src/neo_mpo_500-2/build/neo_mpo_500-2
[2.643s] Level 1:colcon.colcon_core.environment:checking '/home/tch/mpo_500_workspace/src/neo_mpo_500-2/install/neo_mpo_500-2' for CMake module files
[2.644s] Level 1:colcon.colcon_core.environment:checking '/home/tch/mpo_500_workspace/src/neo_mpo_500-2/install/neo_mpo_500-2' for CMake config files
[2.645s] Level 1:colcon.colcon_core.shell:create_environment_hook('neo_mpo_500-2', 'cmake_prefix_path')
[2.669s] INFO:colcon.colcon_core.shell:Creating environment hook '/home/tch/mpo_500_workspace/src/neo_mpo_500-2/install/neo_mpo_500-2/share/neo_mpo_500-2/hook/cmake_prefix_path.ps1'
[2.671s] INFO:colcon.colcon_core.shell:Creating environment descriptor '/home/tch/mpo_500_workspace/src/neo_mpo_500-2/install/neo_mpo_500-2/share/neo_mpo_500-2/hook/cmake_prefix_path.dsv'
[2.671s] INFO:colcon.colcon_core.shell:Creating environment hook '/home/tch/mpo_500_workspace/src/neo_mpo_500-2/install/neo_mpo_500-2/share/neo_mpo_500-2/hook/cmake_prefix_path.sh'
[2.672s] Level 1:colcon.colcon_core.environment:checking '/home/tch/mpo_500_workspace/src/neo_mpo_500-2/install/neo_mpo_500-2/bin'
[2.673s] Level 1:colcon.colcon_core.environment:checking '/home/tch/mpo_500_workspace/src/neo_mpo_500-2/install/neo_mpo_500-2/lib/pkgconfig/neo_mpo_500-2.pc'
[2.673s] Level 1:colcon.colcon_core.environment:checking '/home/tch/mpo_500_workspace/src/neo_mpo_500-2/install/neo_mpo_500-2/lib/python3.10/site-packages'
[2.673s] Level 1:colcon.colcon_core.environment:checking '/home/tch/mpo_500_workspace/src/neo_mpo_500-2/install/neo_mpo_500-2/bin'
[2.698s] INFO:colcon.colcon_core.shell:Creating package script '/home/tch/mpo_500_workspace/src/neo_mpo_500-2/install/neo_mpo_500-2/share/neo_mpo_500-2/package.ps1'
[2.699s] INFO:colcon.colcon_core.shell:Creating package descriptor '/home/tch/mpo_500_workspace/src/neo_mpo_500-2/install/neo_mpo_500-2/share/neo_mpo_500-2/package.dsv'
[2.700s] INFO:colcon.colcon_core.shell:Creating package script '/home/tch/mpo_500_workspace/src/neo_mpo_500-2/install/neo_mpo_500-2/share/neo_mpo_500-2/package.sh'
[2.701s] INFO:colcon.colcon_core.shell:Creating package script '/home/tch/mpo_500_workspace/src/neo_mpo_500-2/install/neo_mpo_500-2/share/neo_mpo_500-2/package.bash'
[2.702s] INFO:colcon.colcon_core.shell:Creating package script '/home/tch/mpo_500_workspace/src/neo_mpo_500-2/install/neo_mpo_500-2/share/neo_mpo_500-2/package.zsh'
[2.703s] Level 1:colcon.colcon_core.environment:create_file_with_runtime_dependencies(/home/tch/mpo_500_workspace/src/neo_mpo_500-2/install/neo_mpo_500-2/share/colcon-core/packages/neo_mpo_500-2)
[2.764s] Level 1:colcon.colcon_core.environment:create_environment_scripts_only(neo_mpo_500-2)
[2.788s] Level 1:colcon.colcon_core.environment:checking '/home/tch/mpo_500_workspace/src/neo_mpo_500-2/install/neo_mpo_500-2' for CMake module files
[2.789s] Level 1:colcon.colcon_core.environment:checking '/home/tch/mpo_500_workspace/src/neo_mpo_500-2/install/neo_mpo_500-2' for CMake config files
[2.790s] Level 1:colcon.colcon_core.shell:create_environment_hook('neo_mpo_500-2', 'cmake_prefix_path')
[2.814s] INFO:colcon.colcon_core.shell:Creating environment hook '/home/tch/mpo_500_workspace/src/neo_mpo_500-2/install/neo_mpo_500-2/share/neo_mpo_500-2/hook/cmake_prefix_path.ps1'
[2.816s] INFO:colcon.colcon_core.shell:Creating environment descriptor '/home/tch/mpo_500_workspace/src/neo_mpo_500-2/install/neo_mpo_500-2/share/neo_mpo_500-2/hook/cmake_prefix_path.dsv'
[2.817s] INFO:colcon.colcon_core.shell:Creating environment hook '/home/tch/mpo_500_workspace/src/neo_mpo_500-2/install/neo_mpo_500-2/share/neo_mpo_500-2/hook/cmake_prefix_path.sh'
[2.818s] Level 1:colcon.colcon_core.environment:checking '/home/tch/mpo_500_workspace/src/neo_mpo_500-2/install/neo_mpo_500-2/bin'
[2.818s] Level 1:colcon.colcon_core.environment:checking '/home/tch/mpo_500_workspace/src/neo_mpo_500-2/install/neo_mpo_500-2/lib/pkgconfig/neo_mpo_500-2.pc'
[2.818s] Level 1:colcon.colcon_core.environment:checking '/home/tch/mpo_500_workspace/src/neo_mpo_500-2/install/neo_mpo_500-2/lib/python3.10/site-packages'
[2.820s] Level 1:colcon.colcon_core.environment:checking '/home/tch/mpo_500_workspace/src/neo_mpo_500-2/install/neo_mpo_500-2/bin'
[2.844s] INFO:colcon.colcon_core.shell:Creating package script '/home/tch/mpo_500_workspace/src/neo_mpo_500-2/install/neo_mpo_500-2/share/neo_mpo_500-2/package.ps1'
[2.845s] INFO:colcon.colcon_core.shell:Creating package descriptor '/home/tch/mpo_500_workspace/src/neo_mpo_500-2/install/neo_mpo_500-2/share/neo_mpo_500-2/package.dsv'
[2.845s] INFO:colcon.colcon_core.shell:Creating package script '/home/tch/mpo_500_workspace/src/neo_mpo_500-2/install/neo_mpo_500-2/share/neo_mpo_500-2/package.sh'
[2.846s] INFO:colcon.colcon_core.shell:Creating package script '/home/tch/mpo_500_workspace/src/neo_mpo_500-2/install/neo_mpo_500-2/share/neo_mpo_500-2/package.bash'
[2.846s] INFO:colcon.colcon_core.shell:Creating package script '/home/tch/mpo_500_workspace/src/neo_mpo_500-2/install/neo_mpo_500-2/share/neo_mpo_500-2/package.zsh'
[2.847s] Level 1:colcon.colcon_core.environment:create_file_with_runtime_dependencies(/home/tch/mpo_500_workspace/src/neo_mpo_500-2/install/neo_mpo_500-2/share/colcon-core/packages/neo_mpo_500-2)
[2.847s] DEBUG:colcon.colcon_parallel_executor.executor.parallel:closing loop
[2.848s] DEBUG:colcon.colcon_parallel_executor.executor.parallel:loop closed
[2.848s] DEBUG:colcon.colcon_parallel_executor.executor.parallel:run_until_complete finished with '0'
[2.848s] DEBUG:colcon.colcon_core.event_reactor:joining thread
[2.878s] INFO:colcon.colcon_core.plugin_system:Skipping extension 'colcon_notification.desktop_notification.terminal_notifier': Not used on non-Darwin systems
[2.879s] INFO:colcon.colcon_core.plugin_system:Skipping extension 'colcon_notification.desktop_notification.win32': Not used on non-Windows systems
[2.879s] INFO:colcon.colcon_notification.desktop_notification:Sending desktop notification using 'notify2'
[2.891s] DEBUG:colcon.colcon_core.event_reactor:joined thread
[2.915s] INFO:colcon.colcon_core.shell:Creating prefix script '/home/tch/mpo_500_workspace/src/neo_mpo_500-2/install/local_setup.ps1'
[2.917s] INFO:colcon.colcon_core.shell:Creating prefix util module '/home/tch/mpo_500_workspace/src/neo_mpo_500-2/install/_local_setup_util_ps1.py'
[2.919s] INFO:colcon.colcon_core.shell:Creating prefix chain script '/home/tch/mpo_500_workspace/src/neo_mpo_500-2/install/setup.ps1'
[2.946s] INFO:colcon.colcon_core.shell:Creating prefix script '/home/tch/mpo_500_workspace/src/neo_mpo_500-2/install/local_setup.sh'
[2.947s] INFO:colcon.colcon_core.shell:Creating prefix util module '/home/tch/mpo_500_workspace/src/neo_mpo_500-2/install/_local_setup_util_sh.py'
[2.947s] INFO:colcon.colcon_core.shell:Creating prefix chain script '/home/tch/mpo_500_workspace/src/neo_mpo_500-2/install/setup.sh'
[2.974s] INFO:colcon.colcon_core.shell:Creating prefix script '/home/tch/mpo_500_workspace/src/neo_mpo_500-2/install/local_setup.bash'
[2.975s] INFO:colcon.colcon_core.shell:Creating prefix chain script '/home/tch/mpo_500_workspace/src/neo_mpo_500-2/install/setup.bash'
[3.001s] INFO:colcon.colcon_core.shell:Creating prefix script '/home/tch/mpo_500_workspace/src/neo_mpo_500-2/install/local_setup.zsh'
[3.002s] INFO:colcon.colcon_core.shell:Creating prefix chain script '/home/tch/mpo_500_workspace/src/neo_mpo_500-2/install/setup.zsh'
