[5.548s] DEBUG:colcon:Command line arguments: ['/usr/bin/colcon', 'build']
[5.548s] DEBUG:colcon:Parsed command line arguments: Namespace(log_base=None, log_level=None, verb_name='build', build_base='build', install_base='install', merge_install=False, symlink_install=False, test_result_base=None, continue_on_error=False, executor='parallel', parallel_workers=4, event_handlers=None, ignore_user_meta=False, metas=['./colcon.meta'], base_paths=['.'], packages_ignore=None, packages_ignore_regex=None, paths=None, packages_up_to=None, packages_up_to_regex=None, packages_above=None, packages_above_and_dependencies=None, packages_above_depth=None, packages_select_by_dep=None, packages_skip_by_dep=None, packages_skip_up_to=None, packages_select_build_failed=False, packages_skip_build_finished=False, packages_select_test_failures=False, packages_skip_test_passed=False, packages_select=None, packages_skip=None, packages_select_regex=None, packages_skip_regex=None, packages_start=None, packages_end=None, allow_overriding=[], cmake_args=None, cmake_target=None, cmake_target_skip_unavailable=False, cmake_clean_cache=False, cmake_clean_first=False, cmake_force_configure=False, ament_cmake_args=None, catkin_cmake_args=None, catkin_skip_building_tests=False, verb_parser=<colcon_defaults.argument_parser.defaults.DefaultArgumentsDecorator object at 0x7f3e6dabee00>, verb_extension=<colcon_core.verb.build.BuildVerb object at 0x7f3e6dabc5b0>, main=<bound method BuildVerb.main of <colcon_core.verb.build.BuildVerb object at 0x7f3e6dabc5b0>>)
[5.818s] Level 1:colcon.colcon_core.package_discovery:discover_packages(colcon_meta) check parameters
[5.818s] Level 1:colcon.colcon_core.package_discovery:discover_packages(recursive) check parameters
[5.818s] Level 1:colcon.colcon_core.package_discovery:discover_packages(ignore) check parameters
[5.819s] Level 1:colcon.colcon_core.package_discovery:discover_packages(path) check parameters
[5.819s] Level 1:colcon.colcon_core.package_discovery:discover_packages(colcon_meta) discover
[5.820s] Level 1:colcon.colcon_core.package_discovery:discover_packages(recursive) discover
[5.821s] INFO:colcon.colcon_core.package_discovery:Crawling recursively for packages in '/home/tch/mpo_500_workspace/src/odrive_motor_op'
[5.822s] Level 1:colcon.colcon_core.package_identification:_identify(.) by extensions ['ignore', 'ignore_ament_install']
[5.823s] Level 1:colcon.colcon_core.package_identification:_identify(.) by extension 'ignore'
[5.823s] Level 1:colcon.colcon_core.package_identification:_identify(.) by extension 'ignore_ament_install'
[5.824s] Level 1:colcon.colcon_core.package_identification:_identify(.) by extensions ['colcon_pkg']
[5.824s] Level 1:colcon.colcon_core.package_identification:_identify(.) by extension 'colcon_pkg'
[5.824s] Level 1:colcon.colcon_core.package_identification:_identify(.) by extensions ['colcon_meta']
[5.824s] Level 1:colcon.colcon_core.package_identification:_identify(.) by extension 'colcon_meta'
[5.825s] Level 1:colcon.colcon_core.package_identification:_identify(.) by extensions ['ros']
[5.825s] Level 1:colcon.colcon_core.package_identification:_identify(.) by extension 'ros'
[5.901s] DEBUG:colcon.colcon_core.package_identification:Package '.' with type 'ros.ament_python' and name 'odrive_motor_op'
[5.901s] Level 1:colcon.colcon_core.package_discovery:discover_packages(recursive) using defaults
[5.902s] Level 1:colcon.colcon_core.package_discovery:discover_packages(ignore) discover
[5.902s] Level 1:colcon.colcon_core.package_discovery:discover_packages(ignore) using defaults
[5.902s] Level 1:colcon.colcon_core.package_discovery:discover_packages(path) discover
[5.902s] Level 1:colcon.colcon_core.package_discovery:discover_packages(path) using defaults
[6.450s] Level 1:colcon.colcon_core.package_discovery:discover_packages(prefix_path) check parameters
[6.450s] Level 1:colcon.colcon_core.package_discovery:discover_packages(prefix_path) discover
[6.650s] DEBUG:colcon.colcon_installed_package_information.package_discovery:Found 7 installed packages in /home/tch/neobotix_workspace/install
[6.743s] DEBUG:colcon.colcon_installed_package_information.package_discovery:Found 14 installed packages in /home/tch/mpo_500_workspace/install
[6.818s] DEBUG:colcon.colcon_installed_package_information.package_discovery:Found 324 installed packages in /opt/ros/humble
[6.826s] Level 1:colcon.colcon_core.package_discovery:discover_packages(prefix_path) using defaults
[7.335s] Level 5:colcon.colcon_core.verb:set package 'odrive_motor_op' build argument 'cmake_args' from command line to 'None'
[7.335s] Level 5:colcon.colcon_core.verb:set package 'odrive_motor_op' build argument 'cmake_target' from command line to 'None'
[7.335s] Level 5:colcon.colcon_core.verb:set package 'odrive_motor_op' build argument 'cmake_target_skip_unavailable' from command line to 'False'
[7.335s] Level 5:colcon.colcon_core.verb:set package 'odrive_motor_op' build argument 'cmake_clean_cache' from command line to 'False'
[7.335s] Level 5:colcon.colcon_core.verb:set package 'odrive_motor_op' build argument 'cmake_clean_first' from command line to 'False'
[7.335s] Level 5:colcon.colcon_core.verb:set package 'odrive_motor_op' build argument 'cmake_force_configure' from command line to 'False'
[7.335s] Level 5:colcon.colcon_core.verb:set package 'odrive_motor_op' build argument 'ament_cmake_args' from command line to 'None'
[7.336s] Level 5:colcon.colcon_core.verb:set package 'odrive_motor_op' build argument 'catkin_cmake_args' from command line to 'None'
[7.336s] Level 5:colcon.colcon_core.verb:set package 'odrive_motor_op' build argument 'catkin_skip_building_tests' from command line to 'False'
[7.336s] DEBUG:colcon.colcon_core.verb:Building package 'odrive_motor_op' with the following arguments: {'ament_cmake_args': None, 'build_base': '/home/tch/mpo_500_workspace/src/odrive_motor_op/build/odrive_motor_op', 'catkin_cmake_args': None, 'catkin_skip_building_tests': False, 'cmake_args': None, 'cmake_clean_cache': False, 'cmake_clean_first': False, 'cmake_force_configure': False, 'cmake_target': None, 'cmake_target_skip_unavailable': False, 'install_base': '/home/tch/mpo_500_workspace/src/odrive_motor_op/install/odrive_motor_op', 'merge_install': False, 'path': '/home/tch/mpo_500_workspace/src/odrive_motor_op', 'symlink_install': False, 'test_result_base': None}
[7.439s] INFO:colcon.colcon_core.executor:Executing jobs using 'parallel' executor
[7.533s] DEBUG:colcon.colcon_parallel_executor.executor.parallel:run_until_complete
[7.535s] INFO:colcon.colcon_ros.task.ament_python.build:Building ROS package in '/home/tch/mpo_500_workspace/src/odrive_motor_op' with build type 'ament_python'
[7.536s] Level 1:colcon.colcon_core.shell:create_environment_hook('odrive_motor_op', 'ament_prefix_path')
[7.650s] INFO:colcon.colcon_core.plugin_system:Skipping extension 'colcon_core.shell.bat': Not used on non-Windows systems
[7.652s] INFO:colcon.colcon_core.shell:Creating environment hook '/home/tch/mpo_500_workspace/src/odrive_motor_op/install/odrive_motor_op/share/odrive_motor_op/hook/ament_prefix_path.ps1'
[7.654s] INFO:colcon.colcon_core.shell:Creating environment descriptor '/home/tch/mpo_500_workspace/src/odrive_motor_op/install/odrive_motor_op/share/odrive_motor_op/hook/ament_prefix_path.dsv'
[7.655s] INFO:colcon.colcon_core.shell:Creating environment hook '/home/tch/mpo_500_workspace/src/odrive_motor_op/install/odrive_motor_op/share/odrive_motor_op/hook/ament_prefix_path.sh'
[7.741s] INFO:colcon.colcon_core.shell:Skip shell extension 'powershell' for command environment: Not usable outside of PowerShell
[7.742s] DEBUG:colcon.colcon_core.shell:Skip shell extension 'dsv' for command environment
[9.450s] INFO:colcon.colcon_core.task.python.build:Building Python package in '/home/tch/mpo_500_workspace/src/odrive_motor_op'
[9.527s] INFO:colcon.colcon_core.shell:Skip shell extension 'powershell' for command environment: Not usable outside of PowerShell
[9.528s] DEBUG:colcon.colcon_core.shell:Skip shell extension 'dsv' for command environment
[11.525s] DEBUG:colcon.colcon_core.event_handler.log_command:Invoking command in '/home/tch/mpo_500_workspace/src/odrive_motor_op': PYTHONPATH=/home/tch/mpo_500_workspace/src/odrive_motor_op/build/odrive_motor_op/prefix_override:/home/tch/mpo_500_workspace/src/odrive_motor_op/install/odrive_motor_op/lib/python3.10/site-packages:${PYTHONPATH} /usr/bin/python3 setup.py egg_info --egg-base build/odrive_motor_op build --build-base /home/tch/mpo_500_workspace/src/odrive_motor_op/build/odrive_motor_op/build install --record /home/tch/mpo_500_workspace/src/odrive_motor_op/build/odrive_motor_op/install.log --single-version-externally-managed
[12.933s] DEBUG:colcon.colcon_core.event_handler.log_command:Invoked command in '/home/tch/mpo_500_workspace/src/odrive_motor_op' returned '0': PYTHONPATH=/home/tch/mpo_500_workspace/src/odrive_motor_op/build/odrive_motor_op/prefix_override:/home/tch/mpo_500_workspace/src/odrive_motor_op/install/odrive_motor_op/lib/python3.10/site-packages:${PYTHONPATH} /usr/bin/python3 setup.py egg_info --egg-base build/odrive_motor_op build --build-base /home/tch/mpo_500_workspace/src/odrive_motor_op/build/odrive_motor_op/build install --record /home/tch/mpo_500_workspace/src/odrive_motor_op/build/odrive_motor_op/install.log --single-version-externally-managed
[13.040s] Level 1:colcon.colcon_core.environment:checking '/home/tch/mpo_500_workspace/src/odrive_motor_op/install/odrive_motor_op' for CMake module files
[13.041s] Level 1:colcon.colcon_core.environment:checking '/home/tch/mpo_500_workspace/src/odrive_motor_op/install/odrive_motor_op' for CMake config files
[13.042s] Level 1:colcon.colcon_core.environment:checking '/home/tch/mpo_500_workspace/src/odrive_motor_op/install/odrive_motor_op/lib'
[13.042s] Level 1:colcon.colcon_core.environment:checking '/home/tch/mpo_500_workspace/src/odrive_motor_op/install/odrive_motor_op/bin'
[13.042s] Level 1:colcon.colcon_core.environment:checking '/home/tch/mpo_500_workspace/src/odrive_motor_op/install/odrive_motor_op/lib/pkgconfig/odrive_motor_op.pc'
[13.043s] Level 1:colcon.colcon_core.environment:checking '/home/tch/mpo_500_workspace/src/odrive_motor_op/install/odrive_motor_op/lib/python3.10/site-packages'
[13.043s] Level 1:colcon.colcon_core.shell:create_environment_hook('odrive_motor_op', 'pythonpath')
[13.144s] INFO:colcon.colcon_core.shell:Creating environment hook '/home/tch/mpo_500_workspace/src/odrive_motor_op/install/odrive_motor_op/share/odrive_motor_op/hook/pythonpath.ps1'
[13.146s] INFO:colcon.colcon_core.shell:Creating environment descriptor '/home/tch/mpo_500_workspace/src/odrive_motor_op/install/odrive_motor_op/share/odrive_motor_op/hook/pythonpath.dsv'
[13.147s] INFO:colcon.colcon_core.shell:Creating environment hook '/home/tch/mpo_500_workspace/src/odrive_motor_op/install/odrive_motor_op/share/odrive_motor_op/hook/pythonpath.sh'
[13.149s] Level 1:colcon.colcon_core.environment:checking '/home/tch/mpo_500_workspace/src/odrive_motor_op/install/odrive_motor_op/bin'
[13.149s] Level 1:colcon.colcon_core.environment:create_environment_scripts_only(odrive_motor_op)
[13.281s] INFO:colcon.colcon_core.shell:Creating package script '/home/tch/mpo_500_workspace/src/odrive_motor_op/install/odrive_motor_op/share/odrive_motor_op/package.ps1'
[13.284s] INFO:colcon.colcon_core.shell:Creating package descriptor '/home/tch/mpo_500_workspace/src/odrive_motor_op/install/odrive_motor_op/share/odrive_motor_op/package.dsv'
[13.285s] INFO:colcon.colcon_core.shell:Creating package script '/home/tch/mpo_500_workspace/src/odrive_motor_op/install/odrive_motor_op/share/odrive_motor_op/package.sh'
[13.294s] INFO:colcon.colcon_core.shell:Creating package script '/home/tch/mpo_500_workspace/src/odrive_motor_op/install/odrive_motor_op/share/odrive_motor_op/package.bash'
[13.298s] INFO:colcon.colcon_core.shell:Creating package script '/home/tch/mpo_500_workspace/src/odrive_motor_op/install/odrive_motor_op/share/odrive_motor_op/package.zsh'
[13.300s] Level 1:colcon.colcon_core.environment:create_file_with_runtime_dependencies(/home/tch/mpo_500_workspace/src/odrive_motor_op/install/odrive_motor_op/share/colcon-core/packages/odrive_motor_op)
[13.303s] DEBUG:colcon.colcon_parallel_executor.executor.parallel:closing loop
[13.303s] DEBUG:colcon.colcon_parallel_executor.executor.parallel:loop closed
[13.303s] DEBUG:colcon.colcon_parallel_executor.executor.parallel:run_until_complete finished with '0'
[13.303s] DEBUG:colcon.colcon_core.event_reactor:joining thread
[13.447s] INFO:colcon.colcon_core.plugin_system:Skipping extension 'colcon_notification.desktop_notification.terminal_notifier': Not used on non-Darwin systems
[13.447s] INFO:colcon.colcon_core.plugin_system:Skipping extension 'colcon_notification.desktop_notification.win32': Not used on non-Windows systems
[13.448s] INFO:colcon.colcon_notification.desktop_notification:Sending desktop notification using 'notify2'
[13.504s] DEBUG:colcon.colcon_core.event_reactor:joined thread
[13.615s] INFO:colcon.colcon_core.shell:Creating prefix script '/home/tch/mpo_500_workspace/src/odrive_motor_op/install/local_setup.ps1'
[13.621s] INFO:colcon.colcon_core.shell:Creating prefix util module '/home/tch/mpo_500_workspace/src/odrive_motor_op/install/_local_setup_util_ps1.py'
[13.624s] INFO:colcon.colcon_core.shell:Creating prefix chain script '/home/tch/mpo_500_workspace/src/odrive_motor_op/install/setup.ps1'
[13.703s] INFO:colcon.colcon_core.shell:Creating prefix script '/home/tch/mpo_500_workspace/src/odrive_motor_op/install/local_setup.sh'
[13.707s] INFO:colcon.colcon_core.shell:Creating prefix util module '/home/tch/mpo_500_workspace/src/odrive_motor_op/install/_local_setup_util_sh.py'
[13.709s] INFO:colcon.colcon_core.shell:Creating prefix chain script '/home/tch/mpo_500_workspace/src/odrive_motor_op/install/setup.sh'
[13.798s] INFO:colcon.colcon_core.shell:Creating prefix script '/home/tch/mpo_500_workspace/src/odrive_motor_op/install/local_setup.bash'
[13.799s] INFO:colcon.colcon_core.shell:Creating prefix chain script '/home/tch/mpo_500_workspace/src/odrive_motor_op/install/setup.bash'
[13.895s] INFO:colcon.colcon_core.shell:Creating prefix script '/home/tch/mpo_500_workspace/src/odrive_motor_op/install/local_setup.zsh'
[13.902s] INFO:colcon.colcon_core.shell:Creating prefix chain script '/home/tch/mpo_500_workspace/src/odrive_motor_op/install/setup.zsh'
