[1.323s] Invoking command in '/home/tch/mpo_500_workspace/src/odrive_motor_op': PYTHONPATH=/home/tch/mpo_500_workspace/src/odrive_motor_op/build/odrive_motor_op/prefix_override:/home/tch/mpo_500_workspace/src/odrive_motor_op/install/odrive_motor_op/lib/python3.10/site-packages:${PYTHONPATH} /usr/bin/python3 setup.py egg_info --egg-base build/odrive_motor_op build --build-base /home/tch/mpo_500_workspace/src/odrive_motor_op/build/odrive_motor_op/build install --record /home/tch/mpo_500_workspace/src/odrive_motor_op/build/odrive_motor_op/install.log --single-version-externally-managed
[1.720s] running egg_info
[1.721s] writing build/odrive_motor_op/odrive_motor_op.egg-info/PKG-INFO
[1.723s] writing dependency_links to build/odrive_motor_op/odrive_motor_op.egg-info/dependency_links.txt
[1.723s] writing entry points to build/odrive_motor_op/odrive_motor_op.egg-info/entry_points.txt
[1.724s] writing requirements to build/odrive_motor_op/odrive_motor_op.egg-info/requires.txt
[1.724s] writing top-level names to build/odrive_motor_op/odrive_motor_op.egg-info/top_level.txt
[1.727s] reading manifest file 'build/odrive_motor_op/odrive_motor_op.egg-info/SOURCES.txt'
[1.728s] writing manifest file 'build/odrive_motor_op/odrive_motor_op.egg-info/SOURCES.txt'
[1.728s] running build
[1.728s] running build_py
[1.729s] copying odrive_motor_op/motor_op.py -> /home/tch/mpo_500_workspace/src/odrive_motor_op/build/odrive_motor_op/build/lib/odrive_motor_op
[1.729s] running install
[1.729s] /usr/lib/python3/dist-packages/setuptools/command/install.py:34: SetuptoolsDeprecationWarning: setup.py install is deprecated. Use build and pip and other standards-based tools.
[1.729s]   warnings.warn(
[1.730s] running install_lib
[1.731s] copying /home/tch/mpo_500_workspace/src/odrive_motor_op/build/odrive_motor_op/build/lib/odrive_motor_op/motor_op.py -> /home/tch/mpo_500_workspace/src/odrive_motor_op/install/odrive_motor_op/lib/python3.10/site-packages/odrive_motor_op
[1.733s] byte-compiling /home/tch/mpo_500_workspace/src/odrive_motor_op/install/odrive_motor_op/lib/python3.10/site-packages/odrive_motor_op/motor_op.py to motor_op.cpython-310.pyc
[1.734s] running install_data
[1.735s] running install_egg_info
[1.738s] removing '/home/tch/mpo_500_workspace/src/odrive_motor_op/install/odrive_motor_op/lib/python3.10/site-packages/odrive_motor_op-0.0.1-py3.10.egg-info' (and everything under it)
[1.739s] Copying build/odrive_motor_op/odrive_motor_op.egg-info to /home/tch/mpo_500_workspace/src/odrive_motor_op/install/odrive_motor_op/lib/python3.10/site-packages/odrive_motor_op-0.0.1-py3.10.egg-info
[1.740s] running install_scripts
[1.773s] Installing motor_op script to /home/tch/mpo_500_workspace/src/odrive_motor_op/install/odrive_motor_op/lib/odrive_motor_op
[1.773s] writing list of installed files to '/home/tch/mpo_500_workspace/src/odrive_motor_op/build/odrive_motor_op/install.log'
[1.814s] Invoked command in '/home/tch/mpo_500_workspace/src/odrive_motor_op' returned '0': PYTHONPATH=/home/tch/mpo_500_workspace/src/odrive_motor_op/build/odrive_motor_op/prefix_override:/home/tch/mpo_500_workspace/src/odrive_motor_op/install/odrive_motor_op/lib/python3.10/site-packages:${PYTHONPATH} /usr/bin/python3 setup.py egg_info --egg-base build/odrive_motor_op build --build-base /home/tch/mpo_500_workspace/src/odrive_motor_op/build/odrive_motor_op/build install --record /home/tch/mpo_500_workspace/src/odrive_motor_op/build/odrive_motor_op/install.log --single-version-externally-managed
