running egg_info
creating build/neo_nav2_py_costmap2D/neo_nav2_py_costmap2D.egg-info
writing build/neo_nav2_py_costmap2D/neo_nav2_py_costmap2D.egg-info/PKG-INFO
writing dependency_links to build/neo_nav2_py_costmap2D/neo_nav2_py_costmap2D.egg-info/dependency_links.txt
writing requirements to build/neo_nav2_py_costmap2D/neo_nav2_py_costmap2D.egg-info/requires.txt
writing top-level names to build/neo_nav2_py_costmap2D/neo_nav2_py_costmap2D.egg-info/top_level.txt
writing manifest file 'build/neo_nav2_py_costmap2D/neo_nav2_py_costmap2D.egg-info/SOURCES.txt'
reading manifest file 'build/neo_nav2_py_costmap2D/neo_nav2_py_costmap2D.egg-info/SOURCES.txt'
adding license file 'LICENSE'
writing manifest file 'build/neo_nav2_py_costmap2D/neo_nav2_py_costmap2D.egg-info/SOURCES.txt'
running build
running build_py
creating /home/tch/mpo_500_workspace/src/neo_nav2_py_costmap2D-main/build/neo_nav2_py_costmap2D/build
creating /home/tch/mpo_500_workspace/src/neo_nav2_py_costmap2D-main/build/neo_nav2_py_costmap2D/build/lib
creating /home/tch/mpo_500_workspace/src/neo_nav2_py_costmap2D-main/build/neo_nav2_py_costmap2D/build/lib/neo_nav2_py_costmap2D
copying neo_nav2_py_costmap2D/costmap.py -> /home/tch/mpo_500_workspace/src/neo_nav2_py_costmap2D-main/build/neo_nav2_py_costmap2D/build/lib/neo_nav2_py_costmap2D
copying neo_nav2_py_costmap2D/footprint_checker.py -> /home/tch/mpo_500_workspace/src/neo_nav2_py_costmap2D-main/build/neo_nav2_py_costmap2D/build/lib/neo_nav2_py_costmap2D
copying neo_nav2_py_costmap2D/line_iterator.py -> /home/tch/mpo_500_workspace/src/neo_nav2_py_costmap2D-main/build/neo_nav2_py_costmap2D/build/lib/neo_nav2_py_costmap2D
copying neo_nav2_py_costmap2D/__init__.py -> /home/tch/mpo_500_workspace/src/neo_nav2_py_costmap2D-main/build/neo_nav2_py_costmap2D/build/lib/neo_nav2_py_costmap2D
running install
/usr/lib/python3/dist-packages/setuptools/command/install.py:34: SetuptoolsDeprecationWarning: setup.py install is deprecated. Use build and pip and other standards-based tools.
  warnings.warn(
running install_lib
creating /home/tch/mpo_500_workspace/src/neo_nav2_py_costmap2D-main/install/neo_nav2_py_costmap2D/lib/python3.10/site-packages/neo_nav2_py_costmap2D
copying /home/tch/mpo_500_workspace/src/neo_nav2_py_costmap2D-main/build/neo_nav2_py_costmap2D/build/lib/neo_nav2_py_costmap2D/costmap.py -> /home/tch/mpo_500_workspace/src/neo_nav2_py_costmap2D-main/install/neo_nav2_py_costmap2D/lib/python3.10/site-packages/neo_nav2_py_costmap2D
copying /home/tch/mpo_500_workspace/src/neo_nav2_py_costmap2D-main/build/neo_nav2_py_costmap2D/build/lib/neo_nav2_py_costmap2D/footprint_checker.py -> /home/tch/mpo_500_workspace/src/neo_nav2_py_costmap2D-main/install/neo_nav2_py_costmap2D/lib/python3.10/site-packages/neo_nav2_py_costmap2D
copying /home/tch/mpo_500_workspace/src/neo_nav2_py_costmap2D-main/build/neo_nav2_py_costmap2D/build/lib/neo_nav2_py_costmap2D/line_iterator.py -> /home/tch/mpo_500_workspace/src/neo_nav2_py_costmap2D-main/install/neo_nav2_py_costmap2D/lib/python3.10/site-packages/neo_nav2_py_costmap2D
copying /home/tch/mpo_500_workspace/src/neo_nav2_py_costmap2D-main/build/neo_nav2_py_costmap2D/build/lib/neo_nav2_py_costmap2D/__init__.py -> /home/tch/mpo_500_workspace/src/neo_nav2_py_costmap2D-main/install/neo_nav2_py_costmap2D/lib/python3.10/site-packages/neo_nav2_py_costmap2D
byte-compiling /home/tch/mpo_500_workspace/src/neo_nav2_py_costmap2D-main/install/neo_nav2_py_costmap2D/lib/python3.10/site-packages/neo_nav2_py_costmap2D/costmap.py to costmap.cpython-310.pyc
byte-compiling /home/tch/mpo_500_workspace/src/neo_nav2_py_costmap2D-main/install/neo_nav2_py_costmap2D/lib/python3.10/site-packages/neo_nav2_py_costmap2D/footprint_checker.py to footprint_checker.cpython-310.pyc
byte-compiling /home/tch/mpo_500_workspace/src/neo_nav2_py_costmap2D-main/install/neo_nav2_py_costmap2D/lib/python3.10/site-packages/neo_nav2_py_costmap2D/line_iterator.py to line_iterator.cpython-310.pyc
byte-compiling /home/tch/mpo_500_workspace/src/neo_nav2_py_costmap2D-main/install/neo_nav2_py_costmap2D/lib/python3.10/site-packages/neo_nav2_py_costmap2D/__init__.py to __init__.cpython-310.pyc
running install_data
creating /home/tch/mpo_500_workspace/src/neo_nav2_py_costmap2D-main/install/neo_nav2_py_costmap2D/share/ament_index
creating /home/tch/mpo_500_workspace/src/neo_nav2_py_costmap2D-main/install/neo_nav2_py_costmap2D/share/ament_index/resource_index
creating /home/tch/mpo_500_workspace/src/neo_nav2_py_costmap2D-main/install/neo_nav2_py_costmap2D/share/ament_index/resource_index/packages
copying resource/neo_nav2_py_costmap2D -> /home/tch/mpo_500_workspace/src/neo_nav2_py_costmap2D-main/install/neo_nav2_py_costmap2D/share/ament_index/resource_index/packages
copying package.xml -> /home/tch/mpo_500_workspace/src/neo_nav2_py_costmap2D-main/install/neo_nav2_py_costmap2D/share/neo_nav2_py_costmap2D
running install_egg_info
Copying build/neo_nav2_py_costmap2D/neo_nav2_py_costmap2D.egg-info to /home/tch/mpo_500_workspace/src/neo_nav2_py_costmap2D-main/install/neo_nav2_py_costmap2D/lib/python3.10/site-packages/neo_nav2_py_costmap2D-0.0.0-py3.10.egg-info
running install_scripts
writing list of installed files to '/home/tch/mpo_500_workspace/src/neo_nav2_py_costmap2D-main/build/neo_nav2_py_costmap2D/install.log'
