[0.198s] Invoking command in '/home/tch/mpo_500_workspace/src/libsurvive_ros2/build/libsurvive_ros2': CMAKE_PREFIX_PATH=${CMAKE_PREFIX_PATH}:/home/tch/mpo_500_workspace/install/odrive_motor_op:/home/tch/mpo_500_workspace/install/neo_nav2_py_costmap2D:/home/tch/mpo_500_workspace/src/odrive_motor_op/install/odrive_motor_op:/opt/ros/humble /usr/bin/cmake --build /home/tch/mpo_500_workspace/src/libsurvive_ros2/build/libsurvive_ros2 -- -j4 -l4
[0.268s] [  8%] [34m[1mPerforming update step for 'libsurvive'[0m
[0.808s] HEAD is now at 9e3c6bc Merge pull request #291 from caiom/fix_windows_dongle
[0.891s] [ 16%] [34m[1mNo patch step for 'libsurvive'[0m
[0.925s] [ 25%] [34m[1mPerforming configure step for 'libsurvive'[0m
[0.944s] [0m-- Option: DO_CORE_BUILD: OFF[0m
[0.944s] [0m-- Option: BUILD_STATIC: OFF[0m
[0.944s] [0m-- Option: USE_SINGLE_PRECISION: OFF[0m
[0.944s] [0m-- Option: ENABLE_WARNINGS_AS_ERRORS: OFF[0m
[0.944s] [0m-- Option: USE_HIDAPI: OFF[0m
[0.945s] [0m-- Option: USE_ASAN: OFF[0m
[0.945s] [0m-- Option: USE_MSAN: OFF[0m
[0.945s] [0m-- Option: ENABLE_TESTS: OFF[0m
[0.945s] [0m-- Option: USE_HEX_FLOAT_PRINTF: OFF[0m
[0.945s] [0m-- Option: USE_OPENCV: OFF[0m
[0.945s] [0m-- Option: USE_COLUMN_MAJOR_MATRICES: OFF[0m
[0.945s] [0m-- Option: USE_CPU_TUNE: OFF[0m
[0.945s] [0m-- Option: USE_OPENBLAS: [0m
[0.945s] [0m-- Option: BUILD_LH1_SUPPORT: ON[0m
[0.947s] [0m-- Option: BUILD_GATT_SUPPORT: [0m
[0.947s] [0m-- Option: BUILD_APPLICATIONS: ON[0m
[0.986s] [33mCMake Warning at libs/cnkalman/CMakeLists.txt:23 (find_package):
[0.986s]   By not providing "Findsciplot.cmake" in CMAKE_MODULE_PATH this project has
[0.986s]   asked CMake to find a package configuration file provided by "sciplot", but
[0.987s]   CMake did not find one.
[0.987s] 
[0.987s]   Could not find a package configuration file provided by "sciplot" with any
[0.987s]   of the following names:
[0.987s] 
[0.987s]     sciplotConfig.cmake
[0.987s]     sciplot-config.cmake
[0.987s] 
[0.987s]   Add the installation prefix of "sciplot" to CMAKE_PREFIX_PATH or set
[0.987s]   "sciplot_DIR" to a directory containing one of the above files.  If
[0.987s]   "sciplot" provides a separate development package or SDK, be sure it has
[0.987s]   been installed.
[0.988s] 
[0.988s] [0m
[0.988s] [0mCan't use sciplot...[0m
[0.991s] [0m-- CNMatrix option: DOWNLOAD_EIGEN: ON[0m
[0.991s] [0m-- CNMatrix option: USE_EIGEN: ON[0m
[0.991s] [0m-- CNMatrix option: USE_COLUMN_MAJOR_MATRICES: OFF[0m
[0.992s] [0m-- CNMatrix option: USE_SINGLE_PRECISION: OFF[0m
[0.993s] [0mFound system eigen[0m
[0.993s] [0m-- CNMatrix option: USE_OPENBLAS: OFF[0m
[0.996s] [0mFound cblas at /usr/lib/x86_64-linux-gnu/libcblas.so[0m
[0.996s] [0mFound openblas at /usr/lib/x86_64-linux-gnu/libopenblas.so[0m
[0.996s] [0mFound lapacke at /usr/lib/x86_64-linux-gnu/liblapacke.so[0m
[0.996s] [0mSearching for 'cblas.h'; found at /usr/include/x86_64-linux-gnu/cblas.h[0m
[0.996s] [0mUsing eigen backend[0m
[1.151s] [0mFound cblas at /usr/lib/x86_64-linux-gnu/libcblas.so[0m
[1.151s] [0mFound openblas at /usr/lib/x86_64-linux-gnu/libopenblas.so[0m
[1.151s] [0mFound lapacke at /usr/lib/x86_64-linux-gnu/liblapacke.so[0m
[1.151s] [0mSearching for 'cblas.h'; found at /usr/include/x86_64-linux-gnu/cblas.h[0m
[1.151s] [0mUsing eigen backend[0m
[1.152s] [0mUsing provided /home/tch/mpo_500_workspace/src/libsurvive_ros2/build/libsurvive_ros2/libsurvive-prefix/src/libsurvive/src/./generated/common_math.gen.h[0m
[1.152s] [0mUsing provided /home/tch/mpo_500_workspace/src/libsurvive_ros2/build/libsurvive_ros2/libsurvive-prefix/src/libsurvive/src/./generated/kalman_kinematics.gen.h[0m
[1.152s] [0mUsing provided /home/tch/mpo_500_workspace/src/libsurvive_ros2/build/libsurvive_ros2/libsurvive-prefix/src/libsurvive/src/./generated/lighthouse_model.gen.h[0m
[1.152s] [0mUsing provided /home/tch/mpo_500_workspace/src/libsurvive_ros2/build/libsurvive_ros2/libsurvive-prefix/src/libsurvive/src/./generated/imu_model.gen.h[0m
[1.168s] [0mUsing versioned libusb dir[0m
[1.168s] [0m-- Option: ENABLE_driver_dummy: ON[0m
[1.168s] [0m-- Option: ENABLE_driver_vive: ON[0m
[1.168s] [0m-- Option: ENABLE_driver_simulator: ON[0m
[1.168s] [0m-- Option: ENABLE_driver_playback: ON[0m
[1.168s] [0m-- Option: ENABLE_disambiguator_statebased: ON[0m
[1.169s] [0m-- Option: ENABLE_poser_dummy: ON[0m
[1.169s] [0m-- Option: ENABLE_poser_mpfit: ON[0m
[1.169s] [0m-- Option: ENABLE_poser_kalman_only: ON[0m
[1.169s] [0m-- Option: ENABLE_poser_barycentric_svd: ON[0m
[1.169s] [0m-- Option: ENABLE_driver_global_scene_solver: ON[0m
[1.170s] [0m-- Option: ENABLE_driver_udp: ON[0m
[1.170s] [0m-- Option: ENABLE_driver_usbmon: ON[0m
[1.188s] [0m-- Option: ENABLE_survive-cli: ON[0m
[1.188s] [0m-- Option: ENABLE_api_example: ON[0m
[1.188s] [0m-- Option: ENABLE_sensors-readout: ON[0m
[1.189s] [0m-- Option: ENABLE_survive-solver: ON[0m
[1.189s] [0m-- Option: ENABLE_survive-buttons: ON[0m
[1.192s] -- Configuring done
[1.267s] -- Generating done
[1.277s] -- Build files have been written to: /home/tch/mpo_500_workspace/src/libsurvive_ros2/build/libsurvive_ros2/libsurvive-prefix/src/libsurvive-build
[1.305s] [ 33%] [34m[1mPerforming build step for 'libsurvive'[0m
[1.351s] [35m[1mConsolidate compiler generated dependencies of target CNGFX[0m
[1.352s] [35m[1mConsolidate compiler generated dependencies of target cnmatrix[0m
[1.370s] [  4%] Built target CNGFX
[1.378s] [ 10%] Built target cnmatrix
[1.393s] [35m[1mConsolidate compiler generated dependencies of target mpfit[0m
[1.394s] [35m[1mConsolidate compiler generated dependencies of target cnkalman[0m
[1.409s] [ 12%] Built target mpfit
[1.415s] [ 19%] Built target cnkalman
[1.435s] [35m[1mConsolidate compiler generated dependencies of target survive[0m
[1.471s] [ 57%] Built target survive
[1.487s] [35m[1mConsolidate compiler generated dependencies of target driver_dummy[0m
[1.488s] [35m[1mConsolidate compiler generated dependencies of target driver_simulator[0m
[1.492s] [35m[1mConsolidate compiler generated dependencies of target driver_vive[0m
[1.492s] [35m[1mConsolidate compiler generated dependencies of target driver_playback[0m
[1.510s] [ 60%] Built target driver_dummy
[1.511s] [ 62%] Built target driver_vive
[1.512s] [ 64%] Built target driver_simulator
[1.524s] [ 67%] Built target driver_playback
[1.526s] [35m[1mConsolidate compiler generated dependencies of target disambiguator_statebased[0m
[1.533s] [35m[1mConsolidate compiler generated dependencies of target poser_mpfit[0m
[1.537s] [35m[1mConsolidate compiler generated dependencies of target poser_dummy[0m
[1.548s] [35m[1mConsolidate compiler generated dependencies of target poser_kalman_only[0m
[1.553s] [ 69%] Built target disambiguator_statebased
[1.556s] [ 71%] Built target poser_mpfit
[1.563s] [ 73%] Built target poser_dummy
[1.572s] [35m[1mConsolidate compiler generated dependencies of target poser_barycentric_svd[0m
[1.576s] [35m[1mConsolidate compiler generated dependencies of target driver_global_scene_solver[0m
[1.578s] [ 76%] Built target poser_kalman_only
[1.594s] [35m[1mConsolidate compiler generated dependencies of target visualize_mpfit[0m
[1.595s] [35m[1mConsolidate compiler generated dependencies of target driver_udp[0m
[1.596s] [ 79%] Built target poser_barycentric_svd
[1.602s] [ 81%] Built target driver_global_scene_solver
[1.620s] [ 84%] Built target visualize_mpfit
[1.621s] [ 86%] Built target driver_udp
[1.622s] [35m[1mConsolidate compiler generated dependencies of target driver_usbmon[0m
[1.640s] [ 88%] Built target driver_usbmon
[1.657s] [35m[1mConsolidate compiler generated dependencies of target survive-cli[0m
[1.658s] [35m[1mConsolidate compiler generated dependencies of target api_example[0m
[1.664s] [35m[1mConsolidate compiler generated dependencies of target sensors-readout[0m
[1.671s] [35m[1mConsolidate compiler generated dependencies of target survive-solver[0m
[1.686s] [ 90%] Built target survive-cli
[1.690s] [ 93%] Built target sensors-readout
[1.696s] [ 95%] Built target api_example
[1.697s] [ 97%] Built target survive-solver
[1.702s] [35m[1mConsolidate compiler generated dependencies of target survive-buttons[0m
[1.720s] [100%] Built target survive-buttons
[1.757s] [ 41%] [34m[1mPerforming install step for 'libsurvive'[0m
[1.818s] [  4%] Built target CNGFX
[1.821s] [ 10%] Built target cnmatrix
[1.851s] [ 12%] Built target mpfit
[1.851s] [ 19%] Built target cnkalman
[1.896s] [ 57%] Built target survive
[1.929s] [ 62%] Built target driver_vive
[1.929s] [ 62%] Built target driver_dummy
[1.934s] [ 64%] Built target driver_simulator
[1.935s] [ 67%] Built target driver_playback
[1.963s] [ 69%] Built target disambiguator_statebased
[1.964s] [ 71%] Built target poser_dummy
[1.969s] [ 73%] Built target poser_kalman_only
[1.971s] [ 76%] Built target poser_mpfit
[2.005s] [ 82%] Built target visualize_mpfit
[2.005s] [ 82%] Built target poser_barycentric_svd
[2.005s] [ 84%] Built target driver_global_scene_solver
[2.011s] [ 86%] Built target driver_udp
[2.035s] [ 88%] Built target driver_usbmon
[2.068s] [ 96%] Built target sensors-readout
[2.068s] [ 96%] Built target api_example
[2.068s] [ 97%] Built target survive-solver
[2.069s] [ 96%] Built target survive-cli
[2.099s] [100%] Built target survive-buttons
[2.128s] [36mInstall the project...[0m
[2.141s] -- Install configuration: "Release"
[2.141s] -- Up-to-date: /home/tch/mpo_500_workspace/src/libsurvive_ros2/build/libsurvive_ros2/libsurvive-install/bin/survive-cli
[2.141s] -- Up-to-date: /home/tch/mpo_500_workspace/src/libsurvive_ros2/build/libsurvive_ros2/libsurvive-install/bin/api_example
[2.142s] -- Up-to-date: /home/tch/mpo_500_workspace/src/libsurvive_ros2/build/libsurvive_ros2/libsurvive-install/bin/sensors-readout
[2.142s] -- Up-to-date: /home/tch/mpo_500_workspace/src/libsurvive_ros2/build/libsurvive_ros2/libsurvive-install/bin/survive-solver
[2.142s] -- Up-to-date: /home/tch/mpo_500_workspace/src/libsurvive_ros2/build/libsurvive_ros2/libsurvive-install/bin/survive-buttons
[2.143s] -- Up-to-date: /home/tch/mpo_500_workspace/src/libsurvive_ros2/build/libsurvive_ros2/libsurvive-install/bin/survive-websocketd
[2.143s] -- Up-to-date: /home/tch/mpo_500_workspace/src/libsurvive_ros2/build/libsurvive_ros2/libsurvive-install/include/libsurvive
[2.143s] -- Up-to-date: /home/tch/mpo_500_workspace/src/libsurvive_ros2/build/libsurvive_ros2/libsurvive-install/include/libsurvive/survive_reproject_gen2.h
[2.143s] -- Up-to-date: /home/tch/mpo_500_workspace/src/libsurvive_ros2/build/libsurvive_ros2/libsurvive-install/include/libsurvive/poser.h
[2.143s] -- Up-to-date: /home/tch/mpo_500_workspace/src/libsurvive_ros2/build/libsurvive_ros2/libsurvive-install/include/libsurvive/survive_optimizer.h
[2.144s] -- Up-to-date: /home/tch/mpo_500_workspace/src/libsurvive_ros2/build/libsurvive_ros2/libsurvive-install/include/libsurvive/survive_types.h
[2.144s] -- Up-to-date: /home/tch/mpo_500_workspace/src/libsurvive_ros2/build/libsurvive_ros2/libsurvive-install/include/libsurvive/survive.h
[2.144s] -- Up-to-date: /home/tch/mpo_500_workspace/src/libsurvive_ros2/build/libsurvive_ros2/libsurvive-install/include/libsurvive/survive_reproject.h
[2.144s] -- Up-to-date: /home/tch/mpo_500_workspace/src/libsurvive_ros2/build/libsurvive_ros2/libsurvive-install/include/libsurvive/survive_hooks.h
[2.144s] -- Up-to-date: /home/tch/mpo_500_workspace/src/libsurvive_ros2/build/libsurvive_ros2/libsurvive-install/include/libsurvive/survive_api.h
[2.144s] -- Up-to-date: /home/tch/mpo_500_workspace/src/libsurvive_ros2/build/libsurvive_ros2/libsurvive-install/include/libsurvive/redist/CNFG3D.h
[2.144s] -- Up-to-date: /home/tch/mpo_500_workspace/src/libsurvive_ros2/build/libsurvive_ros2/libsurvive-install/include/libsurvive/redist/CNFGFunctions.h
[2.145s] -- Up-to-date: /home/tch/mpo_500_workspace/src/libsurvive_ros2/build/libsurvive_ros2/libsurvive-install/include/libsurvive/redist/CNFGRasterizer.h
[2.145s] -- Up-to-date: /home/tch/mpo_500_workspace/src/libsurvive_ros2/build/libsurvive_ros2/libsurvive-install/include/libsurvive/redist/crc32.h
[2.145s] -- Up-to-date: /home/tch/mpo_500_workspace/src/libsurvive_ros2/build/libsurvive_ros2/libsurvive-install/include/libsurvive/redist/dclapack.h
[2.145s] -- Up-to-date: /home/tch/mpo_500_workspace/src/libsurvive_ros2/build/libsurvive_ros2/libsurvive-install/include/libsurvive/redist/dclhelpers.h
[2.145s] -- Up-to-date: /home/tch/mpo_500_workspace/src/libsurvive_ros2/build/libsurvive_ros2/libsurvive-install/include/libsurvive/redist/dirent.windows.h
[2.145s] -- Up-to-date: /home/tch/mpo_500_workspace/src/libsurvive_ros2/build/libsurvive_ros2/libsurvive-install/include/libsurvive/redist/glutil.h
[2.145s] -- Up-to-date: /home/tch/mpo_500_workspace/src/libsurvive_ros2/build/libsurvive_ros2/libsurvive-install/include/libsurvive/redist/hidapi.h
[2.145s] -- Up-to-date: /home/tch/mpo_500_workspace/src/libsurvive_ros2/build/libsurvive_ros2/libsurvive-install/include/libsurvive/redist/jsmn.h
[2.145s] -- Up-to-date: /home/tch/mpo_500_workspace/src/libsurvive_ros2/build/libsurvive_ros2/libsurvive-install/include/libsurvive/redist/json_helpers.h
[2.146s] -- Up-to-date: /home/tch/mpo_500_workspace/src/libsurvive_ros2/build/libsurvive_ros2/libsurvive-install/include/libsurvive/redist/linmath.h
[2.146s] -- Up-to-date: /home/tch/mpo_500_workspace/src/libsurvive_ros2/build/libsurvive_ros2/libsurvive-install/include/libsurvive/redist/os_generic.h
[2.146s] -- Up-to-date: /home/tch/mpo_500_workspace/src/libsurvive_ros2/build/libsurvive_ros2/libsurvive-install/include/libsurvive/redist/os_generic.unix.h
[2.146s] -- Up-to-date: /home/tch/mpo_500_workspace/src/libsurvive_ros2/build/libsurvive_ros2/libsurvive-install/include/libsurvive/redist/os_generic.windows.h
[2.146s] -- Up-to-date: /home/tch/mpo_500_workspace/src/libsurvive_ros2/build/libsurvive_ros2/libsurvive-install/include/libsurvive/redist/puff.h
[2.146s] -- Up-to-date: /home/tch/mpo_500_workspace/src/libsurvive_ros2/build/libsurvive_ros2/libsurvive-install/include/libsurvive/redist/symbol_enumerator.h
[2.146s] -- Up-to-date: /home/tch/mpo_500_workspace/src/libsurvive_ros2/build/libsurvive_ros2/libsurvive-install/include/libsurvive/redist/variance.h
[2.146s] -- Up-to-date: /home/tch/mpo_500_workspace/src/libsurvive_ros2/build/libsurvive_ros2/libsurvive-install/lib/pkgconfig/survive.pc
[2.146s] -- Up-to-date: /home/tch/mpo_500_workspace/src/libsurvive_ros2/build/libsurvive_ros2/libsurvive-install/include/cnkalman
[2.147s] -- Up-to-date: /home/tch/mpo_500_workspace/src/libsurvive_ros2/build/libsurvive_ros2/libsurvive-install/include/cnkalman/generated_header.h
[2.147s] -- Up-to-date: /home/tch/mpo_500_workspace/src/libsurvive_ros2/build/libsurvive_ros2/libsurvive-install/include/cnkalman/ModelPlot.h
[2.147s] -- Up-to-date: /home/tch/mpo_500_workspace/src/libsurvive_ros2/build/libsurvive_ros2/libsurvive-install/include/cnkalman/kalman.h
[2.147s] -- Up-to-date: /home/tch/mpo_500_workspace/src/libsurvive_ros2/build/libsurvive_ros2/libsurvive-install/include/cnkalman/model.h
[2.147s] -- Up-to-date: /home/tch/mpo_500_workspace/src/libsurvive_ros2/build/libsurvive_ros2/libsurvive-install/include/cnkalman/numerical_diff.h
[2.147s] -- Up-to-date: /home/tch/mpo_500_workspace/src/libsurvive_ros2/build/libsurvive_ros2/libsurvive-install/lib/pkgconfig/cnkalman.pc
[2.147s] -- Up-to-date: /home/tch/mpo_500_workspace/src/libsurvive_ros2/build/libsurvive_ros2/libsurvive-install/include/cnmatrix
[2.147s] -- Up-to-date: /home/tch/mpo_500_workspace/src/libsurvive_ros2/build/libsurvive_ros2/libsurvive-install/include/cnmatrix/cn_matrix.h
[2.147s] -- Up-to-date: /home/tch/mpo_500_workspace/src/libsurvive_ros2/build/libsurvive_ros2/libsurvive-install/include/cnmatrix/cn_matrix.hpp
[2.147s] -- Up-to-date: /home/tch/mpo_500_workspace/src/libsurvive_ros2/build/libsurvive_ros2/libsurvive-install/include/cnmatrix/cn_matrix.eigen.h
[2.148s] -- Up-to-date: /home/tch/mpo_500_workspace/src/libsurvive_ros2/build/libsurvive_ros2/libsurvive-install/include/cnmatrix/cn_flt.h
[2.148s] -- Up-to-date: /home/tch/mpo_500_workspace/src/libsurvive_ros2/build/libsurvive_ros2/libsurvive-install/include/cnmatrix/cn_matrix.blas.h
[2.148s] -- Up-to-date: /home/tch/mpo_500_workspace/src/libsurvive_ros2/build/libsurvive_ros2/libsurvive-install/lib/pkgconfig/cnmatrix.pc
[2.148s] -- Up-to-date: /home/tch/mpo_500_workspace/src/libsurvive_ros2/build/libsurvive_ros2/libsurvive-install/lib/libcnmatrix.a
[2.148s] -- Up-to-date: /home/tch/mpo_500_workspace/src/libsurvive_ros2/build/libsurvive_ros2/libsurvive-install/lib/libcnkalman.a
[2.148s] -- Up-to-date: /home/tch/mpo_500_workspace/src/libsurvive_ros2/build/libsurvive_ros2/libsurvive-install/lib/libmpfit.a
[2.148s] -- Up-to-date: /home/tch/mpo_500_workspace/src/libsurvive_ros2/build/libsurvive_ros2/libsurvive-install/lib/libsurvive/plugins/driver_dummy.so
[2.148s] -- Up-to-date: /home/tch/mpo_500_workspace/src/libsurvive_ros2/build/libsurvive_ros2/libsurvive-install/lib/libsurvive/plugins/driver_vive.so
[2.148s] -- Up-to-date: /home/tch/mpo_500_workspace/src/libsurvive_ros2/build/libsurvive_ros2/libsurvive-install/lib/libsurvive/plugins/driver_simulator.so
[2.148s] -- Up-to-date: /home/tch/mpo_500_workspace/src/libsurvive_ros2/build/libsurvive_ros2/libsurvive-install/lib/libsurvive/plugins/driver_playback.so
[2.148s] -- Up-to-date: /home/tch/mpo_500_workspace/src/libsurvive_ros2/build/libsurvive_ros2/libsurvive-install/lib/libsurvive/plugins/disambiguator_statebased.so
[2.149s] -- Up-to-date: /home/tch/mpo_500_workspace/src/libsurvive_ros2/build/libsurvive_ros2/libsurvive-install/lib/libsurvive/plugins/poser_dummy.so
[2.149s] -- Up-to-date: /home/tch/mpo_500_workspace/src/libsurvive_ros2/build/libsurvive_ros2/libsurvive-install/lib/libsurvive/plugins/poser_mpfit.so
[2.149s] -- Up-to-date: /home/tch/mpo_500_workspace/src/libsurvive_ros2/build/libsurvive_ros2/libsurvive-install/lib/libsurvive/plugins/poser_kalman_only.so
[2.149s] -- Up-to-date: /home/tch/mpo_500_workspace/src/libsurvive_ros2/build/libsurvive_ros2/libsurvive-install/lib/libsurvive/plugins/poser_barycentric_svd.so
[2.149s] -- Up-to-date: /home/tch/mpo_500_workspace/src/libsurvive_ros2/build/libsurvive_ros2/libsurvive-install/lib/libsurvive/plugins/driver_global_scene_solver.so
[2.149s] -- Up-to-date: /home/tch/mpo_500_workspace/src/libsurvive_ros2/build/libsurvive_ros2/libsurvive-install/lib/libsurvive/plugins/driver_udp.so
[2.150s] -- Up-to-date: /home/tch/mpo_500_workspace/src/libsurvive_ros2/build/libsurvive_ros2/libsurvive-install/lib/libsurvive/plugins/driver_usbmon.so
[2.150s] -- Up-to-date: /home/tch/mpo_500_workspace/src/libsurvive_ros2/build/libsurvive_ros2/libsurvive-install/lib/libsurvive/plugins/driver_dummy.so
[2.150s] -- Up-to-date: /home/tch/mpo_500_workspace/src/libsurvive_ros2/build/libsurvive_ros2/libsurvive-install/lib/libsurvive/plugins/driver_vive.so
[2.151s] -- Up-to-date: /home/tch/mpo_500_workspace/src/libsurvive_ros2/build/libsurvive_ros2/libsurvive-install/lib/libsurvive/plugins/driver_simulator.so
[2.151s] -- Up-to-date: /home/tch/mpo_500_workspace/src/libsurvive_ros2/build/libsurvive_ros2/libsurvive-install/lib/libsurvive/plugins/driver_playback.so
[2.151s] -- Up-to-date: /home/tch/mpo_500_workspace/src/libsurvive_ros2/build/libsurvive_ros2/libsurvive-install/lib/libsurvive/plugins/disambiguator_statebased.so
[2.152s] -- Up-to-date: /home/tch/mpo_500_workspace/src/libsurvive_ros2/build/libsurvive_ros2/libsurvive-install/lib/libsurvive/plugins/poser_dummy.so
[2.152s] -- Up-to-date: /home/tch/mpo_500_workspace/src/libsurvive_ros2/build/libsurvive_ros2/libsurvive-install/lib/libsurvive/plugins/poser_mpfit.so
[2.152s] -- Up-to-date: /home/tch/mpo_500_workspace/src/libsurvive_ros2/build/libsurvive_ros2/libsurvive-install/lib/libsurvive/plugins/poser_kalman_only.so
[2.152s] -- Up-to-date: /home/tch/mpo_500_workspace/src/libsurvive_ros2/build/libsurvive_ros2/libsurvive-install/lib/libsurvive/plugins/poser_barycentric_svd.so
[2.153s] -- Up-to-date: /home/tch/mpo_500_workspace/src/libsurvive_ros2/build/libsurvive_ros2/libsurvive-install/lib/libsurvive/plugins/driver_global_scene_solver.so
[2.153s] -- Up-to-date: /home/tch/mpo_500_workspace/src/libsurvive_ros2/build/libsurvive_ros2/libsurvive-install/lib/libsurvive/plugins/driver_udp.so
[2.153s] -- Up-to-date: /home/tch/mpo_500_workspace/src/libsurvive_ros2/build/libsurvive_ros2/libsurvive-install/lib/libsurvive/plugins/driver_usbmon.so
[2.154s] -- Up-to-date: /home/tch/mpo_500_workspace/src/libsurvive_ros2/build/libsurvive_ros2/libsurvive-install/lib/libsurvive.so.0.3
[2.154s] -- Up-to-date: /home/tch/mpo_500_workspace/src/libsurvive_ros2/build/libsurvive_ros2/libsurvive-install/lib/libsurvive.so.0
[2.154s] -- Up-to-date: /home/tch/mpo_500_workspace/src/libsurvive_ros2/build/libsurvive_ros2/libsurvive-install/lib/libsurvive.so
[2.180s] [ 50%] [34m[1mCompleted 'libsurvive'[0m
[2.225s] [ 66%] Built target libsurvive
[2.243s] [35m[1mConsolidate compiler generated dependencies of target libsurvive_ros2_component[0m
[2.269s] [ 75%] [32mBuilding CXX object CMakeFiles/libsurvive_ros2_component.dir/src/component.cpp.o[0m
[5.662s] [01m[K/home/tch/mpo_500_workspace/src/libsurvive_ros2/src/component.cpp:[m[K In member function ‘[01m[Kvoid libsurvive_ros2::Component::work()[m[K’:
[5.663s] [01m[K/home/tch/mpo_500_workspace/src/libsurvive_ros2/src/component.cpp:194:39:[m[K [01;31m[Kerror: [m[Kno matching function for call to ‘[01m[Krclcpp::Publisher<geometry_msgs::msg::Pose_<std::allocator<void> > >::publish(geometry_msgs::msg::TransformStamped&)[m[K’
[5.663s]   194 |               [01;31m[Kpose_publisher_->publish(pose_msg)[m[K;
[5.663s]       |               [01;31m[K~~~~~~~~~~~~~~~~~~~~~~~~^~~~~~~~~~[m[K
[5.663s] In file included from [01m[K/opt/ros/humble/include/rclcpp/rclcpp/topic_statistics/subscription_topic_statistics.hpp:31[m[K,
[5.663s]                  from [01m[K/opt/ros/humble/include/rclcpp/rclcpp/subscription.hpp:50[m[K,
[5.663s]                  from [01m[K/opt/ros/humble/include/rclcpp/rclcpp/any_executable.hpp:25[m[K,
[5.663s]                  from [01m[K/opt/ros/humble/include/rclcpp/rclcpp/memory_strategy.hpp:25[m[K,
[5.664s]                  from [01m[K/opt/ros/humble/include/rclcpp/rclcpp/memory_strategies.hpp:18[m[K,
[5.664s]                  from [01m[K/opt/ros/humble/include/rclcpp/rclcpp/executor_options.hpp:20[m[K,
[5.664s]                  from [01m[K/opt/ros/humble/include/rclcpp/rclcpp/executor.hpp:37[m[K,
[5.664s]                  from [01m[K/opt/ros/humble/include/rclcpp/rclcpp/executors/multi_threaded_executor.hpp:25[m[K,
[5.664s]                  from [01m[K/opt/ros/humble/include/rclcpp/rclcpp/executors.hpp:21[m[K,
[5.664s]                  from [01m[K/opt/ros/humble/include/rclcpp/rclcpp/rclcpp.hpp:155[m[K,
[5.664s]                  from [01m[K/home/tch/mpo_500_workspace/src/libsurvive_ros2/include/libsurvive_ros2/component.hpp:43[m[K,
[5.664s]                  from [01m[K/home/tch/mpo_500_workspace/src/libsurvive_ros2/src/component.cpp:27[m[K:
[5.665s] [01m[K/opt/ros/humble/include/rclcpp/rclcpp/publisher.hpp:251:3:[m[K [01;36m[Knote: [m[Kcandidate: ‘[01m[Ktemplate<class T> std::enable_if_t<(rosidl_generator_traits::is_message<T>::value && std::is_same<T, typename rclcpp::TypeAdapter<MessageT>::ros_message_type>::value)> rclcpp::Publisher<MessageT, AllocatorT>::publish(std::unique_ptr<T, typename std::conditional<std::is_same<typename std::allocator_traits<typename std::allocator_traits<_Allocator>::rebind_traits<typename rclcpp::TypeAdapter<MessageT, void, void>::ros_message_type>::allocator_type>::rebind_alloc<typename rclcpp::TypeAdapter<MessageT, void, void>::ros_message_type>, std::allocator<typename rclcpp::TypeAdapter<MessageT>::ros_message_type> >::value, std::default_delete<typename rclcpp::TypeAdapter<MessageT>::ros_message_type>, rclcpp::allocator::AllocatorDeleter<typename std::allocator_traits<_Allocator>::rebind_traits<typename rclcpp::TypeAdapter<MessageT, void, void>::ros_message_type>::allocator_type> >::type>) [with T = T; MessageT = geometry_msgs::msg::Pose_<std::allocator<void> >; AllocatorT = std::allocator<void>][m[K’
[5.665s]   251 |   [01;36m[Kpublish[m[K(std::unique_ptr<T, ROSMessageTypeDeleter> msg)
[5.665s]       |   [01;36m[K^~~~~~~[m[K
[5.665s] [01m[K/opt/ros/humble/include/rclcpp/rclcpp/publisher.hpp:251:3:[m[K [01;36m[Knote: [m[K  template argument deduction/substitution failed:
[5.665s] [01m[K/home/tch/mpo_500_workspace/src/libsurvive_ros2/src/component.cpp:194:39:[m[K [01;36m[Knote: [m[K  ‘[01m[Kgeometry_msgs::msg::TransformStamped_<std::allocator<void> >[m[K’ is not derived from ‘[01m[Kstd::unique_ptr<T, std::default_delete<geometry_msgs::msg::Pose_<std::allocator<void> > > >[m[K’
[5.665s]   194 |               [01;36m[Kpose_publisher_->publish(pose_msg)[m[K;
[5.665s]       |               [01;36m[K~~~~~~~~~~~~~~~~~~~~~~~~^~~~~~~~~~[m[K
[5.665s] In file included from [01m[K/opt/ros/humble/include/rclcpp/rclcpp/topic_statistics/subscription_topic_statistics.hpp:31[m[K,
[5.665s]                  from [01m[K/opt/ros/humble/include/rclcpp/rclcpp/subscription.hpp:50[m[K,
[5.665s]                  from [01m[K/opt/ros/humble/include/rclcpp/rclcpp/any_executable.hpp:25[m[K,
[5.666s]                  from [01m[K/opt/ros/humble/include/rclcpp/rclcpp/memory_strategy.hpp:25[m[K,
[5.666s]                  from [01m[K/opt/ros/humble/include/rclcpp/rclcpp/memory_strategies.hpp:18[m[K,
[5.666s]                  from [01m[K/opt/ros/humble/include/rclcpp/rclcpp/executor_options.hpp:20[m[K,
[5.666s]                  from [01m[K/opt/ros/humble/include/rclcpp/rclcpp/executor.hpp:37[m[K,
[5.666s]                  from [01m[K/opt/ros/humble/include/rclcpp/rclcpp/executors/multi_threaded_executor.hpp:25[m[K,
[5.666s]                  from [01m[K/opt/ros/humble/include/rclcpp/rclcpp/executors.hpp:21[m[K,
[5.666s]                  from [01m[K/opt/ros/humble/include/rclcpp/rclcpp/rclcpp.hpp:155[m[K,
[5.666s]                  from [01m[K/home/tch/mpo_500_workspace/src/libsurvive_ros2/include/libsurvive_ros2/component.hpp:43[m[K,
[5.666s]                  from [01m[K/home/tch/mpo_500_workspace/src/libsurvive_ros2/src/component.cpp:27[m[K:
[5.667s] [01m[K/opt/ros/humble/include/rclcpp/rclcpp/publisher.hpp:292:3:[m[K [01;36m[Knote: [m[Kcandidate: ‘[01m[Ktemplate<class T> std::enable_if_t<(rosidl_generator_traits::is_message<T>::value && std::is_same<T, typename rclcpp::TypeAdapter<MessageT>::ros_message_type>::value)> rclcpp::Publisher<MessageT, AllocatorT>::publish(const T&) [with T = T; MessageT = geometry_msgs::msg::Pose_<std::allocator<void> >; AllocatorT = std::allocator<void>][m[K’
[5.667s]   292 |   [01;36m[Kpublish[m[K(const T & msg)
[5.667s]       |   [01;36m[K^~~~~~~[m[K
[5.667s] [01m[K/opt/ros/humble/include/rclcpp/rclcpp/publisher.hpp:292:3:[m[K [01;36m[Knote: [m[K  template argument deduction/substitution failed:
[5.667s] In file included from [01m[K/usr/include/c++/11/bits/move.h:57[m[K,
[5.667s]                  from [01m[K/usr/include/c++/11/bits/stl_pair.h:59[m[K,
[5.667s]                  from [01m[K/usr/include/c++/11/bits/stl_algobase.h:64[m[K,
[5.667s]                  from [01m[K/usr/include/c++/11/memory:63[m[K,
[5.667s]                  from [01m[K/home/tch/mpo_500_workspace/src/libsurvive_ros2/src/component.cpp:22[m[K:
[5.667s] /usr/include/c++/11/type_traits: In substitution of ‘[01m[Ktemplate<bool _Cond, class _Tp> using enable_if_t = typename std::enable_if::type [with bool _Cond = false; _Tp = void][m[K’:
[5.668s] [01m[K/opt/ros/humble/include/rclcpp/rclcpp/publisher.hpp:292:3:[m[K   required by substitution of ‘[01m[Ktemplate<class T> std::enable_if_t<(rosidl_generator_traits::is_message<T>::value && std::is_same<T, geometry_msgs::msg::Pose_<std::allocator<void> > >::value), void> rclcpp::Publisher<geometry_msgs::msg::Pose_<std::allocator<void> > >::publish<T>(const T&) [with T = geometry_msgs::msg::TransformStamped_<std::allocator<void> >][m[K’
[5.668s] [01m[K/home/tch/mpo_500_workspace/src/libsurvive_ros2/src/component.cpp:194:39:[m[K   required from here
[5.668s] [01m[K/usr/include/c++/11/type_traits:2579:11:[m[K [01;31m[Kerror: [m[Kno type named ‘[01m[Ktype[m[K’ in ‘[01m[Kstruct std::enable_if<false, void>[m[K’
[5.668s]  2579 |     using [01;31m[Kenable_if_t[m[K = typename enable_if<_Cond, _Tp>::type;
[5.668s]       |           [01;31m[K^~~~~~~~~~~[m[K
[5.668s] In file included from [01m[K/opt/ros/humble/include/rclcpp/rclcpp/topic_statistics/subscription_topic_statistics.hpp:31[m[K,
[5.668s]                  from [01m[K/opt/ros/humble/include/rclcpp/rclcpp/subscription.hpp:50[m[K,
[5.668s]                  from [01m[K/opt/ros/humble/include/rclcpp/rclcpp/any_executable.hpp:25[m[K,
[5.668s]                  from [01m[K/opt/ros/humble/include/rclcpp/rclcpp/memory_strategy.hpp:25[m[K,
[5.669s]                  from [01m[K/opt/ros/humble/include/rclcpp/rclcpp/memory_strategies.hpp:18[m[K,
[5.669s]                  from [01m[K/opt/ros/humble/include/rclcpp/rclcpp/executor_options.hpp:20[m[K,
[5.669s]                  from [01m[K/opt/ros/humble/include/rclcpp/rclcpp/executor.hpp:37[m[K,
[5.669s]                  from [01m[K/opt/ros/humble/include/rclcpp/rclcpp/executors/multi_threaded_executor.hpp:25[m[K,
[5.669s]                  from [01m[K/opt/ros/humble/include/rclcpp/rclcpp/executors.hpp:21[m[K,
[5.669s]                  from [01m[K/opt/ros/humble/include/rclcpp/rclcpp/rclcpp.hpp:155[m[K,
[5.669s]                  from [01m[K/home/tch/mpo_500_workspace/src/libsurvive_ros2/include/libsurvive_ros2/component.hpp:43[m[K,
[5.669s]                  from [01m[K/home/tch/mpo_500_workspace/src/libsurvive_ros2/src/component.cpp:27[m[K:
[5.670s] [01m[K/opt/ros/humble/include/rclcpp/rclcpp/publisher.hpp:322:3:[m[K [01;36m[Knote: [m[Kcandidate: ‘[01m[Ktemplate<class T> std::enable_if_t<(typename rclcpp::TypeAdapter<MessageT>::is_specialized::value && std::is_same<T, typename rclcpp::TypeAdapter<MessageT>::custom_type>::value)> rclcpp::Publisher<MessageT, AllocatorT>::publish(std::unique_ptr<T, typename std::conditional<std::is_same<typename std::allocator_traits<typename std::allocator_traits<_Allocator>::rebind_traits<typename rclcpp::TypeAdapter<MessageT, void, void>::custom_type>::allocator_type>::rebind_alloc<typename rclcpp::TypeAdapter<MessageT, void, void>::custom_type>, std::allocator<typename rclcpp::TypeAdapter<MessageT>::custom_type> >::value, std::default_delete<typename rclcpp::TypeAdapter<MessageT>::custom_type>, rclcpp::allocator::AllocatorDeleter<typename std::allocator_traits<_Allocator>::rebind_traits<typename rclcpp::TypeAdapter<MessageT, void, void>::custom_type>::allocator_type> >::type>) [with T = T; MessageT = geometry_msgs::msg::Pose_<std::allocator<void> >; AllocatorT = std::allocator<void>][m[K’
[5.670s]   322 |   [01;36m[Kpublish[m[K(std::unique_ptr<T, PublishedTypeDeleter> msg)
[5.670s]       |   [01;36m[K^~~~~~~[m[K
[5.670s] [01m[K/opt/ros/humble/include/rclcpp/rclcpp/publisher.hpp:322:3:[m[K [01;36m[Knote: [m[K  template argument deduction/substitution failed:
[5.670s] [01m[K/home/tch/mpo_500_workspace/src/libsurvive_ros2/src/component.cpp:194:39:[m[K [01;36m[Knote: [m[K  ‘[01m[Kgeometry_msgs::msg::TransformStamped_<std::allocator<void> >[m[K’ is not derived from ‘[01m[Kstd::unique_ptr<T, std::default_delete<geometry_msgs::msg::Pose_<std::allocator<void> > > >[m[K’
[5.670s]   194 |               [01;36m[Kpose_publisher_->publish(pose_msg)[m[K;
[5.670s]       |               [01;36m[K~~~~~~~~~~~~~~~~~~~~~~~~^~~~~~~~~~[m[K
[5.670s] In file included from [01m[K/opt/ros/humble/include/rclcpp/rclcpp/topic_statistics/subscription_topic_statistics.hpp:31[m[K,
[5.670s]                  from [01m[K/opt/ros/humble/include/rclcpp/rclcpp/subscription.hpp:50[m[K,
[5.671s]                  from [01m[K/opt/ros/humble/include/rclcpp/rclcpp/any_executable.hpp:25[m[K,
[5.671s]                  from [01m[K/opt/ros/humble/include/rclcpp/rclcpp/memory_strategy.hpp:25[m[K,
[5.671s]                  from [01m[K/opt/ros/humble/include/rclcpp/rclcpp/memory_strategies.hpp:18[m[K,
[5.671s]                  from [01m[K/opt/ros/humble/include/rclcpp/rclcpp/executor_options.hpp:20[m[K,
[5.671s]                  from [01m[K/opt/ros/humble/include/rclcpp/rclcpp/executor.hpp:37[m[K,
[5.671s]                  from [01m[K/opt/ros/humble/include/rclcpp/rclcpp/executors/multi_threaded_executor.hpp:25[m[K,
[5.671s]                  from [01m[K/opt/ros/humble/include/rclcpp/rclcpp/executors.hpp:21[m[K,
[5.671s]                  from [01m[K/opt/ros/humble/include/rclcpp/rclcpp/rclcpp.hpp:155[m[K,
[5.671s]                  from [01m[K/home/tch/mpo_500_workspace/src/libsurvive_ros2/include/libsurvive_ros2/component.hpp:43[m[K,
[5.672s]                  from [01m[K/home/tch/mpo_500_workspace/src/libsurvive_ros2/src/component.cpp:27[m[K:
[5.672s] [01m[K/opt/ros/humble/include/rclcpp/rclcpp/publisher.hpp:364:3:[m[K [01;36m[Knote: [m[Kcandidate: ‘[01m[Ktemplate<class T> std::enable_if_t<(typename rclcpp::TypeAdapter<MessageT>::is_specialized::value && std::is_same<T, typename rclcpp::TypeAdapter<MessageT>::custom_type>::value)> rclcpp::Publisher<MessageT, AllocatorT>::publish(const T&) [with T = T; MessageT = geometry_msgs::msg::Pose_<std::allocator<void> >; AllocatorT = std::allocator<void>][m[K’
[5.672s]   364 |   [01;36m[Kpublish[m[K(const T & msg)
[5.672s]       |   [01;36m[K^~~~~~~[m[K
[5.672s] [01m[K/opt/ros/humble/include/rclcpp/rclcpp/publisher.hpp:364:3:[m[K [01;36m[Knote: [m[K  template argument deduction/substitution failed:
[5.672s] [01m[K/opt/ros/humble/include/rclcpp/rclcpp/publisher.hpp:383:3:[m[K [01;36m[Knote: [m[Kcandidate: ‘[01m[Kvoid rclcpp::Publisher<MessageT, AllocatorT>::publish(const rcl_serialized_message_t&) [with MessageT = geometry_msgs::msg::Pose_<std::allocator<void> >; AllocatorT = std::allocator<void>; rcl_serialized_message_t = rcutils_uint8_array_s][m[K’
[5.672s]   383 |   [01;36m[Kpublish[m[K(const rcl_serialized_message_t & serialized_msg)
[5.672s]       |   [01;36m[K^~~~~~~[m[K
[5.672s] [01m[K/opt/ros/humble/include/rclcpp/rclcpp/publisher.hpp:383:44:[m[K [01;36m[Knote: [m[K  no known conversion for argument 1 from ‘[01m[Kgeometry_msgs::msg::TransformStamped[m[K’ {aka ‘[01m[Kgeometry_msgs::msg::TransformStamped_<std::allocator<void> >[m[K’} to ‘[01m[Kconst rcl_serialized_message_t&[m[K’ {aka ‘[01m[Kconst rcutils_uint8_array_s&[m[K’}
[5.673s]   383 |   publish([01;36m[Kconst rcl_serialized_message_t & serialized_msg[m[K)
[5.673s]       |           [01;36m[K~~~~~~~~~~~~~~~~~~~~~~~~~~~~~~~~~^~~~~~~~~~~~~~[m[K
[5.673s] [01m[K/opt/ros/humble/include/rclcpp/rclcpp/publisher.hpp:389:3:[m[K [01;36m[Knote: [m[Kcandidate: ‘[01m[Kvoid rclcpp::Publisher<MessageT, AllocatorT>::publish(const rclcpp::SerializedMessage&) [with MessageT = geometry_msgs::msg::Pose_<std::allocator<void> >; AllocatorT = std::allocator<void>][m[K’
[5.673s]   389 |   [01;36m[Kpublish[m[K(const SerializedMessage & serialized_msg)
[5.673s]       |   [01;36m[K^~~~~~~[m[K
[5.673s] [01m[K/opt/ros/humble/include/rclcpp/rclcpp/publisher.hpp:389:37:[m[K [01;36m[Knote: [m[K  no known conversion for argument 1 from ‘[01m[Kgeometry_msgs::msg::TransformStamped[m[K’ {aka ‘[01m[Kgeometry_msgs::msg::TransformStamped_<std::allocator<void> >[m[K’} to ‘[01m[Kconst rclcpp::SerializedMessage&[m[K’
[5.673s]   389 |   publish([01;36m[Kconst SerializedMessage & serialized_msg[m[K)
[5.673s]       |           [01;36m[K~~~~~~~~~~~~~~~~~~~~~~~~~~^~~~~~~~~~~~~~[m[K
[5.673s] [01m[K/opt/ros/humble/include/rclcpp/rclcpp/publisher.hpp:403:3:[m[K [01;36m[Knote: [m[Kcandidate: ‘[01m[Kvoid rclcpp::Publisher<MessageT, AllocatorT>::publish(rclcpp::LoanedMessage<typename rclcpp::TypeAdapter<MessageT>::ros_message_type, AllocatorT>&&) [with MessageT = geometry_msgs::msg::Pose_<std::allocator<void> >; AllocatorT = std::allocator<void>; typename rclcpp::TypeAdapter<MessageT>::ros_message_type = geometry_msgs::msg::Pose_<std::allocator<void> >][m[K’
[5.673s]   403 |   [01;36m[Kpublish[m[K(rclcpp::LoanedMessage<ROSMessageType, AllocatorT> && loaned_msg)
[5.674s]       |   [01;36m[K^~~~~~~[m[K
[5.674s] [01m[K/opt/ros/humble/include/rclcpp/rclcpp/publisher.hpp:403:64:[m[K [01;36m[Knote: [m[K  no known conversion for argument 1 from ‘[01m[Kgeometry_msgs::msg::TransformStamped[m[K’ {aka ‘[01m[Kgeometry_msgs::msg::TransformStamped_<std::allocator<void> >[m[K’} to ‘[01m[Krclcpp::LoanedMessage<geometry_msgs::msg::Pose_<std::allocator<void> >, std::allocator<void> >&&[m[K’
[5.674s]   403 |   publish([01;36m[Krclcpp::LoanedMessage<ROSMessageType, AllocatorT> && loaned_msg[m[K)
[5.674s]       |           [01;36m[K~~~~~~~~~~~~~~~~~~~~~~~~~~~~~~~~~~~~~~~~~~~~~~~~~~~~~^~~~~~~~~~[m[K
[7.575s] gmake[2]: *** [CMakeFiles/libsurvive_ros2_component.dir/build.make:76: CMakeFiles/libsurvive_ros2_component.dir/src/component.cpp.o] Error 1
[7.576s] gmake[1]: *** [CMakeFiles/Makefile2:167: CMakeFiles/libsurvive_ros2_component.dir/all] Error 2
[7.576s] gmake: *** [Makefile:146: all] Error 2
[7.579s] Invoked command in '/home/tch/mpo_500_workspace/src/libsurvive_ros2/build/libsurvive_ros2' returned '2': CMAKE_PREFIX_PATH=${CMAKE_PREFIX_PATH}:/home/tch/mpo_500_workspace/install/odrive_motor_op:/home/tch/mpo_500_workspace/install/neo_nav2_py_costmap2D:/home/tch/mpo_500_workspace/src/odrive_motor_op/install/odrive_motor_op:/opt/ros/humble /usr/bin/cmake --build /home/tch/mpo_500_workspace/src/libsurvive_ros2/build/libsurvive_ros2 -- -j4 -l4
