[1.584s] DEBUG:colcon:Command line arguments: ['/usr/bin/colcon', 'build']
[1.584s] DEBUG:colcon:Parsed command line arguments: Namespace(log_base=None, log_level=None, verb_name='build', build_base='build', install_base='install', merge_install=False, symlink_install=False, test_result_base=None, continue_on_error=False, executor='parallel', parallel_workers=4, event_handlers=None, ignore_user_meta=False, metas=['./colcon.meta'], base_paths=['.'], packages_ignore=None, packages_ignore_regex=None, paths=None, packages_up_to=None, packages_up_to_regex=None, packages_above=None, packages_above_and_dependencies=None, packages_above_depth=None, packages_select_by_dep=None, packages_skip_by_dep=None, packages_skip_up_to=None, packages_select_build_failed=False, packages_skip_build_finished=False, packages_select_test_failures=False, packages_skip_test_passed=False, packages_select=None, packages_skip=None, packages_select_regex=None, packages_skip_regex=None, packages_start=None, packages_end=None, allow_overriding=[], cmake_args=None, cmake_target=None, cmake_target_skip_unavailable=False, cmake_clean_cache=False, cmake_clean_first=False, cmake_force_configure=False, ament_cmake_args=None, catkin_cmake_args=None, catkin_skip_building_tests=False, verb_parser=<colcon_defaults.argument_parser.defaults.DefaultArgumentsDecorator object at 0x7f9cbb4ccd30>, verb_extension=<colcon_core.verb.build.BuildVerb object at 0x7f9cbb4cd180>, main=<bound method BuildVerb.main of <colcon_core.verb.build.BuildVerb object at 0x7f9cbb4cd180>>)
[1.659s] Level 1:colcon.colcon_core.package_discovery:discover_packages(colcon_meta) check parameters
[1.659s] Level 1:colcon.colcon_core.package_discovery:discover_packages(recursive) check parameters
[1.659s] Level 1:colcon.colcon_core.package_discovery:discover_packages(ignore) check parameters
[1.659s] Level 1:colcon.colcon_core.package_discovery:discover_packages(path) check parameters
[1.659s] Level 1:colcon.colcon_core.package_discovery:discover_packages(colcon_meta) discover
[1.659s] Level 1:colcon.colcon_core.package_discovery:discover_packages(recursive) discover
[1.659s] INFO:colcon.colcon_core.package_discovery:Crawling recursively for packages in '/home/tch/mpo_500_workspace/src/neo_kinematics_mecanum2'
[1.659s] Level 1:colcon.colcon_core.package_identification:_identify(.) by extensions ['ignore', 'ignore_ament_install']
[1.660s] Level 1:colcon.colcon_core.package_identification:_identify(.) by extension 'ignore'
[1.660s] Level 1:colcon.colcon_core.package_identification:_identify(.) by extension 'ignore_ament_install'
[1.660s] Level 1:colcon.colcon_core.package_identification:_identify(.) by extensions ['colcon_pkg']
[1.660s] Level 1:colcon.colcon_core.package_identification:_identify(.) by extension 'colcon_pkg'
[1.660s] Level 1:colcon.colcon_core.package_identification:_identify(.) by extensions ['colcon_meta']
[1.660s] Level 1:colcon.colcon_core.package_identification:_identify(.) by extension 'colcon_meta'
[1.660s] Level 1:colcon.colcon_core.package_identification:_identify(.) by extensions ['ros']
[1.660s] Level 1:colcon.colcon_core.package_identification:_identify(.) by extension 'ros'
[1.680s] DEBUG:colcon.colcon_core.package_identification:Package '.' with type 'ros.ament_cmake' and name 'neo_kinematics_mecanum'
[1.680s] Level 1:colcon.colcon_core.package_discovery:discover_packages(recursive) using defaults
[1.681s] Level 1:colcon.colcon_core.package_discovery:discover_packages(ignore) discover
[1.681s] Level 1:colcon.colcon_core.package_discovery:discover_packages(ignore) using defaults
[1.681s] Level 1:colcon.colcon_core.package_discovery:discover_packages(path) discover
[1.681s] Level 1:colcon.colcon_core.package_discovery:discover_packages(path) using defaults
[1.827s] Level 1:colcon.colcon_core.package_discovery:discover_packages(prefix_path) check parameters
[1.827s] Level 1:colcon.colcon_core.package_discovery:discover_packages(prefix_path) discover
[1.876s] DEBUG:colcon.colcon_installed_package_information.package_discovery:Found 1 installed packages in /home/tch/mpo_500_workspace/src/neo_kinematics_mecanum2/install
[1.899s] DEBUG:colcon.colcon_installed_package_information.package_discovery:Found 1 installed packages in /home/tch/mpo_500_workspace/src/neo_mpo_500-2/install
[1.922s] DEBUG:colcon.colcon_installed_package_information.package_discovery:Found 7 installed packages in /home/tch/neobotix_workspace/install
[1.946s] DEBUG:colcon.colcon_installed_package_information.package_discovery:Found 18 installed packages in /home/tch/mpo_500_workspace/install
[1.986s] DEBUG:colcon.colcon_installed_package_information.package_discovery:Found 1 installed packages in /home/tch/laser_filters-ros2/install
[2.010s] DEBUG:colcon.colcon_installed_package_information.package_discovery:Found 1 installed packages in /home/tch/filters-ros2/install
[2.033s] DEBUG:colcon.colcon_installed_package_information.package_discovery:Found 1 installed packages in /home/tch/mpo_500_workspace/src/odrive_motor_op/install
[2.058s] DEBUG:colcon.colcon_installed_package_information.package_discovery:Found 331 installed packages in /opt/ros/humble
[2.060s] Level 1:colcon.colcon_core.package_discovery:discover_packages(prefix_path) using defaults
[2.220s] Level 5:colcon.colcon_core.verb:set package 'neo_kinematics_mecanum' build argument 'cmake_args' from command line to 'None'
[2.220s] Level 5:colcon.colcon_core.verb:set package 'neo_kinematics_mecanum' build argument 'cmake_target' from command line to 'None'
[2.220s] Level 5:colcon.colcon_core.verb:set package 'neo_kinematics_mecanum' build argument 'cmake_target_skip_unavailable' from command line to 'False'
[2.220s] Level 5:colcon.colcon_core.verb:set package 'neo_kinematics_mecanum' build argument 'cmake_clean_cache' from command line to 'False'
[2.220s] Level 5:colcon.colcon_core.verb:set package 'neo_kinematics_mecanum' build argument 'cmake_clean_first' from command line to 'False'
[2.220s] Level 5:colcon.colcon_core.verb:set package 'neo_kinematics_mecanum' build argument 'cmake_force_configure' from command line to 'False'
[2.220s] Level 5:colcon.colcon_core.verb:set package 'neo_kinematics_mecanum' build argument 'ament_cmake_args' from command line to 'None'
[2.220s] Level 5:colcon.colcon_core.verb:set package 'neo_kinematics_mecanum' build argument 'catkin_cmake_args' from command line to 'None'
[2.220s] Level 5:colcon.colcon_core.verb:set package 'neo_kinematics_mecanum' build argument 'catkin_skip_building_tests' from command line to 'False'
[2.220s] DEBUG:colcon.colcon_core.verb:Building package 'neo_kinematics_mecanum' with the following arguments: {'ament_cmake_args': None, 'build_base': '/home/tch/mpo_500_workspace/src/neo_kinematics_mecanum2/build/neo_kinematics_mecanum', 'catkin_cmake_args': None, 'catkin_skip_building_tests': False, 'cmake_args': None, 'cmake_clean_cache': False, 'cmake_clean_first': False, 'cmake_force_configure': False, 'cmake_target': None, 'cmake_target_skip_unavailable': False, 'install_base': '/home/tch/mpo_500_workspace/src/neo_kinematics_mecanum2/install/neo_kinematics_mecanum', 'merge_install': False, 'path': '/home/tch/mpo_500_workspace/src/neo_kinematics_mecanum2', 'symlink_install': False, 'test_result_base': None}
[2.245s] INFO:colcon.colcon_core.executor:Executing jobs using 'parallel' executor
[2.270s] DEBUG:colcon.colcon_parallel_executor.executor.parallel:run_until_complete
[2.270s] INFO:colcon.colcon_ros.task.ament_cmake.build:Building ROS package in '/home/tch/mpo_500_workspace/src/neo_kinematics_mecanum2' with build type 'ament_cmake'
[2.271s] INFO:colcon.colcon_cmake.task.cmake.build:Building CMake package in '/home/tch/mpo_500_workspace/src/neo_kinematics_mecanum2'
[2.299s] INFO:colcon.colcon_core.plugin_system:Skipping extension 'colcon_core.shell.bat': Not used on non-Windows systems
[2.299s] INFO:colcon.colcon_core.shell:Skip shell extension 'powershell' for command environment: Not usable outside of PowerShell
[2.299s] DEBUG:colcon.colcon_core.shell:Skip shell extension 'dsv' for command environment
[2.526s] DEBUG:colcon.colcon_core.event_handler.log_command:Invoking command in '/home/tch/mpo_500_workspace/src/neo_kinematics_mecanum2/build/neo_kinematics_mecanum': CMAKE_PREFIX_PATH=${CMAKE_PREFIX_PATH}:/home/tch/mpo_500_workspace/install/odrive_motor_op:/home/tch/mpo_500_workspace/install/neo_nav2_py_costmap2D:/home/tch/mpo_500_workspace/src/odrive_motor_op/install/odrive_motor_op:/opt/ros/humble /usr/bin/cmake --build /home/tch/mpo_500_workspace/src/neo_kinematics_mecanum2/build/neo_kinematics_mecanum -- -j4 -l4
[2.668s] DEBUG:colcon.colcon_core.event_handler.log_command:Invoked command in '/home/tch/mpo_500_workspace/src/neo_kinematics_mecanum2/build/neo_kinematics_mecanum' returned '0': CMAKE_PREFIX_PATH=${CMAKE_PREFIX_PATH}:/home/tch/mpo_500_workspace/install/odrive_motor_op:/home/tch/mpo_500_workspace/install/neo_nav2_py_costmap2D:/home/tch/mpo_500_workspace/src/odrive_motor_op/install/odrive_motor_op:/opt/ros/humble /usr/bin/cmake --build /home/tch/mpo_500_workspace/src/neo_kinematics_mecanum2/build/neo_kinematics_mecanum -- -j4 -l4
[2.722s] DEBUG:colcon.colcon_core.event_handler.log_command:Invoking command in '/home/tch/mpo_500_workspace/src/neo_kinematics_mecanum2/build/neo_kinematics_mecanum': CMAKE_PREFIX_PATH=${CMAKE_PREFIX_PATH}:/home/tch/mpo_500_workspace/install/odrive_motor_op:/home/tch/mpo_500_workspace/install/neo_nav2_py_costmap2D:/home/tch/mpo_500_workspace/src/odrive_motor_op/install/odrive_motor_op:/opt/ros/humble /usr/bin/cmake --install /home/tch/mpo_500_workspace/src/neo_kinematics_mecanum2/build/neo_kinematics_mecanum
[2.738s] Level 1:colcon.colcon_core.environment:create_environment_scripts_only(neo_kinematics_mecanum)
[2.739s] DEBUG:colcon.colcon_core.event_handler.log_command:Invoked command in '/home/tch/mpo_500_workspace/src/neo_kinematics_mecanum2/build/neo_kinematics_mecanum' returned '0': CMAKE_PREFIX_PATH=${CMAKE_PREFIX_PATH}:/home/tch/mpo_500_workspace/install/odrive_motor_op:/home/tch/mpo_500_workspace/install/neo_nav2_py_costmap2D:/home/tch/mpo_500_workspace/src/odrive_motor_op/install/odrive_motor_op:/opt/ros/humble /usr/bin/cmake --install /home/tch/mpo_500_workspace/src/neo_kinematics_mecanum2/build/neo_kinematics_mecanum
[2.765s] Level 1:colcon.colcon_core.environment:checking '/home/tch/mpo_500_workspace/src/neo_kinematics_mecanum2/install/neo_kinematics_mecanum' for CMake module files
[2.766s] Level 1:colcon.colcon_core.environment:checking '/home/tch/mpo_500_workspace/src/neo_kinematics_mecanum2/install/neo_kinematics_mecanum' for CMake config files
[2.766s] Level 1:colcon.colcon_core.shell:create_environment_hook('neo_kinematics_mecanum', 'cmake_prefix_path')
[2.790s] INFO:colcon.colcon_core.shell:Creating environment hook '/home/tch/mpo_500_workspace/src/neo_kinematics_mecanum2/install/neo_kinematics_mecanum/share/neo_kinematics_mecanum/hook/cmake_prefix_path.ps1'
[2.791s] INFO:colcon.colcon_core.shell:Creating environment descriptor '/home/tch/mpo_500_workspace/src/neo_kinematics_mecanum2/install/neo_kinematics_mecanum/share/neo_kinematics_mecanum/hook/cmake_prefix_path.dsv'
[2.792s] INFO:colcon.colcon_core.shell:Creating environment hook '/home/tch/mpo_500_workspace/src/neo_kinematics_mecanum2/install/neo_kinematics_mecanum/share/neo_kinematics_mecanum/hook/cmake_prefix_path.sh'
[2.793s] Level 1:colcon.colcon_core.environment:checking '/home/tch/mpo_500_workspace/src/neo_kinematics_mecanum2/install/neo_kinematics_mecanum/lib'
[2.793s] Level 1:colcon.colcon_core.environment:checking '/home/tch/mpo_500_workspace/src/neo_kinematics_mecanum2/install/neo_kinematics_mecanum/bin'
[2.793s] Level 1:colcon.colcon_core.environment:checking '/home/tch/mpo_500_workspace/src/neo_kinematics_mecanum2/install/neo_kinematics_mecanum/lib/pkgconfig/neo_kinematics_mecanum.pc'
[2.794s] Level 1:colcon.colcon_core.environment:checking '/home/tch/mpo_500_workspace/src/neo_kinematics_mecanum2/install/neo_kinematics_mecanum/lib/python3.10/site-packages'
[2.794s] Level 1:colcon.colcon_core.environment:checking '/home/tch/mpo_500_workspace/src/neo_kinematics_mecanum2/install/neo_kinematics_mecanum/bin'
[2.818s] INFO:colcon.colcon_core.shell:Creating package script '/home/tch/mpo_500_workspace/src/neo_kinematics_mecanum2/install/neo_kinematics_mecanum/share/neo_kinematics_mecanum/package.ps1'
[2.819s] INFO:colcon.colcon_core.shell:Creating package descriptor '/home/tch/mpo_500_workspace/src/neo_kinematics_mecanum2/install/neo_kinematics_mecanum/share/neo_kinematics_mecanum/package.dsv'
[2.820s] INFO:colcon.colcon_core.shell:Creating package script '/home/tch/mpo_500_workspace/src/neo_kinematics_mecanum2/install/neo_kinematics_mecanum/share/neo_kinematics_mecanum/package.sh'
[2.820s] INFO:colcon.colcon_core.shell:Creating package script '/home/tch/mpo_500_workspace/src/neo_kinematics_mecanum2/install/neo_kinematics_mecanum/share/neo_kinematics_mecanum/package.bash'
[2.821s] INFO:colcon.colcon_core.shell:Creating package script '/home/tch/mpo_500_workspace/src/neo_kinematics_mecanum2/install/neo_kinematics_mecanum/share/neo_kinematics_mecanum/package.zsh'
[2.823s] Level 1:colcon.colcon_core.environment:create_file_with_runtime_dependencies(/home/tch/mpo_500_workspace/src/neo_kinematics_mecanum2/install/neo_kinematics_mecanum/share/colcon-core/packages/neo_kinematics_mecanum)
[2.887s] Level 1:colcon.colcon_core.environment:create_environment_scripts_only(neo_kinematics_mecanum)
[2.910s] Level 1:colcon.colcon_core.environment:checking '/home/tch/mpo_500_workspace/src/neo_kinematics_mecanum2/install/neo_kinematics_mecanum' for CMake module files
[2.911s] Level 1:colcon.colcon_core.environment:checking '/home/tch/mpo_500_workspace/src/neo_kinematics_mecanum2/install/neo_kinematics_mecanum' for CMake config files
[2.911s] Level 1:colcon.colcon_core.shell:create_environment_hook('neo_kinematics_mecanum', 'cmake_prefix_path')
[2.935s] INFO:colcon.colcon_core.shell:Creating environment hook '/home/tch/mpo_500_workspace/src/neo_kinematics_mecanum2/install/neo_kinematics_mecanum/share/neo_kinematics_mecanum/hook/cmake_prefix_path.ps1'
[2.936s] INFO:colcon.colcon_core.shell:Creating environment descriptor '/home/tch/mpo_500_workspace/src/neo_kinematics_mecanum2/install/neo_kinematics_mecanum/share/neo_kinematics_mecanum/hook/cmake_prefix_path.dsv'
[2.937s] INFO:colcon.colcon_core.shell:Creating environment hook '/home/tch/mpo_500_workspace/src/neo_kinematics_mecanum2/install/neo_kinematics_mecanum/share/neo_kinematics_mecanum/hook/cmake_prefix_path.sh'
[2.938s] Level 1:colcon.colcon_core.environment:checking '/home/tch/mpo_500_workspace/src/neo_kinematics_mecanum2/install/neo_kinematics_mecanum/lib'
[2.938s] Level 1:colcon.colcon_core.environment:checking '/home/tch/mpo_500_workspace/src/neo_kinematics_mecanum2/install/neo_kinematics_mecanum/bin'
[2.938s] Level 1:colcon.colcon_core.environment:checking '/home/tch/mpo_500_workspace/src/neo_kinematics_mecanum2/install/neo_kinematics_mecanum/lib/pkgconfig/neo_kinematics_mecanum.pc'
[2.938s] Level 1:colcon.colcon_core.environment:checking '/home/tch/mpo_500_workspace/src/neo_kinematics_mecanum2/install/neo_kinematics_mecanum/lib/python3.10/site-packages'
[2.939s] Level 1:colcon.colcon_core.environment:checking '/home/tch/mpo_500_workspace/src/neo_kinematics_mecanum2/install/neo_kinematics_mecanum/bin'
[2.963s] INFO:colcon.colcon_core.shell:Creating package script '/home/tch/mpo_500_workspace/src/neo_kinematics_mecanum2/install/neo_kinematics_mecanum/share/neo_kinematics_mecanum/package.ps1'
[2.964s] INFO:colcon.colcon_core.shell:Creating package descriptor '/home/tch/mpo_500_workspace/src/neo_kinematics_mecanum2/install/neo_kinematics_mecanum/share/neo_kinematics_mecanum/package.dsv'
[2.965s] INFO:colcon.colcon_core.shell:Creating package script '/home/tch/mpo_500_workspace/src/neo_kinematics_mecanum2/install/neo_kinematics_mecanum/share/neo_kinematics_mecanum/package.sh'
[2.966s] INFO:colcon.colcon_core.shell:Creating package script '/home/tch/mpo_500_workspace/src/neo_kinematics_mecanum2/install/neo_kinematics_mecanum/share/neo_kinematics_mecanum/package.bash'
[2.966s] INFO:colcon.colcon_core.shell:Creating package script '/home/tch/mpo_500_workspace/src/neo_kinematics_mecanum2/install/neo_kinematics_mecanum/share/neo_kinematics_mecanum/package.zsh'
[2.967s] Level 1:colcon.colcon_core.environment:create_file_with_runtime_dependencies(/home/tch/mpo_500_workspace/src/neo_kinematics_mecanum2/install/neo_kinematics_mecanum/share/colcon-core/packages/neo_kinematics_mecanum)
[2.968s] DEBUG:colcon.colcon_parallel_executor.executor.parallel:closing loop
[2.968s] DEBUG:colcon.colcon_parallel_executor.executor.parallel:loop closed
[2.968s] DEBUG:colcon.colcon_parallel_executor.executor.parallel:run_until_complete finished with '0'
[2.968s] DEBUG:colcon.colcon_core.event_reactor:joining thread
[2.999s] INFO:colcon.colcon_core.plugin_system:Skipping extension 'colcon_notification.desktop_notification.terminal_notifier': Not used on non-Darwin systems
[2.999s] INFO:colcon.colcon_core.plugin_system:Skipping extension 'colcon_notification.desktop_notification.win32': Not used on non-Windows systems
[2.999s] INFO:colcon.colcon_notification.desktop_notification:Sending desktop notification using 'notify2'
[3.012s] DEBUG:colcon.colcon_core.event_reactor:joined thread
[3.035s] INFO:colcon.colcon_core.shell:Creating prefix script '/home/tch/mpo_500_workspace/src/neo_kinematics_mecanum2/install/local_setup.ps1'
[3.037s] INFO:colcon.colcon_core.shell:Creating prefix util module '/home/tch/mpo_500_workspace/src/neo_kinematics_mecanum2/install/_local_setup_util_ps1.py'
[3.039s] INFO:colcon.colcon_core.shell:Creating prefix chain script '/home/tch/mpo_500_workspace/src/neo_kinematics_mecanum2/install/setup.ps1'
[3.066s] INFO:colcon.colcon_core.shell:Creating prefix script '/home/tch/mpo_500_workspace/src/neo_kinematics_mecanum2/install/local_setup.sh'
[3.067s] INFO:colcon.colcon_core.shell:Creating prefix util module '/home/tch/mpo_500_workspace/src/neo_kinematics_mecanum2/install/_local_setup_util_sh.py'
[3.068s] INFO:colcon.colcon_core.shell:Creating prefix chain script '/home/tch/mpo_500_workspace/src/neo_kinematics_mecanum2/install/setup.sh'
[3.094s] INFO:colcon.colcon_core.shell:Creating prefix script '/home/tch/mpo_500_workspace/src/neo_kinematics_mecanum2/install/local_setup.bash'
[3.095s] INFO:colcon.colcon_core.shell:Creating prefix chain script '/home/tch/mpo_500_workspace/src/neo_kinematics_mecanum2/install/setup.bash'
[3.121s] INFO:colcon.colcon_core.shell:Creating prefix script '/home/tch/mpo_500_workspace/src/neo_kinematics_mecanum2/install/local_setup.zsh'
[3.121s] INFO:colcon.colcon_core.shell:Creating prefix chain script '/home/tch/mpo_500_workspace/src/neo_kinematics_mecanum2/install/setup.zsh'
