[0.051s] Invoking command in '/home/tch/nav2_straightline_planner/build/nav2_straightline_planner': CMAKE_PREFIX_PATH=${CMAKE_PREFIX_PATH}:/home/tch/neo_nav2_py_costmap2D-main/install/neo_nav2_py_costmap2D:/opt/ros/humble /usr/bin/cmake --build /home/tch/nav2_straightline_planner/build/nav2_straightline_planner -- -j8 -l8
[0.140s] [35m[1mConsolidate compiler generated dependencies of target nav2_straightline_planner_plugin[0m
[0.180s] [ 50%] [32mBuilding CXX object CMakeFiles/nav2_straightline_planner_plugin.dir/src/straight_line_planner.cpp.o[0m
[13.033s] [100%] [32m[1mLinking CXX shared library libnav2_straightline_planner_plugin.so[0m
[13.734s] [100%] Built target nav2_straightline_planner_plugin
[13.759s] Invoked command in '/home/tch/nav2_straightline_planner/build/nav2_straightline_planner' returned '0': CMAKE_PREFIX_PATH=${CMAKE_PREFIX_PATH}:/home/tch/neo_nav2_py_costmap2D-main/install/neo_nav2_py_costmap2D:/opt/ros/humble /usr/bin/cmake --build /home/tch/nav2_straightline_planner/build/nav2_straightline_planner -- -j8 -l8
[13.832s] Invoking command in '/home/tch/nav2_straightline_planner/build/nav2_straightline_planner': CMAKE_PREFIX_PATH=${CMAKE_PREFIX_PATH}:/home/tch/neo_nav2_py_costmap2D-main/install/neo_nav2_py_costmap2D:/opt/ros/humble /usr/bin/cmake --install /home/tch/nav2_straightline_planner/build/nav2_straightline_planner
[13.848s] -- Install configuration: ""
[13.848s] -- Up-to-date: /home/tch/nav2_straightline_planner/install/nav2_straightline_planner/share/nav2_straightline_planner/global_planner_plugin.xml
[13.849s] -- Installing: /home/tch/nav2_straightline_planner/install/nav2_straightline_planner/lib/libnav2_straightline_planner_plugin.so
[13.850s] -- Set runtime path of "/home/tch/nav2_straightline_planner/install/nav2_straightline_planner/lib/libnav2_straightline_planner_plugin.so" to ""
[13.851s] -- Up-to-date: /home/tch/nav2_straightline_planner/install/nav2_straightline_planner/include/
[13.853s] -- Up-to-date: /home/tch/nav2_straightline_planner/install/nav2_straightline_planner/include//nav2_straightline_planner
[13.854s] -- Up-to-date: /home/tch/nav2_straightline_planner/install/nav2_straightline_planner/include//nav2_straightline_planner/straight_line_planner.hpp
[13.854s] -- Up-to-date: /home/tch/nav2_straightline_planner/install/nav2_straightline_planner/share/nav2_straightline_planner/global_planner_plugin.xml
[13.854s] -- Up-to-date: /home/tch/nav2_straightline_planner/install/nav2_straightline_planner/share/nav2_straightline_planner/environment/library_path.sh
[13.854s] -- Up-to-date: /home/tch/nav2_straightline_planner/install/nav2_straightline_planner/share/nav2_straightline_planner/environment/library_path.dsv
[13.854s] -- Up-to-date: /home/tch/nav2_straightline_planner/install/nav2_straightline_planner/share/ament_index/resource_index/package_run_dependencies/nav2_straightline_planner
[13.854s] -- Up-to-date: /home/tch/nav2_straightline_planner/install/nav2_straightline_planner/share/ament_index/resource_index/parent_prefix_path/nav2_straightline_planner
[13.854s] -- Up-to-date: /home/tch/nav2_straightline_planner/install/nav2_straightline_planner/share/nav2_straightline_planner/environment/ament_prefix_path.sh
[13.854s] -- Up-to-date: /home/tch/nav2_straightline_planner/install/nav2_straightline_planner/share/nav2_straightline_planner/environment/ament_prefix_path.dsv
[13.855s] -- Up-to-date: /home/tch/nav2_straightline_planner/install/nav2_straightline_planner/share/nav2_straightline_planner/environment/path.sh
[13.855s] -- Up-to-date: /home/tch/nav2_straightline_planner/install/nav2_straightline_planner/share/nav2_straightline_planner/environment/path.dsv
[13.855s] -- Up-to-date: /home/tch/nav2_straightline_planner/install/nav2_straightline_planner/share/nav2_straightline_planner/local_setup.bash
[13.855s] -- Up-to-date: /home/tch/nav2_straightline_planner/install/nav2_straightline_planner/share/nav2_straightline_planner/local_setup.sh
[13.855s] -- Up-to-date: /home/tch/nav2_straightline_planner/install/nav2_straightline_planner/share/nav2_straightline_planner/local_setup.zsh
[13.855s] -- Up-to-date: /home/tch/nav2_straightline_planner/install/nav2_straightline_planner/share/nav2_straightline_planner/local_setup.dsv
[13.855s] -- Installing: /home/tch/nav2_straightline_planner/install/nav2_straightline_planner/share/nav2_straightline_planner/package.dsv
[13.855s] -- Up-to-date: /home/tch/nav2_straightline_planner/install/nav2_straightline_planner/share/ament_index/resource_index/packages/nav2_straightline_planner
[13.855s] -- Up-to-date: /home/tch/nav2_straightline_planner/install/nav2_straightline_planner/share/ament_index/resource_index/nav2_core__pluginlib__plugin/nav2_straightline_planner
[13.855s] -- Up-to-date: /home/tch/nav2_straightline_planner/install/nav2_straightline_planner/share/nav2_straightline_planner/cmake/ament_cmake_export_include_directories-extras.cmake
[13.855s] -- Up-to-date: /home/tch/nav2_straightline_planner/install/nav2_straightline_planner/share/nav2_straightline_planner/cmake/ament_cmake_export_libraries-extras.cmake
[13.856s] -- Up-to-date: /home/tch/nav2_straightline_planner/install/nav2_straightline_planner/share/nav2_straightline_planner/cmake/ament_cmake_export_dependencies-extras.cmake
[13.856s] -- Up-to-date: /home/tch/nav2_straightline_planner/install/nav2_straightline_planner/share/nav2_straightline_planner/cmake/nav2_straightline_plannerConfig.cmake
[13.856s] -- Up-to-date: /home/tch/nav2_straightline_planner/install/nav2_straightline_planner/share/nav2_straightline_planner/cmake/nav2_straightline_plannerConfig-version.cmake
[13.856s] -- Up-to-date: /home/tch/nav2_straightline_planner/install/nav2_straightline_planner/share/nav2_straightline_planner/package.xml
[13.859s] Invoked command in '/home/tch/nav2_straightline_planner/build/nav2_straightline_planner' returned '0': CMAKE_PREFIX_PATH=${CMAKE_PREFIX_PATH}:/home/tch/neo_nav2_py_costmap2D-main/install/neo_nav2_py_costmap2D:/opt/ros/humble /usr/bin/cmake --install /home/tch/nav2_straightline_planner/build/nav2_straightline_planner
