[0.926s] DEBUG:colcon:Command line arguments: ['/usr/bin/colcon', 'build']
[0.926s] DEBUG:colcon:Parsed command line arguments: Namespace(log_base=None, log_level=None, verb_name='build', build_base='build', install_base='install', merge_install=False, symlink_install=False, test_result_base=None, continue_on_error=False, executor='parallel', parallel_workers=8, event_handlers=None, ignore_user_meta=False, metas=['./colcon.meta'], base_paths=['.'], packages_ignore=None, packages_ignore_regex=None, paths=None, packages_up_to=None, packages_up_to_regex=None, packages_above=None, packages_above_and_dependencies=None, packages_above_depth=None, packages_select_by_dep=None, packages_skip_by_dep=None, packages_skip_up_to=None, packages_select_build_failed=False, packages_skip_build_finished=False, packages_select_test_failures=False, packages_skip_test_passed=False, packages_select=None, packages_skip=None, packages_select_regex=None, packages_skip_regex=None, packages_start=None, packages_end=None, allow_overriding=[], cmake_args=None, cmake_target=None, cmake_target_skip_unavailable=False, cmake_clean_cache=False, cmake_clean_first=False, cmake_force_configure=False, ament_cmake_args=None, catkin_cmake_args=None, catkin_skip_building_tests=False, verb_parser=<colcon_defaults.argument_parser.defaults.DefaultArgumentsDecorator object at 0x7f85f53c9ed0>, verb_extension=<colcon_core.verb.build.BuildVerb object at 0x7f85f53c9960>, main=<bound method BuildVerb.main of <colcon_core.verb.build.BuildVerb object at 0x7f85f53c9960>>)
[1.010s] Level 1:colcon.colcon_core.package_discovery:discover_packages(colcon_meta) check parameters
[1.010s] Level 1:colcon.colcon_core.package_discovery:discover_packages(recursive) check parameters
[1.010s] Level 1:colcon.colcon_core.package_discovery:discover_packages(ignore) check parameters
[1.010s] Level 1:colcon.colcon_core.package_discovery:discover_packages(path) check parameters
[1.010s] Level 1:colcon.colcon_core.package_discovery:discover_packages(colcon_meta) discover
[1.011s] Level 1:colcon.colcon_core.package_discovery:discover_packages(recursive) discover
[1.011s] INFO:colcon.colcon_core.package_discovery:Crawling recursively for packages in '/home/tch/nav2_straightline_planner'
[1.011s] Level 1:colcon.colcon_core.package_identification:_identify(.) by extensions ['ignore', 'ignore_ament_install']
[1.011s] Level 1:colcon.colcon_core.package_identification:_identify(.) by extension 'ignore'
[1.011s] Level 1:colcon.colcon_core.package_identification:_identify(.) by extension 'ignore_ament_install'
[1.011s] Level 1:colcon.colcon_core.package_identification:_identify(.) by extensions ['colcon_pkg']
[1.011s] Level 1:colcon.colcon_core.package_identification:_identify(.) by extension 'colcon_pkg'
[1.011s] Level 1:colcon.colcon_core.package_identification:_identify(.) by extensions ['colcon_meta']
[1.011s] Level 1:colcon.colcon_core.package_identification:_identify(.) by extension 'colcon_meta'
[1.011s] Level 1:colcon.colcon_core.package_identification:_identify(.) by extensions ['ros']
[1.011s] Level 1:colcon.colcon_core.package_identification:_identify(.) by extension 'ros'
[1.056s] DEBUG:colcon.colcon_core.package_identification:Package '.' with type 'ros.ament_cmake' and name 'nav2_straightline_planner'
[1.057s] Level 1:colcon.colcon_core.package_discovery:discover_packages(recursive) using defaults
[1.057s] Level 1:colcon.colcon_core.package_discovery:discover_packages(ignore) discover
[1.057s] Level 1:colcon.colcon_core.package_discovery:discover_packages(ignore) using defaults
[1.057s] Level 1:colcon.colcon_core.package_discovery:discover_packages(path) discover
[1.057s] Level 1:colcon.colcon_core.package_discovery:discover_packages(path) using defaults
[1.123s] Level 1:colcon.colcon_core.package_discovery:discover_packages(prefix_path) check parameters
[1.123s] Level 1:colcon.colcon_core.package_discovery:discover_packages(prefix_path) discover
[1.134s] DEBUG:colcon.colcon_installed_package_information.package_discovery:Found 1 installed packages in /home/tch/nav2_straightline_planner/install
[1.137s] DEBUG:colcon.colcon_installed_package_information.package_discovery:Found 1 installed packages in /home/tch/neo_local_planner2-humble/install
[1.141s] DEBUG:colcon.colcon_installed_package_information.package_discovery:Found 1 installed packages in /home/tch/neo_simulation2-humble/install
[1.145s] DEBUG:colcon.colcon_installed_package_information.package_discovery:Found 1 installed packages in /home/tch/neo_srvs2-master/install
[1.149s] DEBUG:colcon.colcon_installed_package_information.package_discovery:Found 1 installed packages in /home/tch/neo_nav2_py_costmap2D-main/install
[1.151s] DEBUG:colcon.colcon_installed_package_information.package_discovery:Found 1 installed packages in /home/tch/neo_nav2_bringup-humble/install
[1.154s] DEBUG:colcon.colcon_installed_package_information.package_discovery:Found 1 installed packages in /home/tch/neo_mpc_planner2-humble/install
[1.156s] DEBUG:colcon.colcon_installed_package_information.package_discovery:Found 1 installed packages in /home/tch/neo_localization2-humble/install
[1.159s] DEBUG:colcon.colcon_installed_package_information.package_discovery:Found 1 installed packages in /home/tch/neo_common2-master/install
[1.165s] DEBUG:colcon.colcon_installed_package_information.package_discovery:Found 399 installed packages in /opt/ros/humble
[1.174s] Level 1:colcon.colcon_core.package_discovery:discover_packages(prefix_path) using defaults
[1.393s] Level 5:colcon.colcon_core.verb:set package 'nav2_straightline_planner' build argument 'cmake_args' from command line to 'None'
[1.393s] Level 5:colcon.colcon_core.verb:set package 'nav2_straightline_planner' build argument 'cmake_target' from command line to 'None'
[1.393s] Level 5:colcon.colcon_core.verb:set package 'nav2_straightline_planner' build argument 'cmake_target_skip_unavailable' from command line to 'False'
[1.393s] Level 5:colcon.colcon_core.verb:set package 'nav2_straightline_planner' build argument 'cmake_clean_cache' from command line to 'False'
[1.393s] Level 5:colcon.colcon_core.verb:set package 'nav2_straightline_planner' build argument 'cmake_clean_first' from command line to 'False'
[1.393s] Level 5:colcon.colcon_core.verb:set package 'nav2_straightline_planner' build argument 'cmake_force_configure' from command line to 'False'
[1.393s] Level 5:colcon.colcon_core.verb:set package 'nav2_straightline_planner' build argument 'ament_cmake_args' from command line to 'None'
[1.393s] Level 5:colcon.colcon_core.verb:set package 'nav2_straightline_planner' build argument 'catkin_cmake_args' from command line to 'None'
[1.393s] Level 5:colcon.colcon_core.verb:set package 'nav2_straightline_planner' build argument 'catkin_skip_building_tests' from command line to 'False'
[1.393s] DEBUG:colcon.colcon_core.verb:Building package 'nav2_straightline_planner' with the following arguments: {'ament_cmake_args': None, 'build_base': '/home/tch/nav2_straightline_planner/build/nav2_straightline_planner', 'catkin_cmake_args': None, 'catkin_skip_building_tests': False, 'cmake_args': None, 'cmake_clean_cache': False, 'cmake_clean_first': False, 'cmake_force_configure': False, 'cmake_target': None, 'cmake_target_skip_unavailable': False, 'install_base': '/home/tch/nav2_straightline_planner/install/nav2_straightline_planner', 'merge_install': False, 'path': '/home/tch/nav2_straightline_planner', 'symlink_install': False, 'test_result_base': None}
[1.395s] INFO:colcon.colcon_core.executor:Executing jobs using 'parallel' executor
[1.408s] DEBUG:colcon.colcon_parallel_executor.executor.parallel:run_until_complete
[1.408s] INFO:colcon.colcon_ros.task.ament_cmake.build:Building ROS package in '/home/tch/nav2_straightline_planner' with build type 'ament_cmake'
[1.409s] INFO:colcon.colcon_cmake.task.cmake.build:Building CMake package in '/home/tch/nav2_straightline_planner'
[1.422s] INFO:colcon.colcon_core.plugin_system:Skipping extension 'colcon_core.shell.bat': Not used on non-Windows systems
[1.423s] INFO:colcon.colcon_core.shell:Skip shell extension 'powershell' for command environment: Not usable outside of PowerShell
[1.423s] DEBUG:colcon.colcon_core.shell:Skip shell extension 'dsv' for command environment
[1.463s] DEBUG:colcon.colcon_core.event_handler.log_command:Invoking command in '/home/tch/nav2_straightline_planner/build/nav2_straightline_planner': CMAKE_PREFIX_PATH=${CMAKE_PREFIX_PATH}:/home/tch/neo_nav2_py_costmap2D-main/install/neo_nav2_py_costmap2D:/opt/ros/humble /usr/bin/cmake --build /home/tch/nav2_straightline_planner/build/nav2_straightline_planner -- -j8 -l8
[16.032s] DEBUG:colcon.colcon_core.event_handler.log_command:Invoked command in '/home/tch/nav2_straightline_planner/build/nav2_straightline_planner' returned '0': CMAKE_PREFIX_PATH=${CMAKE_PREFIX_PATH}:/home/tch/neo_nav2_py_costmap2D-main/install/neo_nav2_py_costmap2D:/opt/ros/humble /usr/bin/cmake --build /home/tch/nav2_straightline_planner/build/nav2_straightline_planner -- -j8 -l8
[16.110s] DEBUG:colcon.colcon_core.event_handler.log_command:Invoking command in '/home/tch/nav2_straightline_planner/build/nav2_straightline_planner': CMAKE_PREFIX_PATH=${CMAKE_PREFIX_PATH}:/home/tch/neo_nav2_py_costmap2D-main/install/neo_nav2_py_costmap2D:/opt/ros/humble /usr/bin/cmake --install /home/tch/nav2_straightline_planner/build/nav2_straightline_planner
[16.134s] Level 1:colcon.colcon_core.environment:create_environment_scripts_only(nav2_straightline_planner)
[16.136s] DEBUG:colcon.colcon_core.event_handler.log_command:Invoked command in '/home/tch/nav2_straightline_planner/build/nav2_straightline_planner' returned '0': CMAKE_PREFIX_PATH=${CMAKE_PREFIX_PATH}:/home/tch/neo_nav2_py_costmap2D-main/install/neo_nav2_py_costmap2D:/opt/ros/humble /usr/bin/cmake --install /home/tch/nav2_straightline_planner/build/nav2_straightline_planner
[16.153s] Level 1:colcon.colcon_core.environment:checking '/home/tch/nav2_straightline_planner/install/nav2_straightline_planner' for CMake module files
[16.154s] Level 1:colcon.colcon_core.environment:checking '/home/tch/nav2_straightline_planner/install/nav2_straightline_planner' for CMake config files
[16.155s] Level 1:colcon.colcon_core.shell:create_environment_hook('nav2_straightline_planner', 'cmake_prefix_path')
[16.156s] INFO:colcon.colcon_core.shell:Creating environment hook '/home/tch/nav2_straightline_planner/install/nav2_straightline_planner/share/nav2_straightline_planner/hook/cmake_prefix_path.ps1'
[16.160s] INFO:colcon.colcon_core.shell:Creating environment descriptor '/home/tch/nav2_straightline_planner/install/nav2_straightline_planner/share/nav2_straightline_planner/hook/cmake_prefix_path.dsv'
[16.161s] INFO:colcon.colcon_core.shell:Creating environment hook '/home/tch/nav2_straightline_planner/install/nav2_straightline_planner/share/nav2_straightline_planner/hook/cmake_prefix_path.sh'
[16.162s] Level 1:colcon.colcon_core.environment:checking '/home/tch/nav2_straightline_planner/install/nav2_straightline_planner/lib'
[16.162s] Level 1:colcon.colcon_core.shell:create_environment_hook('nav2_straightline_planner', 'ld_library_path_lib')
[16.165s] INFO:colcon.colcon_core.shell:Creating environment hook '/home/tch/nav2_straightline_planner/install/nav2_straightline_planner/share/nav2_straightline_planner/hook/ld_library_path_lib.ps1'
[16.167s] INFO:colcon.colcon_core.shell:Creating environment descriptor '/home/tch/nav2_straightline_planner/install/nav2_straightline_planner/share/nav2_straightline_planner/hook/ld_library_path_lib.dsv'
[16.168s] INFO:colcon.colcon_core.shell:Creating environment hook '/home/tch/nav2_straightline_planner/install/nav2_straightline_planner/share/nav2_straightline_planner/hook/ld_library_path_lib.sh'
[16.170s] Level 1:colcon.colcon_core.environment:checking '/home/tch/nav2_straightline_planner/install/nav2_straightline_planner/bin'
[16.171s] Level 1:colcon.colcon_core.environment:checking '/home/tch/nav2_straightline_planner/install/nav2_straightline_planner/lib/pkgconfig/nav2_straightline_planner.pc'
[16.171s] Level 1:colcon.colcon_core.environment:checking '/home/tch/nav2_straightline_planner/install/nav2_straightline_planner/lib/python3.10/site-packages'
[16.171s] Level 1:colcon.colcon_core.environment:checking '/home/tch/nav2_straightline_planner/install/nav2_straightline_planner/bin'
[16.178s] INFO:colcon.colcon_core.shell:Creating package script '/home/tch/nav2_straightline_planner/install/nav2_straightline_planner/share/nav2_straightline_planner/package.ps1'
[16.179s] INFO:colcon.colcon_core.shell:Creating package descriptor '/home/tch/nav2_straightline_planner/install/nav2_straightline_planner/share/nav2_straightline_planner/package.dsv'
[16.179s] INFO:colcon.colcon_core.shell:Creating package script '/home/tch/nav2_straightline_planner/install/nav2_straightline_planner/share/nav2_straightline_planner/package.sh'
[16.181s] INFO:colcon.colcon_core.shell:Creating package script '/home/tch/nav2_straightline_planner/install/nav2_straightline_planner/share/nav2_straightline_planner/package.bash'
[16.184s] INFO:colcon.colcon_core.shell:Creating package script '/home/tch/nav2_straightline_planner/install/nav2_straightline_planner/share/nav2_straightline_planner/package.zsh'
[16.186s] Level 1:colcon.colcon_core.environment:create_file_with_runtime_dependencies(/home/tch/nav2_straightline_planner/install/nav2_straightline_planner/share/colcon-core/packages/nav2_straightline_planner)
[16.244s] Level 1:colcon.colcon_core.environment:create_environment_scripts_only(nav2_straightline_planner)
[16.251s] Level 1:colcon.colcon_core.environment:checking '/home/tch/nav2_straightline_planner/install/nav2_straightline_planner' for CMake module files
[16.252s] Level 1:colcon.colcon_core.environment:checking '/home/tch/nav2_straightline_planner/install/nav2_straightline_planner' for CMake config files
[16.252s] Level 1:colcon.colcon_core.shell:create_environment_hook('nav2_straightline_planner', 'cmake_prefix_path')
[16.256s] INFO:colcon.colcon_core.shell:Creating environment hook '/home/tch/nav2_straightline_planner/install/nav2_straightline_planner/share/nav2_straightline_planner/hook/cmake_prefix_path.ps1'
[16.257s] INFO:colcon.colcon_core.shell:Creating environment descriptor '/home/tch/nav2_straightline_planner/install/nav2_straightline_planner/share/nav2_straightline_planner/hook/cmake_prefix_path.dsv'
[16.258s] INFO:colcon.colcon_core.shell:Creating environment hook '/home/tch/nav2_straightline_planner/install/nav2_straightline_planner/share/nav2_straightline_planner/hook/cmake_prefix_path.sh'
[16.260s] Level 1:colcon.colcon_core.environment:checking '/home/tch/nav2_straightline_planner/install/nav2_straightline_planner/lib'
[16.260s] Level 1:colcon.colcon_core.shell:create_environment_hook('nav2_straightline_planner', 'ld_library_path_lib')
[16.267s] INFO:colcon.colcon_core.shell:Creating environment hook '/home/tch/nav2_straightline_planner/install/nav2_straightline_planner/share/nav2_straightline_planner/hook/ld_library_path_lib.ps1'
[16.268s] INFO:colcon.colcon_core.shell:Creating environment descriptor '/home/tch/nav2_straightline_planner/install/nav2_straightline_planner/share/nav2_straightline_planner/hook/ld_library_path_lib.dsv'
[16.268s] INFO:colcon.colcon_core.shell:Creating environment hook '/home/tch/nav2_straightline_planner/install/nav2_straightline_planner/share/nav2_straightline_planner/hook/ld_library_path_lib.sh'
[16.269s] Level 1:colcon.colcon_core.environment:checking '/home/tch/nav2_straightline_planner/install/nav2_straightline_planner/bin'
[16.269s] Level 1:colcon.colcon_core.environment:checking '/home/tch/nav2_straightline_planner/install/nav2_straightline_planner/lib/pkgconfig/nav2_straightline_planner.pc'
[16.270s] Level 1:colcon.colcon_core.environment:checking '/home/tch/nav2_straightline_planner/install/nav2_straightline_planner/lib/python3.10/site-packages'
[16.271s] Level 1:colcon.colcon_core.environment:checking '/home/tch/nav2_straightline_planner/install/nav2_straightline_planner/bin'
[16.275s] INFO:colcon.colcon_core.shell:Creating package script '/home/tch/nav2_straightline_planner/install/nav2_straightline_planner/share/nav2_straightline_planner/package.ps1'
[16.278s] INFO:colcon.colcon_core.shell:Creating package descriptor '/home/tch/nav2_straightline_planner/install/nav2_straightline_planner/share/nav2_straightline_planner/package.dsv'
[16.279s] INFO:colcon.colcon_core.shell:Creating package script '/home/tch/nav2_straightline_planner/install/nav2_straightline_planner/share/nav2_straightline_planner/package.sh'
[16.280s] INFO:colcon.colcon_core.shell:Creating package script '/home/tch/nav2_straightline_planner/install/nav2_straightline_planner/share/nav2_straightline_planner/package.bash'
[16.281s] INFO:colcon.colcon_core.shell:Creating package script '/home/tch/nav2_straightline_planner/install/nav2_straightline_planner/share/nav2_straightline_planner/package.zsh'
[16.282s] Level 1:colcon.colcon_core.environment:create_file_with_runtime_dependencies(/home/tch/nav2_straightline_planner/install/nav2_straightline_planner/share/colcon-core/packages/nav2_straightline_planner)
[16.285s] DEBUG:colcon.colcon_parallel_executor.executor.parallel:closing loop
[16.286s] DEBUG:colcon.colcon_parallel_executor.executor.parallel:loop closed
[16.287s] DEBUG:colcon.colcon_parallel_executor.executor.parallel:run_until_complete finished with '0'
[16.287s] DEBUG:colcon.colcon_core.event_reactor:joining thread
[16.298s] INFO:colcon.colcon_core.plugin_system:Skipping extension 'colcon_notification.desktop_notification.terminal_notifier': Not used on non-Darwin systems
[16.298s] INFO:colcon.colcon_core.plugin_system:Skipping extension 'colcon_notification.desktop_notification.win32': Not used on non-Windows systems
[16.298s] INFO:colcon.colcon_notification.desktop_notification:Sending desktop notification using 'notify2'
[16.321s] DEBUG:colcon.colcon_core.event_reactor:joined thread
[16.324s] INFO:colcon.colcon_core.shell:Creating prefix script '/home/tch/nav2_straightline_planner/install/local_setup.ps1'
[16.326s] INFO:colcon.colcon_core.shell:Creating prefix util module '/home/tch/nav2_straightline_planner/install/_local_setup_util_ps1.py'
[16.329s] INFO:colcon.colcon_core.shell:Creating prefix chain script '/home/tch/nav2_straightline_planner/install/setup.ps1'
[16.335s] INFO:colcon.colcon_core.shell:Creating prefix script '/home/tch/nav2_straightline_planner/install/local_setup.sh'
[16.336s] INFO:colcon.colcon_core.shell:Creating prefix util module '/home/tch/nav2_straightline_planner/install/_local_setup_util_sh.py'
[16.336s] INFO:colcon.colcon_core.shell:Creating prefix chain script '/home/tch/nav2_straightline_planner/install/setup.sh'
[16.343s] INFO:colcon.colcon_core.shell:Creating prefix script '/home/tch/nav2_straightline_planner/install/local_setup.bash'
[16.343s] INFO:colcon.colcon_core.shell:Creating prefix chain script '/home/tch/nav2_straightline_planner/install/setup.bash'
[16.347s] INFO:colcon.colcon_core.shell:Creating prefix script '/home/tch/nav2_straightline_planner/install/local_setup.zsh'
[16.348s] INFO:colcon.colcon_core.shell:Creating prefix chain script '/home/tch/nav2_straightline_planner/install/setup.zsh'
