[0.898s] DEBUG:colcon:Command line arguments: ['/usr/bin/colcon', 'build']
[0.898s] DEBUG:colcon:Parsed command line arguments: Namespace(log_base=None, log_level=None, verb_name='build', build_base='build', install_base='install', merge_install=False, symlink_install=False, test_result_base=None, continue_on_error=False, executor='parallel', parallel_workers=8, event_handlers=None, ignore_user_meta=False, metas=['./colcon.meta'], base_paths=['.'], packages_ignore=None, packages_ignore_regex=None, paths=None, packages_up_to=None, packages_up_to_regex=None, packages_above=None, packages_above_and_dependencies=None, packages_above_depth=None, packages_select_by_dep=None, packages_skip_by_dep=None, packages_skip_up_to=None, packages_select_build_failed=False, packages_skip_build_finished=False, packages_select_test_failures=False, packages_skip_test_passed=False, packages_select=None, packages_skip=None, packages_select_regex=None, packages_skip_regex=None, packages_start=None, packages_end=None, allow_overriding=[], cmake_args=None, cmake_target=None, cmake_target_skip_unavailable=False, cmake_clean_cache=False, cmake_clean_first=False, cmake_force_configure=False, ament_cmake_args=None, catkin_cmake_args=None, catkin_skip_building_tests=False, verb_parser=<colcon_defaults.argument_parser.defaults.DefaultArgumentsDecorator object at 0x7f70a66a9f90>, verb_extension=<colcon_core.verb.build.BuildVerb object at 0x7f70a66a9a20>, main=<bound method BuildVerb.main of <colcon_core.verb.build.BuildVerb object at 0x7f70a66a9a20>>)
[0.977s] Level 1:colcon.colcon_core.package_discovery:discover_packages(colcon_meta) check parameters
[0.978s] Level 1:colcon.colcon_core.package_discovery:discover_packages(recursive) check parameters
[0.978s] Level 1:colcon.colcon_core.package_discovery:discover_packages(ignore) check parameters
[0.978s] Level 1:colcon.colcon_core.package_discovery:discover_packages(path) check parameters
[0.978s] Level 1:colcon.colcon_core.package_discovery:discover_packages(colcon_meta) discover
[0.978s] Level 1:colcon.colcon_core.package_discovery:discover_packages(recursive) discover
[0.978s] INFO:colcon.colcon_core.package_discovery:Crawling recursively for packages in '/home/tch/nav2_straightline_planner'
[0.979s] Level 1:colcon.colcon_core.package_identification:_identify(.) by extensions ['ignore', 'ignore_ament_install']
[0.979s] Level 1:colcon.colcon_core.package_identification:_identify(.) by extension 'ignore'
[0.979s] Level 1:colcon.colcon_core.package_identification:_identify(.) by extension 'ignore_ament_install'
[0.979s] Level 1:colcon.colcon_core.package_identification:_identify(.) by extensions ['colcon_pkg']
[0.979s] Level 1:colcon.colcon_core.package_identification:_identify(.) by extension 'colcon_pkg'
[0.979s] Level 1:colcon.colcon_core.package_identification:_identify(.) by extensions ['colcon_meta']
[0.979s] Level 1:colcon.colcon_core.package_identification:_identify(.) by extension 'colcon_meta'
[0.979s] Level 1:colcon.colcon_core.package_identification:_identify(.) by extensions ['ros']
[0.979s] Level 1:colcon.colcon_core.package_identification:_identify(.) by extension 'ros'
[1.014s] DEBUG:colcon.colcon_core.package_identification:Package '.' with type 'ros.ament_cmake' and name 'nav2_straightline_planner'
[1.015s] Level 1:colcon.colcon_core.package_discovery:discover_packages(recursive) using defaults
[1.015s] Level 1:colcon.colcon_core.package_discovery:discover_packages(ignore) discover
[1.015s] Level 1:colcon.colcon_core.package_discovery:discover_packages(ignore) using defaults
[1.016s] Level 1:colcon.colcon_core.package_discovery:discover_packages(path) discover
[1.017s] Level 1:colcon.colcon_core.package_discovery:discover_packages(path) using defaults
[1.077s] Level 1:colcon.colcon_core.package_discovery:discover_packages(prefix_path) check parameters
[1.077s] Level 1:colcon.colcon_core.package_discovery:discover_packages(prefix_path) discover
[1.087s] DEBUG:colcon.colcon_installed_package_information.package_discovery:Found 1 installed packages in /home/tch/nav2_straightline_planner/install
[1.091s] DEBUG:colcon.colcon_installed_package_information.package_discovery:Found 1 installed packages in /home/tch/neo_local_planner2-humble/install
[1.092s] DEBUG:colcon.colcon_installed_package_information.package_discovery:Found 1 installed packages in /home/tch/neo_simulation2-humble/install
[1.094s] DEBUG:colcon.colcon_installed_package_information.package_discovery:Found 1 installed packages in /home/tch/neo_srvs2-master/install
[1.098s] DEBUG:colcon.colcon_installed_package_information.package_discovery:Found 1 installed packages in /home/tch/neo_nav2_py_costmap2D-main/install
[1.101s] DEBUG:colcon.colcon_installed_package_information.package_discovery:Found 1 installed packages in /home/tch/neo_nav2_bringup-humble/install
[1.103s] DEBUG:colcon.colcon_installed_package_information.package_discovery:Found 1 installed packages in /home/tch/neo_mpc_planner2-humble/install
[1.105s] DEBUG:colcon.colcon_installed_package_information.package_discovery:Found 1 installed packages in /home/tch/neo_localization2-humble/install
[1.110s] DEBUG:colcon.colcon_installed_package_information.package_discovery:Found 1 installed packages in /home/tch/neo_common2-master/install
[1.114s] DEBUG:colcon.colcon_installed_package_information.package_discovery:Found 399 installed packages in /opt/ros/humble
[1.122s] Level 1:colcon.colcon_core.package_discovery:discover_packages(prefix_path) using defaults
[1.315s] Level 5:colcon.colcon_core.verb:set package 'nav2_straightline_planner' build argument 'cmake_args' from command line to 'None'
[1.315s] Level 5:colcon.colcon_core.verb:set package 'nav2_straightline_planner' build argument 'cmake_target' from command line to 'None'
[1.316s] Level 5:colcon.colcon_core.verb:set package 'nav2_straightline_planner' build argument 'cmake_target_skip_unavailable' from command line to 'False'
[1.317s] Level 5:colcon.colcon_core.verb:set package 'nav2_straightline_planner' build argument 'cmake_clean_cache' from command line to 'False'
[1.318s] Level 5:colcon.colcon_core.verb:set package 'nav2_straightline_planner' build argument 'cmake_clean_first' from command line to 'False'
[1.318s] Level 5:colcon.colcon_core.verb:set package 'nav2_straightline_planner' build argument 'cmake_force_configure' from command line to 'False'
[1.319s] Level 5:colcon.colcon_core.verb:set package 'nav2_straightline_planner' build argument 'ament_cmake_args' from command line to 'None'
[1.319s] Level 5:colcon.colcon_core.verb:set package 'nav2_straightline_planner' build argument 'catkin_cmake_args' from command line to 'None'
[1.319s] Level 5:colcon.colcon_core.verb:set package 'nav2_straightline_planner' build argument 'catkin_skip_building_tests' from command line to 'False'
[1.319s] DEBUG:colcon.colcon_core.verb:Building package 'nav2_straightline_planner' with the following arguments: {'ament_cmake_args': None, 'build_base': '/home/tch/nav2_straightline_planner/build/nav2_straightline_planner', 'catkin_cmake_args': None, 'catkin_skip_building_tests': False, 'cmake_args': None, 'cmake_clean_cache': False, 'cmake_clean_first': False, 'cmake_force_configure': False, 'cmake_target': None, 'cmake_target_skip_unavailable': False, 'install_base': '/home/tch/nav2_straightline_planner/install/nav2_straightline_planner', 'merge_install': False, 'path': '/home/tch/nav2_straightline_planner', 'symlink_install': False, 'test_result_base': None}
[1.320s] INFO:colcon.colcon_core.executor:Executing jobs using 'parallel' executor
[1.329s] DEBUG:colcon.colcon_parallel_executor.executor.parallel:run_until_complete
[1.330s] INFO:colcon.colcon_ros.task.ament_cmake.build:Building ROS package in '/home/tch/nav2_straightline_planner' with build type 'ament_cmake'
[1.330s] INFO:colcon.colcon_cmake.task.cmake.build:Building CMake package in '/home/tch/nav2_straightline_planner'
[1.343s] INFO:colcon.colcon_core.plugin_system:Skipping extension 'colcon_core.shell.bat': Not used on non-Windows systems
[1.344s] INFO:colcon.colcon_core.shell:Skip shell extension 'powershell' for command environment: Not usable outside of PowerShell
[1.344s] DEBUG:colcon.colcon_core.shell:Skip shell extension 'dsv' for command environment
[1.394s] DEBUG:colcon.colcon_core.event_handler.log_command:Invoking command in '/home/tch/nav2_straightline_planner/build/nav2_straightline_planner': CMAKE_PREFIX_PATH=${CMAKE_PREFIX_PATH}:/home/tch/neo_nav2_py_costmap2D-main/install/neo_nav2_py_costmap2D:/opt/ros/humble /usr/bin/cmake --build /home/tch/nav2_straightline_planner/build/nav2_straightline_planner -- -j8 -l8
[16.468s] DEBUG:colcon.colcon_core.event_handler.log_command:Invoked command in '/home/tch/nav2_straightline_planner/build/nav2_straightline_planner' returned '0': CMAKE_PREFIX_PATH=${CMAKE_PREFIX_PATH}:/home/tch/neo_nav2_py_costmap2D-main/install/neo_nav2_py_costmap2D:/opt/ros/humble /usr/bin/cmake --build /home/tch/nav2_straightline_planner/build/nav2_straightline_planner -- -j8 -l8
[16.545s] DEBUG:colcon.colcon_core.event_handler.log_command:Invoking command in '/home/tch/nav2_straightline_planner/build/nav2_straightline_planner': CMAKE_PREFIX_PATH=${CMAKE_PREFIX_PATH}:/home/tch/neo_nav2_py_costmap2D-main/install/neo_nav2_py_costmap2D:/opt/ros/humble /usr/bin/cmake --install /home/tch/nav2_straightline_planner/build/nav2_straightline_planner
[16.572s] Level 1:colcon.colcon_core.environment:create_environment_scripts_only(nav2_straightline_planner)
[16.575s] DEBUG:colcon.colcon_core.event_handler.log_command:Invoked command in '/home/tch/nav2_straightline_planner/build/nav2_straightline_planner' returned '0': CMAKE_PREFIX_PATH=${CMAKE_PREFIX_PATH}:/home/tch/neo_nav2_py_costmap2D-main/install/neo_nav2_py_costmap2D:/opt/ros/humble /usr/bin/cmake --install /home/tch/nav2_straightline_planner/build/nav2_straightline_planner
[16.587s] Level 1:colcon.colcon_core.environment:checking '/home/tch/nav2_straightline_planner/install/nav2_straightline_planner' for CMake module files
[16.588s] Level 1:colcon.colcon_core.environment:checking '/home/tch/nav2_straightline_planner/install/nav2_straightline_planner' for CMake config files
[16.589s] Level 1:colcon.colcon_core.shell:create_environment_hook('nav2_straightline_planner', 'cmake_prefix_path')
[16.594s] INFO:colcon.colcon_core.shell:Creating environment hook '/home/tch/nav2_straightline_planner/install/nav2_straightline_planner/share/nav2_straightline_planner/hook/cmake_prefix_path.ps1'
[16.596s] INFO:colcon.colcon_core.shell:Creating environment descriptor '/home/tch/nav2_straightline_planner/install/nav2_straightline_planner/share/nav2_straightline_planner/hook/cmake_prefix_path.dsv'
[16.597s] INFO:colcon.colcon_core.shell:Creating environment hook '/home/tch/nav2_straightline_planner/install/nav2_straightline_planner/share/nav2_straightline_planner/hook/cmake_prefix_path.sh'
[16.599s] Level 1:colcon.colcon_core.environment:checking '/home/tch/nav2_straightline_planner/install/nav2_straightline_planner/lib'
[16.599s] Level 1:colcon.colcon_core.shell:create_environment_hook('nav2_straightline_planner', 'ld_library_path_lib')
[16.602s] INFO:colcon.colcon_core.shell:Creating environment hook '/home/tch/nav2_straightline_planner/install/nav2_straightline_planner/share/nav2_straightline_planner/hook/ld_library_path_lib.ps1'
[16.604s] INFO:colcon.colcon_core.shell:Creating environment descriptor '/home/tch/nav2_straightline_planner/install/nav2_straightline_planner/share/nav2_straightline_planner/hook/ld_library_path_lib.dsv'
[16.605s] INFO:colcon.colcon_core.shell:Creating environment hook '/home/tch/nav2_straightline_planner/install/nav2_straightline_planner/share/nav2_straightline_planner/hook/ld_library_path_lib.sh'
[16.605s] Level 1:colcon.colcon_core.environment:checking '/home/tch/nav2_straightline_planner/install/nav2_straightline_planner/bin'
[16.606s] Level 1:colcon.colcon_core.environment:checking '/home/tch/nav2_straightline_planner/install/nav2_straightline_planner/lib/pkgconfig/nav2_straightline_planner.pc'
[16.606s] Level 1:colcon.colcon_core.environment:checking '/home/tch/nav2_straightline_planner/install/nav2_straightline_planner/lib/python3.10/site-packages'
[16.606s] Level 1:colcon.colcon_core.environment:checking '/home/tch/nav2_straightline_planner/install/nav2_straightline_planner/bin'
[16.609s] INFO:colcon.colcon_core.shell:Creating package script '/home/tch/nav2_straightline_planner/install/nav2_straightline_planner/share/nav2_straightline_planner/package.ps1'
[16.611s] INFO:colcon.colcon_core.shell:Creating package descriptor '/home/tch/nav2_straightline_planner/install/nav2_straightline_planner/share/nav2_straightline_planner/package.dsv'
[16.614s] INFO:colcon.colcon_core.shell:Creating package script '/home/tch/nav2_straightline_planner/install/nav2_straightline_planner/share/nav2_straightline_planner/package.sh'
[16.615s] INFO:colcon.colcon_core.shell:Creating package script '/home/tch/nav2_straightline_planner/install/nav2_straightline_planner/share/nav2_straightline_planner/package.bash'
[16.616s] INFO:colcon.colcon_core.shell:Creating package script '/home/tch/nav2_straightline_planner/install/nav2_straightline_planner/share/nav2_straightline_planner/package.zsh'
[16.619s] Level 1:colcon.colcon_core.environment:create_file_with_runtime_dependencies(/home/tch/nav2_straightline_planner/install/nav2_straightline_planner/share/colcon-core/packages/nav2_straightline_planner)
[16.672s] Level 1:colcon.colcon_core.environment:create_environment_scripts_only(nav2_straightline_planner)
[16.678s] Level 1:colcon.colcon_core.environment:checking '/home/tch/nav2_straightline_planner/install/nav2_straightline_planner' for CMake module files
[16.678s] Level 1:colcon.colcon_core.environment:checking '/home/tch/nav2_straightline_planner/install/nav2_straightline_planner' for CMake config files
[16.679s] Level 1:colcon.colcon_core.shell:create_environment_hook('nav2_straightline_planner', 'cmake_prefix_path')
[16.681s] INFO:colcon.colcon_core.shell:Creating environment hook '/home/tch/nav2_straightline_planner/install/nav2_straightline_planner/share/nav2_straightline_planner/hook/cmake_prefix_path.ps1'
[16.683s] INFO:colcon.colcon_core.shell:Creating environment descriptor '/home/tch/nav2_straightline_planner/install/nav2_straightline_planner/share/nav2_straightline_planner/hook/cmake_prefix_path.dsv'
[16.685s] INFO:colcon.colcon_core.shell:Creating environment hook '/home/tch/nav2_straightline_planner/install/nav2_straightline_planner/share/nav2_straightline_planner/hook/cmake_prefix_path.sh'
[16.687s] Level 1:colcon.colcon_core.environment:checking '/home/tch/nav2_straightline_planner/install/nav2_straightline_planner/lib'
[16.687s] Level 1:colcon.colcon_core.shell:create_environment_hook('nav2_straightline_planner', 'ld_library_path_lib')
[16.691s] INFO:colcon.colcon_core.shell:Creating environment hook '/home/tch/nav2_straightline_planner/install/nav2_straightline_planner/share/nav2_straightline_planner/hook/ld_library_path_lib.ps1'
[16.692s] INFO:colcon.colcon_core.shell:Creating environment descriptor '/home/tch/nav2_straightline_planner/install/nav2_straightline_planner/share/nav2_straightline_planner/hook/ld_library_path_lib.dsv'
[16.692s] INFO:colcon.colcon_core.shell:Creating environment hook '/home/tch/nav2_straightline_planner/install/nav2_straightline_planner/share/nav2_straightline_planner/hook/ld_library_path_lib.sh'
[16.692s] Level 1:colcon.colcon_core.environment:checking '/home/tch/nav2_straightline_planner/install/nav2_straightline_planner/bin'
[16.692s] Level 1:colcon.colcon_core.environment:checking '/home/tch/nav2_straightline_planner/install/nav2_straightline_planner/lib/pkgconfig/nav2_straightline_planner.pc'
[16.693s] Level 1:colcon.colcon_core.environment:checking '/home/tch/nav2_straightline_planner/install/nav2_straightline_planner/lib/python3.10/site-packages'
[16.694s] Level 1:colcon.colcon_core.environment:checking '/home/tch/nav2_straightline_planner/install/nav2_straightline_planner/bin'
[16.699s] INFO:colcon.colcon_core.shell:Creating package script '/home/tch/nav2_straightline_planner/install/nav2_straightline_planner/share/nav2_straightline_planner/package.ps1'
[16.700s] INFO:colcon.colcon_core.shell:Creating package descriptor '/home/tch/nav2_straightline_planner/install/nav2_straightline_planner/share/nav2_straightline_planner/package.dsv'
[16.701s] INFO:colcon.colcon_core.shell:Creating package script '/home/tch/nav2_straightline_planner/install/nav2_straightline_planner/share/nav2_straightline_planner/package.sh'
[16.701s] INFO:colcon.colcon_core.shell:Creating package script '/home/tch/nav2_straightline_planner/install/nav2_straightline_planner/share/nav2_straightline_planner/package.bash'
[16.701s] INFO:colcon.colcon_core.shell:Creating package script '/home/tch/nav2_straightline_planner/install/nav2_straightline_planner/share/nav2_straightline_planner/package.zsh'
[16.703s] Level 1:colcon.colcon_core.environment:create_file_with_runtime_dependencies(/home/tch/nav2_straightline_planner/install/nav2_straightline_planner/share/colcon-core/packages/nav2_straightline_planner)
[16.704s] DEBUG:colcon.colcon_parallel_executor.executor.parallel:closing loop
[16.706s] DEBUG:colcon.colcon_parallel_executor.executor.parallel:loop closed
[16.707s] DEBUG:colcon.colcon_parallel_executor.executor.parallel:run_until_complete finished with '0'
[16.707s] DEBUG:colcon.colcon_core.event_reactor:joining thread
[16.719s] INFO:colcon.colcon_core.plugin_system:Skipping extension 'colcon_notification.desktop_notification.terminal_notifier': Not used on non-Darwin systems
[16.719s] INFO:colcon.colcon_core.plugin_system:Skipping extension 'colcon_notification.desktop_notification.win32': Not used on non-Windows systems
[16.719s] INFO:colcon.colcon_notification.desktop_notification:Sending desktop notification using 'notify2'
[16.743s] DEBUG:colcon.colcon_core.event_reactor:joined thread
[16.747s] INFO:colcon.colcon_core.shell:Creating prefix script '/home/tch/nav2_straightline_planner/install/local_setup.ps1'
[16.752s] INFO:colcon.colcon_core.shell:Creating prefix util module '/home/tch/nav2_straightline_planner/install/_local_setup_util_ps1.py'
[16.754s] INFO:colcon.colcon_core.shell:Creating prefix chain script '/home/tch/nav2_straightline_planner/install/setup.ps1'
[16.758s] INFO:colcon.colcon_core.shell:Creating prefix script '/home/tch/nav2_straightline_planner/install/local_setup.sh'
[16.760s] INFO:colcon.colcon_core.shell:Creating prefix util module '/home/tch/nav2_straightline_planner/install/_local_setup_util_sh.py'
[16.761s] INFO:colcon.colcon_core.shell:Creating prefix chain script '/home/tch/nav2_straightline_planner/install/setup.sh'
[16.765s] INFO:colcon.colcon_core.shell:Creating prefix script '/home/tch/nav2_straightline_planner/install/local_setup.bash'
[16.766s] INFO:colcon.colcon_core.shell:Creating prefix chain script '/home/tch/nav2_straightline_planner/install/setup.bash'
[16.772s] INFO:colcon.colcon_core.shell:Creating prefix script '/home/tch/nav2_straightline_planner/install/local_setup.zsh'
[16.772s] INFO:colcon.colcon_core.shell:Creating prefix chain script '/home/tch/nav2_straightline_planner/install/setup.zsh'
