[0.196s] Invoking command in '/home/tch/mpo_500_workspace/src/libsurvive_ros2/build/libsurvive_ros2': CMAKE_PREFIX_PATH=${CMAKE_PREFIX_PATH}:/home/tch/mpo_500_workspace/install/odrive_motor_op:/home/tch/mpo_500_workspace/install/neo_nav2_py_costmap2D:/home/tch/mpo_500_workspace/src/odrive_motor_op/install/odrive_motor_op:/opt/ros/humble /usr/bin/cmake --build /home/tch/mpo_500_workspace/src/libsurvive_ros2/build/libsurvive_ros2 -- -j4 -l4
[0.267s] [  8%] [34m[1mPerforming update step for 'libsurvive'[0m
[0.795s] HEAD is now at 9e3c6bc Merge pull request #291 from caiom/fix_windows_dongle
[0.877s] [ 16%] [34m[1mNo patch step for 'libsurvive'[0m
[0.910s] [ 25%] [34m[1mPerforming configure step for 'libsurvive'[0m
[0.930s] [0m-- Option: DO_CORE_BUILD: OFF[0m
[0.930s] [0m-- Option: BUILD_STATIC: OFF[0m
[0.930s] [0m-- Option: USE_SINGLE_PRECISION: OFF[0m
[0.930s] [0m-- Option: ENABLE_WARNINGS_AS_ERRORS: OFF[0m
[0.930s] [0m-- Option: USE_HIDAPI: OFF[0m
[0.930s] [0m-- Option: USE_ASAN: OFF[0m
[0.930s] [0m-- Option: USE_MSAN: OFF[0m
[0.930s] [0m-- Option: ENABLE_TESTS: OFF[0m
[0.931s] [0m-- Option: USE_HEX_FLOAT_PRINTF: OFF[0m
[0.931s] [0m-- Option: USE_OPENCV: OFF[0m
[0.931s] [0m-- Option: USE_COLUMN_MAJOR_MATRICES: OFF[0m
[0.931s] [0m-- Option: USE_CPU_TUNE: OFF[0m
[0.931s] [0m-- Option: USE_OPENBLAS: [0m
[0.931s] [0m-- Option: BUILD_LH1_SUPPORT: ON[0m
[0.933s] [0m-- Option: BUILD_GATT_SUPPORT: [0m
[0.933s] [0m-- Option: BUILD_APPLICATIONS: ON[0m
[0.972s] [33mCMake Warning at libs/cnkalman/CMakeLists.txt:23 (find_package):
[0.972s]   By not providing "Findsciplot.cmake" in CMAKE_MODULE_PATH this project has
[0.972s]   asked CMake to find a package configuration file provided by "sciplot", but
[0.972s]   CMake did not find one.
[0.972s] 
[0.972s]   Could not find a package configuration file provided by "sciplot" with any
[0.972s]   of the following names:
[0.972s] 
[0.972s]     sciplotConfig.cmake
[0.973s]     sciplot-config.cmake
[0.973s] 
[0.973s]   Add the installation prefix of "sciplot" to CMAKE_PREFIX_PATH or set
[0.973s]   "sciplot_DIR" to a directory containing one of the above files.  If
[0.973s]   "sciplot" provides a separate development package or SDK, be sure it has
[0.973s]   been installed.
[0.973s] 
[0.973s] [0m
[0.973s] [0mCan't use sciplot...[0m
[0.977s] [0m-- CNMatrix option: DOWNLOAD_EIGEN: ON[0m
[0.977s] [0m-- CNMatrix option: USE_EIGEN: ON[0m
[0.977s] [0m-- CNMatrix option: USE_COLUMN_MAJOR_MATRICES: OFF[0m
[0.977s] [0m-- CNMatrix option: USE_SINGLE_PRECISION: OFF[0m
[0.979s] [0mFound system eigen[0m
[0.979s] [0m-- CNMatrix option: USE_OPENBLAS: OFF[0m
[0.981s] [0mFound cblas at /usr/lib/x86_64-linux-gnu/libcblas.so[0m
[0.982s] [0mFound openblas at /usr/lib/x86_64-linux-gnu/libopenblas.so[0m
[0.982s] [0mFound lapacke at /usr/lib/x86_64-linux-gnu/liblapacke.so[0m
[0.982s] [0mSearching for 'cblas.h'; found at /usr/include/x86_64-linux-gnu/cblas.h[0m
[0.982s] [0mUsing eigen backend[0m
[1.116s] [0mFound cblas at /usr/lib/x86_64-linux-gnu/libcblas.so[0m
[1.116s] [0mFound openblas at /usr/lib/x86_64-linux-gnu/libopenblas.so[0m
[1.116s] [0mFound lapacke at /usr/lib/x86_64-linux-gnu/liblapacke.so[0m
[1.116s] [0mSearching for 'cblas.h'; found at /usr/include/x86_64-linux-gnu/cblas.h[0m
[1.116s] [0mUsing eigen backend[0m
[1.116s] [0mUsing provided /home/tch/mpo_500_workspace/src/libsurvive_ros2/build/libsurvive_ros2/libsurvive-prefix/src/libsurvive/src/./generated/common_math.gen.h[0m
[1.117s] [0mUsing provided /home/tch/mpo_500_workspace/src/libsurvive_ros2/build/libsurvive_ros2/libsurvive-prefix/src/libsurvive/src/./generated/kalman_kinematics.gen.h[0m
[1.117s] [0mUsing provided /home/tch/mpo_500_workspace/src/libsurvive_ros2/build/libsurvive_ros2/libsurvive-prefix/src/libsurvive/src/./generated/lighthouse_model.gen.h[0m
[1.117s] [0mUsing provided /home/tch/mpo_500_workspace/src/libsurvive_ros2/build/libsurvive_ros2/libsurvive-prefix/src/libsurvive/src/./generated/imu_model.gen.h[0m
[1.132s] [0mUsing versioned libusb dir[0m
[1.132s] [0m-- Option: ENABLE_driver_dummy: ON[0m
[1.132s] [0m-- Option: ENABLE_driver_vive: ON[0m
[1.133s] [0m-- Option: ENABLE_driver_simulator: ON[0m
[1.133s] [0m-- Option: ENABLE_driver_playback: ON[0m
[1.133s] [0m-- Option: ENABLE_disambiguator_statebased: ON[0m
[1.133s] [0m-- Option: ENABLE_poser_dummy: ON[0m
[1.133s] [0m-- Option: ENABLE_poser_mpfit: ON[0m
[1.134s] [0m-- Option: ENABLE_poser_kalman_only: ON[0m
[1.134s] [0m-- Option: ENABLE_poser_barycentric_svd: ON[0m
[1.134s] [0m-- Option: ENABLE_driver_global_scene_solver: ON[0m
[1.134s] [0m-- Option: ENABLE_driver_udp: ON[0m
[1.135s] [0m-- Option: ENABLE_driver_usbmon: ON[0m
[1.153s] [0m-- Option: ENABLE_survive-cli: ON[0m
[1.153s] [0m-- Option: ENABLE_api_example: ON[0m
[1.153s] [0m-- Option: ENABLE_sensors-readout: ON[0m
[1.153s] [0m-- Option: ENABLE_survive-solver: ON[0m
[1.153s] [0m-- Option: ENABLE_survive-buttons: ON[0m
[1.157s] -- Configuring done
[1.232s] -- Generating done
[1.242s] -- Build files have been written to: /home/tch/mpo_500_workspace/src/libsurvive_ros2/build/libsurvive_ros2/libsurvive-prefix/src/libsurvive-build
[1.271s] [ 33%] [34m[1mPerforming build step for 'libsurvive'[0m
[1.316s] [35m[1mConsolidate compiler generated dependencies of target CNGFX[0m
[1.317s] [35m[1mConsolidate compiler generated dependencies of target cnmatrix[0m
[1.335s] [  4%] Built target CNGFX
[1.343s] [ 10%] Built target cnmatrix
[1.358s] [35m[1mConsolidate compiler generated dependencies of target mpfit[0m
[1.359s] [35m[1mConsolidate compiler generated dependencies of target cnkalman[0m
[1.375s] [ 12%] Built target mpfit
[1.379s] [ 19%] Built target cnkalman
[1.398s] [35m[1mConsolidate compiler generated dependencies of target survive[0m
[1.435s] [ 57%] Built target survive
[1.451s] [35m[1mConsolidate compiler generated dependencies of target driver_vive[0m
[1.452s] [35m[1mConsolidate compiler generated dependencies of target driver_simulator[0m
[1.454s] [35m[1mConsolidate compiler generated dependencies of target driver_playback[0m
[1.459s] [35m[1mConsolidate compiler generated dependencies of target driver_dummy[0m
[1.473s] [ 60%] Built target driver_vive
[1.473s] [ 62%] Built target driver_simulator
[1.478s] [ 64%] Built target driver_playback
[1.486s] [ 67%] Built target driver_dummy
[1.494s] [35m[1mConsolidate compiler generated dependencies of target poser_mpfit[0m
[1.509s] [35m[1mConsolidate compiler generated dependencies of target disambiguator_statebased[0m
[1.511s] [35m[1mConsolidate compiler generated dependencies of target poser_dummy[0m
[1.512s] [ 69%] Built target poser_mpfit
[1.513s] [35m[1mConsolidate compiler generated dependencies of target poser_kalman_only[0m
[1.529s] [35m[1mConsolidate compiler generated dependencies of target poser_barycentric_svd[0m
[1.532s] [ 71%] Built target poser_dummy
[1.533s] [ 73%] Built target disambiguator_statebased
[1.543s] [ 76%] Built target poser_kalman_only
[1.558s] [35m[1mConsolidate compiler generated dependencies of target driver_global_scene_solver[0m
[1.558s] [35m[1mConsolidate compiler generated dependencies of target driver_udp[0m
[1.561s] [ 79%] Built target poser_barycentric_svd
[1.572s] [35m[1mConsolidate compiler generated dependencies of target visualize_mpfit[0m
[1.579s] [35m[1mConsolidate compiler generated dependencies of target driver_usbmon[0m
[1.582s] [ 81%] Built target driver_global_scene_solver
[1.607s] [ 84%] Built target driver_udp
[1.607s] [ 88%] Built target visualize_mpfit
[1.607s] [ 88%] Built target driver_usbmon
[1.622s] [35m[1mConsolidate compiler generated dependencies of target survive-cli[0m
[1.624s] [35m[1mConsolidate compiler generated dependencies of target api_example[0m
[1.630s] [35m[1mConsolidate compiler generated dependencies of target survive-solver[0m
[1.640s] [35m[1mConsolidate compiler generated dependencies of target sensors-readout[0m
[1.651s] [ 90%] Built target survive-cli
[1.655s] [ 93%] Built target api_example
[1.664s] [ 97%] Built target survive-solver
[1.664s] [ 97%] Built target sensors-readout
[1.676s] [35m[1mConsolidate compiler generated dependencies of target survive-buttons[0m
[1.693s] [100%] Built target survive-buttons
[1.731s] [ 41%] [34m[1mPerforming install step for 'libsurvive'[0m
[1.792s] [  4%] Built target CNGFX
[1.794s] [ 10%] Built target cnmatrix
[1.824s] [ 12%] Built target mpfit
[1.824s] [ 19%] Built target cnkalman
[1.865s] [ 57%] Built target survive
[1.898s] [ 60%] Built target driver_vive
[1.898s] [ 62%] Built target driver_dummy
[1.906s] [ 67%] Built target driver_simulator
[1.908s] [ 67%] Built target driver_playback
[1.932s] [ 71%] Built target disambiguator_statebased
[1.932s] [ 71%] Built target poser_dummy
[1.942s] [ 73%] Built target poser_mpfit
[1.944s] [ 76%] Built target poser_kalman_only
[1.966s] [ 79%] Built target poser_barycentric_svd
[1.969s] [ 81%] Built target driver_global_scene_solver
[1.976s] [ 84%] Built target driver_udp
[1.981s] [ 86%] Built target visualize_mpfit
[1.999s] [ 88%] Built target driver_usbmon
[2.031s] [ 95%] Built target survive-solver
[2.032s] [ 96%] Built target survive-cli
[2.032s] [ 96%] Built target api_example
[2.033s] [ 97%] Built target sensors-readout
[2.062s] [100%] Built target survive-buttons
[2.090s] [36mInstall the project...[0m
[2.102s] -- Install configuration: "Release"
[2.102s] -- Up-to-date: /home/tch/mpo_500_workspace/src/libsurvive_ros2/build/libsurvive_ros2/libsurvive-install/bin/survive-cli
[2.103s] -- Up-to-date: /home/tch/mpo_500_workspace/src/libsurvive_ros2/build/libsurvive_ros2/libsurvive-install/bin/api_example
[2.103s] -- Up-to-date: /home/tch/mpo_500_workspace/src/libsurvive_ros2/build/libsurvive_ros2/libsurvive-install/bin/sensors-readout
[2.103s] -- Up-to-date: /home/tch/mpo_500_workspace/src/libsurvive_ros2/build/libsurvive_ros2/libsurvive-install/bin/survive-solver
[2.103s] -- Up-to-date: /home/tch/mpo_500_workspace/src/libsurvive_ros2/build/libsurvive_ros2/libsurvive-install/bin/survive-buttons
[2.104s] -- Up-to-date: /home/tch/mpo_500_workspace/src/libsurvive_ros2/build/libsurvive_ros2/libsurvive-install/bin/survive-websocketd
[2.104s] -- Up-to-date: /home/tch/mpo_500_workspace/src/libsurvive_ros2/build/libsurvive_ros2/libsurvive-install/include/libsurvive
[2.104s] -- Up-to-date: /home/tch/mpo_500_workspace/src/libsurvive_ros2/build/libsurvive_ros2/libsurvive-install/include/libsurvive/survive_reproject_gen2.h
[2.104s] -- Up-to-date: /home/tch/mpo_500_workspace/src/libsurvive_ros2/build/libsurvive_ros2/libsurvive-install/include/libsurvive/poser.h
[2.104s] -- Up-to-date: /home/tch/mpo_500_workspace/src/libsurvive_ros2/build/libsurvive_ros2/libsurvive-install/include/libsurvive/survive_optimizer.h
[2.104s] -- Up-to-date: /home/tch/mpo_500_workspace/src/libsurvive_ros2/build/libsurvive_ros2/libsurvive-install/include/libsurvive/survive_types.h
[2.105s] -- Up-to-date: /home/tch/mpo_500_workspace/src/libsurvive_ros2/build/libsurvive_ros2/libsurvive-install/include/libsurvive/survive.h
[2.105s] -- Up-to-date: /home/tch/mpo_500_workspace/src/libsurvive_ros2/build/libsurvive_ros2/libsurvive-install/include/libsurvive/survive_reproject.h
[2.105s] -- Up-to-date: /home/tch/mpo_500_workspace/src/libsurvive_ros2/build/libsurvive_ros2/libsurvive-install/include/libsurvive/survive_hooks.h
[2.105s] -- Up-to-date: /home/tch/mpo_500_workspace/src/libsurvive_ros2/build/libsurvive_ros2/libsurvive-install/include/libsurvive/survive_api.h
[2.105s] -- Up-to-date: /home/tch/mpo_500_workspace/src/libsurvive_ros2/build/libsurvive_ros2/libsurvive-install/include/libsurvive/redist/CNFG3D.h
[2.105s] -- Up-to-date: /home/tch/mpo_500_workspace/src/libsurvive_ros2/build/libsurvive_ros2/libsurvive-install/include/libsurvive/redist/CNFGFunctions.h
[2.105s] -- Up-to-date: /home/tch/mpo_500_workspace/src/libsurvive_ros2/build/libsurvive_ros2/libsurvive-install/include/libsurvive/redist/CNFGRasterizer.h
[2.106s] -- Up-to-date: /home/tch/mpo_500_workspace/src/libsurvive_ros2/build/libsurvive_ros2/libsurvive-install/include/libsurvive/redist/crc32.h
[2.106s] -- Up-to-date: /home/tch/mpo_500_workspace/src/libsurvive_ros2/build/libsurvive_ros2/libsurvive-install/include/libsurvive/redist/dclapack.h
[2.106s] -- Up-to-date: /home/tch/mpo_500_workspace/src/libsurvive_ros2/build/libsurvive_ros2/libsurvive-install/include/libsurvive/redist/dclhelpers.h
[2.106s] -- Up-to-date: /home/tch/mpo_500_workspace/src/libsurvive_ros2/build/libsurvive_ros2/libsurvive-install/include/libsurvive/redist/dirent.windows.h
[2.106s] -- Up-to-date: /home/tch/mpo_500_workspace/src/libsurvive_ros2/build/libsurvive_ros2/libsurvive-install/include/libsurvive/redist/glutil.h
[2.106s] -- Up-to-date: /home/tch/mpo_500_workspace/src/libsurvive_ros2/build/libsurvive_ros2/libsurvive-install/include/libsurvive/redist/hidapi.h
[2.106s] -- Up-to-date: /home/tch/mpo_500_workspace/src/libsurvive_ros2/build/libsurvive_ros2/libsurvive-install/include/libsurvive/redist/jsmn.h
[2.106s] -- Up-to-date: /home/tch/mpo_500_workspace/src/libsurvive_ros2/build/libsurvive_ros2/libsurvive-install/include/libsurvive/redist/json_helpers.h
[2.107s] -- Up-to-date: /home/tch/mpo_500_workspace/src/libsurvive_ros2/build/libsurvive_ros2/libsurvive-install/include/libsurvive/redist/linmath.h
[2.107s] -- Up-to-date: /home/tch/mpo_500_workspace/src/libsurvive_ros2/build/libsurvive_ros2/libsurvive-install/include/libsurvive/redist/os_generic.h
[2.107s] -- Up-to-date: /home/tch/mpo_500_workspace/src/libsurvive_ros2/build/libsurvive_ros2/libsurvive-install/include/libsurvive/redist/os_generic.unix.h
[2.107s] -- Up-to-date: /home/tch/mpo_500_workspace/src/libsurvive_ros2/build/libsurvive_ros2/libsurvive-install/include/libsurvive/redist/os_generic.windows.h
[2.107s] -- Up-to-date: /home/tch/mpo_500_workspace/src/libsurvive_ros2/build/libsurvive_ros2/libsurvive-install/include/libsurvive/redist/puff.h
[2.107s] -- Up-to-date: /home/tch/mpo_500_workspace/src/libsurvive_ros2/build/libsurvive_ros2/libsurvive-install/include/libsurvive/redist/symbol_enumerator.h
[2.107s] -- Up-to-date: /home/tch/mpo_500_workspace/src/libsurvive_ros2/build/libsurvive_ros2/libsurvive-install/include/libsurvive/redist/variance.h
[2.107s] -- Up-to-date: /home/tch/mpo_500_workspace/src/libsurvive_ros2/build/libsurvive_ros2/libsurvive-install/lib/pkgconfig/survive.pc
[2.107s] -- Up-to-date: /home/tch/mpo_500_workspace/src/libsurvive_ros2/build/libsurvive_ros2/libsurvive-install/include/cnkalman
[2.108s] -- Up-to-date: /home/tch/mpo_500_workspace/src/libsurvive_ros2/build/libsurvive_ros2/libsurvive-install/include/cnkalman/generated_header.h
[2.108s] -- Up-to-date: /home/tch/mpo_500_workspace/src/libsurvive_ros2/build/libsurvive_ros2/libsurvive-install/include/cnkalman/ModelPlot.h
[2.108s] -- Up-to-date: /home/tch/mpo_500_workspace/src/libsurvive_ros2/build/libsurvive_ros2/libsurvive-install/include/cnkalman/kalman.h
[2.108s] -- Up-to-date: /home/tch/mpo_500_workspace/src/libsurvive_ros2/build/libsurvive_ros2/libsurvive-install/include/cnkalman/model.h
[2.108s] -- Up-to-date: /home/tch/mpo_500_workspace/src/libsurvive_ros2/build/libsurvive_ros2/libsurvive-install/include/cnkalman/numerical_diff.h
[2.108s] -- Up-to-date: /home/tch/mpo_500_workspace/src/libsurvive_ros2/build/libsurvive_ros2/libsurvive-install/lib/pkgconfig/cnkalman.pc
[2.108s] -- Up-to-date: /home/tch/mpo_500_workspace/src/libsurvive_ros2/build/libsurvive_ros2/libsurvive-install/include/cnmatrix
[2.108s] -- Up-to-date: /home/tch/mpo_500_workspace/src/libsurvive_ros2/build/libsurvive_ros2/libsurvive-install/include/cnmatrix/cn_matrix.h
[2.108s] -- Up-to-date: /home/tch/mpo_500_workspace/src/libsurvive_ros2/build/libsurvive_ros2/libsurvive-install/include/cnmatrix/cn_matrix.hpp
[2.108s] -- Up-to-date: /home/tch/mpo_500_workspace/src/libsurvive_ros2/build/libsurvive_ros2/libsurvive-install/include/cnmatrix/cn_matrix.eigen.h
[2.109s] -- Up-to-date: /home/tch/mpo_500_workspace/src/libsurvive_ros2/build/libsurvive_ros2/libsurvive-install/include/cnmatrix/cn_flt.h
[2.109s] -- Up-to-date: /home/tch/mpo_500_workspace/src/libsurvive_ros2/build/libsurvive_ros2/libsurvive-install/include/cnmatrix/cn_matrix.blas.h
[2.109s] -- Up-to-date: /home/tch/mpo_500_workspace/src/libsurvive_ros2/build/libsurvive_ros2/libsurvive-install/lib/pkgconfig/cnmatrix.pc
[2.109s] -- Up-to-date: /home/tch/mpo_500_workspace/src/libsurvive_ros2/build/libsurvive_ros2/libsurvive-install/lib/libcnmatrix.a
[2.109s] -- Up-to-date: /home/tch/mpo_500_workspace/src/libsurvive_ros2/build/libsurvive_ros2/libsurvive-install/lib/libcnkalman.a
[2.109s] -- Up-to-date: /home/tch/mpo_500_workspace/src/libsurvive_ros2/build/libsurvive_ros2/libsurvive-install/lib/libmpfit.a
[2.109s] -- Up-to-date: /home/tch/mpo_500_workspace/src/libsurvive_ros2/build/libsurvive_ros2/libsurvive-install/lib/libsurvive/plugins/driver_dummy.so
[2.109s] -- Up-to-date: /home/tch/mpo_500_workspace/src/libsurvive_ros2/build/libsurvive_ros2/libsurvive-install/lib/libsurvive/plugins/driver_vive.so
[2.109s] -- Up-to-date: /home/tch/mpo_500_workspace/src/libsurvive_ros2/build/libsurvive_ros2/libsurvive-install/lib/libsurvive/plugins/driver_simulator.so
[2.109s] -- Up-to-date: /home/tch/mpo_500_workspace/src/libsurvive_ros2/build/libsurvive_ros2/libsurvive-install/lib/libsurvive/plugins/driver_playback.so
[2.110s] -- Up-to-date: /home/tch/mpo_500_workspace/src/libsurvive_ros2/build/libsurvive_ros2/libsurvive-install/lib/libsurvive/plugins/disambiguator_statebased.so
[2.110s] -- Up-to-date: /home/tch/mpo_500_workspace/src/libsurvive_ros2/build/libsurvive_ros2/libsurvive-install/lib/libsurvive/plugins/poser_dummy.so
[2.110s] -- Up-to-date: /home/tch/mpo_500_workspace/src/libsurvive_ros2/build/libsurvive_ros2/libsurvive-install/lib/libsurvive/plugins/poser_mpfit.so
[2.110s] -- Up-to-date: /home/tch/mpo_500_workspace/src/libsurvive_ros2/build/libsurvive_ros2/libsurvive-install/lib/libsurvive/plugins/poser_kalman_only.so
[2.110s] -- Up-to-date: /home/tch/mpo_500_workspace/src/libsurvive_ros2/build/libsurvive_ros2/libsurvive-install/lib/libsurvive/plugins/poser_barycentric_svd.so
[2.110s] -- Up-to-date: /home/tch/mpo_500_workspace/src/libsurvive_ros2/build/libsurvive_ros2/libsurvive-install/lib/libsurvive/plugins/driver_global_scene_solver.so
[2.110s] -- Up-to-date: /home/tch/mpo_500_workspace/src/libsurvive_ros2/build/libsurvive_ros2/libsurvive-install/lib/libsurvive/plugins/driver_udp.so
[2.111s] -- Up-to-date: /home/tch/mpo_500_workspace/src/libsurvive_ros2/build/libsurvive_ros2/libsurvive-install/lib/libsurvive/plugins/driver_usbmon.so
[2.111s] -- Up-to-date: /home/tch/mpo_500_workspace/src/libsurvive_ros2/build/libsurvive_ros2/libsurvive-install/lib/libsurvive/plugins/driver_dummy.so
[2.111s] -- Up-to-date: /home/tch/mpo_500_workspace/src/libsurvive_ros2/build/libsurvive_ros2/libsurvive-install/lib/libsurvive/plugins/driver_vive.so
[2.112s] -- Up-to-date: /home/tch/mpo_500_workspace/src/libsurvive_ros2/build/libsurvive_ros2/libsurvive-install/lib/libsurvive/plugins/driver_simulator.so
[2.112s] -- Up-to-date: /home/tch/mpo_500_workspace/src/libsurvive_ros2/build/libsurvive_ros2/libsurvive-install/lib/libsurvive/plugins/driver_playback.so
[2.112s] -- Up-to-date: /home/tch/mpo_500_workspace/src/libsurvive_ros2/build/libsurvive_ros2/libsurvive-install/lib/libsurvive/plugins/disambiguator_statebased.so
[2.113s] -- Up-to-date: /home/tch/mpo_500_workspace/src/libsurvive_ros2/build/libsurvive_ros2/libsurvive-install/lib/libsurvive/plugins/poser_dummy.so
[2.113s] -- Up-to-date: /home/tch/mpo_500_workspace/src/libsurvive_ros2/build/libsurvive_ros2/libsurvive-install/lib/libsurvive/plugins/poser_mpfit.so
[2.113s] -- Up-to-date: /home/tch/mpo_500_workspace/src/libsurvive_ros2/build/libsurvive_ros2/libsurvive-install/lib/libsurvive/plugins/poser_kalman_only.so
[2.114s] -- Up-to-date: /home/tch/mpo_500_workspace/src/libsurvive_ros2/build/libsurvive_ros2/libsurvive-install/lib/libsurvive/plugins/poser_barycentric_svd.so
[2.114s] -- Up-to-date: /home/tch/mpo_500_workspace/src/libsurvive_ros2/build/libsurvive_ros2/libsurvive-install/lib/libsurvive/plugins/driver_global_scene_solver.so
[2.114s] -- Up-to-date: /home/tch/mpo_500_workspace/src/libsurvive_ros2/build/libsurvive_ros2/libsurvive-install/lib/libsurvive/plugins/driver_udp.so
[2.114s] -- Up-to-date: /home/tch/mpo_500_workspace/src/libsurvive_ros2/build/libsurvive_ros2/libsurvive-install/lib/libsurvive/plugins/driver_usbmon.so
[2.115s] -- Up-to-date: /home/tch/mpo_500_workspace/src/libsurvive_ros2/build/libsurvive_ros2/libsurvive-install/lib/libsurvive.so.0.3
[2.115s] -- Up-to-date: /home/tch/mpo_500_workspace/src/libsurvive_ros2/build/libsurvive_ros2/libsurvive-install/lib/libsurvive.so.0
[2.115s] -- Up-to-date: /home/tch/mpo_500_workspace/src/libsurvive_ros2/build/libsurvive_ros2/libsurvive-install/lib/libsurvive.so
[2.141s] [ 50%] [34m[1mCompleted 'libsurvive'[0m
[2.187s] [ 66%] Built target libsurvive
[2.204s] [35m[1mConsolidate compiler generated dependencies of target libsurvive_ros2_component[0m
[2.230s] [ 75%] [32mBuilding CXX object CMakeFiles/libsurvive_ros2_component.dir/src/component.cpp.o[0m
[5.633s] [01m[K/home/tch/mpo_500_workspace/src/libsurvive_ros2/src/component.cpp:[m[K In constructor ‘[01m[Klibsurvive_ros2::Component::Component(const rclcpp::NodeOptions&)[m[K’:
[5.633s] [01m[K/home/tch/mpo_500_workspace/src/libsurvive_ros2/src/component.cpp:85:40:[m[K [01;31m[Kerror: [m[K‘[01m[Ktracker_frame[m[K’ was not declared in this scope; did you mean ‘[01m[Ktracking_frame_[m[K’?
[5.633s]    85 |   this->get_parameter("tracker_frame", [01;31m[Ktracker_frame[m[K);
[5.633s]       |                                        [01;31m[K^~~~~~~~~~~~~[m[K
[5.633s]       |                                        [32m[Ktracking_frame_[m[K
[5.652s] [01m[K/home/tch/mpo_500_workspace/src/libsurvive_ros2/src/component.cpp:110:3:[m[K [01;31m[Kerror: [m[K‘[01m[Kpose_publisher_[m[K’ was not declared in this scope; did you mean ‘[01m[Kjoy_publisher_[m[K’?
[5.653s]   110 |   [01;31m[Kpose_publisher_[m[K = this->create_publisher<geometry_msgs::msg::Pose>:(pose_topic, 10);
[5.653s]       |   [01;31m[K^~~~~~~~~~~~~~~[m[K
[5.653s]       |   [32m[Kjoy_publisher_[m[K
[5.673s] [01m[K/home/tch/mpo_500_workspace/src/libsurvive_ros2/src/component.cpp:[m[K In member function ‘[01m[Kvoid libsurvive_ros2::Component::work()[m[K’:
[5.673s] [01m[K/home/tch/mpo_500_workspace/src/libsurvive_ros2/src/component.cpp:192:41:[m[K [01;31m[Kerror: [m[K‘[01m[Ktracker_frame[m[K’ was not declared in this scope; did you mean ‘[01m[Ktracking_frame_[m[K’?
[5.673s]   192 |               pose_msg.child_frame_id = [01;31m[Ktracker_frame[m[K; //survive_simple_serial_number(pose_event->object);
[5.674s]       |                                         [01;31m[K^~~~~~~~~~~~~[m[K
[5.674s]       |                                         [32m[Ktracking_frame_[m[K
[5.683s] [01m[K/home/tch/mpo_500_workspace/src/libsurvive_ros2/src/component.cpp:194:15:[m[K [01;31m[Kerror: [m[K‘[01m[Kpose_publisher_[m[K’ was not declared in this scope; did you mean ‘[01m[Kjoy_publisher_[m[K’?
[5.683s]   194 |               [01;31m[Kpose_publisher_[m[K->publish(pose_msg);
[5.683s]       |               [01;31m[K^~~~~~~~~~~~~~~[m[K
[5.683s]       |               [32m[Kjoy_publisher_[m[K
[7.533s] gmake[2]: *** [CMakeFiles/libsurvive_ros2_component.dir/build.make:76: CMakeFiles/libsurvive_ros2_component.dir/src/component.cpp.o] Error 1
[7.533s] gmake[1]: *** [CMakeFiles/Makefile2:167: CMakeFiles/libsurvive_ros2_component.dir/all] Error 2
[7.533s] gmake: *** [Makefile:146: all] Error 2
[7.535s] Invoked command in '/home/tch/mpo_500_workspace/src/libsurvive_ros2/build/libsurvive_ros2' returned '2': CMAKE_PREFIX_PATH=${CMAKE_PREFIX_PATH}:/home/tch/mpo_500_workspace/install/odrive_motor_op:/home/tch/mpo_500_workspace/install/neo_nav2_py_costmap2D:/home/tch/mpo_500_workspace/src/odrive_motor_op/install/odrive_motor_op:/opt/ros/humble /usr/bin/cmake --build /home/tch/mpo_500_workspace/src/libsurvive_ros2/build/libsurvive_ros2 -- -j4 -l4
