[0.258s] Invoking command in '/home/tch/mpo_500_workspace/src/neo_mpo_500-2/build/neo_mpo_500-2': CMAKE_PREFIX_PATH=${CMAKE_PREFIX_PATH}:/home/tch/mpo_500_workspace/install/odrive_motor_op:/home/tch/mpo_500_workspace/install/neo_nav2_py_costmap2D:/home/tch/mpo_500_workspace/src/odrive_motor_op/install/odrive_motor_op:/opt/ros/humble /usr/bin/cmake --build /home/tch/mpo_500_workspace/src/neo_mpo_500-2/build/neo_mpo_500-2 -- -j4 -l4
[0.312s] Invoked command in '/home/tch/mpo_500_workspace/src/neo_mpo_500-2/build/neo_mpo_500-2' returned '0': CMAKE_PREFIX_PATH=${CMAKE_PREFIX_PATH}:/home/tch/mpo_500_workspace/install/odrive_motor_op:/home/tch/mpo_500_workspace/install/neo_nav2_py_costmap2D:/home/tch/mpo_500_workspace/src/odrive_motor_op/install/odrive_motor_op:/opt/ros/humble /usr/bin/cmake --build /home/tch/mpo_500_workspace/src/neo_mpo_500-2/build/neo_mpo_500-2 -- -j4 -l4
[0.356s] Invoking command in '/home/tch/mpo_500_workspace/src/neo_mpo_500-2/build/neo_mpo_500-2': CMAKE_PREFIX_PATH=${CMAKE_PREFIX_PATH}:/home/tch/mpo_500_workspace/install/odrive_motor_op:/home/tch/mpo_500_workspace/install/neo_nav2_py_costmap2D:/home/tch/mpo_500_workspace/src/odrive_motor_op/install/odrive_motor_op:/opt/ros/humble /usr/bin/cmake --install /home/tch/mpo_500_workspace/src/neo_mpo_500-2/build/neo_mpo_500-2
[0.368s] -- Install configuration: ""
[0.368s] -- Up-to-date: /home/tch/mpo_500_workspace/src/neo_mpo_500-2/install/neo_mpo_500-2/share/neo_mpo_500-2/launch
[0.368s] -- Up-to-date: /home/tch/mpo_500_workspace/src/neo_mpo_500-2/install/neo_mpo_500-2/share/neo_mpo_500-2/launch/navigation.launch.py
[0.368s] -- Up-to-date: /home/tch/mpo_500_workspace/src/neo_mpo_500-2/install/neo_mpo_500-2/share/neo_mpo_500-2/launch/mapping.launch.py
[0.369s] -- Installing: /home/tch/mpo_500_workspace/src/neo_mpo_500-2/install/neo_mpo_500-2/share/neo_mpo_500-2/launch/bringup.launch.py
[0.369s] -- Up-to-date: /home/tch/mpo_500_workspace/src/neo_mpo_500-2/install/neo_mpo_500-2/share/neo_mpo_500-2/launch/rviz.launch.py
[0.369s] -- Up-to-date: /home/tch/mpo_500_workspace/src/neo_mpo_500-2/install/neo_mpo_500-2/share/neo_mpo_500-2/configs
[0.369s] -- Up-to-date: /home/tch/mpo_500_workspace/src/neo_mpo_500-2/install/neo_mpo_500-2/share/neo_mpo_500-2/configs/teleop
[0.370s] -- Up-to-date: /home/tch/mpo_500_workspace/src/neo_mpo_500-2/install/neo_mpo_500-2/share/neo_mpo_500-2/configs/teleop/teleop.launch.py
[0.370s] -- Up-to-date: /home/tch/mpo_500_workspace/src/neo_mpo_500-2/install/neo_mpo_500-2/share/neo_mpo_500-2/configs/teleop/teleop.yaml
[0.370s] -- Up-to-date: /home/tch/mpo_500_workspace/src/neo_mpo_500-2/install/neo_mpo_500-2/share/neo_mpo_500-2/configs/relayboard_v2
[0.370s] -- Up-to-date: /home/tch/mpo_500_workspace/src/neo_mpo_500-2/install/neo_mpo_500-2/share/neo_mpo_500-2/configs/relayboard_v2/relayboard_v2.launch.py
[0.370s] -- Up-to-date: /home/tch/mpo_500_workspace/src/neo_mpo_500-2/install/neo_mpo_500-2/share/neo_mpo_500-2/configs/relayboard_v2/relayboard_v2.yaml
[0.370s] -- Up-to-date: /home/tch/mpo_500_workspace/src/neo_mpo_500-2/install/neo_mpo_500-2/share/neo_mpo_500-2/configs/navigation
[0.371s] -- Up-to-date: /home/tch/mpo_500_workspace/src/neo_mpo_500-2/install/neo_mpo_500-2/share/neo_mpo_500-2/configs/navigation/navigation.yaml
[0.371s] -- Up-to-date: /home/tch/mpo_500_workspace/src/neo_mpo_500-2/install/neo_mpo_500-2/share/neo_mpo_500-2/configs/navigation/mapping.yaml
[0.371s] -- Up-to-date: /home/tch/mpo_500_workspace/src/neo_mpo_500-2/install/neo_mpo_500-2/share/neo_mpo_500-2/configs/navigation/maps
[0.371s] -- Up-to-date: /home/tch/mpo_500_workspace/src/neo_mpo_500-2/install/neo_mpo_500-2/share/neo_mpo_500-2/configs/navigation/maps/test1.yaml
[0.371s] -- Up-to-date: /home/tch/mpo_500_workspace/src/neo_mpo_500-2/install/neo_mpo_500-2/share/neo_mpo_500-2/configs/navigation/maps/test1.pgm
[0.371s] -- Up-to-date: /home/tch/mpo_500_workspace/src/neo_mpo_500-2/install/neo_mpo_500-2/share/neo_mpo_500-2/configs/navigation/maps/test.yaml
[0.371s] -- Up-to-date: /home/tch/mpo_500_workspace/src/neo_mpo_500-2/install/neo_mpo_500-2/share/neo_mpo_500-2/configs/navigation/maps/test.pgm
[0.372s] -- Up-to-date: /home/tch/mpo_500_workspace/src/neo_mpo_500-2/install/neo_mpo_500-2/share/neo_mpo_500-2/configs/navigation/multi_robot_navigation.yaml
[0.372s] -- Up-to-date: /home/tch/mpo_500_workspace/src/neo_mpo_500-2/install/neo_mpo_500-2/share/neo_mpo_500-2/configs/navigation/behavior_trees
[0.372s] -- Up-to-date: /home/tch/mpo_500_workspace/src/neo_mpo_500-2/install/neo_mpo_500-2/share/neo_mpo_500-2/configs/navigation/behavior_trees/navigate_through_poses_w_replanning_and_recovery.xml
[0.372s] -- Up-to-date: /home/tch/mpo_500_workspace/src/neo_mpo_500-2/install/neo_mpo_500-2/share/neo_mpo_500-2/configs/navigation/behavior_trees/navigate_to_pose_w_replanning_and_recovery.xml
[0.372s] -- Up-to-date: /home/tch/mpo_500_workspace/src/neo_mpo_500-2/install/neo_mpo_500-2/share/neo_mpo_500-2/configs/lidar
[0.372s] -- Up-to-date: /home/tch/mpo_500_workspace/src/neo_mpo_500-2/install/neo_mpo_500-2/share/neo_mpo_500-2/configs/lidar/sick
[0.372s] -- Up-to-date: /home/tch/mpo_500_workspace/src/neo_mpo_500-2/install/neo_mpo_500-2/share/neo_mpo_500-2/configs/lidar/sick/s300
[0.373s] -- Up-to-date: /home/tch/mpo_500_workspace/src/neo_mpo_500-2/install/neo_mpo_500-2/share/neo_mpo_500-2/configs/lidar/sick/s300/s300_2.yaml
[0.373s] -- Up-to-date: /home/tch/mpo_500_workspace/src/neo_mpo_500-2/install/neo_mpo_500-2/share/neo_mpo_500-2/configs/lidar/sick/s300/sick_s300.launch.py
[0.373s] -- Up-to-date: /home/tch/mpo_500_workspace/src/neo_mpo_500-2/install/neo_mpo_500-2/share/neo_mpo_500-2/configs/lidar/sick/s300/s300_filter_1.yaml
[0.373s] -- Up-to-date: /home/tch/mpo_500_workspace/src/neo_mpo_500-2/install/neo_mpo_500-2/share/neo_mpo_500-2/configs/lidar/sick/s300/s300_1.yaml
[0.373s] -- Up-to-date: /home/tch/mpo_500_workspace/src/neo_mpo_500-2/install/neo_mpo_500-2/share/neo_mpo_500-2/configs/lidar/sick/s300/s300_filter_2.yaml
[0.373s] -- Up-to-date: /home/tch/mpo_500_workspace/src/neo_mpo_500-2/install/neo_mpo_500-2/share/neo_mpo_500-2/configs/lidar/sick/microscan3
[0.373s] -- Up-to-date: /home/tch/mpo_500_workspace/src/neo_mpo_500-2/install/neo_mpo_500-2/share/neo_mpo_500-2/configs/lidar/sick/microscan3/microscan3_2.yaml
[0.373s] -- Up-to-date: /home/tch/mpo_500_workspace/src/neo_mpo_500-2/install/neo_mpo_500-2/share/neo_mpo_500-2/configs/lidar/sick/microscan3/sick_microscan3.launch
[0.374s] -- Up-to-date: /home/tch/mpo_500_workspace/src/neo_mpo_500-2/install/neo_mpo_500-2/share/neo_mpo_500-2/configs/lidar/sick/microscan3/microscan3_1.yaml
[0.374s] -- Up-to-date: /home/tch/mpo_500_workspace/src/neo_mpo_500-2/install/neo_mpo_500-2/share/neo_mpo_500-2/configs/rviz
[0.374s] -- Up-to-date: /home/tch/mpo_500_workspace/src/neo_mpo_500-2/install/neo_mpo_500-2/share/neo_mpo_500-2/configs/rviz/test_rviz.rviz
[0.374s] -- Up-to-date: /home/tch/mpo_500_workspace/src/neo_mpo_500-2/install/neo_mpo_500-2/share/neo_mpo_500-2/configs/kinematics
[0.374s] -- Up-to-date: /home/tch/mpo_500_workspace/src/neo_mpo_500-2/install/neo_mpo_500-2/share/neo_mpo_500-2/configs/kinematics/kinematics.launch.py
[0.374s] -- Up-to-date: /home/tch/mpo_500_workspace/src/neo_mpo_500-2/install/neo_mpo_500-2/share/neo_mpo_500-2/configs/kinematics/kinematics.yaml
[0.374s] -- Up-to-date: /home/tch/mpo_500_workspace/src/neo_mpo_500-2/install/neo_mpo_500-2/share/neo_mpo_500-2/robot_model
[0.374s] -- Up-to-date: /home/tch/mpo_500_workspace/src/neo_mpo_500-2/install/neo_mpo_500-2/share/neo_mpo_500-2/robot_model/meshes
[0.375s] -- Up-to-date: /home/tch/mpo_500_workspace/src/neo_mpo_500-2/install/neo_mpo_500-2/share/neo_mpo_500-2/robot_model/meshes/MPO_500
[0.376s] -- Up-to-date: /home/tch/mpo_500_workspace/src/neo_mpo_500-2/install/neo_mpo_500-2/share/neo_mpo_500-2/robot_model/meshes/MPO_500/cabin.dae
[0.376s] -- Up-to-date: /home/tch/mpo_500_workspace/src/neo_mpo_500-2/install/neo_mpo_500-2/share/neo_mpo_500-2/robot_model/meshes/MPO_500/MPO-500-WHEEL.dae
[0.376s] -- Up-to-date: /home/tch/mpo_500_workspace/src/neo_mpo_500-2/install/neo_mpo_500-2/share/neo_mpo_500-2/robot_model/meshes/MPO_500/MPO-500-BODY.dae
[0.377s] -- Up-to-date: /home/tch/mpo_500_workspace/src/neo_mpo_500-2/install/neo_mpo_500-2/share/neo_mpo_500-2/robot_model/meshes/MPO_500/SICK-MICROSCAN3.dae
[0.377s] -- Up-to-date: /home/tch/mpo_500_workspace/src/neo_mpo_500-2/install/neo_mpo_500-2/share/neo_mpo_500-2/robot_model/meshes/MPO_500/SICK-S300.dae
[0.377s] -- Up-to-date: /home/tch/mpo_500_workspace/src/neo_mpo_500-2/install/neo_mpo_500-2/share/neo_mpo_500-2/robot_model/meshes/ur5
[0.378s] -- Up-to-date: /home/tch/mpo_500_workspace/src/neo_mpo_500-2/install/neo_mpo_500-2/share/neo_mpo_500-2/robot_model/meshes/ur5/visual
[0.378s] -- Up-to-date: /home/tch/mpo_500_workspace/src/neo_mpo_500-2/install/neo_mpo_500-2/share/neo_mpo_500-2/robot_model/meshes/ur5/visual/wrist1.dae
[0.378s] -- Up-to-date: /home/tch/mpo_500_workspace/src/neo_mpo_500-2/install/neo_mpo_500-2/share/neo_mpo_500-2/robot_model/meshes/ur5/visual/base.dae
[0.379s] -- Up-to-date: /home/tch/mpo_500_workspace/src/neo_mpo_500-2/install/neo_mpo_500-2/share/neo_mpo_500-2/robot_model/meshes/ur5/visual/upperarm.dae
[0.379s] -- Up-to-date: /home/tch/mpo_500_workspace/src/neo_mpo_500-2/install/neo_mpo_500-2/share/neo_mpo_500-2/robot_model/meshes/ur5/visual/wrist2.dae
[0.379s] -- Up-to-date: /home/tch/mpo_500_workspace/src/neo_mpo_500-2/install/neo_mpo_500-2/share/neo_mpo_500-2/robot_model/meshes/ur5/visual/shoulder.dae
[0.380s] -- Up-to-date: /home/tch/mpo_500_workspace/src/neo_mpo_500-2/install/neo_mpo_500-2/share/neo_mpo_500-2/robot_model/meshes/ur5/visual/wrist3.dae
[0.380s] -- Up-to-date: /home/tch/mpo_500_workspace/src/neo_mpo_500-2/install/neo_mpo_500-2/share/neo_mpo_500-2/robot_model/meshes/ur5/visual/forearm.dae
[0.380s] -- Up-to-date: /home/tch/mpo_500_workspace/src/neo_mpo_500-2/install/neo_mpo_500-2/share/neo_mpo_500-2/robot_model/meshes/ur5/collision
[0.380s] -- Up-to-date: /home/tch/mpo_500_workspace/src/neo_mpo_500-2/install/neo_mpo_500-2/share/neo_mpo_500-2/robot_model/meshes/ur5/collision/wrist3.stl
[0.380s] -- Up-to-date: /home/tch/mpo_500_workspace/src/neo_mpo_500-2/install/neo_mpo_500-2/share/neo_mpo_500-2/robot_model/meshes/ur5/collision/shoulder.stl
[0.381s] -- Up-to-date: /home/tch/mpo_500_workspace/src/neo_mpo_500-2/install/neo_mpo_500-2/share/neo_mpo_500-2/robot_model/meshes/ur5/collision/forearm.stl
[0.381s] -- Up-to-date: /home/tch/mpo_500_workspace/src/neo_mpo_500-2/install/neo_mpo_500-2/share/neo_mpo_500-2/robot_model/meshes/ur5/collision/wrist2.stl
[0.381s] -- Up-to-date: /home/tch/mpo_500_workspace/src/neo_mpo_500-2/install/neo_mpo_500-2/share/neo_mpo_500-2/robot_model/meshes/ur5/collision/upperarm.stl
[0.381s] -- Up-to-date: /home/tch/mpo_500_workspace/src/neo_mpo_500-2/install/neo_mpo_500-2/share/neo_mpo_500-2/robot_model/meshes/ur5/collision/wrist1.stl
[0.382s] -- Up-to-date: /home/tch/mpo_500_workspace/src/neo_mpo_500-2/install/neo_mpo_500-2/share/neo_mpo_500-2/robot_model/meshes/ur5/collision/base.stl
[0.382s] -- Up-to-date: /home/tch/mpo_500_workspace/src/neo_mpo_500-2/install/neo_mpo_500-2/share/neo_mpo_500-2/robot_model/meshes/cabin.dae
[0.382s] -- Up-to-date: /home/tch/mpo_500_workspace/src/neo_mpo_500-2/install/neo_mpo_500-2/share/neo_mpo_500-2/robot_model/meshes/ur10
[0.382s] -- Up-to-date: /home/tch/mpo_500_workspace/src/neo_mpo_500-2/install/neo_mpo_500-2/share/neo_mpo_500-2/robot_model/meshes/ur10/visual
[0.383s] -- Up-to-date: /home/tch/mpo_500_workspace/src/neo_mpo_500-2/install/neo_mpo_500-2/share/neo_mpo_500-2/robot_model/meshes/ur10/visual/wrist1.dae
[0.383s] -- Up-to-date: /home/tch/mpo_500_workspace/src/neo_mpo_500-2/install/neo_mpo_500-2/share/neo_mpo_500-2/robot_model/meshes/ur10/visual/base.dae
[0.383s] -- Up-to-date: /home/tch/mpo_500_workspace/src/neo_mpo_500-2/install/neo_mpo_500-2/share/neo_mpo_500-2/robot_model/meshes/ur10/visual/upperarm.dae
[0.383s] -- Up-to-date: /home/tch/mpo_500_workspace/src/neo_mpo_500-2/install/neo_mpo_500-2/share/neo_mpo_500-2/robot_model/meshes/ur10/visual/wrist2.dae
[0.383s] -- Up-to-date: /home/tch/mpo_500_workspace/src/neo_mpo_500-2/install/neo_mpo_500-2/share/neo_mpo_500-2/robot_model/meshes/ur10/visual/shoulder.dae
[0.384s] -- Up-to-date: /home/tch/mpo_500_workspace/src/neo_mpo_500-2/install/neo_mpo_500-2/share/neo_mpo_500-2/robot_model/meshes/ur10/visual/wrist3.dae
[0.384s] -- Up-to-date: /home/tch/mpo_500_workspace/src/neo_mpo_500-2/install/neo_mpo_500-2/share/neo_mpo_500-2/robot_model/meshes/ur10/visual/forearm.dae
[0.384s] -- Up-to-date: /home/tch/mpo_500_workspace/src/neo_mpo_500-2/install/neo_mpo_500-2/share/neo_mpo_500-2/robot_model/meshes/ur10/collision
[0.385s] -- Up-to-date: /home/tch/mpo_500_workspace/src/neo_mpo_500-2/install/neo_mpo_500-2/share/neo_mpo_500-2/robot_model/meshes/ur10/collision/wrist3.stl
[0.385s] -- Up-to-date: /home/tch/mpo_500_workspace/src/neo_mpo_500-2/install/neo_mpo_500-2/share/neo_mpo_500-2/robot_model/meshes/ur10/collision/shoulder.stl
[0.385s] -- Up-to-date: /home/tch/mpo_500_workspace/src/neo_mpo_500-2/install/neo_mpo_500-2/share/neo_mpo_500-2/robot_model/meshes/ur10/collision/forearm.stl
[0.385s] -- Up-to-date: /home/tch/mpo_500_workspace/src/neo_mpo_500-2/install/neo_mpo_500-2/share/neo_mpo_500-2/robot_model/meshes/ur10/collision/wrist2.stl
[0.386s] -- Up-to-date: /home/tch/mpo_500_workspace/src/neo_mpo_500-2/install/neo_mpo_500-2/share/neo_mpo_500-2/robot_model/meshes/ur10/collision/upperarm.stl
[0.386s] -- Up-to-date: /home/tch/mpo_500_workspace/src/neo_mpo_500-2/install/neo_mpo_500-2/share/neo_mpo_500-2/robot_model/meshes/ur10/collision/wrist1.stl
[0.386s] -- Up-to-date: /home/tch/mpo_500_workspace/src/neo_mpo_500-2/install/neo_mpo_500-2/share/neo_mpo_500-2/robot_model/meshes/ur10/collision/base.stl
[0.386s] -- Up-to-date: /home/tch/mpo_500_workspace/src/neo_mpo_500-2/install/neo_mpo_500-2/share/neo_mpo_500-2/robot_model/mpo_500.urdf
[0.387s] -- Up-to-date: /home/tch/mpo_500_workspace/src/neo_mpo_500-2/install/neo_mpo_500-2/share/neo_mpo_500-2/robot_model/urdf
[0.387s] -- Up-to-date: /home/tch/mpo_500_workspace/src/neo_mpo_500-2/install/neo_mpo_500-2/share/neo_mpo_500-2/robot_model/urdf/mpo_500_xacros
[0.387s] -- Up-to-date: /home/tch/mpo_500_workspace/src/neo_mpo_500-2/install/neo_mpo_500-2/share/neo_mpo_500-2/robot_model/urdf/mpo_500_xacros/ultrasonic.xacro
[0.387s] -- Up-to-date: /home/tch/mpo_500_workspace/src/neo_mpo_500-2/install/neo_mpo_500-2/share/neo_mpo_500-2/robot_model/urdf/mpo_500_xacros/sick_S300.xacro
[0.388s] -- Up-to-date: /home/tch/mpo_500_workspace/src/neo_mpo_500-2/install/neo_mpo_500-2/share/neo_mpo_500-2/robot_model/urdf/mpo_500_xacros/imu.xacro
[0.388s] -- Up-to-date: /home/tch/mpo_500_workspace/src/neo_mpo_500-2/install/neo_mpo_500-2/share/neo_mpo_500-2/robot_model/urdf/mpo_500_xacros/camera.xacro
[0.388s] -- Up-to-date: /home/tch/mpo_500_workspace/src/neo_mpo_500-2/install/neo_mpo_500-2/share/neo_mpo_500-2/robot_model/urdf/mpo_500_xacros/cabinet.xacro
[0.388s] -- Up-to-date: /home/tch/mpo_500_workspace/src/neo_mpo_500-2/install/neo_mpo_500-2/share/neo_mpo_500-2/robot_model/urdf/mpo_500_xacros/mpo_500_body.xacro
[0.389s] -- Up-to-date: /home/tch/mpo_500_workspace/src/neo_mpo_500-2/install/neo_mpo_500-2/share/neo_mpo_500-2/robot_model/urdf/mpo_500_xacros/micro_scan.xacro
[0.389s] -- Up-to-date: /home/tch/mpo_500_workspace/src/neo_mpo_500-2/install/neo_mpo_500-2/share/neo_mpo_500-2/robot_model/urdf/mpo_500_xacros/sick_laser.xacro
[0.389s] -- Up-to-date: /home/tch/mpo_500_workspace/src/neo_mpo_500-2/install/neo_mpo_500-2/share/neo_mpo_500-2/robot_model/urdf/mpo_500_xacros/omni_wheel.xacro
[0.389s] -- Up-to-date: /home/tch/mpo_500_workspace/src/neo_mpo_500-2/install/neo_mpo_500-2/share/neo_mpo_500-2/robot_model/urdf/ur_5_xacros
[0.390s] -- Up-to-date: /home/tch/mpo_500_workspace/src/neo_mpo_500-2/install/neo_mpo_500-2/share/neo_mpo_500-2/robot_model/urdf/ur_5_xacros/ur5.urdf.xacro
[0.390s] -- Up-to-date: /home/tch/mpo_500_workspace/src/neo_mpo_500-2/install/neo_mpo_500-2/share/neo_mpo_500-2/robot_model/urdf/ur_10_xacros
[0.390s] -- Up-to-date: /home/tch/mpo_500_workspace/src/neo_mpo_500-2/install/neo_mpo_500-2/share/neo_mpo_500-2/robot_model/urdf/ur_10_xacros/ur10.urdf.xacro
[0.390s] -- Up-to-date: /home/tch/mpo_500_workspace/src/neo_mpo_500-2/install/neo_mpo_500-2/share/neo_mpo_500-2/robot_model/urdf/ur_10_xacros/ur10_robot.urdf.xacro
[0.391s] -- Up-to-date: /home/tch/mpo_500_workspace/src/neo_mpo_500-2/install/neo_mpo_500-2/share/ament_index/resource_index/package_run_dependencies/neo_mpo_500-2
[0.391s] -- Up-to-date: /home/tch/mpo_500_workspace/src/neo_mpo_500-2/install/neo_mpo_500-2/share/ament_index/resource_index/parent_prefix_path/neo_mpo_500-2
[0.391s] -- Up-to-date: /home/tch/mpo_500_workspace/src/neo_mpo_500-2/install/neo_mpo_500-2/share/neo_mpo_500-2/environment/ament_prefix_path.sh
[0.391s] -- Up-to-date: /home/tch/mpo_500_workspace/src/neo_mpo_500-2/install/neo_mpo_500-2/share/neo_mpo_500-2/environment/ament_prefix_path.dsv
[0.391s] -- Up-to-date: /home/tch/mpo_500_workspace/src/neo_mpo_500-2/install/neo_mpo_500-2/share/neo_mpo_500-2/environment/path.sh
[0.391s] -- Up-to-date: /home/tch/mpo_500_workspace/src/neo_mpo_500-2/install/neo_mpo_500-2/share/neo_mpo_500-2/environment/path.dsv
[0.392s] -- Up-to-date: /home/tch/mpo_500_workspace/src/neo_mpo_500-2/install/neo_mpo_500-2/share/neo_mpo_500-2/local_setup.bash
[0.392s] -- Up-to-date: /home/tch/mpo_500_workspace/src/neo_mpo_500-2/install/neo_mpo_500-2/share/neo_mpo_500-2/local_setup.sh
[0.392s] -- Up-to-date: /home/tch/mpo_500_workspace/src/neo_mpo_500-2/install/neo_mpo_500-2/share/neo_mpo_500-2/local_setup.zsh
[0.393s] -- Up-to-date: /home/tch/mpo_500_workspace/src/neo_mpo_500-2/install/neo_mpo_500-2/share/neo_mpo_500-2/local_setup.dsv
[0.393s] -- Installing: /home/tch/mpo_500_workspace/src/neo_mpo_500-2/install/neo_mpo_500-2/share/neo_mpo_500-2/package.dsv
[0.393s] -- Up-to-date: /home/tch/mpo_500_workspace/src/neo_mpo_500-2/install/neo_mpo_500-2/share/ament_index/resource_index/packages/neo_mpo_500-2
[0.394s] -- Up-to-date: /home/tch/mpo_500_workspace/src/neo_mpo_500-2/install/neo_mpo_500-2/share/neo_mpo_500-2/cmake/neo_mpo_500-2Config.cmake
[0.394s] -- Up-to-date: /home/tch/mpo_500_workspace/src/neo_mpo_500-2/install/neo_mpo_500-2/share/neo_mpo_500-2/cmake/neo_mpo_500-2Config-version.cmake
[0.394s] -- Up-to-date: /home/tch/mpo_500_workspace/src/neo_mpo_500-2/install/neo_mpo_500-2/share/neo_mpo_500-2/package.xml
[0.395s] Invoked command in '/home/tch/mpo_500_workspace/src/neo_mpo_500-2/build/neo_mpo_500-2' returned '0': CMAKE_PREFIX_PATH=${CMAKE_PREFIX_PATH}:/home/tch/mpo_500_workspace/install/odrive_motor_op:/home/tch/mpo_500_workspace/install/neo_nav2_py_costmap2D:/home/tch/mpo_500_workspace/src/odrive_motor_op/install/odrive_motor_op:/opt/ros/humble /usr/bin/cmake --install /home/tch/mpo_500_workspace/src/neo_mpo_500-2/build/neo_mpo_500-2
