[1.855s] DEBUG:colcon:Command line arguments: ['/usr/bin/colcon', 'build']
[1.855s] DEBUG:colcon:Parsed command line arguments: Namespace(log_base=None, log_level=None, verb_name='build', build_base='build', install_base='install', merge_install=False, symlink_install=False, test_result_base=None, continue_on_error=False, executor='parallel', parallel_workers=4, event_handlers=None, ignore_user_meta=False, metas=['./colcon.meta'], base_paths=['.'], packages_ignore=None, packages_ignore_regex=None, paths=None, packages_up_to=None, packages_up_to_regex=None, packages_above=None, packages_above_and_dependencies=None, packages_above_depth=None, packages_select_by_dep=None, packages_skip_by_dep=None, packages_skip_up_to=None, packages_select_build_failed=False, packages_skip_build_finished=False, packages_select_test_failures=False, packages_skip_test_passed=False, packages_select=None, packages_skip=None, packages_select_regex=None, packages_skip_regex=None, packages_start=None, packages_end=None, allow_overriding=[], cmake_args=None, cmake_target=None, cmake_target_skip_unavailable=False, cmake_clean_cache=False, cmake_clean_first=False, cmake_force_configure=False, ament_cmake_args=None, catkin_cmake_args=None, catkin_skip_building_tests=False, verb_parser=<colcon_defaults.argument_parser.defaults.DefaultArgumentsDecorator object at 0x7fe7a04bea70>, verb_extension=<colcon_core.verb.build.BuildVerb object at 0x7fe7a04bde70>, main=<bound method BuildVerb.main of <colcon_core.verb.build.BuildVerb object at 0x7fe7a04bde70>>)
[1.942s] Level 1:colcon.colcon_core.package_discovery:discover_packages(colcon_meta) check parameters
[1.942s] Level 1:colcon.colcon_core.package_discovery:discover_packages(recursive) check parameters
[1.942s] Level 1:colcon.colcon_core.package_discovery:discover_packages(ignore) check parameters
[1.942s] Level 1:colcon.colcon_core.package_discovery:discover_packages(path) check parameters
[1.943s] Level 1:colcon.colcon_core.package_discovery:discover_packages(colcon_meta) discover
[1.943s] Level 1:colcon.colcon_core.package_discovery:discover_packages(recursive) discover
[1.943s] INFO:colcon.colcon_core.package_discovery:Crawling recursively for packages in '/home/tch/mpo_500_workspace/src/neo_mpo_500-2'
[1.943s] Level 1:colcon.colcon_core.package_identification:_identify(.) by extensions ['ignore', 'ignore_ament_install']
[1.943s] Level 1:colcon.colcon_core.package_identification:_identify(.) by extension 'ignore'
[1.943s] Level 1:colcon.colcon_core.package_identification:_identify(.) by extension 'ignore_ament_install'
[1.943s] Level 1:colcon.colcon_core.package_identification:_identify(.) by extensions ['colcon_pkg']
[1.943s] Level 1:colcon.colcon_core.package_identification:_identify(.) by extension 'colcon_pkg'
[1.943s] Level 1:colcon.colcon_core.package_identification:_identify(.) by extensions ['colcon_meta']
[1.943s] Level 1:colcon.colcon_core.package_identification:_identify(.) by extension 'colcon_meta'
[1.944s] Level 1:colcon.colcon_core.package_identification:_identify(.) by extensions ['ros']
[1.944s] Level 1:colcon.colcon_core.package_identification:_identify(.) by extension 'ros'
[1.965s] DEBUG:colcon.colcon_core.package_identification:Package '.' with type 'ros.ament_cmake' and name 'neo_mpo_500-2'
[1.965s] Level 1:colcon.colcon_core.package_discovery:discover_packages(recursive) using defaults
[1.965s] Level 1:colcon.colcon_core.package_discovery:discover_packages(ignore) discover
[1.965s] Level 1:colcon.colcon_core.package_discovery:discover_packages(ignore) using defaults
[1.966s] Level 1:colcon.colcon_core.package_discovery:discover_packages(path) discover
[1.966s] Level 1:colcon.colcon_core.package_discovery:discover_packages(path) using defaults
[2.131s] Level 1:colcon.colcon_core.package_discovery:discover_packages(prefix_path) check parameters
[2.131s] Level 1:colcon.colcon_core.package_discovery:discover_packages(prefix_path) discover
[2.189s] DEBUG:colcon.colcon_installed_package_information.package_discovery:Found 7 installed packages in /home/tch/neobotix_workspace/install
[2.216s] DEBUG:colcon.colcon_installed_package_information.package_discovery:Found 18 installed packages in /home/tch/mpo_500_workspace/install
[2.244s] DEBUG:colcon.colcon_installed_package_information.package_discovery:Found 1 installed packages in /home/tch/laser_filters-ros2/install
[2.272s] DEBUG:colcon.colcon_installed_package_information.package_discovery:Found 1 installed packages in /home/tch/filters-ros2/install
[2.316s] DEBUG:colcon.colcon_installed_package_information.package_discovery:Found 1 installed packages in /home/tch/mpo_500_workspace/src/odrive_motor_op/install
[2.345s] DEBUG:colcon.colcon_installed_package_information.package_discovery:Found 331 installed packages in /opt/ros/humble
[2.348s] Level 1:colcon.colcon_core.package_discovery:discover_packages(prefix_path) using defaults
[2.529s] Level 5:colcon.colcon_core.verb:set package 'neo_mpo_500-2' build argument 'cmake_args' from command line to 'None'
[2.530s] Level 5:colcon.colcon_core.verb:set package 'neo_mpo_500-2' build argument 'cmake_target' from command line to 'None'
[2.530s] Level 5:colcon.colcon_core.verb:set package 'neo_mpo_500-2' build argument 'cmake_target_skip_unavailable' from command line to 'False'
[2.530s] Level 5:colcon.colcon_core.verb:set package 'neo_mpo_500-2' build argument 'cmake_clean_cache' from command line to 'False'
[2.530s] Level 5:colcon.colcon_core.verb:set package 'neo_mpo_500-2' build argument 'cmake_clean_first' from command line to 'False'
[2.530s] Level 5:colcon.colcon_core.verb:set package 'neo_mpo_500-2' build argument 'cmake_force_configure' from command line to 'False'
[2.530s] Level 5:colcon.colcon_core.verb:set package 'neo_mpo_500-2' build argument 'ament_cmake_args' from command line to 'None'
[2.530s] Level 5:colcon.colcon_core.verb:set package 'neo_mpo_500-2' build argument 'catkin_cmake_args' from command line to 'None'
[2.530s] Level 5:colcon.colcon_core.verb:set package 'neo_mpo_500-2' build argument 'catkin_skip_building_tests' from command line to 'False'
[2.530s] DEBUG:colcon.colcon_core.verb:Building package 'neo_mpo_500-2' with the following arguments: {'ament_cmake_args': None, 'build_base': '/home/tch/mpo_500_workspace/src/neo_mpo_500-2/build/neo_mpo_500-2', 'catkin_cmake_args': None, 'catkin_skip_building_tests': False, 'cmake_args': None, 'cmake_clean_cache': False, 'cmake_clean_first': False, 'cmake_force_configure': False, 'cmake_target': None, 'cmake_target_skip_unavailable': False, 'install_base': '/home/tch/mpo_500_workspace/src/neo_mpo_500-2/install/neo_mpo_500-2', 'merge_install': False, 'path': '/home/tch/mpo_500_workspace/src/neo_mpo_500-2', 'symlink_install': False, 'test_result_base': None}
[2.557s] INFO:colcon.colcon_core.executor:Executing jobs using 'parallel' executor
[2.585s] DEBUG:colcon.colcon_parallel_executor.executor.parallel:run_until_complete
[2.586s] INFO:colcon.colcon_ros.task.ament_cmake.build:Building ROS package in '/home/tch/mpo_500_workspace/src/neo_mpo_500-2' with build type 'ament_cmake'
[2.586s] INFO:colcon.colcon_cmake.task.cmake.build:Building CMake package in '/home/tch/mpo_500_workspace/src/neo_mpo_500-2'
[2.616s] INFO:colcon.colcon_core.plugin_system:Skipping extension 'colcon_core.shell.bat': Not used on non-Windows systems
[2.617s] INFO:colcon.colcon_core.shell:Skip shell extension 'powershell' for command environment: Not usable outside of PowerShell
[2.617s] DEBUG:colcon.colcon_core.shell:Skip shell extension 'dsv' for command environment
[2.825s] DEBUG:colcon.colcon_core.event_handler.log_command:Invoking command in '/home/tch/mpo_500_workspace/src/neo_mpo_500-2/build/neo_mpo_500-2': CMAKE_PREFIX_PATH=${CMAKE_PREFIX_PATH}:/home/tch/mpo_500_workspace/install/odrive_motor_op:/home/tch/mpo_500_workspace/install/neo_nav2_py_costmap2D:/home/tch/mpo_500_workspace/src/odrive_motor_op/install/odrive_motor_op:/opt/ros/humble /usr/bin/cmake --build /home/tch/mpo_500_workspace/src/neo_mpo_500-2/build/neo_mpo_500-2 -- -j4 -l4
[2.889s] DEBUG:colcon.colcon_core.event_handler.log_command:Invoked command in '/home/tch/mpo_500_workspace/src/neo_mpo_500-2/build/neo_mpo_500-2' returned '0': CMAKE_PREFIX_PATH=${CMAKE_PREFIX_PATH}:/home/tch/mpo_500_workspace/install/odrive_motor_op:/home/tch/mpo_500_workspace/install/neo_nav2_py_costmap2D:/home/tch/mpo_500_workspace/src/odrive_motor_op/install/odrive_motor_op:/opt/ros/humble /usr/bin/cmake --build /home/tch/mpo_500_workspace/src/neo_mpo_500-2/build/neo_mpo_500-2 -- -j4 -l4
[2.936s] DEBUG:colcon.colcon_core.event_handler.log_command:Invoking command in '/home/tch/mpo_500_workspace/src/neo_mpo_500-2/build/neo_mpo_500-2': CMAKE_PREFIX_PATH=${CMAKE_PREFIX_PATH}:/home/tch/mpo_500_workspace/install/odrive_motor_op:/home/tch/mpo_500_workspace/install/neo_nav2_py_costmap2D:/home/tch/mpo_500_workspace/src/odrive_motor_op/install/odrive_motor_op:/opt/ros/humble /usr/bin/cmake --install /home/tch/mpo_500_workspace/src/neo_mpo_500-2/build/neo_mpo_500-2
[2.965s] Level 1:colcon.colcon_core.environment:create_environment_scripts_only(neo_mpo_500-2)
[2.978s] DEBUG:colcon.colcon_core.event_handler.log_command:Invoked command in '/home/tch/mpo_500_workspace/src/neo_mpo_500-2/build/neo_mpo_500-2' returned '0': CMAKE_PREFIX_PATH=${CMAKE_PREFIX_PATH}:/home/tch/mpo_500_workspace/install/odrive_motor_op:/home/tch/mpo_500_workspace/install/neo_nav2_py_costmap2D:/home/tch/mpo_500_workspace/src/odrive_motor_op/install/odrive_motor_op:/opt/ros/humble /usr/bin/cmake --install /home/tch/mpo_500_workspace/src/neo_mpo_500-2/build/neo_mpo_500-2
[3.005s] Level 1:colcon.colcon_core.environment:checking '/home/tch/mpo_500_workspace/src/neo_mpo_500-2/install/neo_mpo_500-2' for CMake module files
[3.006s] Level 1:colcon.colcon_core.environment:checking '/home/tch/mpo_500_workspace/src/neo_mpo_500-2/install/neo_mpo_500-2' for CMake config files
[3.007s] Level 1:colcon.colcon_core.shell:create_environment_hook('neo_mpo_500-2', 'cmake_prefix_path')
[3.035s] INFO:colcon.colcon_core.shell:Creating environment hook '/home/tch/mpo_500_workspace/src/neo_mpo_500-2/install/neo_mpo_500-2/share/neo_mpo_500-2/hook/cmake_prefix_path.ps1'
[3.036s] INFO:colcon.colcon_core.shell:Creating environment descriptor '/home/tch/mpo_500_workspace/src/neo_mpo_500-2/install/neo_mpo_500-2/share/neo_mpo_500-2/hook/cmake_prefix_path.dsv'
[3.037s] INFO:colcon.colcon_core.shell:Creating environment hook '/home/tch/mpo_500_workspace/src/neo_mpo_500-2/install/neo_mpo_500-2/share/neo_mpo_500-2/hook/cmake_prefix_path.sh'
[3.039s] Level 1:colcon.colcon_core.environment:checking '/home/tch/mpo_500_workspace/src/neo_mpo_500-2/install/neo_mpo_500-2/bin'
[3.039s] Level 1:colcon.colcon_core.environment:checking '/home/tch/mpo_500_workspace/src/neo_mpo_500-2/install/neo_mpo_500-2/lib/pkgconfig/neo_mpo_500-2.pc'
[3.039s] Level 1:colcon.colcon_core.environment:checking '/home/tch/mpo_500_workspace/src/neo_mpo_500-2/install/neo_mpo_500-2/lib/python3.10/site-packages'
[3.040s] Level 1:colcon.colcon_core.environment:checking '/home/tch/mpo_500_workspace/src/neo_mpo_500-2/install/neo_mpo_500-2/bin'
[3.067s] INFO:colcon.colcon_core.shell:Creating package script '/home/tch/mpo_500_workspace/src/neo_mpo_500-2/install/neo_mpo_500-2/share/neo_mpo_500-2/package.ps1'
[3.069s] INFO:colcon.colcon_core.shell:Creating package descriptor '/home/tch/mpo_500_workspace/src/neo_mpo_500-2/install/neo_mpo_500-2/share/neo_mpo_500-2/package.dsv'
[3.070s] INFO:colcon.colcon_core.shell:Creating package script '/home/tch/mpo_500_workspace/src/neo_mpo_500-2/install/neo_mpo_500-2/share/neo_mpo_500-2/package.sh'
[3.071s] INFO:colcon.colcon_core.shell:Creating package script '/home/tch/mpo_500_workspace/src/neo_mpo_500-2/install/neo_mpo_500-2/share/neo_mpo_500-2/package.bash'
[3.072s] INFO:colcon.colcon_core.shell:Creating package script '/home/tch/mpo_500_workspace/src/neo_mpo_500-2/install/neo_mpo_500-2/share/neo_mpo_500-2/package.zsh'
[3.073s] Level 1:colcon.colcon_core.environment:create_file_with_runtime_dependencies(/home/tch/mpo_500_workspace/src/neo_mpo_500-2/install/neo_mpo_500-2/share/colcon-core/packages/neo_mpo_500-2)
[3.137s] Level 1:colcon.colcon_core.environment:create_environment_scripts_only(neo_mpo_500-2)
[3.165s] Level 1:colcon.colcon_core.environment:checking '/home/tch/mpo_500_workspace/src/neo_mpo_500-2/install/neo_mpo_500-2' for CMake module files
[3.166s] Level 1:colcon.colcon_core.environment:checking '/home/tch/mpo_500_workspace/src/neo_mpo_500-2/install/neo_mpo_500-2' for CMake config files
[3.167s] Level 1:colcon.colcon_core.shell:create_environment_hook('neo_mpo_500-2', 'cmake_prefix_path')
[3.195s] INFO:colcon.colcon_core.shell:Creating environment hook '/home/tch/mpo_500_workspace/src/neo_mpo_500-2/install/neo_mpo_500-2/share/neo_mpo_500-2/hook/cmake_prefix_path.ps1'
[3.196s] INFO:colcon.colcon_core.shell:Creating environment descriptor '/home/tch/mpo_500_workspace/src/neo_mpo_500-2/install/neo_mpo_500-2/share/neo_mpo_500-2/hook/cmake_prefix_path.dsv'
[3.197s] INFO:colcon.colcon_core.shell:Creating environment hook '/home/tch/mpo_500_workspace/src/neo_mpo_500-2/install/neo_mpo_500-2/share/neo_mpo_500-2/hook/cmake_prefix_path.sh'
[3.198s] Level 1:colcon.colcon_core.environment:checking '/home/tch/mpo_500_workspace/src/neo_mpo_500-2/install/neo_mpo_500-2/bin'
[3.198s] Level 1:colcon.colcon_core.environment:checking '/home/tch/mpo_500_workspace/src/neo_mpo_500-2/install/neo_mpo_500-2/lib/pkgconfig/neo_mpo_500-2.pc'
[3.198s] Level 1:colcon.colcon_core.environment:checking '/home/tch/mpo_500_workspace/src/neo_mpo_500-2/install/neo_mpo_500-2/lib/python3.10/site-packages'
[3.199s] Level 1:colcon.colcon_core.environment:checking '/home/tch/mpo_500_workspace/src/neo_mpo_500-2/install/neo_mpo_500-2/bin'
[3.226s] INFO:colcon.colcon_core.shell:Creating package script '/home/tch/mpo_500_workspace/src/neo_mpo_500-2/install/neo_mpo_500-2/share/neo_mpo_500-2/package.ps1'
[3.227s] INFO:colcon.colcon_core.shell:Creating package descriptor '/home/tch/mpo_500_workspace/src/neo_mpo_500-2/install/neo_mpo_500-2/share/neo_mpo_500-2/package.dsv'
[3.228s] INFO:colcon.colcon_core.shell:Creating package script '/home/tch/mpo_500_workspace/src/neo_mpo_500-2/install/neo_mpo_500-2/share/neo_mpo_500-2/package.sh'
[3.229s] INFO:colcon.colcon_core.shell:Creating package script '/home/tch/mpo_500_workspace/src/neo_mpo_500-2/install/neo_mpo_500-2/share/neo_mpo_500-2/package.bash'
[3.229s] INFO:colcon.colcon_core.shell:Creating package script '/home/tch/mpo_500_workspace/src/neo_mpo_500-2/install/neo_mpo_500-2/share/neo_mpo_500-2/package.zsh'
[3.230s] Level 1:colcon.colcon_core.environment:create_file_with_runtime_dependencies(/home/tch/mpo_500_workspace/src/neo_mpo_500-2/install/neo_mpo_500-2/share/colcon-core/packages/neo_mpo_500-2)
[3.231s] DEBUG:colcon.colcon_parallel_executor.executor.parallel:closing loop
[3.231s] DEBUG:colcon.colcon_parallel_executor.executor.parallel:loop closed
[3.232s] DEBUG:colcon.colcon_parallel_executor.executor.parallel:run_until_complete finished with '0'
[3.232s] DEBUG:colcon.colcon_core.event_reactor:joining thread
[3.267s] INFO:colcon.colcon_core.plugin_system:Skipping extension 'colcon_notification.desktop_notification.terminal_notifier': Not used on non-Darwin systems
[3.268s] INFO:colcon.colcon_core.plugin_system:Skipping extension 'colcon_notification.desktop_notification.win32': Not used on non-Windows systems
[3.268s] INFO:colcon.colcon_notification.desktop_notification:Sending desktop notification using 'notify2'
[3.283s] DEBUG:colcon.colcon_core.event_reactor:joined thread
[3.311s] INFO:colcon.colcon_core.shell:Creating prefix script '/home/tch/mpo_500_workspace/src/neo_mpo_500-2/install/local_setup.ps1'
[3.313s] INFO:colcon.colcon_core.shell:Creating prefix util module '/home/tch/mpo_500_workspace/src/neo_mpo_500-2/install/_local_setup_util_ps1.py'
[3.315s] INFO:colcon.colcon_core.shell:Creating prefix chain script '/home/tch/mpo_500_workspace/src/neo_mpo_500-2/install/setup.ps1'
[3.345s] INFO:colcon.colcon_core.shell:Creating prefix script '/home/tch/mpo_500_workspace/src/neo_mpo_500-2/install/local_setup.sh'
[3.346s] INFO:colcon.colcon_core.shell:Creating prefix util module '/home/tch/mpo_500_workspace/src/neo_mpo_500-2/install/_local_setup_util_sh.py'
[3.347s] INFO:colcon.colcon_core.shell:Creating prefix chain script '/home/tch/mpo_500_workspace/src/neo_mpo_500-2/install/setup.sh'
[3.378s] INFO:colcon.colcon_core.shell:Creating prefix script '/home/tch/mpo_500_workspace/src/neo_mpo_500-2/install/local_setup.bash'
[3.379s] INFO:colcon.colcon_core.shell:Creating prefix chain script '/home/tch/mpo_500_workspace/src/neo_mpo_500-2/install/setup.bash'
[3.408s] INFO:colcon.colcon_core.shell:Creating prefix script '/home/tch/mpo_500_workspace/src/neo_mpo_500-2/install/local_setup.zsh'
[3.409s] INFO:colcon.colcon_core.shell:Creating prefix chain script '/home/tch/mpo_500_workspace/src/neo_mpo_500-2/install/setup.zsh'
