Determining if the include file gattlib.h exists failed with the following output:
Change Dir: /home/tch/mpo_500_workspace/src/libsurvive_ros2/build/libsurvive_ros2/libsurvive-prefix/src/libsurvive-build/CMakeFiles/CMakeTmp

Run Build Command(s):/usr/bin/gmake -f Makefile cmTC_fa744/fast && gmake[3]: Entering directory '/home/tch/mpo_500_workspace/src/libsurvive_ros2/build/libsurvive_ros2/libsurvive-prefix/src/libsurvive-build/CMakeFiles/CMakeTmp'
/usr/bin/gmake  -f CMakeFiles/cmTC_fa744.dir/build.make CMakeFiles/cmTC_fa744.dir/build
gmake[4]: Entering directory '/home/tch/mpo_500_workspace/src/libsurvive_ros2/build/libsurvive_ros2/libsurvive-prefix/src/libsurvive-build/CMakeFiles/CMakeTmp'
Building C object CMakeFiles/cmTC_fa744.dir/CheckIncludeFile.c.o
/usr/bin/cc    -o CMakeFiles/cmTC_fa744.dir/CheckIncludeFile.c.o -c /home/tch/mpo_500_workspace/src/libsurvive_ros2/build/libsurvive_ros2/libsurvive-prefix/src/libsurvive-build/CMakeFiles/CMakeTmp/CheckIncludeFile.c
/home/tch/mpo_500_workspace/src/libsurvive_ros2/build/libsurvive_ros2/libsurvive-prefix/src/libsurvive-build/CMakeFiles/CMakeTmp/CheckIncludeFile.c:1:10: fatal error: gattlib.h: No such file or directory
    1 | #include <gattlib.h>
      |          ^~~~~~~~~~~
compilation terminated.
gmake[4]: *** [CMakeFiles/cmTC_fa744.dir/build.make:78: CMakeFiles/cmTC_fa744.dir/CheckIncludeFile.c.o] Error 1
gmake[4]: Leaving directory '/home/tch/mpo_500_workspace/src/libsurvive_ros2/build/libsurvive_ros2/libsurvive-prefix/src/libsurvive-build/CMakeFiles/CMakeTmp'
gmake[3]: *** [Makefile:127: cmTC_fa744/fast] Error 2
gmake[3]: Leaving directory '/home/tch/mpo_500_workspace/src/libsurvive_ros2/build/libsurvive_ros2/libsurvive-prefix/src/libsurvive-build/CMakeFiles/CMakeTmp'



Determining if the include file lapacke/lapacke.h exists failed with the following output:
Change Dir: /home/tch/mpo_500_workspace/src/libsurvive_ros2/build/libsurvive_ros2/libsurvive-prefix/src/libsurvive-build/CMakeFiles/CMakeTmp

Run Build Command(s):/usr/bin/gmake -f Makefile cmTC_98fe9/fast && gmake[3]: Entering directory '/home/tch/mpo_500_workspace/src/libsurvive_ros2/build/libsurvive_ros2/libsurvive-prefix/src/libsurvive-build/CMakeFiles/CMakeTmp'
/usr/bin/gmake  -f CMakeFiles/cmTC_98fe9.dir/build.make CMakeFiles/cmTC_98fe9.dir/build
gmake[4]: Entering directory '/home/tch/mpo_500_workspace/src/libsurvive_ros2/build/libsurvive_ros2/libsurvive-prefix/src/libsurvive-build/CMakeFiles/CMakeTmp'
Building C object CMakeFiles/cmTC_98fe9.dir/CheckIncludeFile.c.o
/usr/bin/cc   -fPIC -Wall -Wno-unused-variable -Wno-switch -Wno-parentheses -Wno-missing-braces -Werror=return-type -fvisibility=hidden -Werror=vla -fno-math-errno -Werror=pointer-arith -std=gnu99 -Werror=incompatible-pointer-types -Werror=implicit-function-declaration -Werror=missing-field-initializers  -fPIC -Wall -Wno-unused-variable -Wno-switch -Wno-parentheses -Wno-missing-braces -Werror=return-type -fvisibility=hidden -Werror=vla -fno-math-errno -Werror=pointer-arith -std=gnu99 -Werror=incompatible-pointer-types -Werror=implicit-function-declaration -Werror=missing-field-initializers  -fPIC -Wall -Wno-unused-variable -Wno-switch -Wno-parentheses -Wno-missing-braces -Werror=return-type -fvisibility=hidden -Werror=vla -fno-math-errno -Werror=missing-field-initializers -Werror=pointer-arith -std=gnu99 -Werror=incompatible-pointer-types -Werror=implicit-function-declaration   -o CMakeFiles/cmTC_98fe9.dir/CheckIncludeFile.c.o -c /home/tch/mpo_500_workspace/src/libsurvive_ros2/build/libsurvive_ros2/libsurvive-prefix/src/libsurvive-build/CMakeFiles/CMakeTmp/CheckIncludeFile.c
/home/tch/mpo_500_workspace/src/libsurvive_ros2/build/libsurvive_ros2/libsurvive-prefix/src/libsurvive-build/CMakeFiles/CMakeTmp/CheckIncludeFile.c:1:10: fatal error: lapacke/lapacke.h: No such file or directory
    1 | #include <lapacke/lapacke.h>
      |          ^~~~~~~~~~~~~~~~~~~
compilation terminated.
gmake[4]: *** [CMakeFiles/cmTC_98fe9.dir/build.make:78: CMakeFiles/cmTC_98fe9.dir/CheckIncludeFile.c.o] Error 1
gmake[4]: Leaving directory '/home/tch/mpo_500_workspace/src/libsurvive_ros2/build/libsurvive_ros2/libsurvive-prefix/src/libsurvive-build/CMakeFiles/CMakeTmp'
gmake[3]: *** [Makefile:127: cmTC_98fe9/fast] Error 2
gmake[3]: Leaving directory '/home/tch/mpo_500_workspace/src/libsurvive_ros2/build/libsurvive_ros2/libsurvive-prefix/src/libsurvive-build/CMakeFiles/CMakeTmp'



Determining if the include file libusb.h exists failed with the following output:
Change Dir: /home/tch/mpo_500_workspace/src/libsurvive_ros2/build/libsurvive_ros2/libsurvive-prefix/src/libsurvive-build/CMakeFiles/CMakeTmp

Run Build Command(s):/usr/bin/gmake -f Makefile cmTC_a071e/fast && gmake[3]: Entering directory '/home/tch/mpo_500_workspace/src/libsurvive_ros2/build/libsurvive_ros2/libsurvive-prefix/src/libsurvive-build/CMakeFiles/CMakeTmp'
/usr/bin/gmake  -f CMakeFiles/cmTC_a071e.dir/build.make CMakeFiles/cmTC_a071e.dir/build
gmake[4]: Entering directory '/home/tch/mpo_500_workspace/src/libsurvive_ros2/build/libsurvive_ros2/libsurvive-prefix/src/libsurvive-build/CMakeFiles/CMakeTmp'
Building C object CMakeFiles/cmTC_a071e.dir/CheckIncludeFile.c.o
/usr/bin/cc -D_GNU_SOURCE  -fPIC -Wall -Wno-unused-variable -Wno-switch -Wno-parentheses -Wno-missing-braces -Werror=return-type -fvisibility=hidden -Werror=vla -fno-math-errno -Werror=pointer-arith -std=gnu99 -Werror=incompatible-pointer-types -Werror=implicit-function-declaration -Werror=missing-field-initializers   -o CMakeFiles/cmTC_a071e.dir/CheckIncludeFile.c.o -c /home/tch/mpo_500_workspace/src/libsurvive_ros2/build/libsurvive_ros2/libsurvive-prefix/src/libsurvive-build/CMakeFiles/CMakeTmp/CheckIncludeFile.c
/home/tch/mpo_500_workspace/src/libsurvive_ros2/build/libsurvive_ros2/libsurvive-prefix/src/libsurvive-build/CMakeFiles/CMakeTmp/CheckIncludeFile.c:1:10: fatal error: libusb.h: No such file or directory
    1 | #include <libusb.h>
      |          ^~~~~~~~~~
compilation terminated.
gmake[4]: *** [CMakeFiles/cmTC_a071e.dir/build.make:78: CMakeFiles/cmTC_a071e.dir/CheckIncludeFile.c.o] Error 1
gmake[4]: Leaving directory '/home/tch/mpo_500_workspace/src/libsurvive_ros2/build/libsurvive_ros2/libsurvive-prefix/src/libsurvive-build/CMakeFiles/CMakeTmp'
gmake[3]: *** [Makefile:127: cmTC_a071e/fast] Error 2
gmake[3]: Leaving directory '/home/tch/mpo_500_workspace/src/libsurvive_ros2/build/libsurvive_ros2/libsurvive-prefix/src/libsurvive-build/CMakeFiles/CMakeTmp'



Determining if the include file libusb/libusb.h exists failed with the following output:
Change Dir: /home/tch/mpo_500_workspace/src/libsurvive_ros2/build/libsurvive_ros2/libsurvive-prefix/src/libsurvive-build/CMakeFiles/CMakeTmp

Run Build Command(s):/usr/bin/gmake -f Makefile cmTC_ad9dc/fast && gmake[3]: Entering directory '/home/tch/mpo_500_workspace/src/libsurvive_ros2/build/libsurvive_ros2/libsurvive-prefix/src/libsurvive-build/CMakeFiles/CMakeTmp'
/usr/bin/gmake  -f CMakeFiles/cmTC_ad9dc.dir/build.make CMakeFiles/cmTC_ad9dc.dir/build
gmake[4]: Entering directory '/home/tch/mpo_500_workspace/src/libsurvive_ros2/build/libsurvive_ros2/libsurvive-prefix/src/libsurvive-build/CMakeFiles/CMakeTmp'
Building C object CMakeFiles/cmTC_ad9dc.dir/CheckIncludeFile.c.o
/usr/bin/cc -D_GNU_SOURCE  -fPIC -Wall -Wno-unused-variable -Wno-switch -Wno-parentheses -Wno-missing-braces -Werror=return-type -fvisibility=hidden -Werror=vla -fno-math-errno -Werror=pointer-arith -std=gnu99 -Werror=incompatible-pointer-types -Werror=implicit-function-declaration -Werror=missing-field-initializers   -o CMakeFiles/cmTC_ad9dc.dir/CheckIncludeFile.c.o -c /home/tch/mpo_500_workspace/src/libsurvive_ros2/build/libsurvive_ros2/libsurvive-prefix/src/libsurvive-build/CMakeFiles/CMakeTmp/CheckIncludeFile.c
/home/tch/mpo_500_workspace/src/libsurvive_ros2/build/libsurvive_ros2/libsurvive-prefix/src/libsurvive-build/CMakeFiles/CMakeTmp/CheckIncludeFile.c:1:10: fatal error: libusb/libusb.h: No such file or directory
    1 | #include <libusb/libusb.h>
      |          ^~~~~~~~~~~~~~~~~
compilation terminated.
gmake[4]: *** [CMakeFiles/cmTC_ad9dc.dir/build.make:78: CMakeFiles/cmTC_ad9dc.dir/CheckIncludeFile.c.o] Error 1
gmake[4]: Leaving directory '/home/tch/mpo_500_workspace/src/libsurvive_ros2/build/libsurvive_ros2/libsurvive-prefix/src/libsurvive-build/CMakeFiles/CMakeTmp'
gmake[3]: *** [Makefile:127: cmTC_ad9dc/fast] Error 2
gmake[3]: Leaving directory '/home/tch/mpo_500_workspace/src/libsurvive_ros2/build/libsurvive_ros2/libsurvive-prefix/src/libsurvive-build/CMakeFiles/CMakeTmp'



