[3.468s] DEBUG:colcon:Command line arguments: ['/usr/bin/colcon', 'build']
[3.468s] DEBUG:colcon:Parsed command line arguments: Namespace(log_base=None, log_level=None, verb_name='build', build_base='build', install_base='install', merge_install=False, symlink_install=False, test_result_base=None, continue_on_error=False, executor='parallel', parallel_workers=4, event_handlers=None, ignore_user_meta=False, metas=['./colcon.meta'], base_paths=['.'], packages_ignore=None, packages_ignore_regex=None, paths=None, packages_up_to=None, packages_up_to_regex=None, packages_above=None, packages_above_and_dependencies=None, packages_above_depth=None, packages_select_by_dep=None, packages_skip_by_dep=None, packages_skip_up_to=None, packages_select_build_failed=False, packages_skip_build_finished=False, packages_select_test_failures=False, packages_skip_test_passed=False, packages_select=None, packages_skip=None, packages_select_regex=None, packages_skip_regex=None, packages_start=None, packages_end=None, allow_overriding=[], cmake_args=None, cmake_target=None, cmake_target_skip_unavailable=False, cmake_clean_cache=False, cmake_clean_first=False, cmake_force_configure=False, ament_cmake_args=None, catkin_cmake_args=None, catkin_skip_building_tests=False, verb_parser=<colcon_defaults.argument_parser.defaults.DefaultArgumentsDecorator object at 0x7fe25bdc3400>, verb_extension=<colcon_core.verb.build.BuildVerb object at 0x7fe25bdc0760>, main=<bound method BuildVerb.main of <colcon_core.verb.build.BuildVerb object at 0x7fe25bdc0760>>)
[3.633s] Level 1:colcon.colcon_core.package_discovery:discover_packages(colcon_meta) check parameters
[3.633s] Level 1:colcon.colcon_core.package_discovery:discover_packages(recursive) check parameters
[3.634s] Level 1:colcon.colcon_core.package_discovery:discover_packages(ignore) check parameters
[3.634s] Level 1:colcon.colcon_core.package_discovery:discover_packages(path) check parameters
[3.634s] Level 1:colcon.colcon_core.package_discovery:discover_packages(colcon_meta) discover
[3.634s] Level 1:colcon.colcon_core.package_discovery:discover_packages(recursive) discover
[3.635s] INFO:colcon.colcon_core.package_discovery:Crawling recursively for packages in '/home/tch/mpo_500_workspace/src/nav2_straightline_planner'
[3.635s] Level 1:colcon.colcon_core.package_identification:_identify(.) by extensions ['ignore', 'ignore_ament_install']
[3.636s] Level 1:colcon.colcon_core.package_identification:_identify(.) by extension 'ignore'
[3.639s] Level 1:colcon.colcon_core.package_identification:_identify(.) by extension 'ignore_ament_install'
[3.640s] Level 1:colcon.colcon_core.package_identification:_identify(.) by extensions ['colcon_pkg']
[3.640s] Level 1:colcon.colcon_core.package_identification:_identify(.) by extension 'colcon_pkg'
[3.640s] Level 1:colcon.colcon_core.package_identification:_identify(.) by extensions ['colcon_meta']
[3.640s] Level 1:colcon.colcon_core.package_identification:_identify(.) by extension 'colcon_meta'
[3.640s] Level 1:colcon.colcon_core.package_identification:_identify(.) by extensions ['ros']
[3.641s] Level 1:colcon.colcon_core.package_identification:_identify(.) by extension 'ros'
[3.682s] DEBUG:colcon.colcon_core.package_identification:Package '.' with type 'ros.ament_cmake' and name 'nav2_straightline_planner'
[3.682s] Level 1:colcon.colcon_core.package_discovery:discover_packages(recursive) using defaults
[3.682s] Level 1:colcon.colcon_core.package_discovery:discover_packages(ignore) discover
[3.682s] Level 1:colcon.colcon_core.package_discovery:discover_packages(ignore) using defaults
[3.682s] Level 1:colcon.colcon_core.package_discovery:discover_packages(path) discover
[3.682s] Level 1:colcon.colcon_core.package_discovery:discover_packages(path) using defaults
[3.999s] Level 1:colcon.colcon_core.package_discovery:discover_packages(prefix_path) check parameters
[3.999s] Level 1:colcon.colcon_core.package_discovery:discover_packages(prefix_path) discover
[4.099s] DEBUG:colcon.colcon_installed_package_information.package_discovery:Found 11 installed packages in /home/tch/mpo_500_workspace/install
[4.157s] DEBUG:colcon.colcon_installed_package_information.package_discovery:Found 324 installed packages in /opt/ros/humble
[4.165s] Level 1:colcon.colcon_core.package_discovery:discover_packages(prefix_path) using defaults
[4.495s] Level 5:colcon.colcon_core.verb:set package 'nav2_straightline_planner' build argument 'cmake_args' from command line to 'None'
[4.495s] Level 5:colcon.colcon_core.verb:set package 'nav2_straightline_planner' build argument 'cmake_target' from command line to 'None'
[4.496s] Level 5:colcon.colcon_core.verb:set package 'nav2_straightline_planner' build argument 'cmake_target_skip_unavailable' from command line to 'False'
[4.496s] Level 5:colcon.colcon_core.verb:set package 'nav2_straightline_planner' build argument 'cmake_clean_cache' from command line to 'False'
[4.496s] Level 5:colcon.colcon_core.verb:set package 'nav2_straightline_planner' build argument 'cmake_clean_first' from command line to 'False'
[4.496s] Level 5:colcon.colcon_core.verb:set package 'nav2_straightline_planner' build argument 'cmake_force_configure' from command line to 'False'
[4.496s] Level 5:colcon.colcon_core.verb:set package 'nav2_straightline_planner' build argument 'ament_cmake_args' from command line to 'None'
[4.496s] Level 5:colcon.colcon_core.verb:set package 'nav2_straightline_planner' build argument 'catkin_cmake_args' from command line to 'None'
[4.496s] Level 5:colcon.colcon_core.verb:set package 'nav2_straightline_planner' build argument 'catkin_skip_building_tests' from command line to 'False'
[4.496s] DEBUG:colcon.colcon_core.verb:Building package 'nav2_straightline_planner' with the following arguments: {'ament_cmake_args': None, 'build_base': '/home/tch/mpo_500_workspace/src/nav2_straightline_planner/build/nav2_straightline_planner', 'catkin_cmake_args': None, 'catkin_skip_building_tests': False, 'cmake_args': None, 'cmake_clean_cache': False, 'cmake_clean_first': False, 'cmake_force_configure': False, 'cmake_target': None, 'cmake_target_skip_unavailable': False, 'install_base': '/home/tch/mpo_500_workspace/src/nav2_straightline_planner/install/nav2_straightline_planner', 'merge_install': False, 'path': '/home/tch/mpo_500_workspace/src/nav2_straightline_planner', 'symlink_install': False, 'test_result_base': None}
[4.549s] INFO:colcon.colcon_core.executor:Executing jobs using 'parallel' executor
[4.604s] DEBUG:colcon.colcon_parallel_executor.executor.parallel:run_until_complete
[4.605s] INFO:colcon.colcon_ros.task.ament_cmake.build:Building ROS package in '/home/tch/mpo_500_workspace/src/nav2_straightline_planner' with build type 'ament_cmake'
[4.605s] INFO:colcon.colcon_cmake.task.cmake.build:Building CMake package in '/home/tch/mpo_500_workspace/src/nav2_straightline_planner'
[4.665s] INFO:colcon.colcon_core.plugin_system:Skipping extension 'colcon_core.shell.bat': Not used on non-Windows systems
[4.665s] INFO:colcon.colcon_core.shell:Skip shell extension 'powershell' for command environment: Not usable outside of PowerShell
[4.666s] DEBUG:colcon.colcon_core.shell:Skip shell extension 'dsv' for command environment
[4.857s] DEBUG:colcon.colcon_core.event_handler.log_command:Invoking command in '/home/tch/mpo_500_workspace/src/nav2_straightline_planner/build/nav2_straightline_planner': CMAKE_PREFIX_PATH=${CMAKE_PREFIX_PATH}:/opt/ros/humble /usr/bin/cmake /home/tch/mpo_500_workspace/src/nav2_straightline_planner -DCMAKE_INSTALL_PREFIX=/home/tch/mpo_500_workspace/src/nav2_straightline_planner/install/nav2_straightline_planner
[27.761s] DEBUG:colcon.colcon_core.event_handler.log_command:Invoked command in '/home/tch/mpo_500_workspace/src/nav2_straightline_planner/build/nav2_straightline_planner' returned '0': CMAKE_PREFIX_PATH=${CMAKE_PREFIX_PATH}:/opt/ros/humble /usr/bin/cmake /home/tch/mpo_500_workspace/src/nav2_straightline_planner -DCMAKE_INSTALL_PREFIX=/home/tch/mpo_500_workspace/src/nav2_straightline_planner/install/nav2_straightline_planner
[27.767s] DEBUG:colcon.colcon_core.event_handler.log_command:Invoking command in '/home/tch/mpo_500_workspace/src/nav2_straightline_planner/build/nav2_straightline_planner': CMAKE_PREFIX_PATH=${CMAKE_PREFIX_PATH}:/opt/ros/humble /usr/bin/cmake --build /home/tch/mpo_500_workspace/src/nav2_straightline_planner/build/nav2_straightline_planner -- -j4 -l4
[44.522s] DEBUG:colcon.colcon_core.event_handler.log_command:Invoked command in '/home/tch/mpo_500_workspace/src/nav2_straightline_planner/build/nav2_straightline_planner' returned '0': CMAKE_PREFIX_PATH=${CMAKE_PREFIX_PATH}:/opt/ros/humble /usr/bin/cmake --build /home/tch/mpo_500_workspace/src/nav2_straightline_planner/build/nav2_straightline_planner -- -j4 -l4
[44.618s] DEBUG:colcon.colcon_core.event_handler.log_command:Invoking command in '/home/tch/mpo_500_workspace/src/nav2_straightline_planner/build/nav2_straightline_planner': CMAKE_PREFIX_PATH=${CMAKE_PREFIX_PATH}:/opt/ros/humble /usr/bin/cmake --install /home/tch/mpo_500_workspace/src/nav2_straightline_planner/build/nav2_straightline_planner
[44.651s] Level 1:colcon.colcon_core.environment:create_environment_scripts_only(nav2_straightline_planner)
[44.652s] DEBUG:colcon.colcon_core.event_handler.log_command:Invoked command in '/home/tch/mpo_500_workspace/src/nav2_straightline_planner/build/nav2_straightline_planner' returned '0': CMAKE_PREFIX_PATH=${CMAKE_PREFIX_PATH}:/opt/ros/humble /usr/bin/cmake --install /home/tch/mpo_500_workspace/src/nav2_straightline_planner/build/nav2_straightline_planner
[44.741s] Level 1:colcon.colcon_core.environment:checking '/home/tch/mpo_500_workspace/src/nav2_straightline_planner/install/nav2_straightline_planner' for CMake module files
[44.742s] Level 1:colcon.colcon_core.environment:checking '/home/tch/mpo_500_workspace/src/nav2_straightline_planner/install/nav2_straightline_planner' for CMake config files
[44.743s] Level 1:colcon.colcon_core.shell:create_environment_hook('nav2_straightline_planner', 'cmake_prefix_path')
[44.797s] INFO:colcon.colcon_core.shell:Creating environment hook '/home/tch/mpo_500_workspace/src/nav2_straightline_planner/install/nav2_straightline_planner/share/nav2_straightline_planner/hook/cmake_prefix_path.ps1'
[44.803s] INFO:colcon.colcon_core.shell:Creating environment descriptor '/home/tch/mpo_500_workspace/src/nav2_straightline_planner/install/nav2_straightline_planner/share/nav2_straightline_planner/hook/cmake_prefix_path.dsv'
[44.806s] INFO:colcon.colcon_core.shell:Creating environment hook '/home/tch/mpo_500_workspace/src/nav2_straightline_planner/install/nav2_straightline_planner/share/nav2_straightline_planner/hook/cmake_prefix_path.sh'
[44.808s] Level 1:colcon.colcon_core.environment:checking '/home/tch/mpo_500_workspace/src/nav2_straightline_planner/install/nav2_straightline_planner/lib'
[44.809s] Level 1:colcon.colcon_core.shell:create_environment_hook('nav2_straightline_planner', 'ld_library_path_lib')
[44.866s] INFO:colcon.colcon_core.shell:Creating environment hook '/home/tch/mpo_500_workspace/src/nav2_straightline_planner/install/nav2_straightline_planner/share/nav2_straightline_planner/hook/ld_library_path_lib.ps1'
[44.868s] INFO:colcon.colcon_core.shell:Creating environment descriptor '/home/tch/mpo_500_workspace/src/nav2_straightline_planner/install/nav2_straightline_planner/share/nav2_straightline_planner/hook/ld_library_path_lib.dsv'
[44.869s] INFO:colcon.colcon_core.shell:Creating environment hook '/home/tch/mpo_500_workspace/src/nav2_straightline_planner/install/nav2_straightline_planner/share/nav2_straightline_planner/hook/ld_library_path_lib.sh'
[44.871s] Level 1:colcon.colcon_core.environment:checking '/home/tch/mpo_500_workspace/src/nav2_straightline_planner/install/nav2_straightline_planner/bin'
[44.871s] Level 1:colcon.colcon_core.environment:checking '/home/tch/mpo_500_workspace/src/nav2_straightline_planner/install/nav2_straightline_planner/lib/pkgconfig/nav2_straightline_planner.pc'
[44.873s] Level 1:colcon.colcon_core.environment:checking '/home/tch/mpo_500_workspace/src/nav2_straightline_planner/install/nav2_straightline_planner/lib/python3.10/site-packages'
[44.874s] Level 1:colcon.colcon_core.environment:checking '/home/tch/mpo_500_workspace/src/nav2_straightline_planner/install/nav2_straightline_planner/bin'
[44.934s] INFO:colcon.colcon_core.shell:Creating package script '/home/tch/mpo_500_workspace/src/nav2_straightline_planner/install/nav2_straightline_planner/share/nav2_straightline_planner/package.ps1'
[44.935s] INFO:colcon.colcon_core.shell:Creating package descriptor '/home/tch/mpo_500_workspace/src/nav2_straightline_planner/install/nav2_straightline_planner/share/nav2_straightline_planner/package.dsv'
[44.936s] INFO:colcon.colcon_core.shell:Creating package script '/home/tch/mpo_500_workspace/src/nav2_straightline_planner/install/nav2_straightline_planner/share/nav2_straightline_planner/package.sh'
[44.938s] INFO:colcon.colcon_core.shell:Creating package script '/home/tch/mpo_500_workspace/src/nav2_straightline_planner/install/nav2_straightline_planner/share/nav2_straightline_planner/package.bash'
[44.939s] INFO:colcon.colcon_core.shell:Creating package script '/home/tch/mpo_500_workspace/src/nav2_straightline_planner/install/nav2_straightline_planner/share/nav2_straightline_planner/package.zsh'
[44.940s] Level 1:colcon.colcon_core.environment:create_file_with_runtime_dependencies(/home/tch/mpo_500_workspace/src/nav2_straightline_planner/install/nav2_straightline_planner/share/colcon-core/packages/nav2_straightline_planner)
[45.073s] Level 1:colcon.colcon_core.environment:create_environment_scripts_only(nav2_straightline_planner)
[45.131s] Level 1:colcon.colcon_core.environment:checking '/home/tch/mpo_500_workspace/src/nav2_straightline_planner/install/nav2_straightline_planner' for CMake module files
[45.132s] Level 1:colcon.colcon_core.environment:checking '/home/tch/mpo_500_workspace/src/nav2_straightline_planner/install/nav2_straightline_planner' for CMake config files
[45.132s] Level 1:colcon.colcon_core.shell:create_environment_hook('nav2_straightline_planner', 'cmake_prefix_path')
[45.190s] INFO:colcon.colcon_core.shell:Creating environment hook '/home/tch/mpo_500_workspace/src/nav2_straightline_planner/install/nav2_straightline_planner/share/nav2_straightline_planner/hook/cmake_prefix_path.ps1'
[45.192s] INFO:colcon.colcon_core.shell:Creating environment descriptor '/home/tch/mpo_500_workspace/src/nav2_straightline_planner/install/nav2_straightline_planner/share/nav2_straightline_planner/hook/cmake_prefix_path.dsv'
[45.193s] INFO:colcon.colcon_core.shell:Creating environment hook '/home/tch/mpo_500_workspace/src/nav2_straightline_planner/install/nav2_straightline_planner/share/nav2_straightline_planner/hook/cmake_prefix_path.sh'
[45.195s] Level 1:colcon.colcon_core.environment:checking '/home/tch/mpo_500_workspace/src/nav2_straightline_planner/install/nav2_straightline_planner/lib'
[45.195s] Level 1:colcon.colcon_core.shell:create_environment_hook('nav2_straightline_planner', 'ld_library_path_lib')
[45.252s] INFO:colcon.colcon_core.shell:Creating environment hook '/home/tch/mpo_500_workspace/src/nav2_straightline_planner/install/nav2_straightline_planner/share/nav2_straightline_planner/hook/ld_library_path_lib.ps1'
[45.253s] INFO:colcon.colcon_core.shell:Creating environment descriptor '/home/tch/mpo_500_workspace/src/nav2_straightline_planner/install/nav2_straightline_planner/share/nav2_straightline_planner/hook/ld_library_path_lib.dsv'
[45.256s] INFO:colcon.colcon_core.shell:Creating environment hook '/home/tch/mpo_500_workspace/src/nav2_straightline_planner/install/nav2_straightline_planner/share/nav2_straightline_planner/hook/ld_library_path_lib.sh'
[45.260s] Level 1:colcon.colcon_core.environment:checking '/home/tch/mpo_500_workspace/src/nav2_straightline_planner/install/nav2_straightline_planner/bin'
[45.261s] Level 1:colcon.colcon_core.environment:checking '/home/tch/mpo_500_workspace/src/nav2_straightline_planner/install/nav2_straightline_planner/lib/pkgconfig/nav2_straightline_planner.pc'
[45.261s] Level 1:colcon.colcon_core.environment:checking '/home/tch/mpo_500_workspace/src/nav2_straightline_planner/install/nav2_straightline_planner/lib/python3.10/site-packages'
[45.262s] Level 1:colcon.colcon_core.environment:checking '/home/tch/mpo_500_workspace/src/nav2_straightline_planner/install/nav2_straightline_planner/bin'
[45.311s] INFO:colcon.colcon_core.shell:Creating package script '/home/tch/mpo_500_workspace/src/nav2_straightline_planner/install/nav2_straightline_planner/share/nav2_straightline_planner/package.ps1'
[45.316s] INFO:colcon.colcon_core.shell:Creating package descriptor '/home/tch/mpo_500_workspace/src/nav2_straightline_planner/install/nav2_straightline_planner/share/nav2_straightline_planner/package.dsv'
[45.318s] INFO:colcon.colcon_core.shell:Creating package script '/home/tch/mpo_500_workspace/src/nav2_straightline_planner/install/nav2_straightline_planner/share/nav2_straightline_planner/package.sh'
[45.319s] INFO:colcon.colcon_core.shell:Creating package script '/home/tch/mpo_500_workspace/src/nav2_straightline_planner/install/nav2_straightline_planner/share/nav2_straightline_planner/package.bash'
[45.320s] INFO:colcon.colcon_core.shell:Creating package script '/home/tch/mpo_500_workspace/src/nav2_straightline_planner/install/nav2_straightline_planner/share/nav2_straightline_planner/package.zsh'
[45.321s] Level 1:colcon.colcon_core.environment:create_file_with_runtime_dependencies(/home/tch/mpo_500_workspace/src/nav2_straightline_planner/install/nav2_straightline_planner/share/colcon-core/packages/nav2_straightline_planner)
[45.322s] DEBUG:colcon.colcon_parallel_executor.executor.parallel:closing loop
[45.323s] DEBUG:colcon.colcon_parallel_executor.executor.parallel:loop closed
[45.324s] DEBUG:colcon.colcon_parallel_executor.executor.parallel:run_until_complete finished with '0'
[45.325s] DEBUG:colcon.colcon_core.event_reactor:joining thread
[45.395s] INFO:colcon.colcon_core.plugin_system:Skipping extension 'colcon_notification.desktop_notification.terminal_notifier': Not used on non-Darwin systems
[45.396s] INFO:colcon.colcon_core.plugin_system:Skipping extension 'colcon_notification.desktop_notification.win32': Not used on non-Windows systems
[45.396s] INFO:colcon.colcon_notification.desktop_notification:Sending desktop notification using 'notify2'
[45.431s] DEBUG:colcon.colcon_core.event_reactor:joined thread
[45.493s] INFO:colcon.colcon_core.shell:Creating prefix script '/home/tch/mpo_500_workspace/src/nav2_straightline_planner/install/local_setup.ps1'
[45.495s] INFO:colcon.colcon_core.shell:Creating prefix util module '/home/tch/mpo_500_workspace/src/nav2_straightline_planner/install/_local_setup_util_ps1.py'
[45.498s] INFO:colcon.colcon_core.shell:Creating prefix chain script '/home/tch/mpo_500_workspace/src/nav2_straightline_planner/install/setup.ps1'
[45.556s] INFO:colcon.colcon_core.shell:Creating prefix script '/home/tch/mpo_500_workspace/src/nav2_straightline_planner/install/local_setup.sh'
[45.557s] INFO:colcon.colcon_core.shell:Creating prefix util module '/home/tch/mpo_500_workspace/src/nav2_straightline_planner/install/_local_setup_util_sh.py'
[45.559s] INFO:colcon.colcon_core.shell:Creating prefix chain script '/home/tch/mpo_500_workspace/src/nav2_straightline_planner/install/setup.sh'
[45.617s] INFO:colcon.colcon_core.shell:Creating prefix script '/home/tch/mpo_500_workspace/src/nav2_straightline_planner/install/local_setup.bash'
[45.617s] INFO:colcon.colcon_core.shell:Creating prefix chain script '/home/tch/mpo_500_workspace/src/nav2_straightline_planner/install/setup.bash'
[45.670s] INFO:colcon.colcon_core.shell:Creating prefix script '/home/tch/mpo_500_workspace/src/nav2_straightline_planner/install/local_setup.zsh'
[45.672s] INFO:colcon.colcon_core.shell:Creating prefix chain script '/home/tch/mpo_500_workspace/src/nav2_straightline_planner/install/setup.zsh'
