[0.204s] Invoking command in '/home/tch/mpo_500_workspace/src/neo_kinematics_mecanum2/build/neo_kinematics_mecanum': CMAKE_PREFIX_PATH=${CMAKE_PREFIX_PATH}:/home/tch/mpo_500_workspace/install/odrive_motor_op:/home/tch/mpo_500_workspace/install/neo_nav2_py_costmap2D:/home/tch/mpo_500_workspace/src/odrive_motor_op/install/odrive_motor_op:/opt/ros/humble /usr/bin/cmake /home/tch/mpo_500_workspace/src/neo_kinematics_mecanum2 -DCMAKE_INSTALL_PREFIX=/home/tch/mpo_500_workspace/src/neo_kinematics_mecanum2/install/neo_kinematics_mecanum
[0.279s] -- The C compiler identification is GNU 11.4.0
[0.347s] -- The CXX compiler identification is GNU 11.4.0
[0.356s] -- Detecting C compiler ABI info
[0.447s] -- Detecting C compiler ABI info - done
[0.458s] -- Check for working C compiler: /usr/bin/cc - skipped
[0.459s] -- Detecting C compile features
[0.459s] -- Detecting C compile features - done
[0.463s] -- Detecting CXX compiler ABI info
[0.567s] -- Detecting CXX compiler ABI info - done
[0.579s] -- Check for working CXX compiler: /usr/bin/c++ - skipped
[0.579s] -- Detecting CXX compile features
[0.580s] -- Detecting CXX compile features - done
[0.615s] -- Found ament_cmake: 1.3.5 (/opt/ros/humble/share/ament_cmake/cmake)
[0.864s] -- Found Python3: /usr/bin/python3.10 (found version "3.10.12") found components: Interpreter 
[1.036s] -- Found rclcpp: 16.0.6 (/opt/ros/humble/share/rclcpp/cmake)
[1.141s] -- Found rosidl_generator_c: 3.1.5 (/opt/ros/humble/share/rosidl_generator_c/cmake)
[1.154s] -- Found rosidl_adapter: 3.1.5 (/opt/ros/humble/share/rosidl_adapter/cmake)
[1.171s] -- Found rosidl_generator_cpp: 3.1.5 (/opt/ros/humble/share/rosidl_generator_cpp/cmake)
[1.199s] -- Using all available rosidl_typesupport_c: rosidl_typesupport_fastrtps_c;rosidl_typesupport_introspection_c
[1.237s] -- Using all available rosidl_typesupport_cpp: rosidl_typesupport_fastrtps_cpp;rosidl_typesupport_introspection_cpp
[1.364s] -- Found rmw_implementation_cmake: 6.1.1 (/opt/ros/humble/share/rmw_implementation_cmake/cmake)
[1.372s] -- Found rmw_cyclonedds_cpp: 1.3.4 (/opt/ros/humble/share/rmw_cyclonedds_cpp/cmake)
[1.435s] -- Using RMW implementation 'rmw_cyclonedds_cpp' as default
[1.459s] -- Looking for pthread.h
[1.552s] -- Looking for pthread.h - found
[1.553s] -- Performing Test CMAKE_HAVE_LIBC_PTHREAD
[1.649s] -- Performing Test CMAKE_HAVE_LIBC_PTHREAD - Success
[1.650s] -- Found Threads: TRUE  
[1.900s] -- Found rclcpp_action: 16.0.6 (/opt/ros/humble/share/rclcpp_action/cmake)
[2.052s] -- Found rclcpp_lifecycle: 16.0.6 (/opt/ros/humble/share/rclcpp_lifecycle/cmake)
[2.137s] -- Found nav_msgs: 4.2.3 (/opt/ros/humble/share/nav_msgs/cmake)
[2.329s] -- Found sensor_msgs: 4.2.3 (/opt/ros/humble/share/sensor_msgs/cmake)
[2.448s] -- Found trajectory_msgs: 4.2.3 (/opt/ros/humble/share/trajectory_msgs/cmake)
[2.575s] -- Found tf2_ros: 0.25.4 (/opt/ros/humble/share/tf2_ros/cmake)
[2.953s] -- Found tf2_geometry_msgs: 0.25.4 (/opt/ros/humble/share/tf2_geometry_msgs/cmake)
[2.990s] -- Found eigen3_cmake_module: 0.1.1 (/opt/ros/humble/share/eigen3_cmake_module/cmake)
[2.993s] -- Found Eigen3: TRUE (found version "3.4.0") 
[2.993s] -- Ensuring Eigen3 include directory is part of orocos-kdl CMake target
[3.122s] -- Configuring done
[3.146s] -- Generating done
[3.149s] -- Build files have been written to: /home/tch/mpo_500_workspace/src/neo_kinematics_mecanum2/build/neo_kinematics_mecanum
[3.162s] Invoked command in '/home/tch/mpo_500_workspace/src/neo_kinematics_mecanum2/build/neo_kinematics_mecanum' returned '0': CMAKE_PREFIX_PATH=${CMAKE_PREFIX_PATH}:/home/tch/mpo_500_workspace/install/odrive_motor_op:/home/tch/mpo_500_workspace/install/neo_nav2_py_costmap2D:/home/tch/mpo_500_workspace/src/odrive_motor_op/install/odrive_motor_op:/opt/ros/humble /usr/bin/cmake /home/tch/mpo_500_workspace/src/neo_kinematics_mecanum2 -DCMAKE_INSTALL_PREFIX=/home/tch/mpo_500_workspace/src/neo_kinematics_mecanum2/install/neo_kinematics_mecanum
[3.165s] Invoking command in '/home/tch/mpo_500_workspace/src/neo_kinematics_mecanum2/build/neo_kinematics_mecanum': CMAKE_PREFIX_PATH=${CMAKE_PREFIX_PATH}:/home/tch/mpo_500_workspace/install/odrive_motor_op:/home/tch/mpo_500_workspace/install/neo_nav2_py_costmap2D:/home/tch/mpo_500_workspace/src/odrive_motor_op/install/odrive_motor_op:/opt/ros/humble /usr/bin/cmake --build /home/tch/mpo_500_workspace/src/neo_kinematics_mecanum2/build/neo_kinematics_mecanum -- -j4 -l4
[3.233s] [ 25%] [32mBuilding CXX object CMakeFiles/neo_kinematics_mecanum.dir/common/src/Mecanum4WKinematics.cpp.o[0m
[7.464s] [ 50%] [32m[1mLinking CXX static library libneo_kinematics_mecanum.a[0m
[7.511s] [ 50%] Built target neo_kinematics_mecanum
[7.540s] [ 75%] [32mBuilding CXX object CMakeFiles/neo_mecanum_node.dir/ros/src/neo_kinematics_mecanum_node.cpp.o[0m
[23.991s] [100%] [32m[1mLinking CXX executable neo_mecanum_node[0m
[25.040s] [100%] Built target neo_mecanum_node
[25.055s] Invoked command in '/home/tch/mpo_500_workspace/src/neo_kinematics_mecanum2/build/neo_kinematics_mecanum' returned '0': CMAKE_PREFIX_PATH=${CMAKE_PREFIX_PATH}:/home/tch/mpo_500_workspace/install/odrive_motor_op:/home/tch/mpo_500_workspace/install/neo_nav2_py_costmap2D:/home/tch/mpo_500_workspace/src/odrive_motor_op/install/odrive_motor_op:/opt/ros/humble /usr/bin/cmake --build /home/tch/mpo_500_workspace/src/neo_kinematics_mecanum2/build/neo_kinematics_mecanum -- -j4 -l4
[25.107s] Invoking command in '/home/tch/mpo_500_workspace/src/neo_kinematics_mecanum2/build/neo_kinematics_mecanum': CMAKE_PREFIX_PATH=${CMAKE_PREFIX_PATH}:/home/tch/mpo_500_workspace/install/odrive_motor_op:/home/tch/mpo_500_workspace/install/neo_nav2_py_costmap2D:/home/tch/mpo_500_workspace/src/odrive_motor_op/install/odrive_motor_op:/opt/ros/humble /usr/bin/cmake --install /home/tch/mpo_500_workspace/src/neo_kinematics_mecanum2/build/neo_kinematics_mecanum
[25.117s] -- Install configuration: ""
[25.118s] -- Installing: /home/tch/mpo_500_workspace/src/neo_kinematics_mecanum2/install/neo_kinematics_mecanum/share/neo_kinematics_mecanum/environment/library_path.sh
[25.118s] -- Installing: /home/tch/mpo_500_workspace/src/neo_kinematics_mecanum2/install/neo_kinematics_mecanum/share/neo_kinematics_mecanum/environment/library_path.dsv
[25.118s] -- Installing: /home/tch/mpo_500_workspace/src/neo_kinematics_mecanum2/install/neo_kinematics_mecanum/common/include/
[25.118s] -- Installing: /home/tch/mpo_500_workspace/src/neo_kinematics_mecanum2/install/neo_kinematics_mecanum/common/include//MecanumKinematics.h
[25.118s] -- Installing: /home/tch/mpo_500_workspace/src/neo_kinematics_mecanum2/install/neo_kinematics_mecanum/common/include//Kinematics.h
[25.118s] -- Installing: /home/tch/mpo_500_workspace/src/neo_kinematics_mecanum2/install/neo_kinematics_mecanum/lib/neo_kinematics_mecanum/neo_mecanum_node
[25.126s] -- Set runtime path of "/home/tch/mpo_500_workspace/src/neo_kinematics_mecanum2/install/neo_kinematics_mecanum/lib/neo_kinematics_mecanum/neo_mecanum_node" to ""
[25.126s] -- Installing: /home/tch/mpo_500_workspace/src/neo_kinematics_mecanum2/install/neo_kinematics_mecanum/share/neo_kinematics_mecanum/launch
[25.126s] -- Installing: /home/tch/mpo_500_workspace/src/neo_kinematics_mecanum2/install/neo_kinematics_mecanum/share/neo_kinematics_mecanum/launch/test_setup.launch.py
[25.126s] -- Installing: /home/tch/mpo_500_workspace/src/neo_kinematics_mecanum2/install/neo_kinematics_mecanum/share/neo_kinematics_mecanum/launch/test_setup.yaml
[25.126s] -- Installing: /home/tch/mpo_500_workspace/src/neo_kinematics_mecanum2/install/neo_kinematics_mecanum/share/ament_index/resource_index/package_run_dependencies/neo_kinematics_mecanum
[25.126s] -- Installing: /home/tch/mpo_500_workspace/src/neo_kinematics_mecanum2/install/neo_kinematics_mecanum/share/ament_index/resource_index/parent_prefix_path/neo_kinematics_mecanum
[25.127s] -- Installing: /home/tch/mpo_500_workspace/src/neo_kinematics_mecanum2/install/neo_kinematics_mecanum/share/neo_kinematics_mecanum/environment/ament_prefix_path.sh
[25.127s] -- Installing: /home/tch/mpo_500_workspace/src/neo_kinematics_mecanum2/install/neo_kinematics_mecanum/share/neo_kinematics_mecanum/environment/ament_prefix_path.dsv
[25.127s] -- Installing: /home/tch/mpo_500_workspace/src/neo_kinematics_mecanum2/install/neo_kinematics_mecanum/share/neo_kinematics_mecanum/environment/path.sh
[25.127s] -- Installing: /home/tch/mpo_500_workspace/src/neo_kinematics_mecanum2/install/neo_kinematics_mecanum/share/neo_kinematics_mecanum/environment/path.dsv
[25.127s] -- Installing: /home/tch/mpo_500_workspace/src/neo_kinematics_mecanum2/install/neo_kinematics_mecanum/share/neo_kinematics_mecanum/local_setup.bash
[25.127s] -- Installing: /home/tch/mpo_500_workspace/src/neo_kinematics_mecanum2/install/neo_kinematics_mecanum/share/neo_kinematics_mecanum/local_setup.sh
[25.127s] -- Installing: /home/tch/mpo_500_workspace/src/neo_kinematics_mecanum2/install/neo_kinematics_mecanum/share/neo_kinematics_mecanum/local_setup.zsh
[25.127s] -- Installing: /home/tch/mpo_500_workspace/src/neo_kinematics_mecanum2/install/neo_kinematics_mecanum/share/neo_kinematics_mecanum/local_setup.dsv
[25.127s] -- Installing: /home/tch/mpo_500_workspace/src/neo_kinematics_mecanum2/install/neo_kinematics_mecanum/share/neo_kinematics_mecanum/package.dsv
[25.128s] -- Installing: /home/tch/mpo_500_workspace/src/neo_kinematics_mecanum2/install/neo_kinematics_mecanum/share/ament_index/resource_index/packages/neo_kinematics_mecanum
[25.128s] -- Installing: /home/tch/mpo_500_workspace/src/neo_kinematics_mecanum2/install/neo_kinematics_mecanum/share/neo_kinematics_mecanum/cmake/ament_cmake_export_dependencies-extras.cmake
[25.128s] -- Installing: /home/tch/mpo_500_workspace/src/neo_kinematics_mecanum2/install/neo_kinematics_mecanum/share/neo_kinematics_mecanum/cmake/ament_cmake_export_include_directories-extras.cmake
[25.129s] -- Installing: /home/tch/mpo_500_workspace/src/neo_kinematics_mecanum2/install/neo_kinematics_mecanum/share/neo_kinematics_mecanum/cmake/ament_cmake_export_libraries-extras.cmake
[25.129s] -- Installing: /home/tch/mpo_500_workspace/src/neo_kinematics_mecanum2/install/neo_kinematics_mecanum/share/neo_kinematics_mecanum/cmake/neo_kinematics_mecanumConfig.cmake
[25.129s] -- Installing: /home/tch/mpo_500_workspace/src/neo_kinematics_mecanum2/install/neo_kinematics_mecanum/share/neo_kinematics_mecanum/cmake/neo_kinematics_mecanumConfig-version.cmake
[25.129s] -- Installing: /home/tch/mpo_500_workspace/src/neo_kinematics_mecanum2/install/neo_kinematics_mecanum/share/neo_kinematics_mecanum/package.xml
[25.131s] Invoked command in '/home/tch/mpo_500_workspace/src/neo_kinematics_mecanum2/build/neo_kinematics_mecanum' returned '0': CMAKE_PREFIX_PATH=${CMAKE_PREFIX_PATH}:/home/tch/mpo_500_workspace/install/odrive_motor_op:/home/tch/mpo_500_workspace/install/neo_nav2_py_costmap2D:/home/tch/mpo_500_workspace/src/odrive_motor_op/install/odrive_motor_op:/opt/ros/humble /usr/bin/cmake --install /home/tch/mpo_500_workspace/src/neo_kinematics_mecanum2/build/neo_kinematics_mecanum
