[4.811s] DEBUG:colcon:Command line arguments: ['/usr/bin/colcon', 'build']
[4.811s] DEBUG:colcon:Parsed command line arguments: Namespace(log_base=None, log_level=None, verb_name='build', build_base='build', install_base='install', merge_install=False, symlink_install=False, test_result_base=None, continue_on_error=False, executor='parallel', parallel_workers=4, event_handlers=None, ignore_user_meta=False, metas=['./colcon.meta'], base_paths=['.'], packages_ignore=None, packages_ignore_regex=None, paths=None, packages_up_to=None, packages_up_to_regex=None, packages_above=None, packages_above_and_dependencies=None, packages_above_depth=None, packages_select_by_dep=None, packages_skip_by_dep=None, packages_skip_up_to=None, packages_select_build_failed=False, packages_skip_build_finished=False, packages_select_test_failures=False, packages_skip_test_passed=False, packages_select=None, packages_skip=None, packages_select_regex=None, packages_skip_regex=None, packages_start=None, packages_end=None, allow_overriding=[], cmake_args=None, cmake_target=None, cmake_target_skip_unavailable=False, cmake_clean_cache=False, cmake_clean_first=False, cmake_force_configure=False, ament_cmake_args=None, catkin_cmake_args=None, catkin_skip_building_tests=False, verb_parser=<colcon_defaults.argument_parser.defaults.DefaultArgumentsDecorator object at 0x7f17e00b6410>, verb_extension=<colcon_core.verb.build.BuildVerb object at 0x7f17e00b5660>, main=<bound method BuildVerb.main of <colcon_core.verb.build.BuildVerb object at 0x7f17e00b5660>>)
[5.032s] Level 1:colcon.colcon_core.package_discovery:discover_packages(colcon_meta) check parameters
[5.032s] Level 1:colcon.colcon_core.package_discovery:discover_packages(recursive) check parameters
[5.032s] Level 1:colcon.colcon_core.package_discovery:discover_packages(ignore) check parameters
[5.032s] Level 1:colcon.colcon_core.package_discovery:discover_packages(path) check parameters
[5.032s] Level 1:colcon.colcon_core.package_discovery:discover_packages(colcon_meta) discover
[5.033s] Level 1:colcon.colcon_core.package_discovery:discover_packages(recursive) discover
[5.033s] INFO:colcon.colcon_core.package_discovery:Crawling recursively for packages in '/home/tch/mpo_500_workspace/src/neo_nav2_py_costmap2D-main'
[5.033s] Level 1:colcon.colcon_core.package_identification:_identify(.) by extensions ['ignore', 'ignore_ament_install']
[5.034s] Level 1:colcon.colcon_core.package_identification:_identify(.) by extension 'ignore'
[5.034s] Level 1:colcon.colcon_core.package_identification:_identify(.) by extension 'ignore_ament_install'
[5.034s] Level 1:colcon.colcon_core.package_identification:_identify(.) by extensions ['colcon_pkg']
[5.034s] Level 1:colcon.colcon_core.package_identification:_identify(.) by extension 'colcon_pkg'
[5.034s] Level 1:colcon.colcon_core.package_identification:_identify(.) by extensions ['colcon_meta']
[5.035s] Level 1:colcon.colcon_core.package_identification:_identify(.) by extension 'colcon_meta'
[5.035s] Level 1:colcon.colcon_core.package_identification:_identify(.) by extensions ['ros']
[5.035s] Level 1:colcon.colcon_core.package_identification:_identify(.) by extension 'ros'
[5.084s] DEBUG:colcon.colcon_core.package_identification:Package '.' with type 'ros.ament_python' and name 'neo_nav2_py_costmap2D'
[5.085s] Level 1:colcon.colcon_core.package_discovery:discover_packages(recursive) using defaults
[5.085s] Level 1:colcon.colcon_core.package_discovery:discover_packages(ignore) discover
[5.085s] Level 1:colcon.colcon_core.package_discovery:discover_packages(ignore) using defaults
[5.085s] Level 1:colcon.colcon_core.package_discovery:discover_packages(path) discover
[5.085s] Level 1:colcon.colcon_core.package_discovery:discover_packages(path) using defaults
[5.530s] Level 1:colcon.colcon_core.package_discovery:discover_packages(prefix_path) check parameters
[5.530s] Level 1:colcon.colcon_core.package_discovery:discover_packages(prefix_path) discover
[5.677s] DEBUG:colcon.colcon_installed_package_information.package_discovery:Found 7 installed packages in /home/tch/neobotix_workspace/install
[5.748s] DEBUG:colcon.colcon_installed_package_information.package_discovery:Found 13 installed packages in /home/tch/mpo_500_workspace/install
[5.824s] DEBUG:colcon.colcon_installed_package_information.package_discovery:Found 324 installed packages in /opt/ros/humble
[5.829s] Level 1:colcon.colcon_core.package_discovery:discover_packages(prefix_path) using defaults
[6.280s] Level 5:colcon.colcon_core.verb:set package 'neo_nav2_py_costmap2D' build argument 'cmake_args' from command line to 'None'
[6.280s] Level 5:colcon.colcon_core.verb:set package 'neo_nav2_py_costmap2D' build argument 'cmake_target' from command line to 'None'
[6.280s] Level 5:colcon.colcon_core.verb:set package 'neo_nav2_py_costmap2D' build argument 'cmake_target_skip_unavailable' from command line to 'False'
[6.280s] Level 5:colcon.colcon_core.verb:set package 'neo_nav2_py_costmap2D' build argument 'cmake_clean_cache' from command line to 'False'
[6.280s] Level 5:colcon.colcon_core.verb:set package 'neo_nav2_py_costmap2D' build argument 'cmake_clean_first' from command line to 'False'
[6.280s] Level 5:colcon.colcon_core.verb:set package 'neo_nav2_py_costmap2D' build argument 'cmake_force_configure' from command line to 'False'
[6.280s] Level 5:colcon.colcon_core.verb:set package 'neo_nav2_py_costmap2D' build argument 'ament_cmake_args' from command line to 'None'
[6.280s] Level 5:colcon.colcon_core.verb:set package 'neo_nav2_py_costmap2D' build argument 'catkin_cmake_args' from command line to 'None'
[6.281s] Level 5:colcon.colcon_core.verb:set package 'neo_nav2_py_costmap2D' build argument 'catkin_skip_building_tests' from command line to 'False'
[6.281s] DEBUG:colcon.colcon_core.verb:Building package 'neo_nav2_py_costmap2D' with the following arguments: {'ament_cmake_args': None, 'build_base': '/home/tch/mpo_500_workspace/src/neo_nav2_py_costmap2D-main/build/neo_nav2_py_costmap2D', 'catkin_cmake_args': None, 'catkin_skip_building_tests': False, 'cmake_args': None, 'cmake_clean_cache': False, 'cmake_clean_first': False, 'cmake_force_configure': False, 'cmake_target': None, 'cmake_target_skip_unavailable': False, 'install_base': '/home/tch/mpo_500_workspace/src/neo_nav2_py_costmap2D-main/install/neo_nav2_py_costmap2D', 'merge_install': False, 'path': '/home/tch/mpo_500_workspace/src/neo_nav2_py_costmap2D-main', 'symlink_install': False, 'test_result_base': None}
[6.353s] INFO:colcon.colcon_core.executor:Executing jobs using 'parallel' executor
[6.428s] DEBUG:colcon.colcon_parallel_executor.executor.parallel:run_until_complete
[6.433s] INFO:colcon.colcon_ros.task.ament_python.build:Building ROS package in '/home/tch/mpo_500_workspace/src/neo_nav2_py_costmap2D-main' with build type 'ament_python'
[6.434s] Level 1:colcon.colcon_core.shell:create_environment_hook('neo_nav2_py_costmap2D', 'ament_prefix_path')
[6.516s] INFO:colcon.colcon_core.plugin_system:Skipping extension 'colcon_core.shell.bat': Not used on non-Windows systems
[6.517s] INFO:colcon.colcon_core.shell:Creating environment hook '/home/tch/mpo_500_workspace/src/neo_nav2_py_costmap2D-main/install/neo_nav2_py_costmap2D/share/neo_nav2_py_costmap2D/hook/ament_prefix_path.ps1'
[6.518s] INFO:colcon.colcon_core.shell:Creating environment descriptor '/home/tch/mpo_500_workspace/src/neo_nav2_py_costmap2D-main/install/neo_nav2_py_costmap2D/share/neo_nav2_py_costmap2D/hook/ament_prefix_path.dsv'
[6.520s] INFO:colcon.colcon_core.shell:Creating environment hook '/home/tch/mpo_500_workspace/src/neo_nav2_py_costmap2D-main/install/neo_nav2_py_costmap2D/share/neo_nav2_py_costmap2D/hook/ament_prefix_path.sh'
[6.598s] INFO:colcon.colcon_core.shell:Skip shell extension 'powershell' for command environment: Not usable outside of PowerShell
[6.598s] DEBUG:colcon.colcon_core.shell:Skip shell extension 'dsv' for command environment
[8.004s] INFO:colcon.colcon_core.task.python.build:Building Python package in '/home/tch/mpo_500_workspace/src/neo_nav2_py_costmap2D-main'
[8.085s] INFO:colcon.colcon_core.shell:Skip shell extension 'powershell' for command environment: Not usable outside of PowerShell
[8.085s] DEBUG:colcon.colcon_core.shell:Skip shell extension 'dsv' for command environment
[9.766s] DEBUG:colcon.colcon_core.event_handler.log_command:Invoking command in '/home/tch/mpo_500_workspace/src/neo_nav2_py_costmap2D-main': PYTHONPATH=/home/tch/mpo_500_workspace/src/neo_nav2_py_costmap2D-main/build/neo_nav2_py_costmap2D/prefix_override:/home/tch/mpo_500_workspace/src/neo_nav2_py_costmap2D-main/install/neo_nav2_py_costmap2D/lib/python3.10/site-packages:${PYTHONPATH} /usr/bin/python3 setup.py egg_info --egg-base build/neo_nav2_py_costmap2D build --build-base /home/tch/mpo_500_workspace/src/neo_nav2_py_costmap2D-main/build/neo_nav2_py_costmap2D/build install --record /home/tch/mpo_500_workspace/src/neo_nav2_py_costmap2D-main/build/neo_nav2_py_costmap2D/install.log --single-version-externally-managed
[11.026s] DEBUG:colcon.colcon_core.event_handler.log_command:Invoked command in '/home/tch/mpo_500_workspace/src/neo_nav2_py_costmap2D-main' returned '0': PYTHONPATH=/home/tch/mpo_500_workspace/src/neo_nav2_py_costmap2D-main/build/neo_nav2_py_costmap2D/prefix_override:/home/tch/mpo_500_workspace/src/neo_nav2_py_costmap2D-main/install/neo_nav2_py_costmap2D/lib/python3.10/site-packages:${PYTHONPATH} /usr/bin/python3 setup.py egg_info --egg-base build/neo_nav2_py_costmap2D build --build-base /home/tch/mpo_500_workspace/src/neo_nav2_py_costmap2D-main/build/neo_nav2_py_costmap2D/build install --record /home/tch/mpo_500_workspace/src/neo_nav2_py_costmap2D-main/build/neo_nav2_py_costmap2D/install.log --single-version-externally-managed
[11.091s] Level 1:colcon.colcon_core.environment:checking '/home/tch/mpo_500_workspace/src/neo_nav2_py_costmap2D-main/install/neo_nav2_py_costmap2D' for CMake module files
[11.097s] Level 1:colcon.colcon_core.environment:checking '/home/tch/mpo_500_workspace/src/neo_nav2_py_costmap2D-main/install/neo_nav2_py_costmap2D' for CMake config files
[11.099s] Level 1:colcon.colcon_core.environment:checking '/home/tch/mpo_500_workspace/src/neo_nav2_py_costmap2D-main/install/neo_nav2_py_costmap2D/lib'
[11.099s] Level 1:colcon.colcon_core.environment:checking '/home/tch/mpo_500_workspace/src/neo_nav2_py_costmap2D-main/install/neo_nav2_py_costmap2D/bin'
[11.099s] Level 1:colcon.colcon_core.environment:checking '/home/tch/mpo_500_workspace/src/neo_nav2_py_costmap2D-main/install/neo_nav2_py_costmap2D/lib/pkgconfig/neo_nav2_py_costmap2D.pc'
[11.100s] Level 1:colcon.colcon_core.environment:checking '/home/tch/mpo_500_workspace/src/neo_nav2_py_costmap2D-main/install/neo_nav2_py_costmap2D/lib/python3.10/site-packages'
[11.100s] Level 1:colcon.colcon_core.shell:create_environment_hook('neo_nav2_py_costmap2D', 'pythonpath')
[11.179s] INFO:colcon.colcon_core.shell:Creating environment hook '/home/tch/mpo_500_workspace/src/neo_nav2_py_costmap2D-main/install/neo_nav2_py_costmap2D/share/neo_nav2_py_costmap2D/hook/pythonpath.ps1'
[11.180s] INFO:colcon.colcon_core.shell:Creating environment descriptor '/home/tch/mpo_500_workspace/src/neo_nav2_py_costmap2D-main/install/neo_nav2_py_costmap2D/share/neo_nav2_py_costmap2D/hook/pythonpath.dsv'
[11.181s] INFO:colcon.colcon_core.shell:Creating environment hook '/home/tch/mpo_500_workspace/src/neo_nav2_py_costmap2D-main/install/neo_nav2_py_costmap2D/share/neo_nav2_py_costmap2D/hook/pythonpath.sh'
[11.183s] Level 1:colcon.colcon_core.environment:checking '/home/tch/mpo_500_workspace/src/neo_nav2_py_costmap2D-main/install/neo_nav2_py_costmap2D/bin'
[11.183s] Level 1:colcon.colcon_core.environment:create_environment_scripts_only(neo_nav2_py_costmap2D)
[11.254s] INFO:colcon.colcon_core.shell:Creating package script '/home/tch/mpo_500_workspace/src/neo_nav2_py_costmap2D-main/install/neo_nav2_py_costmap2D/share/neo_nav2_py_costmap2D/package.ps1'
[11.261s] INFO:colcon.colcon_core.shell:Creating package descriptor '/home/tch/mpo_500_workspace/src/neo_nav2_py_costmap2D-main/install/neo_nav2_py_costmap2D/share/neo_nav2_py_costmap2D/package.dsv'
[11.262s] INFO:colcon.colcon_core.shell:Creating package script '/home/tch/mpo_500_workspace/src/neo_nav2_py_costmap2D-main/install/neo_nav2_py_costmap2D/share/neo_nav2_py_costmap2D/package.sh'
[11.264s] INFO:colcon.colcon_core.shell:Creating package script '/home/tch/mpo_500_workspace/src/neo_nav2_py_costmap2D-main/install/neo_nav2_py_costmap2D/share/neo_nav2_py_costmap2D/package.bash'
[11.267s] INFO:colcon.colcon_core.shell:Creating package script '/home/tch/mpo_500_workspace/src/neo_nav2_py_costmap2D-main/install/neo_nav2_py_costmap2D/share/neo_nav2_py_costmap2D/package.zsh'
[11.269s] Level 1:colcon.colcon_core.environment:create_file_with_runtime_dependencies(/home/tch/mpo_500_workspace/src/neo_nav2_py_costmap2D-main/install/neo_nav2_py_costmap2D/share/colcon-core/packages/neo_nav2_py_costmap2D)
[11.270s] DEBUG:colcon.colcon_parallel_executor.executor.parallel:closing loop
[11.272s] DEBUG:colcon.colcon_parallel_executor.executor.parallel:loop closed
[11.274s] DEBUG:colcon.colcon_parallel_executor.executor.parallel:run_until_complete finished with '0'
[11.274s] DEBUG:colcon.colcon_core.event_reactor:joining thread
[11.372s] INFO:colcon.colcon_core.plugin_system:Skipping extension 'colcon_notification.desktop_notification.terminal_notifier': Not used on non-Darwin systems
[11.372s] INFO:colcon.colcon_core.plugin_system:Skipping extension 'colcon_notification.desktop_notification.win32': Not used on non-Windows systems
[11.373s] INFO:colcon.colcon_notification.desktop_notification:Sending desktop notification using 'notify2'
[11.425s] DEBUG:colcon.colcon_core.event_reactor:joined thread
[11.512s] INFO:colcon.colcon_core.shell:Creating prefix script '/home/tch/mpo_500_workspace/src/neo_nav2_py_costmap2D-main/install/local_setup.ps1'
[11.516s] INFO:colcon.colcon_core.shell:Creating prefix util module '/home/tch/mpo_500_workspace/src/neo_nav2_py_costmap2D-main/install/_local_setup_util_ps1.py'
[11.518s] INFO:colcon.colcon_core.shell:Creating prefix chain script '/home/tch/mpo_500_workspace/src/neo_nav2_py_costmap2D-main/install/setup.ps1'
[11.601s] INFO:colcon.colcon_core.shell:Creating prefix script '/home/tch/mpo_500_workspace/src/neo_nav2_py_costmap2D-main/install/local_setup.sh'
[11.602s] INFO:colcon.colcon_core.shell:Creating prefix util module '/home/tch/mpo_500_workspace/src/neo_nav2_py_costmap2D-main/install/_local_setup_util_sh.py'
[11.604s] INFO:colcon.colcon_core.shell:Creating prefix chain script '/home/tch/mpo_500_workspace/src/neo_nav2_py_costmap2D-main/install/setup.sh'
[11.691s] INFO:colcon.colcon_core.shell:Creating prefix script '/home/tch/mpo_500_workspace/src/neo_nav2_py_costmap2D-main/install/local_setup.bash'
[11.693s] INFO:colcon.colcon_core.shell:Creating prefix chain script '/home/tch/mpo_500_workspace/src/neo_nav2_py_costmap2D-main/install/setup.bash'
[11.771s] INFO:colcon.colcon_core.shell:Creating prefix script '/home/tch/mpo_500_workspace/src/neo_nav2_py_costmap2D-main/install/local_setup.zsh'
[11.772s] INFO:colcon.colcon_core.shell:Creating prefix chain script '/home/tch/mpo_500_workspace/src/neo_nav2_py_costmap2D-main/install/setup.zsh'
