[1.720s] DEBUG:colcon:Command line arguments: ['/usr/bin/colcon', 'build']
[1.721s] DEBUG:colcon:Parsed command line arguments: Namespace(log_base=None, log_level=None, verb_name='build', build_base='build', install_base='install', merge_install=False, symlink_install=False, test_result_base=None, continue_on_error=False, executor='parallel', parallel_workers=4, event_handlers=None, ignore_user_meta=False, metas=['./colcon.meta'], base_paths=['.'], packages_ignore=None, packages_ignore_regex=None, paths=None, packages_up_to=None, packages_up_to_regex=None, packages_above=None, packages_above_and_dependencies=None, packages_above_depth=None, packages_select_by_dep=None, packages_skip_by_dep=None, packages_skip_up_to=None, packages_select_build_failed=False, packages_skip_build_finished=False, packages_select_test_failures=False, packages_skip_test_passed=False, packages_select=None, packages_skip=None, packages_select_regex=None, packages_skip_regex=None, packages_start=None, packages_end=None, allow_overriding=[], cmake_args=None, cmake_target=None, cmake_target_skip_unavailable=False, cmake_clean_cache=False, cmake_clean_first=False, cmake_force_configure=False, ament_cmake_args=None, catkin_cmake_args=None, catkin_skip_building_tests=False, verb_parser=<colcon_defaults.argument_parser.defaults.DefaultArgumentsDecorator object at 0x7f196df8bac0>, verb_extension=<colcon_core.verb.build.BuildVerb object at 0x7f196df8af20>, main=<bound method BuildVerb.main of <colcon_core.verb.build.BuildVerb object at 0x7f196df8af20>>)
[1.828s] Level 1:colcon.colcon_core.package_discovery:discover_packages(colcon_meta) check parameters
[1.829s] Level 1:colcon.colcon_core.package_discovery:discover_packages(recursive) check parameters
[1.829s] Level 1:colcon.colcon_core.package_discovery:discover_packages(ignore) check parameters
[1.829s] Level 1:colcon.colcon_core.package_discovery:discover_packages(path) check parameters
[1.829s] Level 1:colcon.colcon_core.package_discovery:discover_packages(colcon_meta) discover
[1.829s] Level 1:colcon.colcon_core.package_discovery:discover_packages(recursive) discover
[1.829s] INFO:colcon.colcon_core.package_discovery:Crawling recursively for packages in '/home/tch/mpo_500_workspace/src/rplidar_ros-ros2'
[1.829s] Level 1:colcon.colcon_core.package_identification:_identify(.) by extensions ['ignore', 'ignore_ament_install']
[1.829s] Level 1:colcon.colcon_core.package_identification:_identify(.) by extension 'ignore'
[1.829s] Level 1:colcon.colcon_core.package_identification:_identify(.) by extension 'ignore_ament_install'
[1.829s] Level 1:colcon.colcon_core.package_identification:_identify(.) by extensions ['colcon_pkg']
[1.829s] Level 1:colcon.colcon_core.package_identification:_identify(.) by extension 'colcon_pkg'
[1.829s] Level 1:colcon.colcon_core.package_identification:_identify(.) by extensions ['colcon_meta']
[1.830s] Level 1:colcon.colcon_core.package_identification:_identify(.) by extension 'colcon_meta'
[1.830s] Level 1:colcon.colcon_core.package_identification:_identify(.) by extensions ['ros']
[1.830s] Level 1:colcon.colcon_core.package_identification:_identify(.) by extension 'ros'
[1.854s] DEBUG:colcon.colcon_core.package_identification:Package '.' with type 'ros.ament_cmake' and name 'rplidar_ros'
[1.854s] Level 1:colcon.colcon_core.package_discovery:discover_packages(recursive) using defaults
[1.854s] Level 1:colcon.colcon_core.package_discovery:discover_packages(ignore) discover
[1.854s] Level 1:colcon.colcon_core.package_discovery:discover_packages(ignore) using defaults
[1.855s] Level 1:colcon.colcon_core.package_discovery:discover_packages(path) discover
[1.855s] Level 1:colcon.colcon_core.package_discovery:discover_packages(path) using defaults
[2.018s] Level 1:colcon.colcon_core.package_discovery:discover_packages(prefix_path) check parameters
[2.018s] Level 1:colcon.colcon_core.package_discovery:discover_packages(prefix_path) discover
[2.067s] DEBUG:colcon.colcon_installed_package_information.package_discovery:Found 7 installed packages in /home/tch/neobotix_workspace/install
[2.088s] DEBUG:colcon.colcon_installed_package_information.package_discovery:Found 16 installed packages in /home/tch/mpo_500_workspace/install
[2.111s] DEBUG:colcon.colcon_installed_package_information.package_discovery:Found 324 installed packages in /opt/ros/humble
[2.114s] Level 1:colcon.colcon_core.package_discovery:discover_packages(prefix_path) using defaults
[2.337s] Level 5:colcon.colcon_core.verb:set package 'rplidar_ros' build argument 'cmake_args' from command line to 'None'
[2.338s] Level 5:colcon.colcon_core.verb:set package 'rplidar_ros' build argument 'cmake_target' from command line to 'None'
[2.338s] Level 5:colcon.colcon_core.verb:set package 'rplidar_ros' build argument 'cmake_target_skip_unavailable' from command line to 'False'
[2.338s] Level 5:colcon.colcon_core.verb:set package 'rplidar_ros' build argument 'cmake_clean_cache' from command line to 'False'
[2.338s] Level 5:colcon.colcon_core.verb:set package 'rplidar_ros' build argument 'cmake_clean_first' from command line to 'False'
[2.338s] Level 5:colcon.colcon_core.verb:set package 'rplidar_ros' build argument 'cmake_force_configure' from command line to 'False'
[2.338s] Level 5:colcon.colcon_core.verb:set package 'rplidar_ros' build argument 'ament_cmake_args' from command line to 'None'
[2.338s] Level 5:colcon.colcon_core.verb:set package 'rplidar_ros' build argument 'catkin_cmake_args' from command line to 'None'
[2.338s] Level 5:colcon.colcon_core.verb:set package 'rplidar_ros' build argument 'catkin_skip_building_tests' from command line to 'False'
[2.338s] DEBUG:colcon.colcon_core.verb:Building package 'rplidar_ros' with the following arguments: {'ament_cmake_args': None, 'build_base': '/home/tch/mpo_500_workspace/src/rplidar_ros-ros2/build/rplidar_ros', 'catkin_cmake_args': None, 'catkin_skip_building_tests': False, 'cmake_args': None, 'cmake_clean_cache': False, 'cmake_clean_first': False, 'cmake_force_configure': False, 'cmake_target': None, 'cmake_target_skip_unavailable': False, 'install_base': '/home/tch/mpo_500_workspace/src/rplidar_ros-ros2/install/rplidar_ros', 'merge_install': False, 'path': '/home/tch/mpo_500_workspace/src/rplidar_ros-ros2', 'symlink_install': False, 'test_result_base': None}
[2.358s] INFO:colcon.colcon_core.executor:Executing jobs using 'parallel' executor
[2.380s] DEBUG:colcon.colcon_parallel_executor.executor.parallel:run_until_complete
[2.381s] INFO:colcon.colcon_ros.task.ament_cmake.build:Building ROS package in '/home/tch/mpo_500_workspace/src/rplidar_ros-ros2' with build type 'ament_cmake'
[2.381s] INFO:colcon.colcon_cmake.task.cmake.build:Building CMake package in '/home/tch/mpo_500_workspace/src/rplidar_ros-ros2'
[2.414s] INFO:colcon.colcon_core.plugin_system:Skipping extension 'colcon_core.shell.bat': Not used on non-Windows systems
[2.414s] INFO:colcon.colcon_core.shell:Skip shell extension 'powershell' for command environment: Not usable outside of PowerShell
[2.414s] DEBUG:colcon.colcon_core.shell:Skip shell extension 'dsv' for command environment
[2.521s] DEBUG:colcon.colcon_core.event_handler.log_command:Invoking command in '/home/tch/mpo_500_workspace/src/rplidar_ros-ros2/build/rplidar_ros': CMAKE_PREFIX_PATH=${CMAKE_PREFIX_PATH}:/home/tch/mpo_500_workspace/install/odrive_motor_op:/home/tch/mpo_500_workspace/install/neo_nav2_py_costmap2D:/opt/ros/humble /usr/bin/cmake --build /home/tch/mpo_500_workspace/src/rplidar_ros-ros2/build/rplidar_ros -- -j4 -l4
[2.758s] DEBUG:colcon.colcon_core.event_handler.log_command:Invoked command in '/home/tch/mpo_500_workspace/src/rplidar_ros-ros2/build/rplidar_ros' returned '0': CMAKE_PREFIX_PATH=${CMAKE_PREFIX_PATH}:/home/tch/mpo_500_workspace/install/odrive_motor_op:/home/tch/mpo_500_workspace/install/neo_nav2_py_costmap2D:/opt/ros/humble /usr/bin/cmake --build /home/tch/mpo_500_workspace/src/rplidar_ros-ros2/build/rplidar_ros -- -j4 -l4
[2.927s] DEBUG:colcon.colcon_core.event_handler.log_command:Invoking command in '/home/tch/mpo_500_workspace/src/rplidar_ros-ros2/build/rplidar_ros': CMAKE_PREFIX_PATH=${CMAKE_PREFIX_PATH}:/home/tch/mpo_500_workspace/install/odrive_motor_op:/home/tch/mpo_500_workspace/install/neo_nav2_py_costmap2D:/opt/ros/humble /usr/bin/cmake --install /home/tch/mpo_500_workspace/src/rplidar_ros-ros2/build/rplidar_ros
[2.963s] Level 1:colcon.colcon_core.environment:create_environment_scripts_only(rplidar_ros)
[2.964s] DEBUG:colcon.colcon_core.event_handler.log_command:Invoked command in '/home/tch/mpo_500_workspace/src/rplidar_ros-ros2/build/rplidar_ros' returned '0': CMAKE_PREFIX_PATH=${CMAKE_PREFIX_PATH}:/home/tch/mpo_500_workspace/install/odrive_motor_op:/home/tch/mpo_500_workspace/install/neo_nav2_py_costmap2D:/opt/ros/humble /usr/bin/cmake --install /home/tch/mpo_500_workspace/src/rplidar_ros-ros2/build/rplidar_ros
[3.004s] Level 1:colcon.colcon_core.environment:checking '/home/tch/mpo_500_workspace/src/rplidar_ros-ros2/install/rplidar_ros' for CMake module files
[3.005s] Level 1:colcon.colcon_core.environment:checking '/home/tch/mpo_500_workspace/src/rplidar_ros-ros2/install/rplidar_ros' for CMake config files
[3.006s] Level 1:colcon.colcon_core.shell:create_environment_hook('rplidar_ros', 'cmake_prefix_path')
[3.032s] INFO:colcon.colcon_core.shell:Creating environment hook '/home/tch/mpo_500_workspace/src/rplidar_ros-ros2/install/rplidar_ros/share/rplidar_ros/hook/cmake_prefix_path.ps1'
[3.035s] INFO:colcon.colcon_core.shell:Creating environment descriptor '/home/tch/mpo_500_workspace/src/rplidar_ros-ros2/install/rplidar_ros/share/rplidar_ros/hook/cmake_prefix_path.dsv'
[3.036s] INFO:colcon.colcon_core.shell:Creating environment hook '/home/tch/mpo_500_workspace/src/rplidar_ros-ros2/install/rplidar_ros/share/rplidar_ros/hook/cmake_prefix_path.sh'
[3.038s] Level 1:colcon.colcon_core.environment:checking '/home/tch/mpo_500_workspace/src/rplidar_ros-ros2/install/rplidar_ros/lib'
[3.038s] Level 1:colcon.colcon_core.environment:checking '/home/tch/mpo_500_workspace/src/rplidar_ros-ros2/install/rplidar_ros/bin'
[3.038s] Level 1:colcon.colcon_core.environment:checking '/home/tch/mpo_500_workspace/src/rplidar_ros-ros2/install/rplidar_ros/lib/pkgconfig/rplidar_ros.pc'
[3.039s] Level 1:colcon.colcon_core.environment:checking '/home/tch/mpo_500_workspace/src/rplidar_ros-ros2/install/rplidar_ros/lib/python3.10/site-packages'
[3.039s] Level 1:colcon.colcon_core.environment:checking '/home/tch/mpo_500_workspace/src/rplidar_ros-ros2/install/rplidar_ros/bin'
[3.063s] INFO:colcon.colcon_core.shell:Creating package script '/home/tch/mpo_500_workspace/src/rplidar_ros-ros2/install/rplidar_ros/share/rplidar_ros/package.ps1'
[3.067s] INFO:colcon.colcon_core.shell:Creating package descriptor '/home/tch/mpo_500_workspace/src/rplidar_ros-ros2/install/rplidar_ros/share/rplidar_ros/package.dsv'
[3.068s] INFO:colcon.colcon_core.shell:Creating package script '/home/tch/mpo_500_workspace/src/rplidar_ros-ros2/install/rplidar_ros/share/rplidar_ros/package.sh'
[3.069s] INFO:colcon.colcon_core.shell:Creating package script '/home/tch/mpo_500_workspace/src/rplidar_ros-ros2/install/rplidar_ros/share/rplidar_ros/package.bash'
[3.071s] INFO:colcon.colcon_core.shell:Creating package script '/home/tch/mpo_500_workspace/src/rplidar_ros-ros2/install/rplidar_ros/share/rplidar_ros/package.zsh'
[3.072s] Level 1:colcon.colcon_core.environment:create_file_with_runtime_dependencies(/home/tch/mpo_500_workspace/src/rplidar_ros-ros2/install/rplidar_ros/share/colcon-core/packages/rplidar_ros)
[3.191s] Level 1:colcon.colcon_core.environment:create_environment_scripts_only(rplidar_ros)
[3.217s] Level 1:colcon.colcon_core.environment:checking '/home/tch/mpo_500_workspace/src/rplidar_ros-ros2/install/rplidar_ros' for CMake module files
[3.217s] Level 1:colcon.colcon_core.environment:checking '/home/tch/mpo_500_workspace/src/rplidar_ros-ros2/install/rplidar_ros' for CMake config files
[3.218s] Level 1:colcon.colcon_core.shell:create_environment_hook('rplidar_ros', 'cmake_prefix_path')
[3.241s] INFO:colcon.colcon_core.shell:Creating environment hook '/home/tch/mpo_500_workspace/src/rplidar_ros-ros2/install/rplidar_ros/share/rplidar_ros/hook/cmake_prefix_path.ps1'
[3.243s] INFO:colcon.colcon_core.shell:Creating environment descriptor '/home/tch/mpo_500_workspace/src/rplidar_ros-ros2/install/rplidar_ros/share/rplidar_ros/hook/cmake_prefix_path.dsv'
[3.243s] INFO:colcon.colcon_core.shell:Creating environment hook '/home/tch/mpo_500_workspace/src/rplidar_ros-ros2/install/rplidar_ros/share/rplidar_ros/hook/cmake_prefix_path.sh'
[3.244s] Level 1:colcon.colcon_core.environment:checking '/home/tch/mpo_500_workspace/src/rplidar_ros-ros2/install/rplidar_ros/lib'
[3.244s] Level 1:colcon.colcon_core.environment:checking '/home/tch/mpo_500_workspace/src/rplidar_ros-ros2/install/rplidar_ros/bin'
[3.244s] Level 1:colcon.colcon_core.environment:checking '/home/tch/mpo_500_workspace/src/rplidar_ros-ros2/install/rplidar_ros/lib/pkgconfig/rplidar_ros.pc'
[3.245s] Level 1:colcon.colcon_core.environment:checking '/home/tch/mpo_500_workspace/src/rplidar_ros-ros2/install/rplidar_ros/lib/python3.10/site-packages'
[3.245s] Level 1:colcon.colcon_core.environment:checking '/home/tch/mpo_500_workspace/src/rplidar_ros-ros2/install/rplidar_ros/bin'
[3.270s] INFO:colcon.colcon_core.shell:Creating package script '/home/tch/mpo_500_workspace/src/rplidar_ros-ros2/install/rplidar_ros/share/rplidar_ros/package.ps1'
[3.270s] INFO:colcon.colcon_core.shell:Creating package descriptor '/home/tch/mpo_500_workspace/src/rplidar_ros-ros2/install/rplidar_ros/share/rplidar_ros/package.dsv'
[3.271s] INFO:colcon.colcon_core.shell:Creating package script '/home/tch/mpo_500_workspace/src/rplidar_ros-ros2/install/rplidar_ros/share/rplidar_ros/package.sh'
[3.272s] INFO:colcon.colcon_core.shell:Creating package script '/home/tch/mpo_500_workspace/src/rplidar_ros-ros2/install/rplidar_ros/share/rplidar_ros/package.bash'
[3.272s] INFO:colcon.colcon_core.shell:Creating package script '/home/tch/mpo_500_workspace/src/rplidar_ros-ros2/install/rplidar_ros/share/rplidar_ros/package.zsh'
[3.273s] Level 1:colcon.colcon_core.environment:create_file_with_runtime_dependencies(/home/tch/mpo_500_workspace/src/rplidar_ros-ros2/install/rplidar_ros/share/colcon-core/packages/rplidar_ros)
[3.273s] DEBUG:colcon.colcon_parallel_executor.executor.parallel:closing loop
[3.274s] DEBUG:colcon.colcon_parallel_executor.executor.parallel:loop closed
[3.274s] DEBUG:colcon.colcon_parallel_executor.executor.parallel:run_until_complete finished with '0'
[3.274s] DEBUG:colcon.colcon_core.event_reactor:joining thread
[3.307s] INFO:colcon.colcon_core.plugin_system:Skipping extension 'colcon_notification.desktop_notification.terminal_notifier': Not used on non-Darwin systems
[3.307s] INFO:colcon.colcon_core.plugin_system:Skipping extension 'colcon_notification.desktop_notification.win32': Not used on non-Windows systems
[3.307s] INFO:colcon.colcon_notification.desktop_notification:Sending desktop notification using 'notify2'
[3.330s] DEBUG:colcon.colcon_core.event_reactor:joined thread
[3.358s] INFO:colcon.colcon_core.shell:Creating prefix script '/home/tch/mpo_500_workspace/src/rplidar_ros-ros2/install/local_setup.ps1'
[3.361s] INFO:colcon.colcon_core.shell:Creating prefix util module '/home/tch/mpo_500_workspace/src/rplidar_ros-ros2/install/_local_setup_util_ps1.py'
[3.364s] INFO:colcon.colcon_core.shell:Creating prefix chain script '/home/tch/mpo_500_workspace/src/rplidar_ros-ros2/install/setup.ps1'
[3.393s] INFO:colcon.colcon_core.shell:Creating prefix script '/home/tch/mpo_500_workspace/src/rplidar_ros-ros2/install/local_setup.sh'
[3.394s] INFO:colcon.colcon_core.shell:Creating prefix util module '/home/tch/mpo_500_workspace/src/rplidar_ros-ros2/install/_local_setup_util_sh.py'
[3.395s] INFO:colcon.colcon_core.shell:Creating prefix chain script '/home/tch/mpo_500_workspace/src/rplidar_ros-ros2/install/setup.sh'
[3.423s] INFO:colcon.colcon_core.shell:Creating prefix script '/home/tch/mpo_500_workspace/src/rplidar_ros-ros2/install/local_setup.bash'
[3.424s] INFO:colcon.colcon_core.shell:Creating prefix chain script '/home/tch/mpo_500_workspace/src/rplidar_ros-ros2/install/setup.bash'
[3.450s] INFO:colcon.colcon_core.shell:Creating prefix script '/home/tch/mpo_500_workspace/src/rplidar_ros-ros2/install/local_setup.zsh'
[3.451s] INFO:colcon.colcon_core.shell:Creating prefix chain script '/home/tch/mpo_500_workspace/src/rplidar_ros-ros2/install/setup.zsh'
