[1.381s] DEBUG:colcon:Command line arguments: ['/usr/bin/colcon', 'build']
[1.381s] DEBUG:colcon:Parsed command line arguments: Namespace(log_base=None, log_level=None, verb_name='build', build_base='build', install_base='install', merge_install=False, symlink_install=False, test_result_base=None, continue_on_error=False, executor='parallel', parallel_workers=4, event_handlers=None, ignore_user_meta=False, metas=['./colcon.meta'], base_paths=['.'], packages_ignore=None, packages_ignore_regex=None, paths=None, packages_up_to=None, packages_up_to_regex=None, packages_above=None, packages_above_and_dependencies=None, packages_above_depth=None, packages_select_by_dep=None, packages_skip_by_dep=None, packages_skip_up_to=None, packages_select_build_failed=False, packages_skip_build_finished=False, packages_select_test_failures=False, packages_skip_test_passed=False, packages_select=None, packages_skip=None, packages_select_regex=None, packages_skip_regex=None, packages_start=None, packages_end=None, allow_overriding=[], cmake_args=None, cmake_target=None, cmake_target_skip_unavailable=False, cmake_clean_cache=False, cmake_clean_first=False, cmake_force_configure=False, ament_cmake_args=None, catkin_cmake_args=None, catkin_skip_building_tests=False, verb_parser=<colcon_defaults.argument_parser.defaults.DefaultArgumentsDecorator object at 0x7f7520087ac0>, verb_extension=<colcon_core.verb.build.BuildVerb object at 0x7f7520086f20>, main=<bound method BuildVerb.main of <colcon_core.verb.build.BuildVerb object at 0x7f7520086f20>>)
[1.445s] Level 1:colcon.colcon_core.package_discovery:discover_packages(colcon_meta) check parameters
[1.446s] Level 1:colcon.colcon_core.package_discovery:discover_packages(recursive) check parameters
[1.446s] Level 1:colcon.colcon_core.package_discovery:discover_packages(ignore) check parameters
[1.446s] Level 1:colcon.colcon_core.package_discovery:discover_packages(path) check parameters
[1.446s] Level 1:colcon.colcon_core.package_discovery:discover_packages(colcon_meta) discover
[1.446s] Level 1:colcon.colcon_core.package_discovery:discover_packages(recursive) discover
[1.446s] INFO:colcon.colcon_core.package_discovery:Crawling recursively for packages in '/home/tch/mpo_500_workspace/src/rplidar_ros-ros2'
[1.446s] Level 1:colcon.colcon_core.package_identification:_identify(.) by extensions ['ignore', 'ignore_ament_install']
[1.446s] Level 1:colcon.colcon_core.package_identification:_identify(.) by extension 'ignore'
[1.446s] Level 1:colcon.colcon_core.package_identification:_identify(.) by extension 'ignore_ament_install'
[1.446s] Level 1:colcon.colcon_core.package_identification:_identify(.) by extensions ['colcon_pkg']
[1.446s] Level 1:colcon.colcon_core.package_identification:_identify(.) by extension 'colcon_pkg'
[1.446s] Level 1:colcon.colcon_core.package_identification:_identify(.) by extensions ['colcon_meta']
[1.446s] Level 1:colcon.colcon_core.package_identification:_identify(.) by extension 'colcon_meta'
[1.446s] Level 1:colcon.colcon_core.package_identification:_identify(.) by extensions ['ros']
[1.446s] Level 1:colcon.colcon_core.package_identification:_identify(.) by extension 'ros'
[1.465s] DEBUG:colcon.colcon_core.package_identification:Package '.' with type 'ros.ament_cmake' and name 'rplidar_ros'
[1.465s] Level 1:colcon.colcon_core.package_discovery:discover_packages(recursive) using defaults
[1.465s] Level 1:colcon.colcon_core.package_discovery:discover_packages(ignore) discover
[1.465s] Level 1:colcon.colcon_core.package_discovery:discover_packages(ignore) using defaults
[1.465s] Level 1:colcon.colcon_core.package_discovery:discover_packages(path) discover
[1.465s] Level 1:colcon.colcon_core.package_discovery:discover_packages(path) using defaults
[1.591s] Level 1:colcon.colcon_core.package_discovery:discover_packages(prefix_path) check parameters
[1.591s] Level 1:colcon.colcon_core.package_discovery:discover_packages(prefix_path) discover
[1.635s] DEBUG:colcon.colcon_installed_package_information.package_discovery:Found 7 installed packages in /home/tch/neobotix_workspace/install
[1.655s] DEBUG:colcon.colcon_installed_package_information.package_discovery:Found 16 installed packages in /home/tch/mpo_500_workspace/install
[1.678s] DEBUG:colcon.colcon_installed_package_information.package_discovery:Found 324 installed packages in /opt/ros/humble
[1.680s] Level 1:colcon.colcon_core.package_discovery:discover_packages(prefix_path) using defaults
[1.832s] Level 5:colcon.colcon_core.verb:set package 'rplidar_ros' build argument 'cmake_args' from command line to 'None'
[1.832s] Level 5:colcon.colcon_core.verb:set package 'rplidar_ros' build argument 'cmake_target' from command line to 'None'
[1.832s] Level 5:colcon.colcon_core.verb:set package 'rplidar_ros' build argument 'cmake_target_skip_unavailable' from command line to 'False'
[1.832s] Level 5:colcon.colcon_core.verb:set package 'rplidar_ros' build argument 'cmake_clean_cache' from command line to 'False'
[1.832s] Level 5:colcon.colcon_core.verb:set package 'rplidar_ros' build argument 'cmake_clean_first' from command line to 'False'
[1.832s] Level 5:colcon.colcon_core.verb:set package 'rplidar_ros' build argument 'cmake_force_configure' from command line to 'False'
[1.832s] Level 5:colcon.colcon_core.verb:set package 'rplidar_ros' build argument 'ament_cmake_args' from command line to 'None'
[1.832s] Level 5:colcon.colcon_core.verb:set package 'rplidar_ros' build argument 'catkin_cmake_args' from command line to 'None'
[1.832s] Level 5:colcon.colcon_core.verb:set package 'rplidar_ros' build argument 'catkin_skip_building_tests' from command line to 'False'
[1.832s] DEBUG:colcon.colcon_core.verb:Building package 'rplidar_ros' with the following arguments: {'ament_cmake_args': None, 'build_base': '/home/tch/mpo_500_workspace/src/rplidar_ros-ros2/build/rplidar_ros', 'catkin_cmake_args': None, 'catkin_skip_building_tests': False, 'cmake_args': None, 'cmake_clean_cache': False, 'cmake_clean_first': False, 'cmake_force_configure': False, 'cmake_target': None, 'cmake_target_skip_unavailable': False, 'install_base': '/home/tch/mpo_500_workspace/src/rplidar_ros-ros2/install/rplidar_ros', 'merge_install': False, 'path': '/home/tch/mpo_500_workspace/src/rplidar_ros-ros2', 'symlink_install': False, 'test_result_base': None}
[1.853s] INFO:colcon.colcon_core.executor:Executing jobs using 'parallel' executor
[1.874s] DEBUG:colcon.colcon_parallel_executor.executor.parallel:run_until_complete
[1.874s] INFO:colcon.colcon_ros.task.ament_cmake.build:Building ROS package in '/home/tch/mpo_500_workspace/src/rplidar_ros-ros2' with build type 'ament_cmake'
[1.874s] INFO:colcon.colcon_cmake.task.cmake.build:Building CMake package in '/home/tch/mpo_500_workspace/src/rplidar_ros-ros2'
[1.899s] INFO:colcon.colcon_core.plugin_system:Skipping extension 'colcon_core.shell.bat': Not used on non-Windows systems
[1.899s] INFO:colcon.colcon_core.shell:Skip shell extension 'powershell' for command environment: Not usable outside of PowerShell
[1.899s] DEBUG:colcon.colcon_core.shell:Skip shell extension 'dsv' for command environment
[1.997s] DEBUG:colcon.colcon_core.event_handler.log_command:Invoking command in '/home/tch/mpo_500_workspace/src/rplidar_ros-ros2/build/rplidar_ros': CMAKE_PREFIX_PATH=${CMAKE_PREFIX_PATH}:/home/tch/mpo_500_workspace/install/odrive_motor_op:/home/tch/mpo_500_workspace/install/neo_nav2_py_costmap2D:/opt/ros/humble /usr/bin/cmake /home/tch/mpo_500_workspace/src/rplidar_ros-ros2 -DCMAKE_INSTALL_PREFIX=/home/tch/mpo_500_workspace/src/rplidar_ros-ros2/install/rplidar_ros
[4.602s] DEBUG:colcon.colcon_core.event_handler.log_command:Invoked command in '/home/tch/mpo_500_workspace/src/rplidar_ros-ros2/build/rplidar_ros' returned '0': CMAKE_PREFIX_PATH=${CMAKE_PREFIX_PATH}:/home/tch/mpo_500_workspace/install/odrive_motor_op:/home/tch/mpo_500_workspace/install/neo_nav2_py_costmap2D:/opt/ros/humble /usr/bin/cmake /home/tch/mpo_500_workspace/src/rplidar_ros-ros2 -DCMAKE_INSTALL_PREFIX=/home/tch/mpo_500_workspace/src/rplidar_ros-ros2/install/rplidar_ros
[4.605s] DEBUG:colcon.colcon_core.event_handler.log_command:Invoking command in '/home/tch/mpo_500_workspace/src/rplidar_ros-ros2/build/rplidar_ros': CMAKE_PREFIX_PATH=${CMAKE_PREFIX_PATH}:/home/tch/mpo_500_workspace/install/odrive_motor_op:/home/tch/mpo_500_workspace/install/neo_nav2_py_costmap2D:/opt/ros/humble /usr/bin/cmake --build /home/tch/mpo_500_workspace/src/rplidar_ros-ros2/build/rplidar_ros -- -j4 -l4
[22.118s] DEBUG:colcon.colcon_core.event_handler.log_command:Invoked command in '/home/tch/mpo_500_workspace/src/rplidar_ros-ros2/build/rplidar_ros' returned '0': CMAKE_PREFIX_PATH=${CMAKE_PREFIX_PATH}:/home/tch/mpo_500_workspace/install/odrive_motor_op:/home/tch/mpo_500_workspace/install/neo_nav2_py_costmap2D:/opt/ros/humble /usr/bin/cmake --build /home/tch/mpo_500_workspace/src/rplidar_ros-ros2/build/rplidar_ros -- -j4 -l4
[22.224s] DEBUG:colcon.colcon_core.event_handler.log_command:Invoking command in '/home/tch/mpo_500_workspace/src/rplidar_ros-ros2/build/rplidar_ros': CMAKE_PREFIX_PATH=${CMAKE_PREFIX_PATH}:/home/tch/mpo_500_workspace/install/odrive_motor_op:/home/tch/mpo_500_workspace/install/neo_nav2_py_costmap2D:/opt/ros/humble /usr/bin/cmake --install /home/tch/mpo_500_workspace/src/rplidar_ros-ros2/build/rplidar_ros
[22.251s] Level 1:colcon.colcon_core.environment:create_environment_scripts_only(rplidar_ros)
[22.251s] DEBUG:colcon.colcon_core.event_handler.log_command:Invoked command in '/home/tch/mpo_500_workspace/src/rplidar_ros-ros2/build/rplidar_ros' returned '0': CMAKE_PREFIX_PATH=${CMAKE_PREFIX_PATH}:/home/tch/mpo_500_workspace/install/odrive_motor_op:/home/tch/mpo_500_workspace/install/neo_nav2_py_costmap2D:/opt/ros/humble /usr/bin/cmake --install /home/tch/mpo_500_workspace/src/rplidar_ros-ros2/build/rplidar_ros
[22.276s] Level 1:colcon.colcon_core.environment:checking '/home/tch/mpo_500_workspace/src/rplidar_ros-ros2/install/rplidar_ros' for CMake module files
[22.277s] Level 1:colcon.colcon_core.environment:checking '/home/tch/mpo_500_workspace/src/rplidar_ros-ros2/install/rplidar_ros' for CMake config files
[22.277s] Level 1:colcon.colcon_core.shell:create_environment_hook('rplidar_ros', 'cmake_prefix_path')
[22.299s] INFO:colcon.colcon_core.shell:Creating environment hook '/home/tch/mpo_500_workspace/src/rplidar_ros-ros2/install/rplidar_ros/share/rplidar_ros/hook/cmake_prefix_path.ps1'
[22.300s] INFO:colcon.colcon_core.shell:Creating environment descriptor '/home/tch/mpo_500_workspace/src/rplidar_ros-ros2/install/rplidar_ros/share/rplidar_ros/hook/cmake_prefix_path.dsv'
[22.300s] INFO:colcon.colcon_core.shell:Creating environment hook '/home/tch/mpo_500_workspace/src/rplidar_ros-ros2/install/rplidar_ros/share/rplidar_ros/hook/cmake_prefix_path.sh'
[22.301s] Level 1:colcon.colcon_core.environment:checking '/home/tch/mpo_500_workspace/src/rplidar_ros-ros2/install/rplidar_ros/lib'
[22.302s] Level 1:colcon.colcon_core.environment:checking '/home/tch/mpo_500_workspace/src/rplidar_ros-ros2/install/rplidar_ros/bin'
[22.302s] Level 1:colcon.colcon_core.environment:checking '/home/tch/mpo_500_workspace/src/rplidar_ros-ros2/install/rplidar_ros/lib/pkgconfig/rplidar_ros.pc'
[22.302s] Level 1:colcon.colcon_core.environment:checking '/home/tch/mpo_500_workspace/src/rplidar_ros-ros2/install/rplidar_ros/lib/python3.10/site-packages'
[22.302s] Level 1:colcon.colcon_core.environment:checking '/home/tch/mpo_500_workspace/src/rplidar_ros-ros2/install/rplidar_ros/bin'
[22.323s] INFO:colcon.colcon_core.shell:Creating package script '/home/tch/mpo_500_workspace/src/rplidar_ros-ros2/install/rplidar_ros/share/rplidar_ros/package.ps1'
[22.324s] INFO:colcon.colcon_core.shell:Creating package descriptor '/home/tch/mpo_500_workspace/src/rplidar_ros-ros2/install/rplidar_ros/share/rplidar_ros/package.dsv'
[22.325s] INFO:colcon.colcon_core.shell:Creating package script '/home/tch/mpo_500_workspace/src/rplidar_ros-ros2/install/rplidar_ros/share/rplidar_ros/package.sh'
[22.326s] INFO:colcon.colcon_core.shell:Creating package script '/home/tch/mpo_500_workspace/src/rplidar_ros-ros2/install/rplidar_ros/share/rplidar_ros/package.bash'
[22.327s] INFO:colcon.colcon_core.shell:Creating package script '/home/tch/mpo_500_workspace/src/rplidar_ros-ros2/install/rplidar_ros/share/rplidar_ros/package.zsh'
[22.328s] Level 1:colcon.colcon_core.environment:create_file_with_runtime_dependencies(/home/tch/mpo_500_workspace/src/rplidar_ros-ros2/install/rplidar_ros/share/colcon-core/packages/rplidar_ros)
[22.441s] Level 1:colcon.colcon_core.environment:create_environment_scripts_only(rplidar_ros)
[22.462s] Level 1:colcon.colcon_core.environment:checking '/home/tch/mpo_500_workspace/src/rplidar_ros-ros2/install/rplidar_ros' for CMake module files
[22.463s] Level 1:colcon.colcon_core.environment:checking '/home/tch/mpo_500_workspace/src/rplidar_ros-ros2/install/rplidar_ros' for CMake config files
[22.463s] Level 1:colcon.colcon_core.shell:create_environment_hook('rplidar_ros', 'cmake_prefix_path')
[22.486s] INFO:colcon.colcon_core.shell:Creating environment hook '/home/tch/mpo_500_workspace/src/rplidar_ros-ros2/install/rplidar_ros/share/rplidar_ros/hook/cmake_prefix_path.ps1'
[22.487s] INFO:colcon.colcon_core.shell:Creating environment descriptor '/home/tch/mpo_500_workspace/src/rplidar_ros-ros2/install/rplidar_ros/share/rplidar_ros/hook/cmake_prefix_path.dsv'
[22.488s] INFO:colcon.colcon_core.shell:Creating environment hook '/home/tch/mpo_500_workspace/src/rplidar_ros-ros2/install/rplidar_ros/share/rplidar_ros/hook/cmake_prefix_path.sh'
[22.488s] Level 1:colcon.colcon_core.environment:checking '/home/tch/mpo_500_workspace/src/rplidar_ros-ros2/install/rplidar_ros/lib'
[22.489s] Level 1:colcon.colcon_core.environment:checking '/home/tch/mpo_500_workspace/src/rplidar_ros-ros2/install/rplidar_ros/bin'
[22.489s] Level 1:colcon.colcon_core.environment:checking '/home/tch/mpo_500_workspace/src/rplidar_ros-ros2/install/rplidar_ros/lib/pkgconfig/rplidar_ros.pc'
[22.489s] Level 1:colcon.colcon_core.environment:checking '/home/tch/mpo_500_workspace/src/rplidar_ros-ros2/install/rplidar_ros/lib/python3.10/site-packages'
[22.489s] Level 1:colcon.colcon_core.environment:checking '/home/tch/mpo_500_workspace/src/rplidar_ros-ros2/install/rplidar_ros/bin'
[22.510s] INFO:colcon.colcon_core.shell:Creating package script '/home/tch/mpo_500_workspace/src/rplidar_ros-ros2/install/rplidar_ros/share/rplidar_ros/package.ps1'
[22.511s] INFO:colcon.colcon_core.shell:Creating package descriptor '/home/tch/mpo_500_workspace/src/rplidar_ros-ros2/install/rplidar_ros/share/rplidar_ros/package.dsv'
[22.511s] INFO:colcon.colcon_core.shell:Creating package script '/home/tch/mpo_500_workspace/src/rplidar_ros-ros2/install/rplidar_ros/share/rplidar_ros/package.sh'
[22.512s] INFO:colcon.colcon_core.shell:Creating package script '/home/tch/mpo_500_workspace/src/rplidar_ros-ros2/install/rplidar_ros/share/rplidar_ros/package.bash'
[22.513s] INFO:colcon.colcon_core.shell:Creating package script '/home/tch/mpo_500_workspace/src/rplidar_ros-ros2/install/rplidar_ros/share/rplidar_ros/package.zsh'
[22.513s] Level 1:colcon.colcon_core.environment:create_file_with_runtime_dependencies(/home/tch/mpo_500_workspace/src/rplidar_ros-ros2/install/rplidar_ros/share/colcon-core/packages/rplidar_ros)
[22.514s] DEBUG:colcon.colcon_parallel_executor.executor.parallel:closing loop
[22.514s] DEBUG:colcon.colcon_parallel_executor.executor.parallel:loop closed
[22.514s] DEBUG:colcon.colcon_parallel_executor.executor.parallel:run_until_complete finished with '0'
[22.514s] DEBUG:colcon.colcon_core.event_reactor:joining thread
[22.565s] INFO:colcon.colcon_core.plugin_system:Skipping extension 'colcon_notification.desktop_notification.terminal_notifier': Not used on non-Darwin systems
[22.565s] INFO:colcon.colcon_core.plugin_system:Skipping extension 'colcon_notification.desktop_notification.win32': Not used on non-Windows systems
[22.565s] INFO:colcon.colcon_notification.desktop_notification:Sending desktop notification using 'notify2'
[22.588s] DEBUG:colcon.colcon_core.event_reactor:joined thread
[22.620s] INFO:colcon.colcon_core.shell:Creating prefix script '/home/tch/mpo_500_workspace/src/rplidar_ros-ros2/install/local_setup.ps1'
[22.621s] INFO:colcon.colcon_core.shell:Creating prefix util module '/home/tch/mpo_500_workspace/src/rplidar_ros-ros2/install/_local_setup_util_ps1.py'
[22.624s] INFO:colcon.colcon_core.shell:Creating prefix chain script '/home/tch/mpo_500_workspace/src/rplidar_ros-ros2/install/setup.ps1'
[22.651s] INFO:colcon.colcon_core.shell:Creating prefix script '/home/tch/mpo_500_workspace/src/rplidar_ros-ros2/install/local_setup.sh'
[22.652s] INFO:colcon.colcon_core.shell:Creating prefix util module '/home/tch/mpo_500_workspace/src/rplidar_ros-ros2/install/_local_setup_util_sh.py'
[22.652s] INFO:colcon.colcon_core.shell:Creating prefix chain script '/home/tch/mpo_500_workspace/src/rplidar_ros-ros2/install/setup.sh'
[22.678s] INFO:colcon.colcon_core.shell:Creating prefix script '/home/tch/mpo_500_workspace/src/rplidar_ros-ros2/install/local_setup.bash'
[22.678s] INFO:colcon.colcon_core.shell:Creating prefix chain script '/home/tch/mpo_500_workspace/src/rplidar_ros-ros2/install/setup.bash'
[22.702s] INFO:colcon.colcon_core.shell:Creating prefix script '/home/tch/mpo_500_workspace/src/rplidar_ros-ros2/install/local_setup.zsh'
[22.703s] INFO:colcon.colcon_core.shell:Creating prefix chain script '/home/tch/mpo_500_workspace/src/rplidar_ros-ros2/install/setup.zsh'
