[1.609s] DEBUG:colcon:Command line arguments: ['/usr/bin/colcon', 'build']
[1.609s] DEBUG:colcon:Parsed command line arguments: Namespace(log_base=None, log_level=None, verb_name='build', build_base='build', install_base='install', merge_install=False, symlink_install=False, test_result_base=None, continue_on_error=False, executor='parallel', parallel_workers=4, event_handlers=None, ignore_user_meta=False, metas=['./colcon.meta'], base_paths=['.'], packages_ignore=None, packages_ignore_regex=None, paths=None, packages_up_to=None, packages_up_to_regex=None, packages_above=None, packages_above_and_dependencies=None, packages_above_depth=None, packages_select_by_dep=None, packages_skip_by_dep=None, packages_skip_up_to=None, packages_select_build_failed=False, packages_skip_build_finished=False, packages_select_test_failures=False, packages_skip_test_passed=False, packages_select=None, packages_skip=None, packages_select_regex=None, packages_skip_regex=None, packages_start=None, packages_end=None, allow_overriding=[], cmake_args=None, cmake_target=None, cmake_target_skip_unavailable=False, cmake_clean_cache=False, cmake_clean_first=False, cmake_force_configure=False, ament_cmake_args=None, catkin_cmake_args=None, catkin_skip_building_tests=False, verb_parser=<colcon_defaults.argument_parser.defaults.DefaultArgumentsDecorator object at 0x7f87747ca950>, verb_extension=<colcon_core.verb.build.BuildVerb object at 0x7f87747ca710>, main=<bound method BuildVerb.main of <colcon_core.verb.build.BuildVerb object at 0x7f87747ca710>>)
[1.682s] Level 1:colcon.colcon_core.package_discovery:discover_packages(colcon_meta) check parameters
[1.682s] Level 1:colcon.colcon_core.package_discovery:discover_packages(recursive) check parameters
[1.682s] Level 1:colcon.colcon_core.package_discovery:discover_packages(ignore) check parameters
[1.682s] Level 1:colcon.colcon_core.package_discovery:discover_packages(path) check parameters
[1.682s] Level 1:colcon.colcon_core.package_discovery:discover_packages(colcon_meta) discover
[1.682s] Level 1:colcon.colcon_core.package_discovery:discover_packages(recursive) discover
[1.682s] INFO:colcon.colcon_core.package_discovery:Crawling recursively for packages in '/home/tch/mpo_500_workspace/src/neo_kinematics_mecanum2'
[1.682s] Level 1:colcon.colcon_core.package_identification:_identify(.) by extensions ['ignore', 'ignore_ament_install']
[1.683s] Level 1:colcon.colcon_core.package_identification:_identify(.) by extension 'ignore'
[1.683s] Level 1:colcon.colcon_core.package_identification:_identify(.) by extension 'ignore_ament_install'
[1.683s] Level 1:colcon.colcon_core.package_identification:_identify(.) by extensions ['colcon_pkg']
[1.683s] Level 1:colcon.colcon_core.package_identification:_identify(.) by extension 'colcon_pkg'
[1.683s] Level 1:colcon.colcon_core.package_identification:_identify(.) by extensions ['colcon_meta']
[1.683s] Level 1:colcon.colcon_core.package_identification:_identify(.) by extension 'colcon_meta'
[1.683s] Level 1:colcon.colcon_core.package_identification:_identify(.) by extensions ['ros']
[1.683s] Level 1:colcon.colcon_core.package_identification:_identify(.) by extension 'ros'
[1.702s] DEBUG:colcon.colcon_core.package_identification:Package '.' with type 'ros.ament_cmake' and name 'neo_kinematics_mecanum'
[1.702s] Level 1:colcon.colcon_core.package_discovery:discover_packages(recursive) using defaults
[1.703s] Level 1:colcon.colcon_core.package_discovery:discover_packages(ignore) discover
[1.703s] Level 1:colcon.colcon_core.package_discovery:discover_packages(ignore) using defaults
[1.703s] Level 1:colcon.colcon_core.package_discovery:discover_packages(path) discover
[1.703s] Level 1:colcon.colcon_core.package_discovery:discover_packages(path) using defaults
[1.850s] Level 1:colcon.colcon_core.package_discovery:discover_packages(prefix_path) check parameters
[1.850s] Level 1:colcon.colcon_core.package_discovery:discover_packages(prefix_path) discover
[1.900s] DEBUG:colcon.colcon_installed_package_information.package_discovery:Found 1 installed packages in /home/tch/mpo_500_workspace/src/neo_kinematics_mecanum2/install
[1.923s] DEBUG:colcon.colcon_installed_package_information.package_discovery:Found 1 installed packages in /home/tch/mpo_500_workspace/src/neo_mpo_500-2/install
[1.947s] DEBUG:colcon.colcon_installed_package_information.package_discovery:Found 7 installed packages in /home/tch/neobotix_workspace/install
[1.971s] DEBUG:colcon.colcon_installed_package_information.package_discovery:Found 18 installed packages in /home/tch/mpo_500_workspace/install
[2.011s] DEBUG:colcon.colcon_installed_package_information.package_discovery:Found 1 installed packages in /home/tch/laser_filters-ros2/install
[2.035s] DEBUG:colcon.colcon_installed_package_information.package_discovery:Found 1 installed packages in /home/tch/filters-ros2/install
[2.060s] DEBUG:colcon.colcon_installed_package_information.package_discovery:Found 1 installed packages in /home/tch/mpo_500_workspace/src/odrive_motor_op/install
[2.088s] DEBUG:colcon.colcon_installed_package_information.package_discovery:Found 331 installed packages in /opt/ros/humble
[2.091s] Level 1:colcon.colcon_core.package_discovery:discover_packages(prefix_path) using defaults
[2.251s] Level 5:colcon.colcon_core.verb:set package 'neo_kinematics_mecanum' build argument 'cmake_args' from command line to 'None'
[2.251s] Level 5:colcon.colcon_core.verb:set package 'neo_kinematics_mecanum' build argument 'cmake_target' from command line to 'None'
[2.251s] Level 5:colcon.colcon_core.verb:set package 'neo_kinematics_mecanum' build argument 'cmake_target_skip_unavailable' from command line to 'False'
[2.251s] Level 5:colcon.colcon_core.verb:set package 'neo_kinematics_mecanum' build argument 'cmake_clean_cache' from command line to 'False'
[2.251s] Level 5:colcon.colcon_core.verb:set package 'neo_kinematics_mecanum' build argument 'cmake_clean_first' from command line to 'False'
[2.251s] Level 5:colcon.colcon_core.verb:set package 'neo_kinematics_mecanum' build argument 'cmake_force_configure' from command line to 'False'
[2.251s] Level 5:colcon.colcon_core.verb:set package 'neo_kinematics_mecanum' build argument 'ament_cmake_args' from command line to 'None'
[2.251s] Level 5:colcon.colcon_core.verb:set package 'neo_kinematics_mecanum' build argument 'catkin_cmake_args' from command line to 'None'
[2.251s] Level 5:colcon.colcon_core.verb:set package 'neo_kinematics_mecanum' build argument 'catkin_skip_building_tests' from command line to 'False'
[2.252s] DEBUG:colcon.colcon_core.verb:Building package 'neo_kinematics_mecanum' with the following arguments: {'ament_cmake_args': None, 'build_base': '/home/tch/mpo_500_workspace/src/neo_kinematics_mecanum2/build/neo_kinematics_mecanum', 'catkin_cmake_args': None, 'catkin_skip_building_tests': False, 'cmake_args': None, 'cmake_clean_cache': False, 'cmake_clean_first': False, 'cmake_force_configure': False, 'cmake_target': None, 'cmake_target_skip_unavailable': False, 'install_base': '/home/tch/mpo_500_workspace/src/neo_kinematics_mecanum2/install/neo_kinematics_mecanum', 'merge_install': False, 'path': '/home/tch/mpo_500_workspace/src/neo_kinematics_mecanum2', 'symlink_install': False, 'test_result_base': None}
[2.275s] INFO:colcon.colcon_core.executor:Executing jobs using 'parallel' executor
[2.300s] DEBUG:colcon.colcon_parallel_executor.executor.parallel:run_until_complete
[2.300s] INFO:colcon.colcon_ros.task.ament_cmake.build:Building ROS package in '/home/tch/mpo_500_workspace/src/neo_kinematics_mecanum2' with build type 'ament_cmake'
[2.301s] INFO:colcon.colcon_cmake.task.cmake.build:Building CMake package in '/home/tch/mpo_500_workspace/src/neo_kinematics_mecanum2'
[2.327s] INFO:colcon.colcon_core.plugin_system:Skipping extension 'colcon_core.shell.bat': Not used on non-Windows systems
[2.327s] INFO:colcon.colcon_core.shell:Skip shell extension 'powershell' for command environment: Not usable outside of PowerShell
[2.328s] DEBUG:colcon.colcon_core.shell:Skip shell extension 'dsv' for command environment
[2.554s] DEBUG:colcon.colcon_core.event_handler.log_command:Invoking command in '/home/tch/mpo_500_workspace/src/neo_kinematics_mecanum2/build/neo_kinematics_mecanum': CMAKE_PREFIX_PATH=${CMAKE_PREFIX_PATH}:/home/tch/mpo_500_workspace/install/odrive_motor_op:/home/tch/mpo_500_workspace/install/neo_nav2_py_costmap2D:/home/tch/mpo_500_workspace/src/odrive_motor_op/install/odrive_motor_op:/opt/ros/humble /usr/bin/cmake --build /home/tch/mpo_500_workspace/src/neo_kinematics_mecanum2/build/neo_kinematics_mecanum -- -j4 -l4
[2.701s] DEBUG:colcon.colcon_core.event_handler.log_command:Invoked command in '/home/tch/mpo_500_workspace/src/neo_kinematics_mecanum2/build/neo_kinematics_mecanum' returned '0': CMAKE_PREFIX_PATH=${CMAKE_PREFIX_PATH}:/home/tch/mpo_500_workspace/install/odrive_motor_op:/home/tch/mpo_500_workspace/install/neo_nav2_py_costmap2D:/home/tch/mpo_500_workspace/src/odrive_motor_op/install/odrive_motor_op:/opt/ros/humble /usr/bin/cmake --build /home/tch/mpo_500_workspace/src/neo_kinematics_mecanum2/build/neo_kinematics_mecanum -- -j4 -l4
[2.755s] DEBUG:colcon.colcon_core.event_handler.log_command:Invoking command in '/home/tch/mpo_500_workspace/src/neo_kinematics_mecanum2/build/neo_kinematics_mecanum': CMAKE_PREFIX_PATH=${CMAKE_PREFIX_PATH}:/home/tch/mpo_500_workspace/install/odrive_motor_op:/home/tch/mpo_500_workspace/install/neo_nav2_py_costmap2D:/home/tch/mpo_500_workspace/src/odrive_motor_op/install/odrive_motor_op:/opt/ros/humble /usr/bin/cmake --install /home/tch/mpo_500_workspace/src/neo_kinematics_mecanum2/build/neo_kinematics_mecanum
[2.771s] Level 1:colcon.colcon_core.environment:create_environment_scripts_only(neo_kinematics_mecanum)
[2.772s] DEBUG:colcon.colcon_core.event_handler.log_command:Invoked command in '/home/tch/mpo_500_workspace/src/neo_kinematics_mecanum2/build/neo_kinematics_mecanum' returned '0': CMAKE_PREFIX_PATH=${CMAKE_PREFIX_PATH}:/home/tch/mpo_500_workspace/install/odrive_motor_op:/home/tch/mpo_500_workspace/install/neo_nav2_py_costmap2D:/home/tch/mpo_500_workspace/src/odrive_motor_op/install/odrive_motor_op:/opt/ros/humble /usr/bin/cmake --install /home/tch/mpo_500_workspace/src/neo_kinematics_mecanum2/build/neo_kinematics_mecanum
[2.798s] Level 1:colcon.colcon_core.environment:checking '/home/tch/mpo_500_workspace/src/neo_kinematics_mecanum2/install/neo_kinematics_mecanum' for CMake module files
[2.799s] Level 1:colcon.colcon_core.environment:checking '/home/tch/mpo_500_workspace/src/neo_kinematics_mecanum2/install/neo_kinematics_mecanum' for CMake config files
[2.800s] Level 1:colcon.colcon_core.shell:create_environment_hook('neo_kinematics_mecanum', 'cmake_prefix_path')
[2.823s] INFO:colcon.colcon_core.shell:Creating environment hook '/home/tch/mpo_500_workspace/src/neo_kinematics_mecanum2/install/neo_kinematics_mecanum/share/neo_kinematics_mecanum/hook/cmake_prefix_path.ps1'
[2.824s] INFO:colcon.colcon_core.shell:Creating environment descriptor '/home/tch/mpo_500_workspace/src/neo_kinematics_mecanum2/install/neo_kinematics_mecanum/share/neo_kinematics_mecanum/hook/cmake_prefix_path.dsv'
[2.825s] INFO:colcon.colcon_core.shell:Creating environment hook '/home/tch/mpo_500_workspace/src/neo_kinematics_mecanum2/install/neo_kinematics_mecanum/share/neo_kinematics_mecanum/hook/cmake_prefix_path.sh'
[2.826s] Level 1:colcon.colcon_core.environment:checking '/home/tch/mpo_500_workspace/src/neo_kinematics_mecanum2/install/neo_kinematics_mecanum/lib'
[2.827s] Level 1:colcon.colcon_core.environment:checking '/home/tch/mpo_500_workspace/src/neo_kinematics_mecanum2/install/neo_kinematics_mecanum/bin'
[2.827s] Level 1:colcon.colcon_core.environment:checking '/home/tch/mpo_500_workspace/src/neo_kinematics_mecanum2/install/neo_kinematics_mecanum/lib/pkgconfig/neo_kinematics_mecanum.pc'
[2.827s] Level 1:colcon.colcon_core.environment:checking '/home/tch/mpo_500_workspace/src/neo_kinematics_mecanum2/install/neo_kinematics_mecanum/lib/python3.10/site-packages'
[2.827s] Level 1:colcon.colcon_core.environment:checking '/home/tch/mpo_500_workspace/src/neo_kinematics_mecanum2/install/neo_kinematics_mecanum/bin'
[2.851s] INFO:colcon.colcon_core.shell:Creating package script '/home/tch/mpo_500_workspace/src/neo_kinematics_mecanum2/install/neo_kinematics_mecanum/share/neo_kinematics_mecanum/package.ps1'
[2.853s] INFO:colcon.colcon_core.shell:Creating package descriptor '/home/tch/mpo_500_workspace/src/neo_kinematics_mecanum2/install/neo_kinematics_mecanum/share/neo_kinematics_mecanum/package.dsv'
[2.853s] INFO:colcon.colcon_core.shell:Creating package script '/home/tch/mpo_500_workspace/src/neo_kinematics_mecanum2/install/neo_kinematics_mecanum/share/neo_kinematics_mecanum/package.sh'
[2.854s] INFO:colcon.colcon_core.shell:Creating package script '/home/tch/mpo_500_workspace/src/neo_kinematics_mecanum2/install/neo_kinematics_mecanum/share/neo_kinematics_mecanum/package.bash'
[2.856s] INFO:colcon.colcon_core.shell:Creating package script '/home/tch/mpo_500_workspace/src/neo_kinematics_mecanum2/install/neo_kinematics_mecanum/share/neo_kinematics_mecanum/package.zsh'
[2.856s] Level 1:colcon.colcon_core.environment:create_file_with_runtime_dependencies(/home/tch/mpo_500_workspace/src/neo_kinematics_mecanum2/install/neo_kinematics_mecanum/share/colcon-core/packages/neo_kinematics_mecanum)
[2.920s] Level 1:colcon.colcon_core.environment:create_environment_scripts_only(neo_kinematics_mecanum)
[2.944s] Level 1:colcon.colcon_core.environment:checking '/home/tch/mpo_500_workspace/src/neo_kinematics_mecanum2/install/neo_kinematics_mecanum' for CMake module files
[2.945s] Level 1:colcon.colcon_core.environment:checking '/home/tch/mpo_500_workspace/src/neo_kinematics_mecanum2/install/neo_kinematics_mecanum' for CMake config files
[2.945s] Level 1:colcon.colcon_core.shell:create_environment_hook('neo_kinematics_mecanum', 'cmake_prefix_path')
[2.969s] INFO:colcon.colcon_core.shell:Creating environment hook '/home/tch/mpo_500_workspace/src/neo_kinematics_mecanum2/install/neo_kinematics_mecanum/share/neo_kinematics_mecanum/hook/cmake_prefix_path.ps1'
[2.970s] INFO:colcon.colcon_core.shell:Creating environment descriptor '/home/tch/mpo_500_workspace/src/neo_kinematics_mecanum2/install/neo_kinematics_mecanum/share/neo_kinematics_mecanum/hook/cmake_prefix_path.dsv'
[2.971s] INFO:colcon.colcon_core.shell:Creating environment hook '/home/tch/mpo_500_workspace/src/neo_kinematics_mecanum2/install/neo_kinematics_mecanum/share/neo_kinematics_mecanum/hook/cmake_prefix_path.sh'
[2.972s] Level 1:colcon.colcon_core.environment:checking '/home/tch/mpo_500_workspace/src/neo_kinematics_mecanum2/install/neo_kinematics_mecanum/lib'
[2.972s] Level 1:colcon.colcon_core.environment:checking '/home/tch/mpo_500_workspace/src/neo_kinematics_mecanum2/install/neo_kinematics_mecanum/bin'
[2.972s] Level 1:colcon.colcon_core.environment:checking '/home/tch/mpo_500_workspace/src/neo_kinematics_mecanum2/install/neo_kinematics_mecanum/lib/pkgconfig/neo_kinematics_mecanum.pc'
[2.972s] Level 1:colcon.colcon_core.environment:checking '/home/tch/mpo_500_workspace/src/neo_kinematics_mecanum2/install/neo_kinematics_mecanum/lib/python3.10/site-packages'
[2.973s] Level 1:colcon.colcon_core.environment:checking '/home/tch/mpo_500_workspace/src/neo_kinematics_mecanum2/install/neo_kinematics_mecanum/bin'
[2.996s] INFO:colcon.colcon_core.shell:Creating package script '/home/tch/mpo_500_workspace/src/neo_kinematics_mecanum2/install/neo_kinematics_mecanum/share/neo_kinematics_mecanum/package.ps1'
[2.997s] INFO:colcon.colcon_core.shell:Creating package descriptor '/home/tch/mpo_500_workspace/src/neo_kinematics_mecanum2/install/neo_kinematics_mecanum/share/neo_kinematics_mecanum/package.dsv'
[2.998s] INFO:colcon.colcon_core.shell:Creating package script '/home/tch/mpo_500_workspace/src/neo_kinematics_mecanum2/install/neo_kinematics_mecanum/share/neo_kinematics_mecanum/package.sh'
[2.999s] INFO:colcon.colcon_core.shell:Creating package script '/home/tch/mpo_500_workspace/src/neo_kinematics_mecanum2/install/neo_kinematics_mecanum/share/neo_kinematics_mecanum/package.bash'
[2.999s] INFO:colcon.colcon_core.shell:Creating package script '/home/tch/mpo_500_workspace/src/neo_kinematics_mecanum2/install/neo_kinematics_mecanum/share/neo_kinematics_mecanum/package.zsh'
[3.000s] Level 1:colcon.colcon_core.environment:create_file_with_runtime_dependencies(/home/tch/mpo_500_workspace/src/neo_kinematics_mecanum2/install/neo_kinematics_mecanum/share/colcon-core/packages/neo_kinematics_mecanum)
[3.000s] DEBUG:colcon.colcon_parallel_executor.executor.parallel:closing loop
[3.001s] DEBUG:colcon.colcon_parallel_executor.executor.parallel:loop closed
[3.001s] DEBUG:colcon.colcon_parallel_executor.executor.parallel:run_until_complete finished with '0'
[3.001s] DEBUG:colcon.colcon_core.event_reactor:joining thread
[3.031s] INFO:colcon.colcon_core.plugin_system:Skipping extension 'colcon_notification.desktop_notification.terminal_notifier': Not used on non-Darwin systems
[3.032s] INFO:colcon.colcon_core.plugin_system:Skipping extension 'colcon_notification.desktop_notification.win32': Not used on non-Windows systems
[3.032s] INFO:colcon.colcon_notification.desktop_notification:Sending desktop notification using 'notify2'
[3.043s] DEBUG:colcon.colcon_core.event_reactor:joined thread
[3.069s] INFO:colcon.colcon_core.shell:Creating prefix script '/home/tch/mpo_500_workspace/src/neo_kinematics_mecanum2/install/local_setup.ps1'
[3.070s] INFO:colcon.colcon_core.shell:Creating prefix util module '/home/tch/mpo_500_workspace/src/neo_kinematics_mecanum2/install/_local_setup_util_ps1.py'
[3.072s] INFO:colcon.colcon_core.shell:Creating prefix chain script '/home/tch/mpo_500_workspace/src/neo_kinematics_mecanum2/install/setup.ps1'
[3.100s] INFO:colcon.colcon_core.shell:Creating prefix script '/home/tch/mpo_500_workspace/src/neo_kinematics_mecanum2/install/local_setup.sh'
[3.100s] INFO:colcon.colcon_core.shell:Creating prefix util module '/home/tch/mpo_500_workspace/src/neo_kinematics_mecanum2/install/_local_setup_util_sh.py'
[3.101s] INFO:colcon.colcon_core.shell:Creating prefix chain script '/home/tch/mpo_500_workspace/src/neo_kinematics_mecanum2/install/setup.sh'
[3.128s] INFO:colcon.colcon_core.shell:Creating prefix script '/home/tch/mpo_500_workspace/src/neo_kinematics_mecanum2/install/local_setup.bash'
[3.129s] INFO:colcon.colcon_core.shell:Creating prefix chain script '/home/tch/mpo_500_workspace/src/neo_kinematics_mecanum2/install/setup.bash'
[3.155s] INFO:colcon.colcon_core.shell:Creating prefix script '/home/tch/mpo_500_workspace/src/neo_kinematics_mecanum2/install/local_setup.zsh'
[3.156s] INFO:colcon.colcon_core.shell:Creating prefix chain script '/home/tch/mpo_500_workspace/src/neo_kinematics_mecanum2/install/setup.zsh'
