[1.489s] DEBUG:colcon:Command line arguments: ['/usr/bin/colcon', 'build']
[1.489s] DEBUG:colcon:Parsed command line arguments: Namespace(log_base=None, log_level=None, verb_name='build', build_base='build', install_base='install', merge_install=False, symlink_install=False, test_result_base=None, continue_on_error=False, executor='parallel', parallel_workers=4, event_handlers=None, ignore_user_meta=False, metas=['./colcon.meta'], base_paths=['.'], packages_ignore=None, packages_ignore_regex=None, paths=None, packages_up_to=None, packages_up_to_regex=None, packages_above=None, packages_above_and_dependencies=None, packages_above_depth=None, packages_select_by_dep=None, packages_skip_by_dep=None, packages_skip_up_to=None, packages_select_build_failed=False, packages_skip_build_finished=False, packages_select_test_failures=False, packages_skip_test_passed=False, packages_select=None, packages_skip=None, packages_select_regex=None, packages_skip_regex=None, packages_start=None, packages_end=None, allow_overriding=[], cmake_args=None, cmake_target=None, cmake_target_skip_unavailable=False, cmake_clean_cache=False, cmake_clean_first=False, cmake_force_configure=False, ament_cmake_args=None, catkin_cmake_args=None, catkin_skip_building_tests=False, verb_parser=<colcon_defaults.argument_parser.defaults.DefaultArgumentsDecorator object at 0x7f408aacabc0>, verb_extension=<colcon_core.verb.build.BuildVerb object at 0x7f408aac9d80>, main=<bound method BuildVerb.main of <colcon_core.verb.build.BuildVerb object at 0x7f408aac9d80>>)
[1.558s] Level 1:colcon.colcon_core.package_discovery:discover_packages(colcon_meta) check parameters
[1.558s] Level 1:colcon.colcon_core.package_discovery:discover_packages(recursive) check parameters
[1.558s] Level 1:colcon.colcon_core.package_discovery:discover_packages(ignore) check parameters
[1.558s] Level 1:colcon.colcon_core.package_discovery:discover_packages(path) check parameters
[1.558s] Level 1:colcon.colcon_core.package_discovery:discover_packages(colcon_meta) discover
[1.558s] Level 1:colcon.colcon_core.package_discovery:discover_packages(recursive) discover
[1.558s] INFO:colcon.colcon_core.package_discovery:Crawling recursively for packages in '/home/tch/mpo_500_workspace/src/libsurvive_ros2'
[1.559s] Level 1:colcon.colcon_core.package_identification:_identify(.) by extensions ['ignore', 'ignore_ament_install']
[1.559s] Level 1:colcon.colcon_core.package_identification:_identify(.) by extension 'ignore'
[1.559s] Level 1:colcon.colcon_core.package_identification:_identify(.) by extension 'ignore_ament_install'
[1.559s] Level 1:colcon.colcon_core.package_identification:_identify(.) by extensions ['colcon_pkg']
[1.559s] Level 1:colcon.colcon_core.package_identification:_identify(.) by extension 'colcon_pkg'
[1.559s] Level 1:colcon.colcon_core.package_identification:_identify(.) by extensions ['colcon_meta']
[1.559s] Level 1:colcon.colcon_core.package_identification:_identify(.) by extension 'colcon_meta'
[1.559s] Level 1:colcon.colcon_core.package_identification:_identify(.) by extensions ['ros']
[1.559s] Level 1:colcon.colcon_core.package_identification:_identify(.) by extension 'ros'
[1.579s] DEBUG:colcon.colcon_core.package_identification:Package '.' with type 'ros.ament_cmake' and name 'libsurvive_ros2'
[1.579s] Level 1:colcon.colcon_core.package_discovery:discover_packages(recursive) using defaults
[1.579s] Level 1:colcon.colcon_core.package_discovery:discover_packages(ignore) discover
[1.579s] Level 1:colcon.colcon_core.package_discovery:discover_packages(ignore) using defaults
[1.579s] Level 1:colcon.colcon_core.package_discovery:discover_packages(path) discover
[1.579s] Level 1:colcon.colcon_core.package_discovery:discover_packages(path) using defaults
[1.717s] Level 1:colcon.colcon_core.package_discovery:discover_packages(prefix_path) check parameters
[1.717s] Level 1:colcon.colcon_core.package_discovery:discover_packages(prefix_path) discover
[1.763s] DEBUG:colcon.colcon_installed_package_information.package_discovery:Found 7 installed packages in /home/tch/neobotix_workspace/install
[1.786s] DEBUG:colcon.colcon_installed_package_information.package_discovery:Found 18 installed packages in /home/tch/mpo_500_workspace/install
[1.809s] DEBUG:colcon.colcon_installed_package_information.package_discovery:Found 1 installed packages in /home/tch/mpo_500_workspace/src/neo_mpo_500-2/install
[1.831s] DEBUG:colcon.colcon_installed_package_information.package_discovery:Found 1 installed packages in /home/tch/mpo_500_workspace/src/neo_kinematics_mecanum2/install
[1.868s] DEBUG:colcon.colcon_installed_package_information.package_discovery:Found 1 installed packages in /home/tch/laser_filters-ros2/install
[1.890s] DEBUG:colcon.colcon_installed_package_information.package_discovery:Found 1 installed packages in /home/tch/filters-ros2/install
[1.912s] DEBUG:colcon.colcon_installed_package_information.package_discovery:Found 1 installed packages in /home/tch/mpo_500_workspace/src/odrive_motor_op/install
[1.935s] DEBUG:colcon.colcon_installed_package_information.package_discovery:Found 331 installed packages in /opt/ros/humble
[1.938s] Level 1:colcon.colcon_core.package_discovery:discover_packages(prefix_path) using defaults
[2.083s] Level 5:colcon.colcon_core.verb:set package 'libsurvive_ros2' build argument 'cmake_args' from command line to 'None'
[2.083s] Level 5:colcon.colcon_core.verb:set package 'libsurvive_ros2' build argument 'cmake_target' from command line to 'None'
[2.083s] Level 5:colcon.colcon_core.verb:set package 'libsurvive_ros2' build argument 'cmake_target_skip_unavailable' from command line to 'False'
[2.083s] Level 5:colcon.colcon_core.verb:set package 'libsurvive_ros2' build argument 'cmake_clean_cache' from command line to 'False'
[2.083s] Level 5:colcon.colcon_core.verb:set package 'libsurvive_ros2' build argument 'cmake_clean_first' from command line to 'False'
[2.083s] Level 5:colcon.colcon_core.verb:set package 'libsurvive_ros2' build argument 'cmake_force_configure' from command line to 'False'
[2.083s] Level 5:colcon.colcon_core.verb:set package 'libsurvive_ros2' build argument 'ament_cmake_args' from command line to 'None'
[2.083s] Level 5:colcon.colcon_core.verb:set package 'libsurvive_ros2' build argument 'catkin_cmake_args' from command line to 'None'
[2.083s] Level 5:colcon.colcon_core.verb:set package 'libsurvive_ros2' build argument 'catkin_skip_building_tests' from command line to 'False'
[2.083s] DEBUG:colcon.colcon_core.verb:Building package 'libsurvive_ros2' with the following arguments: {'ament_cmake_args': None, 'build_base': '/home/tch/mpo_500_workspace/src/libsurvive_ros2/build/libsurvive_ros2', 'catkin_cmake_args': None, 'catkin_skip_building_tests': False, 'cmake_args': None, 'cmake_clean_cache': False, 'cmake_clean_first': False, 'cmake_force_configure': False, 'cmake_target': None, 'cmake_target_skip_unavailable': False, 'install_base': '/home/tch/mpo_500_workspace/src/libsurvive_ros2/install/libsurvive_ros2', 'merge_install': False, 'path': '/home/tch/mpo_500_workspace/src/libsurvive_ros2', 'symlink_install': False, 'test_result_base': None}
[2.108s] INFO:colcon.colcon_core.executor:Executing jobs using 'parallel' executor
[2.134s] DEBUG:colcon.colcon_parallel_executor.executor.parallel:run_until_complete
[2.135s] INFO:colcon.colcon_ros.task.ament_cmake.build:Building ROS package in '/home/tch/mpo_500_workspace/src/libsurvive_ros2' with build type 'ament_cmake'
[2.135s] INFO:colcon.colcon_cmake.task.cmake.build:Building CMake package in '/home/tch/mpo_500_workspace/src/libsurvive_ros2'
[2.161s] INFO:colcon.colcon_core.plugin_system:Skipping extension 'colcon_core.shell.bat': Not used on non-Windows systems
[2.161s] INFO:colcon.colcon_core.shell:Skip shell extension 'powershell' for command environment: Not usable outside of PowerShell
[2.162s] DEBUG:colcon.colcon_core.shell:Skip shell extension 'dsv' for command environment
[2.375s] DEBUG:colcon.colcon_core.event_handler.log_command:Invoking command in '/home/tch/mpo_500_workspace/src/libsurvive_ros2/build/libsurvive_ros2': CMAKE_PREFIX_PATH=${CMAKE_PREFIX_PATH}:/home/tch/mpo_500_workspace/install/odrive_motor_op:/home/tch/mpo_500_workspace/install/neo_nav2_py_costmap2D:/home/tch/mpo_500_workspace/src/odrive_motor_op/install/odrive_motor_op:/opt/ros/humble /usr/bin/cmake --build /home/tch/mpo_500_workspace/src/libsurvive_ros2/build/libsurvive_ros2 -- -j4 -l4
[9.735s] DEBUG:colcon.colcon_core.event_handler.log_command:Invoked command in '/home/tch/mpo_500_workspace/src/libsurvive_ros2/build/libsurvive_ros2' returned '2': CMAKE_PREFIX_PATH=${CMAKE_PREFIX_PATH}:/home/tch/mpo_500_workspace/install/odrive_motor_op:/home/tch/mpo_500_workspace/install/neo_nav2_py_costmap2D:/home/tch/mpo_500_workspace/src/odrive_motor_op/install/odrive_motor_op:/opt/ros/humble /usr/bin/cmake --build /home/tch/mpo_500_workspace/src/libsurvive_ros2/build/libsurvive_ros2 -- -j4 -l4
[9.798s] Level 1:colcon.colcon_core.environment:create_environment_scripts_only(libsurvive_ros2)
[9.822s] Level 1:colcon.colcon_core.environment:checking '/home/tch/mpo_500_workspace/src/libsurvive_ros2/install/libsurvive_ros2' for CMake module files
[9.823s] Level 1:colcon.colcon_core.environment:checking '/home/tch/mpo_500_workspace/src/libsurvive_ros2/install/libsurvive_ros2' for CMake config files
[9.824s] Level 1:colcon.colcon_core.shell:create_environment_hook('libsurvive_ros2', 'cmake_prefix_path')
[9.846s] INFO:colcon.colcon_core.shell:Creating environment hook '/home/tch/mpo_500_workspace/src/libsurvive_ros2/install/libsurvive_ros2/share/libsurvive_ros2/hook/cmake_prefix_path.ps1'
[9.848s] INFO:colcon.colcon_core.shell:Creating environment descriptor '/home/tch/mpo_500_workspace/src/libsurvive_ros2/install/libsurvive_ros2/share/libsurvive_ros2/hook/cmake_prefix_path.dsv'
[9.849s] INFO:colcon.colcon_core.shell:Creating environment hook '/home/tch/mpo_500_workspace/src/libsurvive_ros2/install/libsurvive_ros2/share/libsurvive_ros2/hook/cmake_prefix_path.sh'
[9.850s] Level 1:colcon.colcon_core.environment:checking '/home/tch/mpo_500_workspace/src/libsurvive_ros2/install/libsurvive_ros2/lib'
[9.851s] Level 1:colcon.colcon_core.shell:create_environment_hook('libsurvive_ros2', 'ld_library_path_lib')
[9.873s] INFO:colcon.colcon_core.shell:Creating environment hook '/home/tch/mpo_500_workspace/src/libsurvive_ros2/install/libsurvive_ros2/share/libsurvive_ros2/hook/ld_library_path_lib.ps1'
[9.874s] INFO:colcon.colcon_core.shell:Creating environment descriptor '/home/tch/mpo_500_workspace/src/libsurvive_ros2/install/libsurvive_ros2/share/libsurvive_ros2/hook/ld_library_path_lib.dsv'
[9.875s] INFO:colcon.colcon_core.shell:Creating environment hook '/home/tch/mpo_500_workspace/src/libsurvive_ros2/install/libsurvive_ros2/share/libsurvive_ros2/hook/ld_library_path_lib.sh'
[9.875s] Level 1:colcon.colcon_core.environment:checking '/home/tch/mpo_500_workspace/src/libsurvive_ros2/install/libsurvive_ros2/bin'
[9.875s] Level 1:colcon.colcon_core.shell:create_environment_hook('libsurvive_ros2', 'path')
[9.897s] INFO:colcon.colcon_core.shell:Creating environment hook '/home/tch/mpo_500_workspace/src/libsurvive_ros2/install/libsurvive_ros2/share/libsurvive_ros2/hook/path.ps1'
[9.898s] INFO:colcon.colcon_core.shell:Creating environment descriptor '/home/tch/mpo_500_workspace/src/libsurvive_ros2/install/libsurvive_ros2/share/libsurvive_ros2/hook/path.dsv'
[9.899s] INFO:colcon.colcon_core.shell:Creating environment hook '/home/tch/mpo_500_workspace/src/libsurvive_ros2/install/libsurvive_ros2/share/libsurvive_ros2/hook/path.sh'
[9.899s] Level 1:colcon.colcon_core.environment:checking '/home/tch/mpo_500_workspace/src/libsurvive_ros2/install/libsurvive_ros2/lib/pkgconfig/libsurvive_ros2.pc'
[9.900s] Level 1:colcon.colcon_core.environment:checking '/home/tch/mpo_500_workspace/src/libsurvive_ros2/install/libsurvive_ros2/lib/python3.10/site-packages'
[9.900s] Level 1:colcon.colcon_core.environment:checking '/home/tch/mpo_500_workspace/src/libsurvive_ros2/install/libsurvive_ros2/bin'
[9.900s] Level 1:colcon.colcon_core.shell:create_environment_hook('libsurvive_ros2', 'pythonscriptspath')
[9.922s] INFO:colcon.colcon_core.shell:Creating environment hook '/home/tch/mpo_500_workspace/src/libsurvive_ros2/install/libsurvive_ros2/share/libsurvive_ros2/hook/pythonscriptspath.ps1'
[9.923s] INFO:colcon.colcon_core.shell:Creating environment descriptor '/home/tch/mpo_500_workspace/src/libsurvive_ros2/install/libsurvive_ros2/share/libsurvive_ros2/hook/pythonscriptspath.dsv'
[9.923s] INFO:colcon.colcon_core.shell:Creating environment hook '/home/tch/mpo_500_workspace/src/libsurvive_ros2/install/libsurvive_ros2/share/libsurvive_ros2/hook/pythonscriptspath.sh'
[9.946s] INFO:colcon.colcon_core.shell:Creating package script '/home/tch/mpo_500_workspace/src/libsurvive_ros2/install/libsurvive_ros2/share/libsurvive_ros2/package.ps1'
[9.948s] INFO:colcon.colcon_core.shell:Creating package descriptor '/home/tch/mpo_500_workspace/src/libsurvive_ros2/install/libsurvive_ros2/share/libsurvive_ros2/package.dsv'
[9.949s] INFO:colcon.colcon_core.shell:Creating package script '/home/tch/mpo_500_workspace/src/libsurvive_ros2/install/libsurvive_ros2/share/libsurvive_ros2/package.sh'
[9.950s] INFO:colcon.colcon_core.shell:Creating package script '/home/tch/mpo_500_workspace/src/libsurvive_ros2/install/libsurvive_ros2/share/libsurvive_ros2/package.bash'
[9.951s] INFO:colcon.colcon_core.shell:Creating package script '/home/tch/mpo_500_workspace/src/libsurvive_ros2/install/libsurvive_ros2/share/libsurvive_ros2/package.zsh'
[9.952s] Level 1:colcon.colcon_core.environment:create_file_with_runtime_dependencies(/home/tch/mpo_500_workspace/src/libsurvive_ros2/install/libsurvive_ros2/share/colcon-core/packages/libsurvive_ros2)
[9.963s] DEBUG:colcon.colcon_parallel_executor.executor.parallel:closing loop
[9.963s] DEBUG:colcon.colcon_parallel_executor.executor.parallel:loop closed
[9.963s] DEBUG:colcon.colcon_parallel_executor.executor.parallel:run_until_complete finished with '2'
[9.964s] DEBUG:colcon.colcon_core.event_reactor:joining thread
[9.992s] INFO:colcon.colcon_core.plugin_system:Skipping extension 'colcon_notification.desktop_notification.terminal_notifier': Not used on non-Darwin systems
[9.992s] INFO:colcon.colcon_core.plugin_system:Skipping extension 'colcon_notification.desktop_notification.win32': Not used on non-Windows systems
[9.993s] INFO:colcon.colcon_notification.desktop_notification:Sending desktop notification using 'notify2'
[10.004s] DEBUG:colcon.colcon_core.event_reactor:joined thread
[10.027s] INFO:colcon.colcon_core.shell:Creating prefix script '/home/tch/mpo_500_workspace/src/libsurvive_ros2/install/local_setup.ps1'
[10.029s] INFO:colcon.colcon_core.shell:Creating prefix util module '/home/tch/mpo_500_workspace/src/libsurvive_ros2/install/_local_setup_util_ps1.py'
[10.031s] INFO:colcon.colcon_core.shell:Creating prefix chain script '/home/tch/mpo_500_workspace/src/libsurvive_ros2/install/setup.ps1'
[10.056s] INFO:colcon.colcon_core.shell:Creating prefix script '/home/tch/mpo_500_workspace/src/libsurvive_ros2/install/local_setup.sh'
[10.057s] INFO:colcon.colcon_core.shell:Creating prefix util module '/home/tch/mpo_500_workspace/src/libsurvive_ros2/install/_local_setup_util_sh.py'
[10.058s] INFO:colcon.colcon_core.shell:Creating prefix chain script '/home/tch/mpo_500_workspace/src/libsurvive_ros2/install/setup.sh'
[10.083s] INFO:colcon.colcon_core.shell:Creating prefix script '/home/tch/mpo_500_workspace/src/libsurvive_ros2/install/local_setup.bash'
[10.083s] INFO:colcon.colcon_core.shell:Creating prefix chain script '/home/tch/mpo_500_workspace/src/libsurvive_ros2/install/setup.bash'
[10.108s] INFO:colcon.colcon_core.shell:Creating prefix script '/home/tch/mpo_500_workspace/src/libsurvive_ros2/install/local_setup.zsh'
[10.109s] INFO:colcon.colcon_core.shell:Creating prefix chain script '/home/tch/mpo_500_workspace/src/libsurvive_ros2/install/setup.zsh'
