[0.246s] Invoking command in '/home/tch/mpo_500_workspace/src/libsurvive_ros2/build/libsurvive_ros2': CMAKE_PREFIX_PATH=${CMAKE_PREFIX_PATH}:/home/tch/mpo_500_workspace/install/odrive_motor_op:/home/tch/mpo_500_workspace/install/neo_nav2_py_costmap2D:/home/tch/mpo_500_workspace/src/odrive_motor_op/install/odrive_motor_op:/opt/ros/humble /usr/bin/cmake --build /home/tch/mpo_500_workspace/src/libsurvive_ros2/build/libsurvive_ros2 -- -j4 -l4
[0.321s] [  8%] [34m[1mPerforming update step for 'libsurvive'[0m
[0.877s] HEAD is now at 9e3c6bc Merge pull request #291 from caiom/fix_windows_dongle
[0.968s] [ 16%] [34m[1mNo patch step for 'libsurvive'[0m
[1.005s] [ 25%] [34m[1mPerforming configure step for 'libsurvive'[0m
[1.025s] [0m-- Option: DO_CORE_BUILD: OFF[0m
[1.026s] [0m-- Option: BUILD_STATIC: OFF[0m
[1.026s] [0m-- Option: USE_SINGLE_PRECISION: OFF[0m
[1.026s] [0m-- Option: ENABLE_WARNINGS_AS_ERRORS: OFF[0m
[1.026s] [0m-- Option: USE_HIDAPI: OFF[0m
[1.026s] [0m-- Option: USE_ASAN: OFF[0m
[1.026s] [0m-- Option: USE_MSAN: OFF[0m
[1.026s] [0m-- Option: ENABLE_TESTS: OFF[0m
[1.026s] [0m-- Option: USE_HEX_FLOAT_PRINTF: OFF[0m
[1.026s] [0m-- Option: USE_OPENCV: OFF[0m
[1.026s] [0m-- Option: USE_COLUMN_MAJOR_MATRICES: OFF[0m
[1.027s] [0m-- Option: USE_CPU_TUNE: OFF[0m
[1.027s] [0m-- Option: USE_OPENBLAS: [0m
[1.027s] [0m-- Option: BUILD_LH1_SUPPORT: ON[0m
[1.029s] [0m-- Option: BUILD_GATT_SUPPORT: [0m
[1.029s] [0m-- Option: BUILD_APPLICATIONS: ON[0m
[1.071s] [33mCMake Warning at libs/cnkalman/CMakeLists.txt:23 (find_package):
[1.072s]   By not providing "Findsciplot.cmake" in CMAKE_MODULE_PATH this project has
[1.072s]   asked CMake to find a package configuration file provided by "sciplot", but
[1.072s]   CMake did not find one.
[1.072s] 
[1.072s]   Could not find a package configuration file provided by "sciplot" with any
[1.072s]   of the following names:
[1.072s] 
[1.072s]     sciplotConfig.cmake
[1.072s]     sciplot-config.cmake
[1.073s] 
[1.073s]   Add the installation prefix of "sciplot" to CMAKE_PREFIX_PATH or set
[1.073s]   "sciplot_DIR" to a directory containing one of the above files.  If
[1.073s]   "sciplot" provides a separate development package or SDK, be sure it has
[1.073s]   been installed.
[1.073s] 
[1.073s] [0m
[1.073s] [0mCan't use sciplot...[0m
[1.077s] [0m-- CNMatrix option: DOWNLOAD_EIGEN: ON[0m
[1.078s] [0m-- CNMatrix option: USE_EIGEN: ON[0m
[1.078s] [0m-- CNMatrix option: USE_COLUMN_MAJOR_MATRICES: OFF[0m
[1.078s] [0m-- CNMatrix option: USE_SINGLE_PRECISION: OFF[0m
[1.080s] [0mFound system eigen[0m
[1.080s] [0m-- CNMatrix option: USE_OPENBLAS: OFF[0m
[1.082s] [0mFound cblas at /usr/lib/x86_64-linux-gnu/libcblas.so[0m
[1.083s] [0mFound openblas at /usr/lib/x86_64-linux-gnu/libopenblas.so[0m
[1.083s] [0mFound lapacke at /usr/lib/x86_64-linux-gnu/liblapacke.so[0m
[1.083s] [0mSearching for 'cblas.h'; found at /usr/include/x86_64-linux-gnu/cblas.h[0m
[1.083s] [0mUsing eigen backend[0m
[1.233s] [0mFound cblas at /usr/lib/x86_64-linux-gnu/libcblas.so[0m
[1.233s] [0mFound openblas at /usr/lib/x86_64-linux-gnu/libopenblas.so[0m
[1.233s] [0mFound lapacke at /usr/lib/x86_64-linux-gnu/liblapacke.so[0m
[1.233s] [0mSearching for 'cblas.h'; found at /usr/include/x86_64-linux-gnu/cblas.h[0m
[1.234s] [0mUsing eigen backend[0m
[1.234s] [0mUsing provided /home/tch/mpo_500_workspace/src/libsurvive_ros2/build/libsurvive_ros2/libsurvive-prefix/src/libsurvive/src/./generated/common_math.gen.h[0m
[1.234s] [0mUsing provided /home/tch/mpo_500_workspace/src/libsurvive_ros2/build/libsurvive_ros2/libsurvive-prefix/src/libsurvive/src/./generated/kalman_kinematics.gen.h[0m
[1.234s] [0mUsing provided /home/tch/mpo_500_workspace/src/libsurvive_ros2/build/libsurvive_ros2/libsurvive-prefix/src/libsurvive/src/./generated/lighthouse_model.gen.h[0m
[1.234s] [0mUsing provided /home/tch/mpo_500_workspace/src/libsurvive_ros2/build/libsurvive_ros2/libsurvive-prefix/src/libsurvive/src/./generated/imu_model.gen.h[0m
[1.251s] [0mUsing versioned libusb dir[0m
[1.251s] [0m-- Option: ENABLE_driver_dummy: ON[0m
[1.252s] [0m-- Option: ENABLE_driver_vive: ON[0m
[1.252s] [0m-- Option: ENABLE_driver_simulator: ON[0m
[1.252s] [0m-- Option: ENABLE_driver_playback: ON[0m
[1.252s] [0m-- Option: ENABLE_disambiguator_statebased: ON[0m
[1.253s] [0m-- Option: ENABLE_poser_dummy: ON[0m
[1.253s] [0m-- Option: ENABLE_poser_mpfit: ON[0m
[1.253s] [0m-- Option: ENABLE_poser_kalman_only: ON[0m
[1.253s] [0m-- Option: ENABLE_poser_barycentric_svd: ON[0m
[1.253s] [0m-- Option: ENABLE_driver_global_scene_solver: ON[0m
[1.254s] [0m-- Option: ENABLE_driver_udp: ON[0m
[1.254s] [0m-- Option: ENABLE_driver_usbmon: ON[0m
[1.273s] [0m-- Option: ENABLE_survive-cli: ON[0m
[1.274s] [0m-- Option: ENABLE_api_example: ON[0m
[1.274s] [0m-- Option: ENABLE_sensors-readout: ON[0m
[1.274s] [0m-- Option: ENABLE_survive-solver: ON[0m
[1.274s] [0m-- Option: ENABLE_survive-buttons: ON[0m
[1.278s] -- Configuring done
[1.362s] -- Generating done
[1.373s] -- Build files have been written to: /home/tch/mpo_500_workspace/src/libsurvive_ros2/build/libsurvive_ros2/libsurvive-prefix/src/libsurvive-build
[1.404s] [ 33%] [34m[1mPerforming build step for 'libsurvive'[0m
[1.459s] [35m[1mConsolidate compiler generated dependencies of target CNGFX[0m
[1.459s] [35m[1mConsolidate compiler generated dependencies of target cnmatrix[0m
[1.479s] [  4%] Built target CNGFX
[1.489s] [ 10%] Built target cnmatrix
[1.506s] [35m[1mConsolidate compiler generated dependencies of target mpfit[0m
[1.506s] [35m[1mConsolidate compiler generated dependencies of target cnkalman[0m
[1.524s] [ 12%] Built target mpfit
[1.536s] [ 19%] Built target cnkalman
[1.557s] [35m[1mConsolidate compiler generated dependencies of target survive[0m
[1.597s] [ 57%] Built target survive
[1.615s] [35m[1mConsolidate compiler generated dependencies of target driver_vive[0m
[1.617s] [35m[1mConsolidate compiler generated dependencies of target driver_playback[0m
[1.624s] [35m[1mConsolidate compiler generated dependencies of target driver_dummy[0m
[1.625s] [35m[1mConsolidate compiler generated dependencies of target driver_simulator[0m
[1.642s] [ 60%] Built target driver_vive
[1.644s] [ 62%] Built target driver_playback
[1.652s] [ 64%] Built target driver_dummy
[1.660s] [ 67%] Built target driver_simulator
[1.673s] [35m[1mConsolidate compiler generated dependencies of target poser_mpfit[0m
[1.687s] [35m[1mConsolidate compiler generated dependencies of target disambiguator_statebased[0m
[1.689s] [35m[1mConsolidate compiler generated dependencies of target poser_dummy[0m
[1.698s] [35m[1mConsolidate compiler generated dependencies of target poser_kalman_only[0m
[1.708s] [ 69%] Built target poser_mpfit
[1.715s] [ 71%] Built target disambiguator_statebased
[1.721s] [ 73%] Built target poser_kalman_only
[1.728s] [ 76%] Built target poser_dummy
[1.736s] [35m[1mConsolidate compiler generated dependencies of target poser_barycentric_svd[0m
[1.741s] [35m[1mConsolidate compiler generated dependencies of target driver_global_scene_solver[0m
[1.759s] [35m[1mConsolidate compiler generated dependencies of target visualize_mpfit[0m
[1.760s] [35m[1mConsolidate compiler generated dependencies of target driver_udp[0m
[1.785s] [ 79%] Built target poser_barycentric_svd
[1.786s] [ 81%] Built target driver_global_scene_solver
[1.806s] [ 84%] Built target visualize_mpfit
[1.808s] [ 86%] Built target driver_udp
[1.814s] [35m[1mConsolidate compiler generated dependencies of target driver_usbmon[0m
[1.832s] [ 88%] Built target driver_usbmon
[1.850s] [35m[1mConsolidate compiler generated dependencies of target survive-cli[0m
[1.856s] [35m[1mConsolidate compiler generated dependencies of target sensors-readout[0m
[1.863s] [35m[1mConsolidate compiler generated dependencies of target survive-solver[0m
[1.865s] [35m[1mConsolidate compiler generated dependencies of target api_example[0m
[1.884s] [ 90%] Built target sensors-readout
[1.885s] [ 93%] Built target api_example
[1.894s] [ 95%] Built target survive-cli
[1.895s] [ 97%] Built target survive-solver
[1.903s] [35m[1mConsolidate compiler generated dependencies of target survive-buttons[0m
[1.922s] [100%] Built target survive-buttons
[1.964s] [ 41%] [34m[1mPerforming install step for 'libsurvive'[0m
[2.033s] [  4%] Built target CNGFX
[2.039s] [ 10%] Built target cnmatrix
[2.072s] [ 12%] Built target mpfit
[2.073s] [ 19%] Built target cnkalman
[2.119s] [ 57%] Built target survive
[2.161s] [ 60%] Built target driver_vive
[2.165s] [ 62%] Built target driver_playback
[2.169s] [ 64%] Built target driver_simulator
[2.185s] [ 67%] Built target driver_dummy
[2.208s] [ 69%] Built target disambiguator_statebased
[2.211s] [ 71%] Built target poser_mpfit
[2.211s] [ 73%] Built target poser_dummy
[2.234s] [ 76%] Built target poser_kalman_only
[2.252s] [ 78%] Built target driver_udp
[2.266s] [ 81%] Built target poser_barycentric_svd
[2.268s] [ 84%] Built target driver_global_scene_solver
[2.277s] [ 86%] Built target visualize_mpfit
[2.287s] [ 88%] Built target driver_usbmon
[2.328s] [ 90%] Built target sensors-readout
[2.337s] [ 95%] Built target survive-solver
[2.339s] [ 96%] Built target survive-cli
[2.341s] [ 97%] Built target api_example
[2.363s] [100%] Built target survive-buttons
[2.395s] [36mInstall the project...[0m
[2.407s] -- Install configuration: "Release"
[2.408s] -- Up-to-date: /home/tch/mpo_500_workspace/src/libsurvive_ros2/build/libsurvive_ros2/libsurvive-install/bin/survive-cli
[2.408s] -- Up-to-date: /home/tch/mpo_500_workspace/src/libsurvive_ros2/build/libsurvive_ros2/libsurvive-install/bin/api_example
[2.408s] -- Up-to-date: /home/tch/mpo_500_workspace/src/libsurvive_ros2/build/libsurvive_ros2/libsurvive-install/bin/sensors-readout
[2.408s] -- Up-to-date: /home/tch/mpo_500_workspace/src/libsurvive_ros2/build/libsurvive_ros2/libsurvive-install/bin/survive-solver
[2.409s] -- Up-to-date: /home/tch/mpo_500_workspace/src/libsurvive_ros2/build/libsurvive_ros2/libsurvive-install/bin/survive-buttons
[2.409s] -- Up-to-date: /home/tch/mpo_500_workspace/src/libsurvive_ros2/build/libsurvive_ros2/libsurvive-install/bin/survive-websocketd
[2.409s] -- Up-to-date: /home/tch/mpo_500_workspace/src/libsurvive_ros2/build/libsurvive_ros2/libsurvive-install/include/libsurvive
[2.409s] -- Up-to-date: /home/tch/mpo_500_workspace/src/libsurvive_ros2/build/libsurvive_ros2/libsurvive-install/include/libsurvive/survive_reproject_gen2.h
[2.409s] -- Up-to-date: /home/tch/mpo_500_workspace/src/libsurvive_ros2/build/libsurvive_ros2/libsurvive-install/include/libsurvive/poser.h
[2.409s] -- Up-to-date: /home/tch/mpo_500_workspace/src/libsurvive_ros2/build/libsurvive_ros2/libsurvive-install/include/libsurvive/survive_optimizer.h
[2.409s] -- Up-to-date: /home/tch/mpo_500_workspace/src/libsurvive_ros2/build/libsurvive_ros2/libsurvive-install/include/libsurvive/survive_types.h
[2.410s] -- Up-to-date: /home/tch/mpo_500_workspace/src/libsurvive_ros2/build/libsurvive_ros2/libsurvive-install/include/libsurvive/survive.h
[2.410s] -- Up-to-date: /home/tch/mpo_500_workspace/src/libsurvive_ros2/build/libsurvive_ros2/libsurvive-install/include/libsurvive/survive_reproject.h
[2.410s] -- Up-to-date: /home/tch/mpo_500_workspace/src/libsurvive_ros2/build/libsurvive_ros2/libsurvive-install/include/libsurvive/survive_hooks.h
[2.410s] -- Up-to-date: /home/tch/mpo_500_workspace/src/libsurvive_ros2/build/libsurvive_ros2/libsurvive-install/include/libsurvive/survive_api.h
[2.410s] -- Up-to-date: /home/tch/mpo_500_workspace/src/libsurvive_ros2/build/libsurvive_ros2/libsurvive-install/include/libsurvive/redist/CNFG3D.h
[2.411s] -- Up-to-date: /home/tch/mpo_500_workspace/src/libsurvive_ros2/build/libsurvive_ros2/libsurvive-install/include/libsurvive/redist/CNFGFunctions.h
[2.411s] -- Up-to-date: /home/tch/mpo_500_workspace/src/libsurvive_ros2/build/libsurvive_ros2/libsurvive-install/include/libsurvive/redist/CNFGRasterizer.h
[2.411s] -- Up-to-date: /home/tch/mpo_500_workspace/src/libsurvive_ros2/build/libsurvive_ros2/libsurvive-install/include/libsurvive/redist/crc32.h
[2.411s] -- Up-to-date: /home/tch/mpo_500_workspace/src/libsurvive_ros2/build/libsurvive_ros2/libsurvive-install/include/libsurvive/redist/dclapack.h
[2.411s] -- Up-to-date: /home/tch/mpo_500_workspace/src/libsurvive_ros2/build/libsurvive_ros2/libsurvive-install/include/libsurvive/redist/dclhelpers.h
[2.411s] -- Up-to-date: /home/tch/mpo_500_workspace/src/libsurvive_ros2/build/libsurvive_ros2/libsurvive-install/include/libsurvive/redist/dirent.windows.h
[2.411s] -- Up-to-date: /home/tch/mpo_500_workspace/src/libsurvive_ros2/build/libsurvive_ros2/libsurvive-install/include/libsurvive/redist/glutil.h
[2.411s] -- Up-to-date: /home/tch/mpo_500_workspace/src/libsurvive_ros2/build/libsurvive_ros2/libsurvive-install/include/libsurvive/redist/hidapi.h
[2.412s] -- Up-to-date: /home/tch/mpo_500_workspace/src/libsurvive_ros2/build/libsurvive_ros2/libsurvive-install/include/libsurvive/redist/jsmn.h
[2.412s] -- Up-to-date: /home/tch/mpo_500_workspace/src/libsurvive_ros2/build/libsurvive_ros2/libsurvive-install/include/libsurvive/redist/json_helpers.h
[2.412s] -- Up-to-date: /home/tch/mpo_500_workspace/src/libsurvive_ros2/build/libsurvive_ros2/libsurvive-install/include/libsurvive/redist/linmath.h
[2.412s] -- Up-to-date: /home/tch/mpo_500_workspace/src/libsurvive_ros2/build/libsurvive_ros2/libsurvive-install/include/libsurvive/redist/os_generic.h
[2.412s] -- Up-to-date: /home/tch/mpo_500_workspace/src/libsurvive_ros2/build/libsurvive_ros2/libsurvive-install/include/libsurvive/redist/os_generic.unix.h
[2.412s] -- Up-to-date: /home/tch/mpo_500_workspace/src/libsurvive_ros2/build/libsurvive_ros2/libsurvive-install/include/libsurvive/redist/os_generic.windows.h
[2.412s] -- Up-to-date: /home/tch/mpo_500_workspace/src/libsurvive_ros2/build/libsurvive_ros2/libsurvive-install/include/libsurvive/redist/puff.h
[2.412s] -- Up-to-date: /home/tch/mpo_500_workspace/src/libsurvive_ros2/build/libsurvive_ros2/libsurvive-install/include/libsurvive/redist/symbol_enumerator.h
[2.412s] -- Up-to-date: /home/tch/mpo_500_workspace/src/libsurvive_ros2/build/libsurvive_ros2/libsurvive-install/include/libsurvive/redist/variance.h
[2.412s] -- Up-to-date: /home/tch/mpo_500_workspace/src/libsurvive_ros2/build/libsurvive_ros2/libsurvive-install/lib/pkgconfig/survive.pc
[2.413s] -- Up-to-date: /home/tch/mpo_500_workspace/src/libsurvive_ros2/build/libsurvive_ros2/libsurvive-install/include/cnkalman
[2.413s] -- Up-to-date: /home/tch/mpo_500_workspace/src/libsurvive_ros2/build/libsurvive_ros2/libsurvive-install/include/cnkalman/generated_header.h
[2.413s] -- Up-to-date: /home/tch/mpo_500_workspace/src/libsurvive_ros2/build/libsurvive_ros2/libsurvive-install/include/cnkalman/ModelPlot.h
[2.413s] -- Up-to-date: /home/tch/mpo_500_workspace/src/libsurvive_ros2/build/libsurvive_ros2/libsurvive-install/include/cnkalman/kalman.h
[2.413s] -- Up-to-date: /home/tch/mpo_500_workspace/src/libsurvive_ros2/build/libsurvive_ros2/libsurvive-install/include/cnkalman/model.h
[2.413s] -- Up-to-date: /home/tch/mpo_500_workspace/src/libsurvive_ros2/build/libsurvive_ros2/libsurvive-install/include/cnkalman/numerical_diff.h
[2.413s] -- Up-to-date: /home/tch/mpo_500_workspace/src/libsurvive_ros2/build/libsurvive_ros2/libsurvive-install/lib/pkgconfig/cnkalman.pc
[2.413s] -- Up-to-date: /home/tch/mpo_500_workspace/src/libsurvive_ros2/build/libsurvive_ros2/libsurvive-install/include/cnmatrix
[2.413s] -- Up-to-date: /home/tch/mpo_500_workspace/src/libsurvive_ros2/build/libsurvive_ros2/libsurvive-install/include/cnmatrix/cn_matrix.h
[2.413s] -- Up-to-date: /home/tch/mpo_500_workspace/src/libsurvive_ros2/build/libsurvive_ros2/libsurvive-install/include/cnmatrix/cn_matrix.hpp
[2.414s] -- Up-to-date: /home/tch/mpo_500_workspace/src/libsurvive_ros2/build/libsurvive_ros2/libsurvive-install/include/cnmatrix/cn_matrix.eigen.h
[2.414s] -- Up-to-date: /home/tch/mpo_500_workspace/src/libsurvive_ros2/build/libsurvive_ros2/libsurvive-install/include/cnmatrix/cn_flt.h
[2.414s] -- Up-to-date: /home/tch/mpo_500_workspace/src/libsurvive_ros2/build/libsurvive_ros2/libsurvive-install/include/cnmatrix/cn_matrix.blas.h
[2.414s] -- Up-to-date: /home/tch/mpo_500_workspace/src/libsurvive_ros2/build/libsurvive_ros2/libsurvive-install/lib/pkgconfig/cnmatrix.pc
[2.414s] -- Up-to-date: /home/tch/mpo_500_workspace/src/libsurvive_ros2/build/libsurvive_ros2/libsurvive-install/lib/libcnmatrix.a
[2.414s] -- Up-to-date: /home/tch/mpo_500_workspace/src/libsurvive_ros2/build/libsurvive_ros2/libsurvive-install/lib/libcnkalman.a
[2.415s] -- Up-to-date: /home/tch/mpo_500_workspace/src/libsurvive_ros2/build/libsurvive_ros2/libsurvive-install/lib/libmpfit.a
[2.415s] -- Up-to-date: /home/tch/mpo_500_workspace/src/libsurvive_ros2/build/libsurvive_ros2/libsurvive-install/lib/libsurvive/plugins/driver_dummy.so
[2.415s] -- Up-to-date: /home/tch/mpo_500_workspace/src/libsurvive_ros2/build/libsurvive_ros2/libsurvive-install/lib/libsurvive/plugins/driver_vive.so
[2.415s] -- Up-to-date: /home/tch/mpo_500_workspace/src/libsurvive_ros2/build/libsurvive_ros2/libsurvive-install/lib/libsurvive/plugins/driver_simulator.so
[2.415s] -- Up-to-date: /home/tch/mpo_500_workspace/src/libsurvive_ros2/build/libsurvive_ros2/libsurvive-install/lib/libsurvive/plugins/driver_playback.so
[2.415s] -- Up-to-date: /home/tch/mpo_500_workspace/src/libsurvive_ros2/build/libsurvive_ros2/libsurvive-install/lib/libsurvive/plugins/disambiguator_statebased.so
[2.415s] -- Up-to-date: /home/tch/mpo_500_workspace/src/libsurvive_ros2/build/libsurvive_ros2/libsurvive-install/lib/libsurvive/plugins/poser_dummy.so
[2.415s] -- Up-to-date: /home/tch/mpo_500_workspace/src/libsurvive_ros2/build/libsurvive_ros2/libsurvive-install/lib/libsurvive/plugins/poser_mpfit.so
[2.415s] -- Up-to-date: /home/tch/mpo_500_workspace/src/libsurvive_ros2/build/libsurvive_ros2/libsurvive-install/lib/libsurvive/plugins/poser_kalman_only.so
[2.415s] -- Up-to-date: /home/tch/mpo_500_workspace/src/libsurvive_ros2/build/libsurvive_ros2/libsurvive-install/lib/libsurvive/plugins/poser_barycentric_svd.so
[2.416s] -- Up-to-date: /home/tch/mpo_500_workspace/src/libsurvive_ros2/build/libsurvive_ros2/libsurvive-install/lib/libsurvive/plugins/driver_global_scene_solver.so
[2.416s] -- Up-to-date: /home/tch/mpo_500_workspace/src/libsurvive_ros2/build/libsurvive_ros2/libsurvive-install/lib/libsurvive/plugins/driver_udp.so
[2.416s] -- Up-to-date: /home/tch/mpo_500_workspace/src/libsurvive_ros2/build/libsurvive_ros2/libsurvive-install/lib/libsurvive/plugins/driver_usbmon.so
[2.417s] -- Up-to-date: /home/tch/mpo_500_workspace/src/libsurvive_ros2/build/libsurvive_ros2/libsurvive-install/lib/libsurvive/plugins/driver_dummy.so
[2.417s] -- Up-to-date: /home/tch/mpo_500_workspace/src/libsurvive_ros2/build/libsurvive_ros2/libsurvive-install/lib/libsurvive/plugins/driver_vive.so
[2.417s] -- Up-to-date: /home/tch/mpo_500_workspace/src/libsurvive_ros2/build/libsurvive_ros2/libsurvive-install/lib/libsurvive/plugins/driver_simulator.so
[2.418s] -- Up-to-date: /home/tch/mpo_500_workspace/src/libsurvive_ros2/build/libsurvive_ros2/libsurvive-install/lib/libsurvive/plugins/driver_playback.so
[2.418s] -- Up-to-date: /home/tch/mpo_500_workspace/src/libsurvive_ros2/build/libsurvive_ros2/libsurvive-install/lib/libsurvive/plugins/disambiguator_statebased.so
[2.418s] -- Up-to-date: /home/tch/mpo_500_workspace/src/libsurvive_ros2/build/libsurvive_ros2/libsurvive-install/lib/libsurvive/plugins/poser_dummy.so
[2.419s] -- Up-to-date: /home/tch/mpo_500_workspace/src/libsurvive_ros2/build/libsurvive_ros2/libsurvive-install/lib/libsurvive/plugins/poser_mpfit.so
[2.419s] -- Up-to-date: /home/tch/mpo_500_workspace/src/libsurvive_ros2/build/libsurvive_ros2/libsurvive-install/lib/libsurvive/plugins/poser_kalman_only.so
[2.419s] -- Up-to-date: /home/tch/mpo_500_workspace/src/libsurvive_ros2/build/libsurvive_ros2/libsurvive-install/lib/libsurvive/plugins/poser_barycentric_svd.so
[2.420s] -- Up-to-date: /home/tch/mpo_500_workspace/src/libsurvive_ros2/build/libsurvive_ros2/libsurvive-install/lib/libsurvive/plugins/driver_global_scene_solver.so
[2.420s] -- Up-to-date: /home/tch/mpo_500_workspace/src/libsurvive_ros2/build/libsurvive_ros2/libsurvive-install/lib/libsurvive/plugins/driver_udp.so
[2.420s] -- Up-to-date: /home/tch/mpo_500_workspace/src/libsurvive_ros2/build/libsurvive_ros2/libsurvive-install/lib/libsurvive/plugins/driver_usbmon.so
[2.421s] -- Up-to-date: /home/tch/mpo_500_workspace/src/libsurvive_ros2/build/libsurvive_ros2/libsurvive-install/lib/libsurvive.so.0.3
[2.421s] -- Up-to-date: /home/tch/mpo_500_workspace/src/libsurvive_ros2/build/libsurvive_ros2/libsurvive-install/lib/libsurvive.so.0
[2.421s] -- Up-to-date: /home/tch/mpo_500_workspace/src/libsurvive_ros2/build/libsurvive_ros2/libsurvive-install/lib/libsurvive.so
[2.450s] [ 50%] [34m[1mCompleted 'libsurvive'[0m
[2.500s] [ 66%] Built target libsurvive
[2.520s] [35m[1mConsolidate compiler generated dependencies of target libsurvive_ros2_component[0m
[2.548s] [ 75%] [32mBuilding CXX object CMakeFiles/libsurvive_ros2_component.dir/src/component.cpp.o[0m
[6.457s] [01m[K/home/tch/mpo_500_workspace/src/libsurvive_ros2/src/component.cpp:[m[K In function ‘[01m[Kvoid imu_func(SurviveObject*, int, const double*, uint32_t, int)[m[K’:
[6.458s] [01m[K/home/tch/mpo_500_workspace/src/libsurvive_ros2/src/component.cpp:46:36:[m[K [01;31m[Kerror: [m[Kexpected ‘[01m[K;[m[K’ before ‘[01m[Kimu_msg[m[K’
[6.458s]    46 |     imu_msg.header.frame_id = "map"[01;31m[K [m[K//std::string(so->serial_number) + "_imu";
[6.458s]       |                                    [01;31m[K^[m[K
[6.458s]       |                                    [32m[K;[m[K
[6.458s]    47 |     [32m[Kimu_msg[m[K.header.stamp = _singleton->get_ros_time("inertial", timecode);
[6.458s]       |     [32m[K~~~~~~~[m[K                         
[6.458s] [01m[K/home/tch/mpo_500_workspace/src/libsurvive_ros2/src/component.cpp:43:9:[m[K [01;35m[Kwarning: [m[Kunused variable ‘[01m[Ktimecode[m[K’ [[01;35m[K]8;;https://gcc.gnu.org/onlinedocs/gcc/Warning-Options.html#index-Wunused-variable-Wunused-variable]8;;[m[K]
[6.458s]    43 |     FLT [01;35m[Ktimecode[m[K = SurviveSensorActivations_runtime(
[6.458s]       |         [01;35m[K^~~~~~~~[m[K
[8.813s] gmake[2]: *** [CMakeFiles/libsurvive_ros2_component.dir/build.make:76: CMakeFiles/libsurvive_ros2_component.dir/src/component.cpp.o] Error 1
[8.813s] gmake[1]: *** [CMakeFiles/Makefile2:167: CMakeFiles/libsurvive_ros2_component.dir/all] Error 2
[8.813s] gmake: *** [Makefile:146: all] Error 2
[8.815s] Invoked command in '/home/tch/mpo_500_workspace/src/libsurvive_ros2/build/libsurvive_ros2' returned '2': CMAKE_PREFIX_PATH=${CMAKE_PREFIX_PATH}:/home/tch/mpo_500_workspace/install/odrive_motor_op:/home/tch/mpo_500_workspace/install/neo_nav2_py_costmap2D:/home/tch/mpo_500_workspace/src/odrive_motor_op/install/odrive_motor_op:/opt/ros/humble /usr/bin/cmake --build /home/tch/mpo_500_workspace/src/libsurvive_ros2/build/libsurvive_ros2 -- -j4 -l4
