[1.467s] DEBUG:colcon:Command line arguments: ['/usr/bin/colcon', 'build']
[1.467s] DEBUG:colcon:Parsed command line arguments: Namespace(log_base=None, log_level=None, verb_name='build', build_base='build', install_base='install', merge_install=False, symlink_install=False, test_result_base=None, continue_on_error=False, executor='parallel', parallel_workers=4, event_handlers=None, ignore_user_meta=False, metas=['./colcon.meta'], base_paths=['.'], packages_ignore=None, packages_ignore_regex=None, paths=None, packages_up_to=None, packages_up_to_regex=None, packages_above=None, packages_above_and_dependencies=None, packages_above_depth=None, packages_select_by_dep=None, packages_skip_by_dep=None, packages_skip_up_to=None, packages_select_build_failed=False, packages_skip_build_finished=False, packages_select_test_failures=False, packages_skip_test_passed=False, packages_select=None, packages_skip=None, packages_select_regex=None, packages_skip_regex=None, packages_start=None, packages_end=None, allow_overriding=[], cmake_args=None, cmake_target=None, cmake_target_skip_unavailable=False, cmake_clean_cache=False, cmake_clean_first=False, cmake_force_configure=False, ament_cmake_args=None, catkin_cmake_args=None, catkin_skip_building_tests=False, verb_parser=<colcon_defaults.argument_parser.defaults.DefaultArgumentsDecorator object at 0x7ff1d5fc2a70>, verb_extension=<colcon_core.verb.build.BuildVerb object at 0x7ff1d5fc1e10>, main=<bound method BuildVerb.main of <colcon_core.verb.build.BuildVerb object at 0x7ff1d5fc1e10>>)
[1.535s] Level 1:colcon.colcon_core.package_discovery:discover_packages(colcon_meta) check parameters
[1.535s] Level 1:colcon.colcon_core.package_discovery:discover_packages(recursive) check parameters
[1.535s] Level 1:colcon.colcon_core.package_discovery:discover_packages(ignore) check parameters
[1.535s] Level 1:colcon.colcon_core.package_discovery:discover_packages(path) check parameters
[1.535s] Level 1:colcon.colcon_core.package_discovery:discover_packages(colcon_meta) discover
[1.535s] Level 1:colcon.colcon_core.package_discovery:discover_packages(recursive) discover
[1.535s] INFO:colcon.colcon_core.package_discovery:Crawling recursively for packages in '/home/tch/mpo_500_workspace/src/libsurvive_ros2'
[1.535s] Level 1:colcon.colcon_core.package_identification:_identify(.) by extensions ['ignore', 'ignore_ament_install']
[1.536s] Level 1:colcon.colcon_core.package_identification:_identify(.) by extension 'ignore'
[1.536s] Level 1:colcon.colcon_core.package_identification:_identify(.) by extension 'ignore_ament_install'
[1.536s] Level 1:colcon.colcon_core.package_identification:_identify(.) by extensions ['colcon_pkg']
[1.536s] Level 1:colcon.colcon_core.package_identification:_identify(.) by extension 'colcon_pkg'
[1.536s] Level 1:colcon.colcon_core.package_identification:_identify(.) by extensions ['colcon_meta']
[1.536s] Level 1:colcon.colcon_core.package_identification:_identify(.) by extension 'colcon_meta'
[1.536s] Level 1:colcon.colcon_core.package_identification:_identify(.) by extensions ['ros']
[1.536s] Level 1:colcon.colcon_core.package_identification:_identify(.) by extension 'ros'
[1.555s] DEBUG:colcon.colcon_core.package_identification:Package '.' with type 'ros.ament_cmake' and name 'libsurvive_ros2'
[1.556s] Level 1:colcon.colcon_core.package_discovery:discover_packages(recursive) using defaults
[1.556s] Level 1:colcon.colcon_core.package_discovery:discover_packages(ignore) discover
[1.556s] Level 1:colcon.colcon_core.package_discovery:discover_packages(ignore) using defaults
[1.556s] Level 1:colcon.colcon_core.package_discovery:discover_packages(path) discover
[1.556s] Level 1:colcon.colcon_core.package_discovery:discover_packages(path) using defaults
[1.690s] Level 1:colcon.colcon_core.package_discovery:discover_packages(prefix_path) check parameters
[1.690s] Level 1:colcon.colcon_core.package_discovery:discover_packages(prefix_path) discover
[1.736s] DEBUG:colcon.colcon_installed_package_information.package_discovery:Found 1 installed packages in /home/tch/mpo_500_workspace/src/libsurvive_ros2/install
[1.757s] DEBUG:colcon.colcon_installed_package_information.package_discovery:Found 7 installed packages in /home/tch/neobotix_workspace/install
[1.779s] DEBUG:colcon.colcon_installed_package_information.package_discovery:Found 18 installed packages in /home/tch/mpo_500_workspace/install
[1.801s] DEBUG:colcon.colcon_installed_package_information.package_discovery:Found 1 installed packages in /home/tch/mpo_500_workspace/src/neo_mpo_500-2/install
[1.838s] DEBUG:colcon.colcon_installed_package_information.package_discovery:Found 1 installed packages in /home/tch/mpo_500_workspace/src/neo_kinematics_mecanum2/install
[1.860s] DEBUG:colcon.colcon_installed_package_information.package_discovery:Found 1 installed packages in /home/tch/laser_filters-ros2/install
[1.882s] DEBUG:colcon.colcon_installed_package_information.package_discovery:Found 1 installed packages in /home/tch/filters-ros2/install
[1.903s] DEBUG:colcon.colcon_installed_package_information.package_discovery:Found 1 installed packages in /home/tch/mpo_500_workspace/src/odrive_motor_op/install
[1.926s] DEBUG:colcon.colcon_installed_package_information.package_discovery:Found 331 installed packages in /opt/ros/humble
[1.929s] Level 1:colcon.colcon_core.package_discovery:discover_packages(prefix_path) using defaults
[2.074s] Level 5:colcon.colcon_core.verb:set package 'libsurvive_ros2' build argument 'cmake_args' from command line to 'None'
[2.075s] Level 5:colcon.colcon_core.verb:set package 'libsurvive_ros2' build argument 'cmake_target' from command line to 'None'
[2.075s] Level 5:colcon.colcon_core.verb:set package 'libsurvive_ros2' build argument 'cmake_target_skip_unavailable' from command line to 'False'
[2.075s] Level 5:colcon.colcon_core.verb:set package 'libsurvive_ros2' build argument 'cmake_clean_cache' from command line to 'False'
[2.075s] Level 5:colcon.colcon_core.verb:set package 'libsurvive_ros2' build argument 'cmake_clean_first' from command line to 'False'
[2.075s] Level 5:colcon.colcon_core.verb:set package 'libsurvive_ros2' build argument 'cmake_force_configure' from command line to 'False'
[2.075s] Level 5:colcon.colcon_core.verb:set package 'libsurvive_ros2' build argument 'ament_cmake_args' from command line to 'None'
[2.075s] Level 5:colcon.colcon_core.verb:set package 'libsurvive_ros2' build argument 'catkin_cmake_args' from command line to 'None'
[2.075s] Level 5:colcon.colcon_core.verb:set package 'libsurvive_ros2' build argument 'catkin_skip_building_tests' from command line to 'False'
[2.075s] DEBUG:colcon.colcon_core.verb:Building package 'libsurvive_ros2' with the following arguments: {'ament_cmake_args': None, 'build_base': '/home/tch/mpo_500_workspace/src/libsurvive_ros2/build/libsurvive_ros2', 'catkin_cmake_args': None, 'catkin_skip_building_tests': False, 'cmake_args': None, 'cmake_clean_cache': False, 'cmake_clean_first': False, 'cmake_force_configure': False, 'cmake_target': None, 'cmake_target_skip_unavailable': False, 'install_base': '/home/tch/mpo_500_workspace/src/libsurvive_ros2/install/libsurvive_ros2', 'merge_install': False, 'path': '/home/tch/mpo_500_workspace/src/libsurvive_ros2', 'symlink_install': False, 'test_result_base': None}
[2.100s] INFO:colcon.colcon_core.executor:Executing jobs using 'parallel' executor
[2.124s] DEBUG:colcon.colcon_parallel_executor.executor.parallel:run_until_complete
[2.125s] INFO:colcon.colcon_ros.task.ament_cmake.build:Building ROS package in '/home/tch/mpo_500_workspace/src/libsurvive_ros2' with build type 'ament_cmake'
[2.125s] INFO:colcon.colcon_cmake.task.cmake.build:Building CMake package in '/home/tch/mpo_500_workspace/src/libsurvive_ros2'
[2.149s] INFO:colcon.colcon_core.plugin_system:Skipping extension 'colcon_core.shell.bat': Not used on non-Windows systems
[2.150s] INFO:colcon.colcon_core.shell:Skip shell extension 'powershell' for command environment: Not usable outside of PowerShell
[2.150s] DEBUG:colcon.colcon_core.shell:Skip shell extension 'dsv' for command environment
[2.382s] DEBUG:colcon.colcon_core.event_handler.log_command:Invoking command in '/home/tch/mpo_500_workspace/src/libsurvive_ros2/build/libsurvive_ros2': CMAKE_PREFIX_PATH=${CMAKE_PREFIX_PATH}:/home/tch/mpo_500_workspace/install/odrive_motor_op:/home/tch/mpo_500_workspace/install/neo_nav2_py_costmap2D:/home/tch/mpo_500_workspace/src/odrive_motor_op/install/odrive_motor_op:/opt/ros/humble /usr/bin/cmake --build /home/tch/mpo_500_workspace/src/libsurvive_ros2/build/libsurvive_ros2 -- -j4 -l4
[14.110s] DEBUG:colcon.colcon_core.event_handler.log_command:Invoked command in '/home/tch/mpo_500_workspace/src/libsurvive_ros2/build/libsurvive_ros2' returned '0': CMAKE_PREFIX_PATH=${CMAKE_PREFIX_PATH}:/home/tch/mpo_500_workspace/install/odrive_motor_op:/home/tch/mpo_500_workspace/install/neo_nav2_py_costmap2D:/home/tch/mpo_500_workspace/src/odrive_motor_op/install/odrive_motor_op:/opt/ros/humble /usr/bin/cmake --build /home/tch/mpo_500_workspace/src/libsurvive_ros2/build/libsurvive_ros2 -- -j4 -l4
[14.164s] DEBUG:colcon.colcon_core.event_handler.log_command:Invoking command in '/home/tch/mpo_500_workspace/src/libsurvive_ros2/build/libsurvive_ros2': CMAKE_PREFIX_PATH=${CMAKE_PREFIX_PATH}:/home/tch/mpo_500_workspace/install/odrive_motor_op:/home/tch/mpo_500_workspace/install/neo_nav2_py_costmap2D:/home/tch/mpo_500_workspace/src/odrive_motor_op/install/odrive_motor_op:/opt/ros/humble /usr/bin/cmake --install /home/tch/mpo_500_workspace/src/libsurvive_ros2/build/libsurvive_ros2
[14.189s] Level 1:colcon.colcon_core.environment:create_environment_scripts_only(libsurvive_ros2)
[14.189s] DEBUG:colcon.colcon_core.event_handler.log_command:Invoked command in '/home/tch/mpo_500_workspace/src/libsurvive_ros2/build/libsurvive_ros2' returned '0': CMAKE_PREFIX_PATH=${CMAKE_PREFIX_PATH}:/home/tch/mpo_500_workspace/install/odrive_motor_op:/home/tch/mpo_500_workspace/install/neo_nav2_py_costmap2D:/home/tch/mpo_500_workspace/src/odrive_motor_op/install/odrive_motor_op:/opt/ros/humble /usr/bin/cmake --install /home/tch/mpo_500_workspace/src/libsurvive_ros2/build/libsurvive_ros2
[14.214s] Level 1:colcon.colcon_core.environment:checking '/home/tch/mpo_500_workspace/src/libsurvive_ros2/install/libsurvive_ros2' for CMake module files
[14.215s] Level 1:colcon.colcon_core.environment:checking '/home/tch/mpo_500_workspace/src/libsurvive_ros2/install/libsurvive_ros2' for CMake config files
[14.215s] Level 1:colcon.colcon_core.shell:create_environment_hook('libsurvive_ros2', 'cmake_prefix_path')
[14.238s] INFO:colcon.colcon_core.shell:Creating environment hook '/home/tch/mpo_500_workspace/src/libsurvive_ros2/install/libsurvive_ros2/share/libsurvive_ros2/hook/cmake_prefix_path.ps1'
[14.238s] INFO:colcon.colcon_core.shell:Creating environment descriptor '/home/tch/mpo_500_workspace/src/libsurvive_ros2/install/libsurvive_ros2/share/libsurvive_ros2/hook/cmake_prefix_path.dsv'
[14.239s] INFO:colcon.colcon_core.shell:Creating environment hook '/home/tch/mpo_500_workspace/src/libsurvive_ros2/install/libsurvive_ros2/share/libsurvive_ros2/hook/cmake_prefix_path.sh'
[14.240s] Level 1:colcon.colcon_core.environment:checking '/home/tch/mpo_500_workspace/src/libsurvive_ros2/install/libsurvive_ros2/lib'
[14.240s] Level 1:colcon.colcon_core.shell:create_environment_hook('libsurvive_ros2', 'ld_library_path_lib')
[14.263s] INFO:colcon.colcon_core.shell:Creating environment hook '/home/tch/mpo_500_workspace/src/libsurvive_ros2/install/libsurvive_ros2/share/libsurvive_ros2/hook/ld_library_path_lib.ps1'
[14.263s] INFO:colcon.colcon_core.shell:Creating environment descriptor '/home/tch/mpo_500_workspace/src/libsurvive_ros2/install/libsurvive_ros2/share/libsurvive_ros2/hook/ld_library_path_lib.dsv'
[14.264s] INFO:colcon.colcon_core.shell:Creating environment hook '/home/tch/mpo_500_workspace/src/libsurvive_ros2/install/libsurvive_ros2/share/libsurvive_ros2/hook/ld_library_path_lib.sh'
[14.264s] Level 1:colcon.colcon_core.environment:checking '/home/tch/mpo_500_workspace/src/libsurvive_ros2/install/libsurvive_ros2/bin'
[14.265s] Level 1:colcon.colcon_core.shell:create_environment_hook('libsurvive_ros2', 'path')
[14.287s] INFO:colcon.colcon_core.shell:Creating environment hook '/home/tch/mpo_500_workspace/src/libsurvive_ros2/install/libsurvive_ros2/share/libsurvive_ros2/hook/path.ps1'
[14.288s] INFO:colcon.colcon_core.shell:Creating environment descriptor '/home/tch/mpo_500_workspace/src/libsurvive_ros2/install/libsurvive_ros2/share/libsurvive_ros2/hook/path.dsv'
[14.288s] INFO:colcon.colcon_core.shell:Creating environment hook '/home/tch/mpo_500_workspace/src/libsurvive_ros2/install/libsurvive_ros2/share/libsurvive_ros2/hook/path.sh'
[14.289s] Level 1:colcon.colcon_core.environment:checking '/home/tch/mpo_500_workspace/src/libsurvive_ros2/install/libsurvive_ros2/lib/pkgconfig/libsurvive_ros2.pc'
[14.289s] Level 1:colcon.colcon_core.environment:checking '/home/tch/mpo_500_workspace/src/libsurvive_ros2/install/libsurvive_ros2/lib/python3.10/site-packages'
[14.290s] Level 1:colcon.colcon_core.environment:checking '/home/tch/mpo_500_workspace/src/libsurvive_ros2/install/libsurvive_ros2/bin'
[14.290s] Level 1:colcon.colcon_core.shell:create_environment_hook('libsurvive_ros2', 'pythonscriptspath')
[14.314s] INFO:colcon.colcon_core.shell:Creating environment hook '/home/tch/mpo_500_workspace/src/libsurvive_ros2/install/libsurvive_ros2/share/libsurvive_ros2/hook/pythonscriptspath.ps1'
[14.315s] INFO:colcon.colcon_core.shell:Creating environment descriptor '/home/tch/mpo_500_workspace/src/libsurvive_ros2/install/libsurvive_ros2/share/libsurvive_ros2/hook/pythonscriptspath.dsv'
[14.315s] INFO:colcon.colcon_core.shell:Creating environment hook '/home/tch/mpo_500_workspace/src/libsurvive_ros2/install/libsurvive_ros2/share/libsurvive_ros2/hook/pythonscriptspath.sh'
[14.338s] INFO:colcon.colcon_core.shell:Creating package script '/home/tch/mpo_500_workspace/src/libsurvive_ros2/install/libsurvive_ros2/share/libsurvive_ros2/package.ps1'
[14.339s] INFO:colcon.colcon_core.shell:Creating package descriptor '/home/tch/mpo_500_workspace/src/libsurvive_ros2/install/libsurvive_ros2/share/libsurvive_ros2/package.dsv'
[14.340s] INFO:colcon.colcon_core.shell:Creating package script '/home/tch/mpo_500_workspace/src/libsurvive_ros2/install/libsurvive_ros2/share/libsurvive_ros2/package.sh'
[14.341s] INFO:colcon.colcon_core.shell:Creating package script '/home/tch/mpo_500_workspace/src/libsurvive_ros2/install/libsurvive_ros2/share/libsurvive_ros2/package.bash'
[14.342s] INFO:colcon.colcon_core.shell:Creating package script '/home/tch/mpo_500_workspace/src/libsurvive_ros2/install/libsurvive_ros2/share/libsurvive_ros2/package.zsh'
[14.343s] Level 1:colcon.colcon_core.environment:create_file_with_runtime_dependencies(/home/tch/mpo_500_workspace/src/libsurvive_ros2/install/libsurvive_ros2/share/colcon-core/packages/libsurvive_ros2)
[14.405s] Level 1:colcon.colcon_core.environment:create_environment_scripts_only(libsurvive_ros2)
[14.427s] Level 1:colcon.colcon_core.environment:checking '/home/tch/mpo_500_workspace/src/libsurvive_ros2/install/libsurvive_ros2' for CMake module files
[14.428s] Level 1:colcon.colcon_core.environment:checking '/home/tch/mpo_500_workspace/src/libsurvive_ros2/install/libsurvive_ros2' for CMake config files
[14.429s] Level 1:colcon.colcon_core.shell:create_environment_hook('libsurvive_ros2', 'cmake_prefix_path')
[14.450s] INFO:colcon.colcon_core.shell:Creating environment hook '/home/tch/mpo_500_workspace/src/libsurvive_ros2/install/libsurvive_ros2/share/libsurvive_ros2/hook/cmake_prefix_path.ps1'
[14.451s] INFO:colcon.colcon_core.shell:Creating environment descriptor '/home/tch/mpo_500_workspace/src/libsurvive_ros2/install/libsurvive_ros2/share/libsurvive_ros2/hook/cmake_prefix_path.dsv'
[14.452s] INFO:colcon.colcon_core.shell:Creating environment hook '/home/tch/mpo_500_workspace/src/libsurvive_ros2/install/libsurvive_ros2/share/libsurvive_ros2/hook/cmake_prefix_path.sh'
[14.453s] Level 1:colcon.colcon_core.environment:checking '/home/tch/mpo_500_workspace/src/libsurvive_ros2/install/libsurvive_ros2/lib'
[14.453s] Level 1:colcon.colcon_core.shell:create_environment_hook('libsurvive_ros2', 'ld_library_path_lib')
[14.475s] INFO:colcon.colcon_core.shell:Creating environment hook '/home/tch/mpo_500_workspace/src/libsurvive_ros2/install/libsurvive_ros2/share/libsurvive_ros2/hook/ld_library_path_lib.ps1'
[14.476s] INFO:colcon.colcon_core.shell:Creating environment descriptor '/home/tch/mpo_500_workspace/src/libsurvive_ros2/install/libsurvive_ros2/share/libsurvive_ros2/hook/ld_library_path_lib.dsv'
[14.476s] INFO:colcon.colcon_core.shell:Creating environment hook '/home/tch/mpo_500_workspace/src/libsurvive_ros2/install/libsurvive_ros2/share/libsurvive_ros2/hook/ld_library_path_lib.sh'
[14.477s] Level 1:colcon.colcon_core.environment:checking '/home/tch/mpo_500_workspace/src/libsurvive_ros2/install/libsurvive_ros2/bin'
[14.477s] Level 1:colcon.colcon_core.shell:create_environment_hook('libsurvive_ros2', 'path')
[14.499s] INFO:colcon.colcon_core.shell:Creating environment hook '/home/tch/mpo_500_workspace/src/libsurvive_ros2/install/libsurvive_ros2/share/libsurvive_ros2/hook/path.ps1'
[14.500s] INFO:colcon.colcon_core.shell:Creating environment descriptor '/home/tch/mpo_500_workspace/src/libsurvive_ros2/install/libsurvive_ros2/share/libsurvive_ros2/hook/path.dsv'
[14.500s] INFO:colcon.colcon_core.shell:Creating environment hook '/home/tch/mpo_500_workspace/src/libsurvive_ros2/install/libsurvive_ros2/share/libsurvive_ros2/hook/path.sh'
[14.501s] Level 1:colcon.colcon_core.environment:checking '/home/tch/mpo_500_workspace/src/libsurvive_ros2/install/libsurvive_ros2/lib/pkgconfig/libsurvive_ros2.pc'
[14.501s] Level 1:colcon.colcon_core.environment:checking '/home/tch/mpo_500_workspace/src/libsurvive_ros2/install/libsurvive_ros2/lib/python3.10/site-packages'
[14.501s] Level 1:colcon.colcon_core.environment:checking '/home/tch/mpo_500_workspace/src/libsurvive_ros2/install/libsurvive_ros2/bin'
[14.502s] Level 1:colcon.colcon_core.shell:create_environment_hook('libsurvive_ros2', 'pythonscriptspath')
[14.523s] INFO:colcon.colcon_core.shell:Creating environment hook '/home/tch/mpo_500_workspace/src/libsurvive_ros2/install/libsurvive_ros2/share/libsurvive_ros2/hook/pythonscriptspath.ps1'
[14.524s] INFO:colcon.colcon_core.shell:Creating environment descriptor '/home/tch/mpo_500_workspace/src/libsurvive_ros2/install/libsurvive_ros2/share/libsurvive_ros2/hook/pythonscriptspath.dsv'
[14.524s] INFO:colcon.colcon_core.shell:Creating environment hook '/home/tch/mpo_500_workspace/src/libsurvive_ros2/install/libsurvive_ros2/share/libsurvive_ros2/hook/pythonscriptspath.sh'
[14.547s] INFO:colcon.colcon_core.shell:Creating package script '/home/tch/mpo_500_workspace/src/libsurvive_ros2/install/libsurvive_ros2/share/libsurvive_ros2/package.ps1'
[14.548s] INFO:colcon.colcon_core.shell:Creating package descriptor '/home/tch/mpo_500_workspace/src/libsurvive_ros2/install/libsurvive_ros2/share/libsurvive_ros2/package.dsv'
[14.549s] INFO:colcon.colcon_core.shell:Creating package script '/home/tch/mpo_500_workspace/src/libsurvive_ros2/install/libsurvive_ros2/share/libsurvive_ros2/package.sh'
[14.549s] INFO:colcon.colcon_core.shell:Creating package script '/home/tch/mpo_500_workspace/src/libsurvive_ros2/install/libsurvive_ros2/share/libsurvive_ros2/package.bash'
[14.550s] INFO:colcon.colcon_core.shell:Creating package script '/home/tch/mpo_500_workspace/src/libsurvive_ros2/install/libsurvive_ros2/share/libsurvive_ros2/package.zsh'
[14.551s] Level 1:colcon.colcon_core.environment:create_file_with_runtime_dependencies(/home/tch/mpo_500_workspace/src/libsurvive_ros2/install/libsurvive_ros2/share/colcon-core/packages/libsurvive_ros2)
[14.551s] DEBUG:colcon.colcon_parallel_executor.executor.parallel:closing loop
[14.552s] DEBUG:colcon.colcon_parallel_executor.executor.parallel:loop closed
[14.552s] DEBUG:colcon.colcon_parallel_executor.executor.parallel:run_until_complete finished with '0'
[14.552s] DEBUG:colcon.colcon_core.event_reactor:joining thread
[14.580s] INFO:colcon.colcon_core.plugin_system:Skipping extension 'colcon_notification.desktop_notification.terminal_notifier': Not used on non-Darwin systems
[14.581s] INFO:colcon.colcon_core.plugin_system:Skipping extension 'colcon_notification.desktop_notification.win32': Not used on non-Windows systems
[14.581s] INFO:colcon.colcon_notification.desktop_notification:Sending desktop notification using 'notify2'
[14.593s] DEBUG:colcon.colcon_core.event_reactor:joined thread
[14.615s] INFO:colcon.colcon_core.shell:Creating prefix script '/home/tch/mpo_500_workspace/src/libsurvive_ros2/install/local_setup.ps1'
[14.617s] INFO:colcon.colcon_core.shell:Creating prefix util module '/home/tch/mpo_500_workspace/src/libsurvive_ros2/install/_local_setup_util_ps1.py'
[14.618s] INFO:colcon.colcon_core.shell:Creating prefix chain script '/home/tch/mpo_500_workspace/src/libsurvive_ros2/install/setup.ps1'
[14.644s] INFO:colcon.colcon_core.shell:Creating prefix script '/home/tch/mpo_500_workspace/src/libsurvive_ros2/install/local_setup.sh'
[14.645s] INFO:colcon.colcon_core.shell:Creating prefix util module '/home/tch/mpo_500_workspace/src/libsurvive_ros2/install/_local_setup_util_sh.py'
[14.646s] INFO:colcon.colcon_core.shell:Creating prefix chain script '/home/tch/mpo_500_workspace/src/libsurvive_ros2/install/setup.sh'
[14.671s] INFO:colcon.colcon_core.shell:Creating prefix script '/home/tch/mpo_500_workspace/src/libsurvive_ros2/install/local_setup.bash'
[14.671s] INFO:colcon.colcon_core.shell:Creating prefix chain script '/home/tch/mpo_500_workspace/src/libsurvive_ros2/install/setup.bash'
[14.696s] INFO:colcon.colcon_core.shell:Creating prefix script '/home/tch/mpo_500_workspace/src/libsurvive_ros2/install/local_setup.zsh'
[14.696s] INFO:colcon.colcon_core.shell:Creating prefix chain script '/home/tch/mpo_500_workspace/src/libsurvive_ros2/install/setup.zsh'
