[0.273s] Invoking command in '/home/tch/mpo_500_workspace/src/libsurvive_ros2/build/libsurvive_ros2': CMAKE_PREFIX_PATH=${CMAKE_PREFIX_PATH}:/home/tch/mpo_500_workspace/install/odrive_motor_op:/home/tch/mpo_500_workspace/install/neo_nav2_py_costmap2D:/home/tch/mpo_500_workspace/src/odrive_motor_op/install/odrive_motor_op:/opt/ros/humble /usr/bin/cmake --build /home/tch/mpo_500_workspace/src/libsurvive_ros2/build/libsurvive_ros2 -- -j4 -l4
[0.380s] [  8%] [34m[1mPerforming update step for 'libsurvive'[0m
[0.949s] HEAD is now at 1a540ac Merge pull request #299 from JulianGro/patch-1
[1.042s] [ 16%] [34m[1mNo patch step for 'libsurvive'[0m
[1.079s] [ 25%] [34m[1mPerforming configure step for 'libsurvive'[0m
[1.112s] [0m-- Option: DO_CORE_BUILD: OFF[0m
[1.113s] [0m-- Option: BUILD_STATIC: OFF[0m
[1.113s] [0m-- Option: USE_SINGLE_PRECISION: OFF[0m
[1.113s] [0m-- Option: ENABLE_WARNINGS_AS_ERRORS: OFF[0m
[1.113s] [0m-- Option: USE_HIDAPI: OFF[0m
[1.113s] [0m-- Option: USE_ASAN: OFF[0m
[1.113s] [0m-- Option: USE_MSAN: OFF[0m
[1.113s] [0m-- Option: ENABLE_TESTS: OFF[0m
[1.114s] [0m-- Option: USE_HEX_FLOAT_PRINTF: OFF[0m
[1.114s] [0m-- Option: USE_OPENCV: OFF[0m
[1.114s] [0m-- Option: USE_COLUMN_MAJOR_MATRICES: OFF[0m
[1.114s] [0m-- Option: USE_CPU_TUNE: OFF[0m
[1.114s] [0m-- Option: USE_OPENBLAS: [0m
[1.114s] [0m-- Option: BUILD_LH1_SUPPORT: ON[0m
[1.118s] [0m-- Option: BUILD_GATT_SUPPORT: [0m
[1.118s] [0m-- Option: BUILD_APPLICATIONS: ON[0m
[1.177s] [33mCMake Warning at libs/cnkalman/CMakeLists.txt:23 (find_package):
[1.177s]   By not providing "Findsciplot.cmake" in CMAKE_MODULE_PATH this project has
[1.177s]   asked CMake to find a package configuration file provided by "sciplot", but
[1.177s]   CMake did not find one.
[1.177s] 
[1.177s]   Could not find a package configuration file provided by "sciplot" with any
[1.177s]   of the following names:
[1.177s] 
[1.178s]     sciplotConfig.cmake
[1.178s]     sciplot-config.cmake
[1.178s] 
[1.178s]   Add the installation prefix of "sciplot" to CMAKE_PREFIX_PATH or set
[1.178s]   "sciplot_DIR" to a directory containing one of the above files.  If
[1.178s]   "sciplot" provides a separate development package or SDK, be sure it has
[1.178s]   been installed.
[1.178s] 
[1.178s] [0m
[1.178s] [0mCan't use sciplot...[0m
[1.185s] [0m-- CNMatrix option: DOWNLOAD_EIGEN: ON[0m
[1.185s] [0m-- CNMatrix option: USE_EIGEN: ON[0m
[1.185s] [0m-- CNMatrix option: USE_COLUMN_MAJOR_MATRICES: OFF[0m
[1.185s] [0m-- CNMatrix option: USE_SINGLE_PRECISION: OFF[0m
[1.193s] [0mFound system eigen[0m
[1.193s] [0m-- CNMatrix option: USE_OPENBLAS: OFF[0m
[1.197s] [0mFound cblas at /usr/lib/x86_64-linux-gnu/libcblas.so[0m
[1.197s] [0mFound openblas at /usr/lib/x86_64-linux-gnu/libopenblas.so[0m
[1.197s] [0mFound lapacke at /usr/lib/x86_64-linux-gnu/liblapacke.so[0m
[1.197s] [0mSearching for 'cblas.h'; found at /usr/include/x86_64-linux-gnu/cblas.h[0m
[1.198s] [0mUsing eigen backend[0m
[1.357s] [0mFound cblas at /usr/lib/x86_64-linux-gnu/libcblas.so[0m
[1.357s] [0mFound openblas at /usr/lib/x86_64-linux-gnu/libopenblas.so[0m
[1.357s] [0mFound lapacke at /usr/lib/x86_64-linux-gnu/liblapacke.so[0m
[1.357s] [0mSearching for 'cblas.h'; found at /usr/include/x86_64-linux-gnu/cblas.h[0m
[1.357s] [0mUsing eigen backend[0m
[1.358s] [0mUsing provided /home/tch/mpo_500_workspace/src/libsurvive_ros2/build/libsurvive_ros2/libsurvive-prefix/src/libsurvive/src/./generated/common_math.gen.h[0m
[1.358s] [0mUsing provided /home/tch/mpo_500_workspace/src/libsurvive_ros2/build/libsurvive_ros2/libsurvive-prefix/src/libsurvive/src/./generated/kalman_kinematics.gen.h[0m
[1.358s] [0mUsing provided /home/tch/mpo_500_workspace/src/libsurvive_ros2/build/libsurvive_ros2/libsurvive-prefix/src/libsurvive/src/./generated/lighthouse_model.gen.h[0m
[1.358s] [0mUsing provided /home/tch/mpo_500_workspace/src/libsurvive_ros2/build/libsurvive_ros2/libsurvive-prefix/src/libsurvive/src/./generated/imu_model.gen.h[0m
[1.378s] [0mUsing versioned libusb dir[0m
[1.378s] [0m-- Option: ENABLE_driver_dummy: ON[0m
[1.378s] [0m-- Option: ENABLE_driver_vive: ON[0m
[1.378s] [0m-- Option: ENABLE_driver_simulator: ON[0m
[1.379s] [0m-- Option: ENABLE_driver_playback: ON[0m
[1.379s] [0m-- Option: ENABLE_disambiguator_statebased: ON[0m
[1.379s] [0m-- Option: ENABLE_poser_dummy: ON[0m
[1.379s] [0m-- Option: ENABLE_poser_mpfit: ON[0m
[1.380s] [0m-- Option: ENABLE_poser_kalman_only: ON[0m
[1.380s] [0m-- Option: ENABLE_poser_barycentric_svd: ON[0m
[1.380s] [0m-- Option: ENABLE_driver_global_scene_solver: ON[0m
[1.381s] [0m-- Option: ENABLE_driver_udp: ON[0m
[1.381s] [0m-- Option: ENABLE_driver_usbmon: ON[0m
[1.401s] [0m-- Option: ENABLE_survive-cli: ON[0m
[1.401s] [0m-- Option: ENABLE_api_example: ON[0m
[1.401s] [0m-- Option: ENABLE_sensors-readout: ON[0m
[1.402s] [0m-- Option: ENABLE_survive-solver: ON[0m
[1.402s] [0m-- Option: ENABLE_survive-buttons: ON[0m
[1.408s] -- Configuring done
[1.548s] -- Generating done
[1.562s] -- Build files have been written to: /home/tch/mpo_500_workspace/src/libsurvive_ros2/build/libsurvive_ros2/libsurvive-prefix/src/libsurvive-build
[1.600s] [ 33%] [34m[1mPerforming build step for 'libsurvive'[0m
[1.655s] [35m[1mConsolidate compiler generated dependencies of target CNGFX[0m
[1.657s] [35m[1mConsolidate compiler generated dependencies of target cnmatrix[0m
[1.690s] [  4%] Built target CNGFX
[1.717s] [ 10%] Built target cnmatrix
[1.736s] [35m[1mConsolidate compiler generated dependencies of target mpfit[0m
[1.739s] [35m[1mConsolidate compiler generated dependencies of target cnkalman[0m
[1.754s] [ 12%] Built target mpfit
[1.763s] [ 19%] Built target cnkalman
[1.809s] [35m[1mConsolidate compiler generated dependencies of target survive[0m
[1.849s] [ 57%] Built target survive
[1.875s] [35m[1mConsolidate compiler generated dependencies of target driver_simulator[0m
[1.875s] [35m[1mConsolidate compiler generated dependencies of target driver_vive[0m
[1.882s] [35m[1mConsolidate compiler generated dependencies of target driver_dummy[0m
[1.884s] [35m[1mConsolidate compiler generated dependencies of target driver_playback[0m
[1.902s] [ 60%] Built target driver_simulator
[1.904s] [ 62%] Built target driver_vive
[1.909s] [ 64%] Built target driver_playback
[1.915s] [ 67%] Built target driver_dummy
[1.923s] [35m[1mConsolidate compiler generated dependencies of target disambiguator_statebased[0m
[1.927s] [35m[1mConsolidate compiler generated dependencies of target poser_dummy[0m
[1.927s] [35m[1mConsolidate compiler generated dependencies of target poser_mpfit[0m
[1.938s] [35m[1mConsolidate compiler generated dependencies of target poser_kalman_only[0m
[1.957s] [ 69%] Built target disambiguator_statebased
[1.969s] [ 71%] Built target poser_dummy
[1.978s] [ 73%] Built target poser_kalman_only
[1.978s] [ 76%] Built target poser_mpfit
[1.992s] [35m[1mConsolidate compiler generated dependencies of target poser_barycentric_svd[0m
[1.993s] [35m[1mConsolidate compiler generated dependencies of target driver_global_scene_solver[0m
[2.006s] [35m[1mConsolidate compiler generated dependencies of target driver_udp[0m
[2.007s] [35m[1mConsolidate compiler generated dependencies of target visualize_mpfit[0m
[2.018s] [ 79%] Built target poser_barycentric_svd
[2.024s] [ 81%] Built target driver_global_scene_solver
[2.035s] [ 84%] Built target driver_udp
[2.045s] [35m[1mConsolidate compiler generated dependencies of target driver_usbmon[0m
[2.064s] [ 86%] Built target visualize_mpfit
[2.075s] [ 88%] Built target driver_usbmon
[2.100s] [35m[1mConsolidate compiler generated dependencies of target api_example[0m
[2.107s] [35m[1mConsolidate compiler generated dependencies of target survive-cli[0m
[2.114s] [35m[1mConsolidate compiler generated dependencies of target survive-solver[0m
[2.129s] [35m[1mConsolidate compiler generated dependencies of target sensors-readout[0m
[2.138s] [ 90%] Built target survive-cli
[2.140s] [ 93%] Built target api_example
[2.146s] [ 95%] Built target survive-solver
[2.158s] [35m[1mConsolidate compiler generated dependencies of target survive-buttons[0m
[2.160s] [ 97%] Built target sensors-readout
[2.176s] [100%] Built target survive-buttons
[2.218s] [ 41%] [34m[1mPerforming install step for 'libsurvive'[0m
[2.288s] [  4%] Built target CNGFX
[2.291s] [ 10%] Built target cnmatrix
[2.326s] [ 17%] Built target cnkalman
[2.327s] [ 19%] Built target mpfit
[2.371s] [ 57%] Built target survive
[2.411s] [ 60%] Built target driver_vive
[2.411s] [ 62%] Built target driver_dummy
[2.420s] [ 64%] Built target driver_simulator
[2.423s] [ 67%] Built target driver_playback
[2.463s] [ 69%] Built target disambiguator_statebased
[2.466s] [ 71%] Built target poser_dummy
[2.477s] [ 73%] Built target poser_kalman_only
[2.481s] [ 76%] Built target poser_mpfit
[2.521s] [ 79%] Built target driver_global_scene_solver
[2.522s] [ 81%] Built target driver_udp
[2.525s] [ 84%] Built target poser_barycentric_svd
[2.535s] [ 86%] Built target visualize_mpfit
[2.553s] [ 88%] Built target driver_usbmon
[2.591s] [ 90%] Built target survive-solver
[2.599s] [ 93%] Built target survive-cli
[2.599s] [ 95%] Built target api_example
[2.602s] [ 97%] Built target sensors-readout
[2.629s] [100%] Built target survive-buttons
[2.660s] [36mInstall the project...[0m
[2.674s] -- Install configuration: "Release"
[2.679s] -- Up-to-date: /home/tch/mpo_500_workspace/src/libsurvive_ros2/build/libsurvive_ros2/libsurvive-install/bin/survive-cli
[2.680s] -- Up-to-date: /home/tch/mpo_500_workspace/src/libsurvive_ros2/build/libsurvive_ros2/libsurvive-install/bin/api_example
[2.682s] -- Up-to-date: /home/tch/mpo_500_workspace/src/libsurvive_ros2/build/libsurvive_ros2/libsurvive-install/bin/sensors-readout
[2.683s] -- Up-to-date: /home/tch/mpo_500_workspace/src/libsurvive_ros2/build/libsurvive_ros2/libsurvive-install/bin/survive-solver
[2.684s] -- Up-to-date: /home/tch/mpo_500_workspace/src/libsurvive_ros2/build/libsurvive_ros2/libsurvive-install/bin/survive-buttons
[2.685s] -- Up-to-date: /home/tch/mpo_500_workspace/src/libsurvive_ros2/build/libsurvive_ros2/libsurvive-install/bin/survive-websocketd
[2.685s] -- Up-to-date: /home/tch/mpo_500_workspace/src/libsurvive_ros2/build/libsurvive_ros2/libsurvive-install/include/libsurvive
[2.685s] -- Up-to-date: /home/tch/mpo_500_workspace/src/libsurvive_ros2/build/libsurvive_ros2/libsurvive-install/include/libsurvive/survive_reproject_gen2.h
[2.685s] -- Up-to-date: /home/tch/mpo_500_workspace/src/libsurvive_ros2/build/libsurvive_ros2/libsurvive-install/include/libsurvive/poser.h
[2.685s] -- Up-to-date: /home/tch/mpo_500_workspace/src/libsurvive_ros2/build/libsurvive_ros2/libsurvive-install/include/libsurvive/survive_optimizer.h
[2.685s] -- Up-to-date: /home/tch/mpo_500_workspace/src/libsurvive_ros2/build/libsurvive_ros2/libsurvive-install/include/libsurvive/survive_types.h
[2.686s] -- Up-to-date: /home/tch/mpo_500_workspace/src/libsurvive_ros2/build/libsurvive_ros2/libsurvive-install/include/libsurvive/survive.h
[2.686s] -- Up-to-date: /home/tch/mpo_500_workspace/src/libsurvive_ros2/build/libsurvive_ros2/libsurvive-install/include/libsurvive/survive_reproject.h
[2.686s] -- Up-to-date: /home/tch/mpo_500_workspace/src/libsurvive_ros2/build/libsurvive_ros2/libsurvive-install/include/libsurvive/survive_hooks.h
[2.686s] -- Up-to-date: /home/tch/mpo_500_workspace/src/libsurvive_ros2/build/libsurvive_ros2/libsurvive-install/include/libsurvive/survive_api.h
[2.686s] -- Up-to-date: /home/tch/mpo_500_workspace/src/libsurvive_ros2/build/libsurvive_ros2/libsurvive-install/include/libsurvive/redist/CNFG3D.h
[2.686s] -- Up-to-date: /home/tch/mpo_500_workspace/src/libsurvive_ros2/build/libsurvive_ros2/libsurvive-install/include/libsurvive/redist/CNFGFunctions.h
[2.687s] -- Up-to-date: /home/tch/mpo_500_workspace/src/libsurvive_ros2/build/libsurvive_ros2/libsurvive-install/include/libsurvive/redist/CNFGRasterizer.h
[2.687s] -- Up-to-date: /home/tch/mpo_500_workspace/src/libsurvive_ros2/build/libsurvive_ros2/libsurvive-install/include/libsurvive/redist/crc32.h
[2.687s] -- Up-to-date: /home/tch/mpo_500_workspace/src/libsurvive_ros2/build/libsurvive_ros2/libsurvive-install/include/libsurvive/redist/dclapack.h
[2.687s] -- Up-to-date: /home/tch/mpo_500_workspace/src/libsurvive_ros2/build/libsurvive_ros2/libsurvive-install/include/libsurvive/redist/dclhelpers.h
[2.687s] -- Up-to-date: /home/tch/mpo_500_workspace/src/libsurvive_ros2/build/libsurvive_ros2/libsurvive-install/include/libsurvive/redist/dirent.windows.h
[2.687s] -- Up-to-date: /home/tch/mpo_500_workspace/src/libsurvive_ros2/build/libsurvive_ros2/libsurvive-install/include/libsurvive/redist/glutil.h
[2.687s] -- Up-to-date: /home/tch/mpo_500_workspace/src/libsurvive_ros2/build/libsurvive_ros2/libsurvive-install/include/libsurvive/redist/hidapi.h
[2.687s] -- Up-to-date: /home/tch/mpo_500_workspace/src/libsurvive_ros2/build/libsurvive_ros2/libsurvive-install/include/libsurvive/redist/jsmn.h
[2.687s] -- Up-to-date: /home/tch/mpo_500_workspace/src/libsurvive_ros2/build/libsurvive_ros2/libsurvive-install/include/libsurvive/redist/json_helpers.h
[2.688s] -- Up-to-date: /home/tch/mpo_500_workspace/src/libsurvive_ros2/build/libsurvive_ros2/libsurvive-install/include/libsurvive/redist/linmath.h
[2.688s] -- Up-to-date: /home/tch/mpo_500_workspace/src/libsurvive_ros2/build/libsurvive_ros2/libsurvive-install/include/libsurvive/redist/os_generic.h
[2.688s] -- Up-to-date: /home/tch/mpo_500_workspace/src/libsurvive_ros2/build/libsurvive_ros2/libsurvive-install/include/libsurvive/redist/os_generic.unix.h
[2.688s] -- Up-to-date: /home/tch/mpo_500_workspace/src/libsurvive_ros2/build/libsurvive_ros2/libsurvive-install/include/libsurvive/redist/os_generic.windows.h
[2.688s] -- Up-to-date: /home/tch/mpo_500_workspace/src/libsurvive_ros2/build/libsurvive_ros2/libsurvive-install/include/libsurvive/redist/puff.h
[2.688s] -- Up-to-date: /home/tch/mpo_500_workspace/src/libsurvive_ros2/build/libsurvive_ros2/libsurvive-install/include/libsurvive/redist/symbol_enumerator.h
[2.688s] -- Up-to-date: /home/tch/mpo_500_workspace/src/libsurvive_ros2/build/libsurvive_ros2/libsurvive-install/include/libsurvive/redist/variance.h
[2.688s] -- Up-to-date: /home/tch/mpo_500_workspace/src/libsurvive_ros2/build/libsurvive_ros2/libsurvive-install/lib/pkgconfig/survive.pc
[2.688s] -- Up-to-date: /home/tch/mpo_500_workspace/src/libsurvive_ros2/build/libsurvive_ros2/libsurvive-install/include/cnkalman
[2.688s] -- Up-to-date: /home/tch/mpo_500_workspace/src/libsurvive_ros2/build/libsurvive_ros2/libsurvive-install/include/cnkalman/generated_header.h
[2.689s] -- Up-to-date: /home/tch/mpo_500_workspace/src/libsurvive_ros2/build/libsurvive_ros2/libsurvive-install/include/cnkalman/ModelPlot.h
[2.689s] -- Up-to-date: /home/tch/mpo_500_workspace/src/libsurvive_ros2/build/libsurvive_ros2/libsurvive-install/include/cnkalman/kalman.h
[2.689s] -- Up-to-date: /home/tch/mpo_500_workspace/src/libsurvive_ros2/build/libsurvive_ros2/libsurvive-install/include/cnkalman/model.h
[2.689s] -- Up-to-date: /home/tch/mpo_500_workspace/src/libsurvive_ros2/build/libsurvive_ros2/libsurvive-install/include/cnkalman/numerical_diff.h
[2.689s] -- Up-to-date: /home/tch/mpo_500_workspace/src/libsurvive_ros2/build/libsurvive_ros2/libsurvive-install/lib/pkgconfig/cnkalman.pc
[2.689s] -- Up-to-date: /home/tch/mpo_500_workspace/src/libsurvive_ros2/build/libsurvive_ros2/libsurvive-install/include/cnmatrix
[2.689s] -- Up-to-date: /home/tch/mpo_500_workspace/src/libsurvive_ros2/build/libsurvive_ros2/libsurvive-install/include/cnmatrix/cn_matrix.h
[2.689s] -- Up-to-date: /home/tch/mpo_500_workspace/src/libsurvive_ros2/build/libsurvive_ros2/libsurvive-install/include/cnmatrix/cn_matrix.hpp
[2.689s] -- Up-to-date: /home/tch/mpo_500_workspace/src/libsurvive_ros2/build/libsurvive_ros2/libsurvive-install/include/cnmatrix/cn_matrix.eigen.h
[2.690s] -- Up-to-date: /home/tch/mpo_500_workspace/src/libsurvive_ros2/build/libsurvive_ros2/libsurvive-install/include/cnmatrix/cn_flt.h
[2.690s] -- Up-to-date: /home/tch/mpo_500_workspace/src/libsurvive_ros2/build/libsurvive_ros2/libsurvive-install/include/cnmatrix/cn_matrix.blas.h
[2.690s] -- Up-to-date: /home/tch/mpo_500_workspace/src/libsurvive_ros2/build/libsurvive_ros2/libsurvive-install/lib/pkgconfig/cnmatrix.pc
[2.690s] -- Up-to-date: /home/tch/mpo_500_workspace/src/libsurvive_ros2/build/libsurvive_ros2/libsurvive-install/lib/libcnmatrix.a
[2.690s] -- Up-to-date: /home/tch/mpo_500_workspace/src/libsurvive_ros2/build/libsurvive_ros2/libsurvive-install/lib/libcnkalman.a
[2.690s] -- Up-to-date: /home/tch/mpo_500_workspace/src/libsurvive_ros2/build/libsurvive_ros2/libsurvive-install/lib/libmpfit.a
[2.690s] -- Up-to-date: /home/tch/mpo_500_workspace/src/libsurvive_ros2/build/libsurvive_ros2/libsurvive-install/lib/libsurvive/plugins/driver_dummy.so
[2.690s] -- Up-to-date: /home/tch/mpo_500_workspace/src/libsurvive_ros2/build/libsurvive_ros2/libsurvive-install/lib/libsurvive/plugins/driver_vive.so
[2.692s] -- Up-to-date: /home/tch/mpo_500_workspace/src/libsurvive_ros2/build/libsurvive_ros2/libsurvive-install/lib/libsurvive/plugins/driver_simulator.so
[2.694s] -- Up-to-date: /home/tch/mpo_500_workspace/src/libsurvive_ros2/build/libsurvive_ros2/libsurvive-install/lib/libsurvive/plugins/driver_playback.so
[2.696s] -- Up-to-date: /home/tch/mpo_500_workspace/src/libsurvive_ros2/build/libsurvive_ros2/libsurvive-install/lib/libsurvive/plugins/disambiguator_statebased.so
[2.696s] -- Up-to-date: /home/tch/mpo_500_workspace/src/libsurvive_ros2/build/libsurvive_ros2/libsurvive-install/lib/libsurvive/plugins/poser_dummy.so
[2.698s] -- Up-to-date: /home/tch/mpo_500_workspace/src/libsurvive_ros2/build/libsurvive_ros2/libsurvive-install/lib/libsurvive/plugins/poser_mpfit.so
[2.699s] -- Up-to-date: /home/tch/mpo_500_workspace/src/libsurvive_ros2/build/libsurvive_ros2/libsurvive-install/lib/libsurvive/plugins/poser_kalman_only.so
[2.701s] -- Up-to-date: /home/tch/mpo_500_workspace/src/libsurvive_ros2/build/libsurvive_ros2/libsurvive-install/lib/libsurvive/plugins/poser_barycentric_svd.so
[2.704s] -- Up-to-date: /home/tch/mpo_500_workspace/src/libsurvive_ros2/build/libsurvive_ros2/libsurvive-install/lib/libsurvive/plugins/driver_global_scene_solver.so
[2.704s] -- Up-to-date: /home/tch/mpo_500_workspace/src/libsurvive_ros2/build/libsurvive_ros2/libsurvive-install/lib/libsurvive/plugins/driver_udp.so
[2.706s] -- Up-to-date: /home/tch/mpo_500_workspace/src/libsurvive_ros2/build/libsurvive_ros2/libsurvive-install/lib/libsurvive/plugins/driver_usbmon.so
[2.707s] -- Up-to-date: /home/tch/mpo_500_workspace/src/libsurvive_ros2/build/libsurvive_ros2/libsurvive-install/lib/libsurvive/plugins/driver_dummy.so
[2.707s] -- Up-to-date: /home/tch/mpo_500_workspace/src/libsurvive_ros2/build/libsurvive_ros2/libsurvive-install/lib/libsurvive/plugins/driver_vive.so
[2.707s] -- Up-to-date: /home/tch/mpo_500_workspace/src/libsurvive_ros2/build/libsurvive_ros2/libsurvive-install/lib/libsurvive/plugins/driver_simulator.so
[2.708s] -- Up-to-date: /home/tch/mpo_500_workspace/src/libsurvive_ros2/build/libsurvive_ros2/libsurvive-install/lib/libsurvive/plugins/driver_playback.so
[2.708s] -- Up-to-date: /home/tch/mpo_500_workspace/src/libsurvive_ros2/build/libsurvive_ros2/libsurvive-install/lib/libsurvive/plugins/disambiguator_statebased.so
[2.708s] -- Up-to-date: /home/tch/mpo_500_workspace/src/libsurvive_ros2/build/libsurvive_ros2/libsurvive-install/lib/libsurvive/plugins/poser_dummy.so
[2.709s] -- Up-to-date: /home/tch/mpo_500_workspace/src/libsurvive_ros2/build/libsurvive_ros2/libsurvive-install/lib/libsurvive/plugins/poser_mpfit.so
[2.709s] -- Up-to-date: /home/tch/mpo_500_workspace/src/libsurvive_ros2/build/libsurvive_ros2/libsurvive-install/lib/libsurvive/plugins/poser_kalman_only.so
[2.709s] -- Up-to-date: /home/tch/mpo_500_workspace/src/libsurvive_ros2/build/libsurvive_ros2/libsurvive-install/lib/libsurvive/plugins/poser_barycentric_svd.so
[2.710s] -- Up-to-date: /home/tch/mpo_500_workspace/src/libsurvive_ros2/build/libsurvive_ros2/libsurvive-install/lib/libsurvive/plugins/driver_global_scene_solver.so
[2.710s] -- Up-to-date: /home/tch/mpo_500_workspace/src/libsurvive_ros2/build/libsurvive_ros2/libsurvive-install/lib/libsurvive/plugins/driver_udp.so
[2.711s] -- Up-to-date: /home/tch/mpo_500_workspace/src/libsurvive_ros2/build/libsurvive_ros2/libsurvive-install/lib/libsurvive/plugins/driver_usbmon.so
[2.719s] -- Up-to-date: /home/tch/mpo_500_workspace/src/libsurvive_ros2/build/libsurvive_ros2/libsurvive-install/lib/libsurvive.so.0.3
[2.719s] -- Up-to-date: /home/tch/mpo_500_workspace/src/libsurvive_ros2/build/libsurvive_ros2/libsurvive-install/lib/libsurvive.so.0
[2.720s] -- Up-to-date: /home/tch/mpo_500_workspace/src/libsurvive_ros2/build/libsurvive_ros2/libsurvive-install/lib/libsurvive.so
[2.748s] [ 50%] [34m[1mCompleted 'libsurvive'[0m
[2.799s] [ 66%] Built target libsurvive
[2.885s] [ 75%] [32mBuilding CXX object CMakeFiles/libsurvive_ros2_component.dir/src/component.cpp.o[0m
[13.584s] [ 83%] [32m[1mLinking CXX shared library liblibsurvive_ros2_component.so[0m
[14.189s] [ 83%] Built target libsurvive_ros2_component
[14.232s] [ 91%] [32m[1mLinking CXX executable libsurvive_ros2_node[0m
[14.572s] [100%] Built target libsurvive_ros2_node
[14.589s] Invoked command in '/home/tch/mpo_500_workspace/src/libsurvive_ros2/build/libsurvive_ros2' returned '0': CMAKE_PREFIX_PATH=${CMAKE_PREFIX_PATH}:/home/tch/mpo_500_workspace/install/odrive_motor_op:/home/tch/mpo_500_workspace/install/neo_nav2_py_costmap2D:/home/tch/mpo_500_workspace/src/odrive_motor_op/install/odrive_motor_op:/opt/ros/humble /usr/bin/cmake --build /home/tch/mpo_500_workspace/src/libsurvive_ros2/build/libsurvive_ros2 -- -j4 -l4
[14.647s] Invoking command in '/home/tch/mpo_500_workspace/src/libsurvive_ros2/build/libsurvive_ros2': CMAKE_PREFIX_PATH=${CMAKE_PREFIX_PATH}:/home/tch/mpo_500_workspace/install/odrive_motor_op:/home/tch/mpo_500_workspace/install/neo_nav2_py_costmap2D:/home/tch/mpo_500_workspace/src/odrive_motor_op/install/odrive_motor_op:/opt/ros/humble /usr/bin/cmake --install /home/tch/mpo_500_workspace/src/libsurvive_ros2/build/libsurvive_ros2
[14.661s] -- Install configuration: ""
[14.662s] -- Up-to-date: /home/tch/mpo_500_workspace/src/libsurvive_ros2/install/libsurvive_ros2/share/libsurvive_ros2/environment/library_path.sh
[14.662s] -- Up-to-date: /home/tch/mpo_500_workspace/src/libsurvive_ros2/install/libsurvive_ros2/share/libsurvive_ros2/environment/library_path.dsv
[14.662s] -- Up-to-date: /home/tch/mpo_500_workspace/src/libsurvive_ros2/install/libsurvive_ros2
[14.663s] -- Up-to-date: /home/tch/mpo_500_workspace/src/libsurvive_ros2/install/libsurvive_ros2/include
[14.663s] -- Up-to-date: /home/tch/mpo_500_workspace/src/libsurvive_ros2/install/libsurvive_ros2/include/cnkalman
[14.663s] -- Up-to-date: /home/tch/mpo_500_workspace/src/libsurvive_ros2/install/libsurvive_ros2/include/cnkalman/generated_header.h
[14.664s] -- Up-to-date: /home/tch/mpo_500_workspace/src/libsurvive_ros2/install/libsurvive_ros2/include/cnkalman/ModelPlot.h
[14.664s] -- Up-to-date: /home/tch/mpo_500_workspace/src/libsurvive_ros2/install/libsurvive_ros2/include/cnkalman/kalman.h
[14.664s] -- Up-to-date: /home/tch/mpo_500_workspace/src/libsurvive_ros2/install/libsurvive_ros2/include/cnkalman/model.h
[14.664s] -- Up-to-date: /home/tch/mpo_500_workspace/src/libsurvive_ros2/install/libsurvive_ros2/include/cnkalman/numerical_diff.h
[14.665s] -- Up-to-date: /home/tch/mpo_500_workspace/src/libsurvive_ros2/install/libsurvive_ros2/include/libsurvive
[14.665s] -- Up-to-date: /home/tch/mpo_500_workspace/src/libsurvive_ros2/install/libsurvive_ros2/include/libsurvive/redist
[14.665s] -- Up-to-date: /home/tch/mpo_500_workspace/src/libsurvive_ros2/install/libsurvive_ros2/include/libsurvive/redist/crc32.h
[14.665s] -- Up-to-date: /home/tch/mpo_500_workspace/src/libsurvive_ros2/install/libsurvive_ros2/include/libsurvive/redist/CNFG3D.h
[14.665s] -- Up-to-date: /home/tch/mpo_500_workspace/src/libsurvive_ros2/install/libsurvive_ros2/include/libsurvive/redist/json_helpers.h
[14.665s] -- Up-to-date: /home/tch/mpo_500_workspace/src/libsurvive_ros2/install/libsurvive_ros2/include/libsurvive/redist/glutil.h
[14.666s] -- Up-to-date: /home/tch/mpo_500_workspace/src/libsurvive_ros2/install/libsurvive_ros2/include/libsurvive/redist/variance.h
[14.666s] -- Up-to-date: /home/tch/mpo_500_workspace/src/libsurvive_ros2/install/libsurvive_ros2/include/libsurvive/redist/hidapi.h
[14.666s] -- Up-to-date: /home/tch/mpo_500_workspace/src/libsurvive_ros2/install/libsurvive_ros2/include/libsurvive/redist/os_generic.windows.h
[14.666s] -- Up-to-date: /home/tch/mpo_500_workspace/src/libsurvive_ros2/install/libsurvive_ros2/include/libsurvive/redist/CNFGFunctions.h
[14.666s] -- Up-to-date: /home/tch/mpo_500_workspace/src/libsurvive_ros2/install/libsurvive_ros2/include/libsurvive/redist/linmath.h
[14.666s] -- Up-to-date: /home/tch/mpo_500_workspace/src/libsurvive_ros2/install/libsurvive_ros2/include/libsurvive/redist/os_generic.unix.h
[14.667s] -- Up-to-date: /home/tch/mpo_500_workspace/src/libsurvive_ros2/install/libsurvive_ros2/include/libsurvive/redist/os_generic.h
[14.667s] -- Up-to-date: /home/tch/mpo_500_workspace/src/libsurvive_ros2/install/libsurvive_ros2/include/libsurvive/redist/jsmn.h
[14.667s] -- Up-to-date: /home/tch/mpo_500_workspace/src/libsurvive_ros2/install/libsurvive_ros2/include/libsurvive/redist/symbol_enumerator.h
[14.667s] -- Up-to-date: /home/tch/mpo_500_workspace/src/libsurvive_ros2/install/libsurvive_ros2/include/libsurvive/redist/dirent.windows.h
[14.667s] -- Up-to-date: /home/tch/mpo_500_workspace/src/libsurvive_ros2/install/libsurvive_ros2/include/libsurvive/redist/puff.h
[14.667s] -- Up-to-date: /home/tch/mpo_500_workspace/src/libsurvive_ros2/install/libsurvive_ros2/include/libsurvive/redist/dclapack.h
[14.667s] -- Up-to-date: /home/tch/mpo_500_workspace/src/libsurvive_ros2/install/libsurvive_ros2/include/libsurvive/redist/CNFGRasterizer.h
[14.667s] -- Up-to-date: /home/tch/mpo_500_workspace/src/libsurvive_ros2/install/libsurvive_ros2/include/libsurvive/redist/dclhelpers.h
[14.667s] -- Up-to-date: /home/tch/mpo_500_workspace/src/libsurvive_ros2/install/libsurvive_ros2/include/libsurvive/survive_reproject_gen2.h
[14.667s] -- Up-to-date: /home/tch/mpo_500_workspace/src/libsurvive_ros2/install/libsurvive_ros2/include/libsurvive/poser.h
[14.668s] -- Up-to-date: /home/tch/mpo_500_workspace/src/libsurvive_ros2/install/libsurvive_ros2/include/libsurvive/survive_optimizer.h
[14.668s] -- Up-to-date: /home/tch/mpo_500_workspace/src/libsurvive_ros2/install/libsurvive_ros2/include/libsurvive/survive_types.h
[14.668s] -- Up-to-date: /home/tch/mpo_500_workspace/src/libsurvive_ros2/install/libsurvive_ros2/include/libsurvive/survive.h
[14.668s] -- Up-to-date: /home/tch/mpo_500_workspace/src/libsurvive_ros2/install/libsurvive_ros2/include/libsurvive/survive_reproject.h
[14.668s] -- Up-to-date: /home/tch/mpo_500_workspace/src/libsurvive_ros2/install/libsurvive_ros2/include/libsurvive/survive_hooks.h
[14.668s] -- Up-to-date: /home/tch/mpo_500_workspace/src/libsurvive_ros2/install/libsurvive_ros2/include/libsurvive/survive_api.h
[14.669s] -- Up-to-date: /home/tch/mpo_500_workspace/src/libsurvive_ros2/install/libsurvive_ros2/include/cnmatrix
[14.669s] -- Up-to-date: /home/tch/mpo_500_workspace/src/libsurvive_ros2/install/libsurvive_ros2/include/cnmatrix/cn_matrix.h
[14.669s] -- Up-to-date: /home/tch/mpo_500_workspace/src/libsurvive_ros2/install/libsurvive_ros2/include/cnmatrix/cn_matrix.hpp
[14.669s] -- Up-to-date: /home/tch/mpo_500_workspace/src/libsurvive_ros2/install/libsurvive_ros2/include/cnmatrix/cn_matrix.eigen.h
[14.669s] -- Up-to-date: /home/tch/mpo_500_workspace/src/libsurvive_ros2/install/libsurvive_ros2/include/cnmatrix/cn_flt.h
[14.669s] -- Up-to-date: /home/tch/mpo_500_workspace/src/libsurvive_ros2/install/libsurvive_ros2/include/cnmatrix/cn_matrix.blas.h
[14.669s] -- Up-to-date: /home/tch/mpo_500_workspace/src/libsurvive_ros2/install/libsurvive_ros2/bin
[14.669s] -- Up-to-date: /home/tch/mpo_500_workspace/src/libsurvive_ros2/install/libsurvive_ros2/bin/sensors-readout
[14.670s] -- Up-to-date: /home/tch/mpo_500_workspace/src/libsurvive_ros2/install/libsurvive_ros2/bin/survive-cli
[14.670s] -- Up-to-date: /home/tch/mpo_500_workspace/src/libsurvive_ros2/install/libsurvive_ros2/bin/survive-buttons
[14.673s] -- Up-to-date: /home/tch/mpo_500_workspace/src/libsurvive_ros2/install/libsurvive_ros2/bin/survive-websocketd
[14.673s] -- Up-to-date: /home/tch/mpo_500_workspace/src/libsurvive_ros2/install/libsurvive_ros2/bin/api_example
[14.673s] -- Up-to-date: /home/tch/mpo_500_workspace/src/libsurvive_ros2/install/libsurvive_ros2/bin/survive-solver
[14.673s] -- Up-to-date: /home/tch/mpo_500_workspace/src/libsurvive_ros2/install/libsurvive_ros2/lib
[14.674s] -- Up-to-date: /home/tch/mpo_500_workspace/src/libsurvive_ros2/install/libsurvive_ros2/lib/libsurvive.so
[14.674s] -- Up-to-date: /home/tch/mpo_500_workspace/src/libsurvive_ros2/install/libsurvive_ros2/lib/pkgconfig
[14.674s] -- Up-to-date: /home/tch/mpo_500_workspace/src/libsurvive_ros2/install/libsurvive_ros2/lib/pkgconfig/cnkalman.pc
[14.674s] -- Up-to-date: /home/tch/mpo_500_workspace/src/libsurvive_ros2/install/libsurvive_ros2/lib/pkgconfig/cnmatrix.pc
[14.674s] -- Up-to-date: /home/tch/mpo_500_workspace/src/libsurvive_ros2/install/libsurvive_ros2/lib/pkgconfig/survive.pc
[14.674s] -- Up-to-date: /home/tch/mpo_500_workspace/src/libsurvive_ros2/install/libsurvive_ros2/lib/libmpfit.a
[14.674s] -- Up-to-date: /home/tch/mpo_500_workspace/src/libsurvive_ros2/install/libsurvive_ros2/lib/libsurvive
[14.674s] -- Up-to-date: /home/tch/mpo_500_workspace/src/libsurvive_ros2/install/libsurvive_ros2/lib/libsurvive/plugins
[14.674s] -- Up-to-date: /home/tch/mpo_500_workspace/src/libsurvive_ros2/install/libsurvive_ros2/lib/libsurvive/plugins/driver_playback.so
[14.675s] -- Up-to-date: /home/tch/mpo_500_workspace/src/libsurvive_ros2/install/libsurvive_ros2/lib/libsurvive/plugins/driver_udp.so
[14.675s] -- Up-to-date: /home/tch/mpo_500_workspace/src/libsurvive_ros2/install/libsurvive_ros2/lib/libsurvive/plugins/driver_global_scene_solver.so
[14.675s] -- Up-to-date: /home/tch/mpo_500_workspace/src/libsurvive_ros2/install/libsurvive_ros2/lib/libsurvive/plugins/driver_usbmon.so
[14.675s] -- Up-to-date: /home/tch/mpo_500_workspace/src/libsurvive_ros2/install/libsurvive_ros2/lib/libsurvive/plugins/poser_dummy.so
[14.675s] -- Up-to-date: /home/tch/mpo_500_workspace/src/libsurvive_ros2/install/libsurvive_ros2/lib/libsurvive/plugins/driver_vive.so
[14.675s] -- Up-to-date: /home/tch/mpo_500_workspace/src/libsurvive_ros2/install/libsurvive_ros2/lib/libsurvive/plugins/driver_simulator.so
[14.675s] -- Up-to-date: /home/tch/mpo_500_workspace/src/libsurvive_ros2/install/libsurvive_ros2/lib/libsurvive/plugins/driver_dummy.so
[14.676s] -- Up-to-date: /home/tch/mpo_500_workspace/src/libsurvive_ros2/install/libsurvive_ros2/lib/libsurvive/plugins/poser_mpfit.so
[14.676s] -- Up-to-date: /home/tch/mpo_500_workspace/src/libsurvive_ros2/install/libsurvive_ros2/lib/libsurvive/plugins/poser_kalman_only.so
[14.676s] -- Up-to-date: /home/tch/mpo_500_workspace/src/libsurvive_ros2/install/libsurvive_ros2/lib/libsurvive/plugins/poser_barycentric_svd.so
[14.676s] -- Up-to-date: /home/tch/mpo_500_workspace/src/libsurvive_ros2/install/libsurvive_ros2/lib/libsurvive/plugins/disambiguator_statebased.so
[14.676s] -- Up-to-date: /home/tch/mpo_500_workspace/src/libsurvive_ros2/install/libsurvive_ros2/lib/libcnkalman.a
[14.676s] -- Up-to-date: /home/tch/mpo_500_workspace/src/libsurvive_ros2/install/libsurvive_ros2/lib/libsurvive.so.0
[14.676s] -- Up-to-date: /home/tch/mpo_500_workspace/src/libsurvive_ros2/install/libsurvive_ros2/lib/libcnmatrix.a
[14.676s] -- Up-to-date: /home/tch/mpo_500_workspace/src/libsurvive_ros2/install/libsurvive_ros2/lib/libsurvive.so.0.3
[14.677s] -- Installing: /home/tch/mpo_500_workspace/src/libsurvive_ros2/install/libsurvive_ros2/lib/liblibsurvive_ros2_component.so
[14.677s] -- Set runtime path of "/home/tch/mpo_500_workspace/src/libsurvive_ros2/install/libsurvive_ros2/lib/liblibsurvive_ros2_component.so" to ""
[14.677s] -- Installing: /home/tch/mpo_500_workspace/src/libsurvive_ros2/install/libsurvive_ros2/lib/libsurvive_ros2/libsurvive_ros2_node
[14.677s] -- Set runtime path of "/home/tch/mpo_500_workspace/src/libsurvive_ros2/install/libsurvive_ros2/lib/libsurvive_ros2/libsurvive_ros2_node" to ""
[14.677s] -- Up-to-date: /home/tch/mpo_500_workspace/src/libsurvive_ros2/install/libsurvive_ros2/share/libsurvive_ros2/config
[14.677s] -- Up-to-date: /home/tch/mpo_500_workspace/src/libsurvive_ros2/install/libsurvive_ros2/share/libsurvive_ros2/config/config.json
[14.677s] -- Up-to-date: /home/tch/mpo_500_workspace/src/libsurvive_ros2/install/libsurvive_ros2/share/libsurvive_ros2/launch
[14.677s] -- Up-to-date: /home/tch/mpo_500_workspace/src/libsurvive_ros2/install/libsurvive_ros2/share/libsurvive_ros2/launch/libsurvive_ros2.launch.py
[14.677s] -- Up-to-date: /home/tch/mpo_500_workspace/src/libsurvive_ros2/install/libsurvive_ros2/share/ament_index/resource_index/package_run_dependencies/libsurvive_ros2
[14.678s] -- Up-to-date: /home/tch/mpo_500_workspace/src/libsurvive_ros2/install/libsurvive_ros2/share/ament_index/resource_index/parent_prefix_path/libsurvive_ros2
[14.678s] -- Up-to-date: /home/tch/mpo_500_workspace/src/libsurvive_ros2/install/libsurvive_ros2/share/libsurvive_ros2/environment/ament_prefix_path.sh
[14.678s] -- Up-to-date: /home/tch/mpo_500_workspace/src/libsurvive_ros2/install/libsurvive_ros2/share/libsurvive_ros2/environment/ament_prefix_path.dsv
[14.679s] -- Up-to-date: /home/tch/mpo_500_workspace/src/libsurvive_ros2/install/libsurvive_ros2/share/libsurvive_ros2/environment/path.sh
[14.679s] -- Up-to-date: /home/tch/mpo_500_workspace/src/libsurvive_ros2/install/libsurvive_ros2/share/libsurvive_ros2/environment/path.dsv
[14.679s] -- Up-to-date: /home/tch/mpo_500_workspace/src/libsurvive_ros2/install/libsurvive_ros2/share/libsurvive_ros2/local_setup.bash
[14.680s] -- Up-to-date: /home/tch/mpo_500_workspace/src/libsurvive_ros2/install/libsurvive_ros2/share/libsurvive_ros2/local_setup.sh
[14.680s] -- Up-to-date: /home/tch/mpo_500_workspace/src/libsurvive_ros2/install/libsurvive_ros2/share/libsurvive_ros2/local_setup.zsh
[14.680s] -- Up-to-date: /home/tch/mpo_500_workspace/src/libsurvive_ros2/install/libsurvive_ros2/share/libsurvive_ros2/local_setup.dsv
[14.681s] -- Installing: /home/tch/mpo_500_workspace/src/libsurvive_ros2/install/libsurvive_ros2/share/libsurvive_ros2/package.dsv
[14.682s] -- Up-to-date: /home/tch/mpo_500_workspace/src/libsurvive_ros2/install/libsurvive_ros2/share/ament_index/resource_index/packages/libsurvive_ros2
[14.682s] -- Up-to-date: /home/tch/mpo_500_workspace/src/libsurvive_ros2/install/libsurvive_ros2/share/ament_index/resource_index/rclcpp_components/libsurvive_ros2
[14.682s] -- Up-to-date: /home/tch/mpo_500_workspace/src/libsurvive_ros2/install/libsurvive_ros2/share/libsurvive_ros2/cmake/ament_cmake_export_include_directories-extras.cmake
[14.683s] -- Up-to-date: /home/tch/mpo_500_workspace/src/libsurvive_ros2/install/libsurvive_ros2/share/libsurvive_ros2/cmake/libsurvive_ros2Config.cmake
[14.683s] -- Up-to-date: /home/tch/mpo_500_workspace/src/libsurvive_ros2/install/libsurvive_ros2/share/libsurvive_ros2/cmake/libsurvive_ros2Config-version.cmake
[14.683s] -- Up-to-date: /home/tch/mpo_500_workspace/src/libsurvive_ros2/install/libsurvive_ros2/share/libsurvive_ros2/package.xml
[14.683s] Invoked command in '/home/tch/mpo_500_workspace/src/libsurvive_ros2/build/libsurvive_ros2' returned '0': CMAKE_PREFIX_PATH=${CMAKE_PREFIX_PATH}:/home/tch/mpo_500_workspace/install/odrive_motor_op:/home/tch/mpo_500_workspace/install/neo_nav2_py_costmap2D:/home/tch/mpo_500_workspace/src/odrive_motor_op/install/odrive_motor_op:/opt/ros/humble /usr/bin/cmake --install /home/tch/mpo_500_workspace/src/libsurvive_ros2/build/libsurvive_ros2
