[0.303s] Invoking command in '/home/tch/mpo_500_workspace/src/libsurvive_ros2/build/libsurvive_ros2': CMAKE_PREFIX_PATH=${CMAKE_PREFIX_PATH}:/home/tch/mpo_500_workspace/install/odrive_motor_op:/home/tch/mpo_500_workspace/install/neo_nav2_py_costmap2D:/home/tch/mpo_500_workspace/src/odrive_motor_op/install/odrive_motor_op:/opt/ros/humble /usr/bin/cmake --build /home/tch/mpo_500_workspace/src/libsurvive_ros2/build/libsurvive_ros2 -- -j4 -l4
[0.379s] [  8%] [34m[1mPerforming update step for 'libsurvive'[0m
[0.949s] HEAD is now at 9e3c6bc Merge pull request #291 from caiom/fix_windows_dongle
[1.039s] [ 16%] [34m[1mNo patch step for 'libsurvive'[0m
[1.076s] [ 25%] [34m[1mPerforming configure step for 'libsurvive'[0m
[1.097s] [0m-- Option: DO_CORE_BUILD: OFF[0m
[1.097s] [0m-- Option: BUILD_STATIC: OFF[0m
[1.097s] [0m-- Option: USE_SINGLE_PRECISION: OFF[0m
[1.097s] [0m-- Option: ENABLE_WARNINGS_AS_ERRORS: OFF[0m
[1.098s] [0m-- Option: USE_HIDAPI: OFF[0m
[1.098s] [0m-- Option: USE_ASAN: OFF[0m
[1.098s] [0m-- Option: USE_MSAN: OFF[0m
[1.098s] [0m-- Option: ENABLE_TESTS: OFF[0m
[1.098s] [0m-- Option: USE_HEX_FLOAT_PRINTF: OFF[0m
[1.098s] [0m-- Option: USE_OPENCV: OFF[0m
[1.098s] [0m-- Option: USE_COLUMN_MAJOR_MATRICES: OFF[0m
[1.098s] [0m-- Option: USE_CPU_TUNE: OFF[0m
[1.098s] [0m-- Option: USE_OPENBLAS: [0m
[1.099s] [0m-- Option: BUILD_LH1_SUPPORT: ON[0m
[1.100s] [0m-- Option: BUILD_GATT_SUPPORT: [0m
[1.100s] [0m-- Option: BUILD_APPLICATIONS: ON[0m
[1.143s] [33mCMake Warning at libs/cnkalman/CMakeLists.txt:23 (find_package):
[1.143s]   By not providing "Findsciplot.cmake" in CMAKE_MODULE_PATH this project has
[1.143s]   asked CMake to find a package configuration file provided by "sciplot", but
[1.143s]   CMake did not find one.
[1.143s] 
[1.144s]   Could not find a package configuration file provided by "sciplot" with any
[1.144s]   of the following names:
[1.144s] 
[1.144s]     sciplotConfig.cmake
[1.144s]     sciplot-config.cmake
[1.144s] 
[1.144s]   Add the installation prefix of "sciplot" to CMAKE_PREFIX_PATH or set
[1.144s]   "sciplot_DIR" to a directory containing one of the above files.  If
[1.144s]   "sciplot" provides a separate development package or SDK, be sure it has
[1.144s]   been installed.
[1.145s] 
[1.145s] [0m
[1.145s] [0mCan't use sciplot...[0m
[1.149s] [0m-- CNMatrix option: DOWNLOAD_EIGEN: ON[0m
[1.149s] [0m-- CNMatrix option: USE_EIGEN: ON[0m
[1.149s] [0m-- CNMatrix option: USE_COLUMN_MAJOR_MATRICES: OFF[0m
[1.149s] [0m-- CNMatrix option: USE_SINGLE_PRECISION: OFF[0m
[1.151s] [0mFound system eigen[0m
[1.151s] [0m-- CNMatrix option: USE_OPENBLAS: OFF[0m
[1.154s] [0mFound cblas at /usr/lib/x86_64-linux-gnu/libcblas.so[0m
[1.155s] [0mFound openblas at /usr/lib/x86_64-linux-gnu/libopenblas.so[0m
[1.155s] [0mFound lapacke at /usr/lib/x86_64-linux-gnu/liblapacke.so[0m
[1.155s] [0mSearching for 'cblas.h'; found at /usr/include/x86_64-linux-gnu/cblas.h[0m
[1.155s] [0mUsing eigen backend[0m
[1.304s] [0mFound cblas at /usr/lib/x86_64-linux-gnu/libcblas.so[0m
[1.304s] [0mFound openblas at /usr/lib/x86_64-linux-gnu/libopenblas.so[0m
[1.305s] [0mFound lapacke at /usr/lib/x86_64-linux-gnu/liblapacke.so[0m
[1.305s] [0mSearching for 'cblas.h'; found at /usr/include/x86_64-linux-gnu/cblas.h[0m
[1.305s] [0mUsing eigen backend[0m
[1.305s] [0mUsing provided /home/tch/mpo_500_workspace/src/libsurvive_ros2/build/libsurvive_ros2/libsurvive-prefix/src/libsurvive/src/./generated/common_math.gen.h[0m
[1.305s] [0mUsing provided /home/tch/mpo_500_workspace/src/libsurvive_ros2/build/libsurvive_ros2/libsurvive-prefix/src/libsurvive/src/./generated/kalman_kinematics.gen.h[0m
[1.305s] [0mUsing provided /home/tch/mpo_500_workspace/src/libsurvive_ros2/build/libsurvive_ros2/libsurvive-prefix/src/libsurvive/src/./generated/lighthouse_model.gen.h[0m
[1.306s] [0mUsing provided /home/tch/mpo_500_workspace/src/libsurvive_ros2/build/libsurvive_ros2/libsurvive-prefix/src/libsurvive/src/./generated/imu_model.gen.h[0m
[1.322s] [0mUsing versioned libusb dir[0m
[1.322s] [0m-- Option: ENABLE_driver_dummy: ON[0m
[1.322s] [0m-- Option: ENABLE_driver_vive: ON[0m
[1.323s] [0m-- Option: ENABLE_driver_simulator: ON[0m
[1.323s] [0m-- Option: ENABLE_driver_playback: ON[0m
[1.323s] [0m-- Option: ENABLE_disambiguator_statebased: ON[0m
[1.323s] [0m-- Option: ENABLE_poser_dummy: ON[0m
[1.323s] [0m-- Option: ENABLE_poser_mpfit: ON[0m
[1.323s] [0m-- Option: ENABLE_poser_kalman_only: ON[0m
[1.324s] [0m-- Option: ENABLE_poser_barycentric_svd: ON[0m
[1.324s] [0m-- Option: ENABLE_driver_global_scene_solver: ON[0m
[1.324s] [0m-- Option: ENABLE_driver_udp: ON[0m
[1.324s] [0m-- Option: ENABLE_driver_usbmon: ON[0m
[1.344s] [0m-- Option: ENABLE_survive-cli: ON[0m
[1.345s] [0m-- Option: ENABLE_api_example: ON[0m
[1.345s] [0m-- Option: ENABLE_sensors-readout: ON[0m
[1.345s] [0m-- Option: ENABLE_survive-solver: ON[0m
[1.345s] [0m-- Option: ENABLE_survive-buttons: ON[0m
[1.349s] -- Configuring done
[1.439s] -- Generating done
[1.452s] -- Build files have been written to: /home/tch/mpo_500_workspace/src/libsurvive_ros2/build/libsurvive_ros2/libsurvive-prefix/src/libsurvive-build
[1.483s] [ 33%] [34m[1mPerforming build step for 'libsurvive'[0m
[1.535s] [35m[1mConsolidate compiler generated dependencies of target CNGFX[0m
[1.535s] [35m[1mConsolidate compiler generated dependencies of target cnmatrix[0m
[1.559s] [  4%] Built target CNGFX
[1.562s] [ 10%] Built target cnmatrix
[1.579s] [35m[1mConsolidate compiler generated dependencies of target cnkalman[0m
[1.584s] [35m[1mConsolidate compiler generated dependencies of target mpfit[0m
[1.603s] [ 17%] Built target cnkalman
[1.616s] [ 19%] Built target mpfit
[1.637s] [35m[1mConsolidate compiler generated dependencies of target survive[0m
[1.676s] [ 57%] Built target survive
[1.694s] [35m[1mConsolidate compiler generated dependencies of target driver_vive[0m
[1.694s] [35m[1mConsolidate compiler generated dependencies of target driver_simulator[0m
[1.701s] [35m[1mConsolidate compiler generated dependencies of target driver_playback[0m
[1.702s] [35m[1mConsolidate compiler generated dependencies of target driver_dummy[0m
[1.722s] [ 60%] Built target driver_vive
[1.726s] [ 62%] Built target driver_simulator
[1.738s] [ 65%] Built target driver_playback
[1.738s] [ 67%] Built target driver_dummy
[1.744s] [35m[1mConsolidate compiler generated dependencies of target disambiguator_statebased[0m
[1.762s] [35m[1mConsolidate compiler generated dependencies of target poser_kalman_only[0m
[1.771s] [35m[1mConsolidate compiler generated dependencies of target poser_dummy[0m
[1.772s] [ 69%] Built target disambiguator_statebased
[1.772s] [35m[1mConsolidate compiler generated dependencies of target poser_mpfit[0m
[1.792s] [ 71%] Built target poser_kalman_only
[1.794s] [ 73%] Built target poser_dummy
[1.799s] [35m[1mConsolidate compiler generated dependencies of target poser_barycentric_svd[0m
[1.806s] [ 76%] Built target poser_mpfit
[1.830s] [35m[1mConsolidate compiler generated dependencies of target driver_global_scene_solver[0m
[1.839s] [ 79%] Built target poser_barycentric_svd
[1.847s] [35m[1mConsolidate compiler generated dependencies of target visualize_mpfit[0m
[1.854s] [35m[1mConsolidate compiler generated dependencies of target driver_udp[0m
[1.860s] [35m[1mConsolidate compiler generated dependencies of target driver_usbmon[0m
[1.878s] [ 81%] Built target driver_global_scene_solver
[1.878s] [ 84%] Built target visualize_mpfit
[1.884s] [ 86%] Built target driver_udp
[1.889s] [ 88%] Built target driver_usbmon
[1.906s] [35m[1mConsolidate compiler generated dependencies of target api_example[0m
[1.908s] [35m[1mConsolidate compiler generated dependencies of target survive-cli[0m
[1.917s] [35m[1mConsolidate compiler generated dependencies of target survive-solver[0m
[1.923s] [35m[1mConsolidate compiler generated dependencies of target sensors-readout[0m
[1.936s] [ 90%] Built target api_example
[1.940s] [ 93%] Built target survive-cli
[1.948s] [ 96%] Built target sensors-readout
[1.948s] [ 97%] Built target survive-solver
[1.960s] [35m[1mConsolidate compiler generated dependencies of target survive-buttons[0m
[1.979s] [100%] Built target survive-buttons
[2.019s] [ 41%] [34m[1mPerforming install step for 'libsurvive'[0m
[2.084s] [  4%] Built target CNGFX
[2.089s] [ 10%] Built target cnmatrix
[2.126s] [ 15%] Built target mpfit
[2.128s] [ 19%] Built target cnkalman
[2.168s] [ 57%] Built target survive
[2.205s] [ 60%] Built target driver_simulator
[2.216s] [ 62%] Built target driver_playback
[2.219s] [ 64%] Built target driver_vive
[2.228s] [ 67%] Built target driver_dummy
[2.250s] [ 69%] Built target disambiguator_statebased
[2.266s] [ 71%] Built target poser_dummy
[2.271s] [ 73%] Built target poser_kalman_only
[2.284s] [ 76%] Built target poser_mpfit
[2.293s] [ 79%] Built target poser_barycentric_svd
[2.318s] [ 81%] Built target driver_udp
[2.332s] [ 84%] Built target driver_global_scene_solver
[2.332s] [ 86%] Built target driver_usbmon
[2.334s] [ 88%] Built target visualize_mpfit
[2.373s] [ 90%] Built target api_example
[2.387s] [ 93%] Built target survive-solver
[2.391s] [ 95%] Built target sensors-readout
[2.395s] [ 97%] Built target survive-cli
[2.407s] [100%] Built target survive-buttons
[2.439s] [36mInstall the project...[0m
[2.452s] -- Install configuration: "Release"
[2.452s] -- Up-to-date: /home/tch/mpo_500_workspace/src/libsurvive_ros2/build/libsurvive_ros2/libsurvive-install/bin/survive-cli
[2.452s] -- Up-to-date: /home/tch/mpo_500_workspace/src/libsurvive_ros2/build/libsurvive_ros2/libsurvive-install/bin/api_example
[2.452s] -- Up-to-date: /home/tch/mpo_500_workspace/src/libsurvive_ros2/build/libsurvive_ros2/libsurvive-install/bin/sensors-readout
[2.453s] -- Up-to-date: /home/tch/mpo_500_workspace/src/libsurvive_ros2/build/libsurvive_ros2/libsurvive-install/bin/survive-solver
[2.453s] -- Up-to-date: /home/tch/mpo_500_workspace/src/libsurvive_ros2/build/libsurvive_ros2/libsurvive-install/bin/survive-buttons
[2.453s] -- Up-to-date: /home/tch/mpo_500_workspace/src/libsurvive_ros2/build/libsurvive_ros2/libsurvive-install/bin/survive-websocketd
[2.453s] -- Up-to-date: /home/tch/mpo_500_workspace/src/libsurvive_ros2/build/libsurvive_ros2/libsurvive-install/include/libsurvive
[2.454s] -- Up-to-date: /home/tch/mpo_500_workspace/src/libsurvive_ros2/build/libsurvive_ros2/libsurvive-install/include/libsurvive/survive_reproject_gen2.h
[2.454s] -- Up-to-date: /home/tch/mpo_500_workspace/src/libsurvive_ros2/build/libsurvive_ros2/libsurvive-install/include/libsurvive/poser.h
[2.454s] -- Up-to-date: /home/tch/mpo_500_workspace/src/libsurvive_ros2/build/libsurvive_ros2/libsurvive-install/include/libsurvive/survive_optimizer.h
[2.454s] -- Up-to-date: /home/tch/mpo_500_workspace/src/libsurvive_ros2/build/libsurvive_ros2/libsurvive-install/include/libsurvive/survive_types.h
[2.454s] -- Up-to-date: /home/tch/mpo_500_workspace/src/libsurvive_ros2/build/libsurvive_ros2/libsurvive-install/include/libsurvive/survive.h
[2.454s] -- Up-to-date: /home/tch/mpo_500_workspace/src/libsurvive_ros2/build/libsurvive_ros2/libsurvive-install/include/libsurvive/survive_reproject.h
[2.454s] -- Up-to-date: /home/tch/mpo_500_workspace/src/libsurvive_ros2/build/libsurvive_ros2/libsurvive-install/include/libsurvive/survive_hooks.h
[2.454s] -- Up-to-date: /home/tch/mpo_500_workspace/src/libsurvive_ros2/build/libsurvive_ros2/libsurvive-install/include/libsurvive/survive_api.h
[2.455s] -- Up-to-date: /home/tch/mpo_500_workspace/src/libsurvive_ros2/build/libsurvive_ros2/libsurvive-install/include/libsurvive/redist/CNFG3D.h
[2.455s] -- Up-to-date: /home/tch/mpo_500_workspace/src/libsurvive_ros2/build/libsurvive_ros2/libsurvive-install/include/libsurvive/redist/CNFGFunctions.h
[2.455s] -- Up-to-date: /home/tch/mpo_500_workspace/src/libsurvive_ros2/build/libsurvive_ros2/libsurvive-install/include/libsurvive/redist/CNFGRasterizer.h
[2.455s] -- Up-to-date: /home/tch/mpo_500_workspace/src/libsurvive_ros2/build/libsurvive_ros2/libsurvive-install/include/libsurvive/redist/crc32.h
[2.455s] -- Up-to-date: /home/tch/mpo_500_workspace/src/libsurvive_ros2/build/libsurvive_ros2/libsurvive-install/include/libsurvive/redist/dclapack.h
[2.455s] -- Up-to-date: /home/tch/mpo_500_workspace/src/libsurvive_ros2/build/libsurvive_ros2/libsurvive-install/include/libsurvive/redist/dclhelpers.h
[2.456s] -- Up-to-date: /home/tch/mpo_500_workspace/src/libsurvive_ros2/build/libsurvive_ros2/libsurvive-install/include/libsurvive/redist/dirent.windows.h
[2.456s] -- Up-to-date: /home/tch/mpo_500_workspace/src/libsurvive_ros2/build/libsurvive_ros2/libsurvive-install/include/libsurvive/redist/glutil.h
[2.456s] -- Up-to-date: /home/tch/mpo_500_workspace/src/libsurvive_ros2/build/libsurvive_ros2/libsurvive-install/include/libsurvive/redist/hidapi.h
[2.456s] -- Up-to-date: /home/tch/mpo_500_workspace/src/libsurvive_ros2/build/libsurvive_ros2/libsurvive-install/include/libsurvive/redist/jsmn.h
[2.456s] -- Up-to-date: /home/tch/mpo_500_workspace/src/libsurvive_ros2/build/libsurvive_ros2/libsurvive-install/include/libsurvive/redist/json_helpers.h
[2.456s] -- Up-to-date: /home/tch/mpo_500_workspace/src/libsurvive_ros2/build/libsurvive_ros2/libsurvive-install/include/libsurvive/redist/linmath.h
[2.456s] -- Up-to-date: /home/tch/mpo_500_workspace/src/libsurvive_ros2/build/libsurvive_ros2/libsurvive-install/include/libsurvive/redist/os_generic.h
[2.456s] -- Up-to-date: /home/tch/mpo_500_workspace/src/libsurvive_ros2/build/libsurvive_ros2/libsurvive-install/include/libsurvive/redist/os_generic.unix.h
[2.456s] -- Up-to-date: /home/tch/mpo_500_workspace/src/libsurvive_ros2/build/libsurvive_ros2/libsurvive-install/include/libsurvive/redist/os_generic.windows.h
[2.457s] -- Up-to-date: /home/tch/mpo_500_workspace/src/libsurvive_ros2/build/libsurvive_ros2/libsurvive-install/include/libsurvive/redist/puff.h
[2.457s] -- Up-to-date: /home/tch/mpo_500_workspace/src/libsurvive_ros2/build/libsurvive_ros2/libsurvive-install/include/libsurvive/redist/symbol_enumerator.h
[2.457s] -- Up-to-date: /home/tch/mpo_500_workspace/src/libsurvive_ros2/build/libsurvive_ros2/libsurvive-install/include/libsurvive/redist/variance.h
[2.457s] -- Up-to-date: /home/tch/mpo_500_workspace/src/libsurvive_ros2/build/libsurvive_ros2/libsurvive-install/lib/pkgconfig/survive.pc
[2.457s] -- Up-to-date: /home/tch/mpo_500_workspace/src/libsurvive_ros2/build/libsurvive_ros2/libsurvive-install/include/cnkalman
[2.458s] -- Up-to-date: /home/tch/mpo_500_workspace/src/libsurvive_ros2/build/libsurvive_ros2/libsurvive-install/include/cnkalman/generated_header.h
[2.458s] -- Up-to-date: /home/tch/mpo_500_workspace/src/libsurvive_ros2/build/libsurvive_ros2/libsurvive-install/include/cnkalman/ModelPlot.h
[2.458s] -- Up-to-date: /home/tch/mpo_500_workspace/src/libsurvive_ros2/build/libsurvive_ros2/libsurvive-install/include/cnkalman/kalman.h
[2.458s] -- Up-to-date: /home/tch/mpo_500_workspace/src/libsurvive_ros2/build/libsurvive_ros2/libsurvive-install/include/cnkalman/model.h
[2.458s] -- Up-to-date: /home/tch/mpo_500_workspace/src/libsurvive_ros2/build/libsurvive_ros2/libsurvive-install/include/cnkalman/numerical_diff.h
[2.458s] -- Up-to-date: /home/tch/mpo_500_workspace/src/libsurvive_ros2/build/libsurvive_ros2/libsurvive-install/lib/pkgconfig/cnkalman.pc
[2.458s] -- Up-to-date: /home/tch/mpo_500_workspace/src/libsurvive_ros2/build/libsurvive_ros2/libsurvive-install/include/cnmatrix
[2.459s] -- Up-to-date: /home/tch/mpo_500_workspace/src/libsurvive_ros2/build/libsurvive_ros2/libsurvive-install/include/cnmatrix/cn_matrix.h
[2.459s] -- Up-to-date: /home/tch/mpo_500_workspace/src/libsurvive_ros2/build/libsurvive_ros2/libsurvive-install/include/cnmatrix/cn_matrix.hpp
[2.459s] -- Up-to-date: /home/tch/mpo_500_workspace/src/libsurvive_ros2/build/libsurvive_ros2/libsurvive-install/include/cnmatrix/cn_matrix.eigen.h
[2.459s] -- Up-to-date: /home/tch/mpo_500_workspace/src/libsurvive_ros2/build/libsurvive_ros2/libsurvive-install/include/cnmatrix/cn_flt.h
[2.459s] -- Up-to-date: /home/tch/mpo_500_workspace/src/libsurvive_ros2/build/libsurvive_ros2/libsurvive-install/include/cnmatrix/cn_matrix.blas.h
[2.459s] -- Up-to-date: /home/tch/mpo_500_workspace/src/libsurvive_ros2/build/libsurvive_ros2/libsurvive-install/lib/pkgconfig/cnmatrix.pc
[2.459s] -- Up-to-date: /home/tch/mpo_500_workspace/src/libsurvive_ros2/build/libsurvive_ros2/libsurvive-install/lib/libcnmatrix.a
[2.459s] -- Up-to-date: /home/tch/mpo_500_workspace/src/libsurvive_ros2/build/libsurvive_ros2/libsurvive-install/lib/libcnkalman.a
[2.460s] -- Up-to-date: /home/tch/mpo_500_workspace/src/libsurvive_ros2/build/libsurvive_ros2/libsurvive-install/lib/libmpfit.a
[2.460s] -- Up-to-date: /home/tch/mpo_500_workspace/src/libsurvive_ros2/build/libsurvive_ros2/libsurvive-install/lib/libsurvive/plugins/driver_dummy.so
[2.460s] -- Up-to-date: /home/tch/mpo_500_workspace/src/libsurvive_ros2/build/libsurvive_ros2/libsurvive-install/lib/libsurvive/plugins/driver_vive.so
[2.460s] -- Up-to-date: /home/tch/mpo_500_workspace/src/libsurvive_ros2/build/libsurvive_ros2/libsurvive-install/lib/libsurvive/plugins/driver_simulator.so
[2.460s] -- Up-to-date: /home/tch/mpo_500_workspace/src/libsurvive_ros2/build/libsurvive_ros2/libsurvive-install/lib/libsurvive/plugins/driver_playback.so
[2.460s] -- Up-to-date: /home/tch/mpo_500_workspace/src/libsurvive_ros2/build/libsurvive_ros2/libsurvive-install/lib/libsurvive/plugins/disambiguator_statebased.so
[2.460s] -- Up-to-date: /home/tch/mpo_500_workspace/src/libsurvive_ros2/build/libsurvive_ros2/libsurvive-install/lib/libsurvive/plugins/poser_dummy.so
[2.460s] -- Up-to-date: /home/tch/mpo_500_workspace/src/libsurvive_ros2/build/libsurvive_ros2/libsurvive-install/lib/libsurvive/plugins/poser_mpfit.so
[2.460s] -- Up-to-date: /home/tch/mpo_500_workspace/src/libsurvive_ros2/build/libsurvive_ros2/libsurvive-install/lib/libsurvive/plugins/poser_kalman_only.so
[2.460s] -- Up-to-date: /home/tch/mpo_500_workspace/src/libsurvive_ros2/build/libsurvive_ros2/libsurvive-install/lib/libsurvive/plugins/poser_barycentric_svd.so
[2.461s] -- Up-to-date: /home/tch/mpo_500_workspace/src/libsurvive_ros2/build/libsurvive_ros2/libsurvive-install/lib/libsurvive/plugins/driver_global_scene_solver.so
[2.461s] -- Up-to-date: /home/tch/mpo_500_workspace/src/libsurvive_ros2/build/libsurvive_ros2/libsurvive-install/lib/libsurvive/plugins/driver_udp.so
[2.461s] -- Up-to-date: /home/tch/mpo_500_workspace/src/libsurvive_ros2/build/libsurvive_ros2/libsurvive-install/lib/libsurvive/plugins/driver_usbmon.so
[2.461s] -- Up-to-date: /home/tch/mpo_500_workspace/src/libsurvive_ros2/build/libsurvive_ros2/libsurvive-install/lib/libsurvive/plugins/driver_dummy.so
[2.462s] -- Up-to-date: /home/tch/mpo_500_workspace/src/libsurvive_ros2/build/libsurvive_ros2/libsurvive-install/lib/libsurvive/plugins/driver_vive.so
[2.462s] -- Up-to-date: /home/tch/mpo_500_workspace/src/libsurvive_ros2/build/libsurvive_ros2/libsurvive-install/lib/libsurvive/plugins/driver_simulator.so
[2.462s] -- Up-to-date: /home/tch/mpo_500_workspace/src/libsurvive_ros2/build/libsurvive_ros2/libsurvive-install/lib/libsurvive/plugins/driver_playback.so
[2.463s] -- Up-to-date: /home/tch/mpo_500_workspace/src/libsurvive_ros2/build/libsurvive_ros2/libsurvive-install/lib/libsurvive/plugins/disambiguator_statebased.so
[2.463s] -- Up-to-date: /home/tch/mpo_500_workspace/src/libsurvive_ros2/build/libsurvive_ros2/libsurvive-install/lib/libsurvive/plugins/poser_dummy.so
[2.463s] -- Up-to-date: /home/tch/mpo_500_workspace/src/libsurvive_ros2/build/libsurvive_ros2/libsurvive-install/lib/libsurvive/plugins/poser_mpfit.so
[2.463s] -- Up-to-date: /home/tch/mpo_500_workspace/src/libsurvive_ros2/build/libsurvive_ros2/libsurvive-install/lib/libsurvive/plugins/poser_kalman_only.so
[2.464s] -- Up-to-date: /home/tch/mpo_500_workspace/src/libsurvive_ros2/build/libsurvive_ros2/libsurvive-install/lib/libsurvive/plugins/poser_barycentric_svd.so
[2.464s] -- Up-to-date: /home/tch/mpo_500_workspace/src/libsurvive_ros2/build/libsurvive_ros2/libsurvive-install/lib/libsurvive/plugins/driver_global_scene_solver.so
[2.465s] -- Up-to-date: /home/tch/mpo_500_workspace/src/libsurvive_ros2/build/libsurvive_ros2/libsurvive-install/lib/libsurvive/plugins/driver_udp.so
[2.466s] -- Up-to-date: /home/tch/mpo_500_workspace/src/libsurvive_ros2/build/libsurvive_ros2/libsurvive-install/lib/libsurvive/plugins/driver_usbmon.so
[2.466s] -- Up-to-date: /home/tch/mpo_500_workspace/src/libsurvive_ros2/build/libsurvive_ros2/libsurvive-install/lib/libsurvive.so.0.3
[2.466s] -- Up-to-date: /home/tch/mpo_500_workspace/src/libsurvive_ros2/build/libsurvive_ros2/libsurvive-install/lib/libsurvive.so.0
[2.466s] -- Up-to-date: /home/tch/mpo_500_workspace/src/libsurvive_ros2/build/libsurvive_ros2/libsurvive-install/lib/libsurvive.so
[2.494s] [ 50%] [34m[1mCompleted 'libsurvive'[0m
[2.545s] [ 66%] Built target libsurvive
[2.564s] [35m[1mConsolidate compiler generated dependencies of target libsurvive_ros2_component[0m
[2.595s] [ 75%] [32mBuilding CXX object CMakeFiles/libsurvive_ros2_component.dir/src/component.cpp.o[0m
[12.448s] [ 83%] [32m[1mLinking CXX shared library liblibsurvive_ros2_component.so[0m
[12.943s] [ 83%] Built target libsurvive_ros2_component
[12.962s] [35m[1mConsolidate compiler generated dependencies of target libsurvive_ros2_node[0m
[12.990s] [ 91%] [32m[1mLinking CXX executable libsurvive_ros2_node[0m
[13.311s] [100%] Built target libsurvive_ros2_node
[13.326s] Invoked command in '/home/tch/mpo_500_workspace/src/libsurvive_ros2/build/libsurvive_ros2' returned '0': CMAKE_PREFIX_PATH=${CMAKE_PREFIX_PATH}:/home/tch/mpo_500_workspace/install/odrive_motor_op:/home/tch/mpo_500_workspace/install/neo_nav2_py_costmap2D:/home/tch/mpo_500_workspace/src/odrive_motor_op/install/odrive_motor_op:/opt/ros/humble /usr/bin/cmake --build /home/tch/mpo_500_workspace/src/libsurvive_ros2/build/libsurvive_ros2 -- -j4 -l4
[13.384s] Invoking command in '/home/tch/mpo_500_workspace/src/libsurvive_ros2/build/libsurvive_ros2': CMAKE_PREFIX_PATH=${CMAKE_PREFIX_PATH}:/home/tch/mpo_500_workspace/install/odrive_motor_op:/home/tch/mpo_500_workspace/install/neo_nav2_py_costmap2D:/home/tch/mpo_500_workspace/src/odrive_motor_op/install/odrive_motor_op:/opt/ros/humble /usr/bin/cmake --install /home/tch/mpo_500_workspace/src/libsurvive_ros2/build/libsurvive_ros2
[13.397s] -- Install configuration: ""
[13.397s] -- Up-to-date: /home/tch/mpo_500_workspace/src/libsurvive_ros2/install/libsurvive_ros2/share/libsurvive_ros2/environment/library_path.sh
[13.397s] -- Up-to-date: /home/tch/mpo_500_workspace/src/libsurvive_ros2/install/libsurvive_ros2/share/libsurvive_ros2/environment/library_path.dsv
[13.398s] -- Up-to-date: /home/tch/mpo_500_workspace/src/libsurvive_ros2/install/libsurvive_ros2
[13.398s] -- Up-to-date: /home/tch/mpo_500_workspace/src/libsurvive_ros2/install/libsurvive_ros2/include
[13.398s] -- Up-to-date: /home/tch/mpo_500_workspace/src/libsurvive_ros2/install/libsurvive_ros2/include/cnkalman
[13.398s] -- Up-to-date: /home/tch/mpo_500_workspace/src/libsurvive_ros2/install/libsurvive_ros2/include/cnkalman/generated_header.h
[13.398s] -- Up-to-date: /home/tch/mpo_500_workspace/src/libsurvive_ros2/install/libsurvive_ros2/include/cnkalman/ModelPlot.h
[13.398s] -- Up-to-date: /home/tch/mpo_500_workspace/src/libsurvive_ros2/install/libsurvive_ros2/include/cnkalman/kalman.h
[13.398s] -- Up-to-date: /home/tch/mpo_500_workspace/src/libsurvive_ros2/install/libsurvive_ros2/include/cnkalman/model.h
[13.399s] -- Up-to-date: /home/tch/mpo_500_workspace/src/libsurvive_ros2/install/libsurvive_ros2/include/cnkalman/numerical_diff.h
[13.399s] -- Up-to-date: /home/tch/mpo_500_workspace/src/libsurvive_ros2/install/libsurvive_ros2/include/libsurvive
[13.399s] -- Up-to-date: /home/tch/mpo_500_workspace/src/libsurvive_ros2/install/libsurvive_ros2/include/libsurvive/redist
[13.399s] -- Up-to-date: /home/tch/mpo_500_workspace/src/libsurvive_ros2/install/libsurvive_ros2/include/libsurvive/redist/crc32.h
[13.399s] -- Up-to-date: /home/tch/mpo_500_workspace/src/libsurvive_ros2/install/libsurvive_ros2/include/libsurvive/redist/CNFG3D.h
[13.399s] -- Up-to-date: /home/tch/mpo_500_workspace/src/libsurvive_ros2/install/libsurvive_ros2/include/libsurvive/redist/json_helpers.h
[13.399s] -- Up-to-date: /home/tch/mpo_500_workspace/src/libsurvive_ros2/install/libsurvive_ros2/include/libsurvive/redist/glutil.h
[13.399s] -- Up-to-date: /home/tch/mpo_500_workspace/src/libsurvive_ros2/install/libsurvive_ros2/include/libsurvive/redist/variance.h
[13.400s] -- Up-to-date: /home/tch/mpo_500_workspace/src/libsurvive_ros2/install/libsurvive_ros2/include/libsurvive/redist/hidapi.h
[13.400s] -- Up-to-date: /home/tch/mpo_500_workspace/src/libsurvive_ros2/install/libsurvive_ros2/include/libsurvive/redist/os_generic.windows.h
[13.400s] -- Up-to-date: /home/tch/mpo_500_workspace/src/libsurvive_ros2/install/libsurvive_ros2/include/libsurvive/redist/CNFGFunctions.h
[13.400s] -- Up-to-date: /home/tch/mpo_500_workspace/src/libsurvive_ros2/install/libsurvive_ros2/include/libsurvive/redist/linmath.h
[13.400s] -- Up-to-date: /home/tch/mpo_500_workspace/src/libsurvive_ros2/install/libsurvive_ros2/include/libsurvive/redist/os_generic.unix.h
[13.400s] -- Up-to-date: /home/tch/mpo_500_workspace/src/libsurvive_ros2/install/libsurvive_ros2/include/libsurvive/redist/os_generic.h
[13.400s] -- Up-to-date: /home/tch/mpo_500_workspace/src/libsurvive_ros2/install/libsurvive_ros2/include/libsurvive/redist/jsmn.h
[13.400s] -- Up-to-date: /home/tch/mpo_500_workspace/src/libsurvive_ros2/install/libsurvive_ros2/include/libsurvive/redist/symbol_enumerator.h
[13.400s] -- Up-to-date: /home/tch/mpo_500_workspace/src/libsurvive_ros2/install/libsurvive_ros2/include/libsurvive/redist/dirent.windows.h
[13.400s] -- Up-to-date: /home/tch/mpo_500_workspace/src/libsurvive_ros2/install/libsurvive_ros2/include/libsurvive/redist/puff.h
[13.401s] -- Up-to-date: /home/tch/mpo_500_workspace/src/libsurvive_ros2/install/libsurvive_ros2/include/libsurvive/redist/dclapack.h
[13.401s] -- Up-to-date: /home/tch/mpo_500_workspace/src/libsurvive_ros2/install/libsurvive_ros2/include/libsurvive/redist/CNFGRasterizer.h
[13.401s] -- Up-to-date: /home/tch/mpo_500_workspace/src/libsurvive_ros2/install/libsurvive_ros2/include/libsurvive/redist/dclhelpers.h
[13.401s] -- Up-to-date: /home/tch/mpo_500_workspace/src/libsurvive_ros2/install/libsurvive_ros2/include/libsurvive/survive_reproject_gen2.h
[13.401s] -- Up-to-date: /home/tch/mpo_500_workspace/src/libsurvive_ros2/install/libsurvive_ros2/include/libsurvive/poser.h
[13.401s] -- Up-to-date: /home/tch/mpo_500_workspace/src/libsurvive_ros2/install/libsurvive_ros2/include/libsurvive/survive_optimizer.h
[13.401s] -- Up-to-date: /home/tch/mpo_500_workspace/src/libsurvive_ros2/install/libsurvive_ros2/include/libsurvive/survive_types.h
[13.401s] -- Up-to-date: /home/tch/mpo_500_workspace/src/libsurvive_ros2/install/libsurvive_ros2/include/libsurvive/survive.h
[13.402s] -- Up-to-date: /home/tch/mpo_500_workspace/src/libsurvive_ros2/install/libsurvive_ros2/include/libsurvive/survive_reproject.h
[13.402s] -- Up-to-date: /home/tch/mpo_500_workspace/src/libsurvive_ros2/install/libsurvive_ros2/include/libsurvive/survive_hooks.h
[13.402s] -- Up-to-date: /home/tch/mpo_500_workspace/src/libsurvive_ros2/install/libsurvive_ros2/include/libsurvive/survive_api.h
[13.402s] -- Up-to-date: /home/tch/mpo_500_workspace/src/libsurvive_ros2/install/libsurvive_ros2/include/cnmatrix
[13.402s] -- Up-to-date: /home/tch/mpo_500_workspace/src/libsurvive_ros2/install/libsurvive_ros2/include/cnmatrix/cn_matrix.h
[13.402s] -- Up-to-date: /home/tch/mpo_500_workspace/src/libsurvive_ros2/install/libsurvive_ros2/include/cnmatrix/cn_matrix.hpp
[13.402s] -- Up-to-date: /home/tch/mpo_500_workspace/src/libsurvive_ros2/install/libsurvive_ros2/include/cnmatrix/cn_matrix.eigen.h
[13.402s] -- Up-to-date: /home/tch/mpo_500_workspace/src/libsurvive_ros2/install/libsurvive_ros2/include/cnmatrix/cn_flt.h
[13.402s] -- Up-to-date: /home/tch/mpo_500_workspace/src/libsurvive_ros2/install/libsurvive_ros2/include/cnmatrix/cn_matrix.blas.h
[13.402s] -- Up-to-date: /home/tch/mpo_500_workspace/src/libsurvive_ros2/install/libsurvive_ros2/bin
[13.403s] -- Up-to-date: /home/tch/mpo_500_workspace/src/libsurvive_ros2/install/libsurvive_ros2/bin/sensors-readout
[13.403s] -- Up-to-date: /home/tch/mpo_500_workspace/src/libsurvive_ros2/install/libsurvive_ros2/bin/survive-cli
[13.403s] -- Up-to-date: /home/tch/mpo_500_workspace/src/libsurvive_ros2/install/libsurvive_ros2/bin/survive-buttons
[13.403s] -- Up-to-date: /home/tch/mpo_500_workspace/src/libsurvive_ros2/install/libsurvive_ros2/bin/survive-websocketd
[13.403s] -- Up-to-date: /home/tch/mpo_500_workspace/src/libsurvive_ros2/install/libsurvive_ros2/bin/api_example
[13.403s] -- Up-to-date: /home/tch/mpo_500_workspace/src/libsurvive_ros2/install/libsurvive_ros2/bin/survive-solver
[13.403s] -- Up-to-date: /home/tch/mpo_500_workspace/src/libsurvive_ros2/install/libsurvive_ros2/lib
[13.403s] -- Up-to-date: /home/tch/mpo_500_workspace/src/libsurvive_ros2/install/libsurvive_ros2/lib/libsurvive.so
[13.403s] -- Up-to-date: /home/tch/mpo_500_workspace/src/libsurvive_ros2/install/libsurvive_ros2/lib/pkgconfig
[13.403s] -- Up-to-date: /home/tch/mpo_500_workspace/src/libsurvive_ros2/install/libsurvive_ros2/lib/pkgconfig/cnkalman.pc
[13.404s] -- Up-to-date: /home/tch/mpo_500_workspace/src/libsurvive_ros2/install/libsurvive_ros2/lib/pkgconfig/cnmatrix.pc
[13.404s] -- Up-to-date: /home/tch/mpo_500_workspace/src/libsurvive_ros2/install/libsurvive_ros2/lib/pkgconfig/survive.pc
[13.404s] -- Up-to-date: /home/tch/mpo_500_workspace/src/libsurvive_ros2/install/libsurvive_ros2/lib/libmpfit.a
[13.404s] -- Up-to-date: /home/tch/mpo_500_workspace/src/libsurvive_ros2/install/libsurvive_ros2/lib/libsurvive
[13.404s] -- Up-to-date: /home/tch/mpo_500_workspace/src/libsurvive_ros2/install/libsurvive_ros2/lib/libsurvive/plugins
[13.404s] -- Up-to-date: /home/tch/mpo_500_workspace/src/libsurvive_ros2/install/libsurvive_ros2/lib/libsurvive/plugins/driver_playback.so
[13.404s] -- Up-to-date: /home/tch/mpo_500_workspace/src/libsurvive_ros2/install/libsurvive_ros2/lib/libsurvive/plugins/driver_udp.so
[13.404s] -- Up-to-date: /home/tch/mpo_500_workspace/src/libsurvive_ros2/install/libsurvive_ros2/lib/libsurvive/plugins/driver_global_scene_solver.so
[13.405s] -- Up-to-date: /home/tch/mpo_500_workspace/src/libsurvive_ros2/install/libsurvive_ros2/lib/libsurvive/plugins/driver_usbmon.so
[13.405s] -- Up-to-date: /home/tch/mpo_500_workspace/src/libsurvive_ros2/install/libsurvive_ros2/lib/libsurvive/plugins/poser_dummy.so
[13.405s] -- Up-to-date: /home/tch/mpo_500_workspace/src/libsurvive_ros2/install/libsurvive_ros2/lib/libsurvive/plugins/driver_vive.so
[13.405s] -- Up-to-date: /home/tch/mpo_500_workspace/src/libsurvive_ros2/install/libsurvive_ros2/lib/libsurvive/plugins/driver_simulator.so
[13.405s] -- Up-to-date: /home/tch/mpo_500_workspace/src/libsurvive_ros2/install/libsurvive_ros2/lib/libsurvive/plugins/driver_dummy.so
[13.405s] -- Up-to-date: /home/tch/mpo_500_workspace/src/libsurvive_ros2/install/libsurvive_ros2/lib/libsurvive/plugins/poser_mpfit.so
[13.406s] -- Up-to-date: /home/tch/mpo_500_workspace/src/libsurvive_ros2/install/libsurvive_ros2/lib/libsurvive/plugins/poser_kalman_only.so
[13.406s] -- Up-to-date: /home/tch/mpo_500_workspace/src/libsurvive_ros2/install/libsurvive_ros2/lib/libsurvive/plugins/poser_barycentric_svd.so
[13.406s] -- Up-to-date: /home/tch/mpo_500_workspace/src/libsurvive_ros2/install/libsurvive_ros2/lib/libsurvive/plugins/disambiguator_statebased.so
[13.406s] -- Up-to-date: /home/tch/mpo_500_workspace/src/libsurvive_ros2/install/libsurvive_ros2/lib/libcnkalman.a
[13.406s] -- Up-to-date: /home/tch/mpo_500_workspace/src/libsurvive_ros2/install/libsurvive_ros2/lib/libsurvive.so.0
[13.406s] -- Up-to-date: /home/tch/mpo_500_workspace/src/libsurvive_ros2/install/libsurvive_ros2/lib/libcnmatrix.a
[13.406s] -- Up-to-date: /home/tch/mpo_500_workspace/src/libsurvive_ros2/install/libsurvive_ros2/lib/libsurvive.so.0.3
[13.407s] -- Installing: /home/tch/mpo_500_workspace/src/libsurvive_ros2/install/libsurvive_ros2/lib/liblibsurvive_ros2_component.so
[13.407s] -- Set runtime path of "/home/tch/mpo_500_workspace/src/libsurvive_ros2/install/libsurvive_ros2/lib/liblibsurvive_ros2_component.so" to ""
[13.407s] -- Installing: /home/tch/mpo_500_workspace/src/libsurvive_ros2/install/libsurvive_ros2/lib/libsurvive_ros2/libsurvive_ros2_node
[13.407s] -- Set runtime path of "/home/tch/mpo_500_workspace/src/libsurvive_ros2/install/libsurvive_ros2/lib/libsurvive_ros2/libsurvive_ros2_node" to ""
[13.407s] -- Up-to-date: /home/tch/mpo_500_workspace/src/libsurvive_ros2/install/libsurvive_ros2/share/libsurvive_ros2/config
[13.408s] -- Up-to-date: /home/tch/mpo_500_workspace/src/libsurvive_ros2/install/libsurvive_ros2/share/libsurvive_ros2/config/config.json
[13.408s] -- Up-to-date: /home/tch/mpo_500_workspace/src/libsurvive_ros2/install/libsurvive_ros2/share/libsurvive_ros2/launch
[13.408s] -- Up-to-date: /home/tch/mpo_500_workspace/src/libsurvive_ros2/install/libsurvive_ros2/share/libsurvive_ros2/launch/libsurvive_ros2.launch.py
[13.408s] -- Up-to-date: /home/tch/mpo_500_workspace/src/libsurvive_ros2/install/libsurvive_ros2/share/ament_index/resource_index/package_run_dependencies/libsurvive_ros2
[13.408s] -- Up-to-date: /home/tch/mpo_500_workspace/src/libsurvive_ros2/install/libsurvive_ros2/share/ament_index/resource_index/parent_prefix_path/libsurvive_ros2
[13.408s] -- Up-to-date: /home/tch/mpo_500_workspace/src/libsurvive_ros2/install/libsurvive_ros2/share/libsurvive_ros2/environment/ament_prefix_path.sh
[13.408s] -- Up-to-date: /home/tch/mpo_500_workspace/src/libsurvive_ros2/install/libsurvive_ros2/share/libsurvive_ros2/environment/ament_prefix_path.dsv
[13.409s] -- Up-to-date: /home/tch/mpo_500_workspace/src/libsurvive_ros2/install/libsurvive_ros2/share/libsurvive_ros2/environment/path.sh
[13.409s] -- Up-to-date: /home/tch/mpo_500_workspace/src/libsurvive_ros2/install/libsurvive_ros2/share/libsurvive_ros2/environment/path.dsv
[13.409s] -- Up-to-date: /home/tch/mpo_500_workspace/src/libsurvive_ros2/install/libsurvive_ros2/share/libsurvive_ros2/local_setup.bash
[13.409s] -- Up-to-date: /home/tch/mpo_500_workspace/src/libsurvive_ros2/install/libsurvive_ros2/share/libsurvive_ros2/local_setup.sh
[13.409s] -- Up-to-date: /home/tch/mpo_500_workspace/src/libsurvive_ros2/install/libsurvive_ros2/share/libsurvive_ros2/local_setup.zsh
[13.409s] -- Up-to-date: /home/tch/mpo_500_workspace/src/libsurvive_ros2/install/libsurvive_ros2/share/libsurvive_ros2/local_setup.dsv
[13.409s] -- Installing: /home/tch/mpo_500_workspace/src/libsurvive_ros2/install/libsurvive_ros2/share/libsurvive_ros2/package.dsv
[13.409s] -- Up-to-date: /home/tch/mpo_500_workspace/src/libsurvive_ros2/install/libsurvive_ros2/share/ament_index/resource_index/packages/libsurvive_ros2
[13.409s] -- Up-to-date: /home/tch/mpo_500_workspace/src/libsurvive_ros2/install/libsurvive_ros2/share/ament_index/resource_index/rclcpp_components/libsurvive_ros2
[13.409s] -- Up-to-date: /home/tch/mpo_500_workspace/src/libsurvive_ros2/install/libsurvive_ros2/share/libsurvive_ros2/cmake/ament_cmake_export_include_directories-extras.cmake
[13.410s] -- Up-to-date: /home/tch/mpo_500_workspace/src/libsurvive_ros2/install/libsurvive_ros2/share/libsurvive_ros2/cmake/libsurvive_ros2Config.cmake
[13.410s] -- Up-to-date: /home/tch/mpo_500_workspace/src/libsurvive_ros2/install/libsurvive_ros2/share/libsurvive_ros2/cmake/libsurvive_ros2Config-version.cmake
[13.410s] -- Up-to-date: /home/tch/mpo_500_workspace/src/libsurvive_ros2/install/libsurvive_ros2/share/libsurvive_ros2/package.xml
[13.412s] Invoked command in '/home/tch/mpo_500_workspace/src/libsurvive_ros2/build/libsurvive_ros2' returned '0': CMAKE_PREFIX_PATH=${CMAKE_PREFIX_PATH}:/home/tch/mpo_500_workspace/install/odrive_motor_op:/home/tch/mpo_500_workspace/install/neo_nav2_py_costmap2D:/home/tch/mpo_500_workspace/src/odrive_motor_op/install/odrive_motor_op:/opt/ros/humble /usr/bin/cmake --install /home/tch/mpo_500_workspace/src/libsurvive_ros2/build/libsurvive_ros2
