[0.043s] Invoking command in '/home/tch/nav2_straightline_planner/build/nav2_straightline_planner': CMAKE_PREFIX_PATH=${CMAKE_PREFIX_PATH}:/home/tch/neo_nav2_py_costmap2D-main/install/neo_nav2_py_costmap2D:/opt/ros/humble /usr/bin/cmake /home/tch/nav2_straightline_planner -DCMAKE_INSTALL_PREFIX=/home/tch/nav2_straightline_planner/install/nav2_straightline_planner
[0.219s] -- The C compiler identification is GNU 11.4.0
[0.349s] -- The CXX compiler identification is GNU 11.4.0
[0.365s] -- Detecting C compiler ABI info
[0.479s] -- Detecting C compiler ABI info - done
[0.488s] -- Check for working C compiler: /usr/bin/cc - skipped
[0.488s] -- Detecting C compile features
[0.489s] -- Detecting C compile features - done
[0.496s] -- Detecting CXX compiler ABI info
[0.624s] -- Detecting CXX compiler ABI info - done
[0.641s] -- Check for working CXX compiler: /usr/bin/c++ - skipped
[0.641s] -- Detecting CXX compile features
[0.642s] -- Detecting CXX compile features - done
[0.648s] -- Found ament_cmake: 1.3.5 (/opt/ros/humble/share/ament_cmake/cmake)
[1.004s] -- Found Python3: /usr/bin/python3.10 (found version "3.10.12") found components: Interpreter 
[1.212s] -- Found rclcpp: 16.0.5 (/opt/ros/humble/share/rclcpp/cmake)
[1.326s] -- Found rosidl_generator_c: 3.1.5 (/opt/ros/humble/share/rosidl_generator_c/cmake)
[1.337s] -- Found rosidl_adapter: 3.1.5 (/opt/ros/humble/share/rosidl_adapter/cmake)
[1.353s] -- Found rosidl_generator_cpp: 3.1.5 (/opt/ros/humble/share/rosidl_generator_cpp/cmake)
[1.379s] -- Using all available rosidl_typesupport_c: rosidl_typesupport_fastrtps_c;rosidl_typesupport_introspection_c
[1.416s] -- Using all available rosidl_typesupport_cpp: rosidl_typesupport_fastrtps_cpp;rosidl_typesupport_introspection_cpp
[1.570s] -- Found rmw_implementation_cmake: 6.1.1 (/opt/ros/humble/share/rmw_implementation_cmake/cmake)
[1.577s] -- Found rmw_cyclonedds_cpp: 1.3.4 (/opt/ros/humble/share/rmw_cyclonedds_cpp/cmake)
[1.655s] -- Using RMW implementation 'rmw_cyclonedds_cpp' as default
[1.675s] -- Looking for pthread.h
[1.794s] -- Looking for pthread.h - found
[1.794s] -- Performing Test CMAKE_HAVE_LIBC_PTHREAD
[1.911s] -- Performing Test CMAKE_HAVE_LIBC_PTHREAD - Success
[1.912s] -- Found Threads: TRUE  
[2.206s] -- Found rclcpp_action: 16.0.5 (/opt/ros/humble/share/rclcpp_action/cmake)
[2.383s] -- Found rclcpp_lifecycle: 16.0.5 (/opt/ros/humble/share/rclcpp_lifecycle/cmake)
[2.474s] -- Found visualization_msgs: 4.2.3 (/opt/ros/humble/share/visualization_msgs/cmake)
[2.932s] -- Found nav2_util: 1.1.8 (/opt/ros/humble/share/nav2_util/cmake)
[3.965s] -- Found eigen3_cmake_module: 0.1.1 (/opt/ros/humble/share/eigen3_cmake_module/cmake)
[3.967s] -- Found Eigen3: TRUE (found version "3.4.0") 
[3.967s] -- Ensuring Eigen3 include directory is part of orocos-kdl CMake target
[4.309s] -- Found nav2_costmap_2d: 1.1.8 (/opt/ros/humble/share/nav2_costmap_2d/cmake)
[5.746s] -- Found nav2_core: 1.1.8 (/opt/ros/humble/share/nav2_core/cmake)
[15.110s] -- Found ament_lint_auto: 0.12.7 (/opt/ros/humble/share/ament_lint_auto/cmake)
[15.297s] -- Added test 'copyright' to check source files copyright and LICENSE
[15.304s] -- Added test 'cppcheck' to perform static code analysis on C / C++ code
[15.304s] -- Configured cppcheck include dirs: /home/tch/nav2_straightline_planner/include
[15.305s] -- Configured cppcheck exclude dirs and/or files: 
[15.309s] -- Added test 'cpplint' to check C / C++ code against the Google style
[15.310s] -- Configured cpplint exclude dirs and/or files: 
[15.311s] -- Added test 'lint_cmake' to check CMake code style
[15.318s] -- Added test 'uncrustify' to check C / C++ code style
[15.318s] -- Configured uncrustify additional arguments: 
[15.321s] -- Added test 'xmllint' to check XML markup files
[15.325s] -- Configuring done
[15.410s] -- Generating done
[15.414s] -- Build files have been written to: /home/tch/nav2_straightline_planner/build/nav2_straightline_planner
[15.436s] Invoked command in '/home/tch/nav2_straightline_planner/build/nav2_straightline_planner' returned '0': CMAKE_PREFIX_PATH=${CMAKE_PREFIX_PATH}:/home/tch/neo_nav2_py_costmap2D-main/install/neo_nav2_py_costmap2D:/opt/ros/humble /usr/bin/cmake /home/tch/nav2_straightline_planner -DCMAKE_INSTALL_PREFIX=/home/tch/nav2_straightline_planner/install/nav2_straightline_planner
[15.441s] Invoking command in '/home/tch/nav2_straightline_planner/build/nav2_straightline_planner': CMAKE_PREFIX_PATH=${CMAKE_PREFIX_PATH}:/home/tch/neo_nav2_py_costmap2D-main/install/neo_nav2_py_costmap2D:/opt/ros/humble /usr/bin/cmake --build /home/tch/nav2_straightline_planner/build/nav2_straightline_planner -- -j8 -l8
[15.527s] [ 50%] [32mBuilding CXX object CMakeFiles/nav2_straightline_planner_plugin.dir/src/straight_line_planner.cpp.o[0m
[26.111s] [100%] [32m[1mLinking CXX shared library libnav2_straightline_planner_plugin.so[0m
[26.661s] [100%] Built target nav2_straightline_planner_plugin
[26.684s] Invoked command in '/home/tch/nav2_straightline_planner/build/nav2_straightline_planner' returned '0': CMAKE_PREFIX_PATH=${CMAKE_PREFIX_PATH}:/home/tch/neo_nav2_py_costmap2D-main/install/neo_nav2_py_costmap2D:/opt/ros/humble /usr/bin/cmake --build /home/tch/nav2_straightline_planner/build/nav2_straightline_planner -- -j8 -l8
[26.758s] Invoking command in '/home/tch/nav2_straightline_planner/build/nav2_straightline_planner': CMAKE_PREFIX_PATH=${CMAKE_PREFIX_PATH}:/home/tch/neo_nav2_py_costmap2D-main/install/neo_nav2_py_costmap2D:/opt/ros/humble /usr/bin/cmake --install /home/tch/nav2_straightline_planner/build/nav2_straightline_planner
[26.781s] -- Install configuration: ""
[26.782s] -- Installing: /home/tch/nav2_straightline_planner/install/nav2_straightline_planner/share/nav2_straightline_planner/global_planner_plugin.xml
[26.782s] -- Installing: /home/tch/nav2_straightline_planner/install/nav2_straightline_planner/lib/libnav2_straightline_planner_plugin.so
[26.783s] -- Set runtime path of "/home/tch/nav2_straightline_planner/install/nav2_straightline_planner/lib/libnav2_straightline_planner_plugin.so" to ""
[26.784s] -- Installing: /home/tch/nav2_straightline_planner/install/nav2_straightline_planner/include/
[26.785s] -- Installing: /home/tch/nav2_straightline_planner/install/nav2_straightline_planner/include//nav2_straightline_planner
[26.786s] -- Installing: /home/tch/nav2_straightline_planner/install/nav2_straightline_planner/include//nav2_straightline_planner/straight_line_planner.hpp
[26.789s] -- Up-to-date: /home/tch/nav2_straightline_planner/install/nav2_straightline_planner/share/nav2_straightline_planner/global_planner_plugin.xml
[26.789s] -- Installing: /home/tch/nav2_straightline_planner/install/nav2_straightline_planner/share/nav2_straightline_planner/environment/library_path.sh
[26.790s] -- Installing: /home/tch/nav2_straightline_planner/install/nav2_straightline_planner/share/nav2_straightline_planner/environment/library_path.dsv
[26.790s] -- Installing: /home/tch/nav2_straightline_planner/install/nav2_straightline_planner/share/ament_index/resource_index/package_run_dependencies/nav2_straightline_planner
[26.790s] -- Installing: /home/tch/nav2_straightline_planner/install/nav2_straightline_planner/share/ament_index/resource_index/parent_prefix_path/nav2_straightline_planner
[26.790s] -- Installing: /home/tch/nav2_straightline_planner/install/nav2_straightline_planner/share/nav2_straightline_planner/environment/ament_prefix_path.sh
[26.790s] -- Installing: /home/tch/nav2_straightline_planner/install/nav2_straightline_planner/share/nav2_straightline_planner/environment/ament_prefix_path.dsv
[26.790s] -- Installing: /home/tch/nav2_straightline_planner/install/nav2_straightline_planner/share/nav2_straightline_planner/environment/path.sh
[26.791s] -- Installing: /home/tch/nav2_straightline_planner/install/nav2_straightline_planner/share/nav2_straightline_planner/environment/path.dsv
[26.791s] -- Installing: /home/tch/nav2_straightline_planner/install/nav2_straightline_planner/share/nav2_straightline_planner/local_setup.bash
[26.793s] -- Installing: /home/tch/nav2_straightline_planner/install/nav2_straightline_planner/share/nav2_straightline_planner/local_setup.sh
[26.794s] -- Installing: /home/tch/nav2_straightline_planner/install/nav2_straightline_planner/share/nav2_straightline_planner/local_setup.zsh
[26.795s] -- Installing: /home/tch/nav2_straightline_planner/install/nav2_straightline_planner/share/nav2_straightline_planner/local_setup.dsv
[26.796s] -- Installing: /home/tch/nav2_straightline_planner/install/nav2_straightline_planner/share/nav2_straightline_planner/package.dsv
[26.797s] -- Installing: /home/tch/nav2_straightline_planner/install/nav2_straightline_planner/share/ament_index/resource_index/packages/nav2_straightline_planner
[26.797s] -- Installing: /home/tch/nav2_straightline_planner/install/nav2_straightline_planner/share/ament_index/resource_index/nav2_core__pluginlib__plugin/nav2_straightline_planner
[26.797s] -- Installing: /home/tch/nav2_straightline_planner/install/nav2_straightline_planner/share/nav2_straightline_planner/cmake/ament_cmake_export_include_directories-extras.cmake
[26.798s] -- Installing: /home/tch/nav2_straightline_planner/install/nav2_straightline_planner/share/nav2_straightline_planner/cmake/ament_cmake_export_libraries-extras.cmake
[26.798s] -- Installing: /home/tch/nav2_straightline_planner/install/nav2_straightline_planner/share/nav2_straightline_planner/cmake/ament_cmake_export_dependencies-extras.cmake
[26.798s] -- Installing: /home/tch/nav2_straightline_planner/install/nav2_straightline_planner/share/nav2_straightline_planner/cmake/nav2_straightline_plannerConfig.cmake
[26.798s] -- Installing: /home/tch/nav2_straightline_planner/install/nav2_straightline_planner/share/nav2_straightline_planner/cmake/nav2_straightline_plannerConfig-version.cmake
[26.798s] -- Installing: /home/tch/nav2_straightline_planner/install/nav2_straightline_planner/share/nav2_straightline_planner/package.xml
[26.808s] Invoked command in '/home/tch/nav2_straightline_planner/build/nav2_straightline_planner' returned '0': CMAKE_PREFIX_PATH=${CMAKE_PREFIX_PATH}:/home/tch/neo_nav2_py_costmap2D-main/install/neo_nav2_py_costmap2D:/opt/ros/humble /usr/bin/cmake --install /home/tch/nav2_straightline_planner/build/nav2_straightline_planner
