[0.300s] Invoking command in '/home/tch/mpo_500_workspace/src/libsurvive_ros2/build/libsurvive_ros2': CMAKE_PREFIX_PATH=${CMAKE_PREFIX_PATH}:/home/tch/mpo_500_workspace/install/odrive_motor_op:/home/tch/mpo_500_workspace/install/neo_nav2_py_costmap2D:/home/tch/mpo_500_workspace/src/odrive_motor_op/install/odrive_motor_op:/opt/ros/humble /usr/bin/cmake --build /home/tch/mpo_500_workspace/src/libsurvive_ros2/build/libsurvive_ros2 -- -j4 -l4
[0.377s] [  8%] [34m[1mPerforming update step for 'libsurvive'[0m
[0.887s] HEAD is now at 9e3c6bc Merge pull request #291 from caiom/fix_windows_dongle
[0.979s] [ 16%] [34m[1mNo patch step for 'libsurvive'[0m
[1.015s] [ 25%] [34m[1mPerforming configure step for 'libsurvive'[0m
[1.037s] [0m-- Option: DO_CORE_BUILD: OFF[0m
[1.037s] [0m-- Option: BUILD_STATIC: OFF[0m
[1.037s] [0m-- Option: USE_SINGLE_PRECISION: OFF[0m
[1.038s] [0m-- Option: ENABLE_WARNINGS_AS_ERRORS: OFF[0m
[1.038s] [0m-- Option: USE_HIDAPI: OFF[0m
[1.038s] [0m-- Option: USE_ASAN: OFF[0m
[1.038s] [0m-- Option: USE_MSAN: OFF[0m
[1.038s] [0m-- Option: ENABLE_TESTS: OFF[0m
[1.038s] [0m-- Option: USE_HEX_FLOAT_PRINTF: OFF[0m
[1.038s] [0m-- Option: USE_OPENCV: OFF[0m
[1.038s] [0m-- Option: USE_COLUMN_MAJOR_MATRICES: OFF[0m
[1.039s] [0m-- Option: USE_CPU_TUNE: OFF[0m
[1.039s] [0m-- Option: USE_OPENBLAS: [0m
[1.039s] [0m-- Option: BUILD_LH1_SUPPORT: ON[0m
[1.042s] [0m-- Option: BUILD_GATT_SUPPORT: [0m
[1.042s] [0m-- Option: BUILD_APPLICATIONS: ON[0m
[1.084s] [33mCMake Warning at libs/cnkalman/CMakeLists.txt:23 (find_package):
[1.084s]   By not providing "Findsciplot.cmake" in CMAKE_MODULE_PATH this project has
[1.084s]   asked CMake to find a package configuration file provided by "sciplot", but
[1.084s]   CMake did not find one.
[1.085s] 
[1.085s]   Could not find a package configuration file provided by "sciplot" with any
[1.085s]   of the following names:
[1.085s] 
[1.085s]     sciplotConfig.cmake
[1.085s]     sciplot-config.cmake
[1.085s] 
[1.085s]   Add the installation prefix of "sciplot" to CMAKE_PREFIX_PATH or set
[1.085s]   "sciplot_DIR" to a directory containing one of the above files.  If
[1.085s]   "sciplot" provides a separate development package or SDK, be sure it has
[1.085s]   been installed.
[1.086s] 
[1.086s] [0m
[1.086s] [0mCan't use sciplot...[0m
[1.090s] [0m-- CNMatrix option: DOWNLOAD_EIGEN: ON[0m
[1.090s] [0m-- CNMatrix option: USE_EIGEN: ON[0m
[1.090s] [0m-- CNMatrix option: USE_COLUMN_MAJOR_MATRICES: OFF[0m
[1.090s] [0m-- CNMatrix option: USE_SINGLE_PRECISION: OFF[0m
[1.092s] [0mFound system eigen[0m
[1.092s] [0m-- CNMatrix option: USE_OPENBLAS: OFF[0m
[1.095s] [0mFound cblas at /usr/lib/x86_64-linux-gnu/libcblas.so[0m
[1.095s] [0mFound openblas at /usr/lib/x86_64-linux-gnu/libopenblas.so[0m
[1.095s] [0mFound lapacke at /usr/lib/x86_64-linux-gnu/liblapacke.so[0m
[1.095s] [0mSearching for 'cblas.h'; found at /usr/include/x86_64-linux-gnu/cblas.h[0m
[1.095s] [0mUsing eigen backend[0m
[1.246s] [0mFound cblas at /usr/lib/x86_64-linux-gnu/libcblas.so[0m
[1.246s] [0mFound openblas at /usr/lib/x86_64-linux-gnu/libopenblas.so[0m
[1.246s] [0mFound lapacke at /usr/lib/x86_64-linux-gnu/liblapacke.so[0m
[1.246s] [0mSearching for 'cblas.h'; found at /usr/include/x86_64-linux-gnu/cblas.h[0m
[1.246s] [0mUsing eigen backend[0m
[1.247s] [0mUsing provided /home/tch/mpo_500_workspace/src/libsurvive_ros2/build/libsurvive_ros2/libsurvive-prefix/src/libsurvive/src/./generated/common_math.gen.h[0m
[1.247s] [0mUsing provided /home/tch/mpo_500_workspace/src/libsurvive_ros2/build/libsurvive_ros2/libsurvive-prefix/src/libsurvive/src/./generated/kalman_kinematics.gen.h[0m
[1.247s] [0mUsing provided /home/tch/mpo_500_workspace/src/libsurvive_ros2/build/libsurvive_ros2/libsurvive-prefix/src/libsurvive/src/./generated/lighthouse_model.gen.h[0m
[1.247s] [0mUsing provided /home/tch/mpo_500_workspace/src/libsurvive_ros2/build/libsurvive_ros2/libsurvive-prefix/src/libsurvive/src/./generated/imu_model.gen.h[0m
[1.263s] [0mUsing versioned libusb dir[0m
[1.264s] [0m-- Option: ENABLE_driver_dummy: ON[0m
[1.264s] [0m-- Option: ENABLE_driver_vive: ON[0m
[1.264s] [0m-- Option: ENABLE_driver_simulator: ON[0m
[1.264s] [0m-- Option: ENABLE_driver_playback: ON[0m
[1.264s] [0m-- Option: ENABLE_disambiguator_statebased: ON[0m
[1.265s] [0m-- Option: ENABLE_poser_dummy: ON[0m
[1.265s] [0m-- Option: ENABLE_poser_mpfit: ON[0m
[1.265s] [0m-- Option: ENABLE_poser_kalman_only: ON[0m
[1.265s] [0m-- Option: ENABLE_poser_barycentric_svd: ON[0m
[1.266s] [0m-- Option: ENABLE_driver_global_scene_solver: ON[0m
[1.266s] [0m-- Option: ENABLE_driver_udp: ON[0m
[1.266s] [0m-- Option: ENABLE_driver_usbmon: ON[0m
[1.286s] [0m-- Option: ENABLE_survive-cli: ON[0m
[1.286s] [0m-- Option: ENABLE_api_example: ON[0m
[1.286s] [0m-- Option: ENABLE_sensors-readout: ON[0m
[1.286s] [0m-- Option: ENABLE_survive-solver: ON[0m
[1.286s] [0m-- Option: ENABLE_survive-buttons: ON[0m
[1.290s] -- Configuring done
[1.377s] -- Generating done
[1.390s] -- Build files have been written to: /home/tch/mpo_500_workspace/src/libsurvive_ros2/build/libsurvive_ros2/libsurvive-prefix/src/libsurvive-build
[1.423s] [ 33%] [34m[1mPerforming build step for 'libsurvive'[0m
[1.472s] [35m[1mConsolidate compiler generated dependencies of target CNGFX[0m
[1.473s] [35m[1mConsolidate compiler generated dependencies of target cnmatrix[0m
[1.499s] [  4%] Built target CNGFX
[1.511s] [ 10%] Built target cnmatrix
[1.527s] [35m[1mConsolidate compiler generated dependencies of target mpfit[0m
[1.529s] [35m[1mConsolidate compiler generated dependencies of target cnkalman[0m
[1.545s] [ 12%] Built target mpfit
[1.559s] [ 19%] Built target cnkalman
[1.579s] [35m[1mConsolidate compiler generated dependencies of target survive[0m
[1.618s] [ 57%] Built target survive
[1.641s] [35m[1mConsolidate compiler generated dependencies of target driver_dummy[0m
[1.642s] [35m[1mConsolidate compiler generated dependencies of target driver_playback[0m
[1.642s] [35m[1mConsolidate compiler generated dependencies of target driver_vive[0m
[1.660s] [ 60%] Built target driver_playback
[1.662s] [35m[1mConsolidate compiler generated dependencies of target driver_simulator[0m
[1.669s] [ 62%] Built target driver_vive
[1.672s] [ 64%] Built target driver_dummy
[1.685s] [35m[1mConsolidate compiler generated dependencies of target disambiguator_statebased[0m
[1.691s] [ 67%] Built target driver_simulator
[1.691s] [35m[1mConsolidate compiler generated dependencies of target poser_dummy[0m
[1.702s] [35m[1mConsolidate compiler generated dependencies of target poser_mpfit[0m
[1.724s] [35m[1mConsolidate compiler generated dependencies of target poser_kalman_only[0m
[1.724s] [ 69%] Built target disambiguator_statebased
[1.736s] [ 71%] Built target poser_mpfit
[1.744s] [ 73%] Built target poser_dummy
[1.747s] [ 76%] Built target poser_kalman_only
[1.766s] [35m[1mConsolidate compiler generated dependencies of target poser_barycentric_svd[0m
[1.766s] [35m[1mConsolidate compiler generated dependencies of target driver_global_scene_solver[0m
[1.766s] [35m[1mConsolidate compiler generated dependencies of target visualize_mpfit[0m
[1.776s] [35m[1mConsolidate compiler generated dependencies of target driver_udp[0m
[1.783s] [ 78%] Built target driver_global_scene_solver
[1.804s] [ 80%] Built target visualize_mpfit
[1.805s] [ 84%] Built target poser_barycentric_svd
[1.814s] [35m[1mConsolidate compiler generated dependencies of target driver_usbmon[0m
[1.824s] [ 86%] Built target driver_udp
[1.833s] [ 88%] Built target driver_usbmon
[1.850s] [35m[1mConsolidate compiler generated dependencies of target survive-cli[0m
[1.853s] [35m[1mConsolidate compiler generated dependencies of target survive-solver[0m
[1.854s] [35m[1mConsolidate compiler generated dependencies of target sensors-readout[0m
[1.863s] [35m[1mConsolidate compiler generated dependencies of target api_example[0m
[1.884s] [ 90%] Built target sensors-readout
[1.885s] [ 93%] Built target survive-cli
[1.889s] [ 95%] Built target survive-solver
[1.904s] [ 97%] Built target api_example
[1.908s] [35m[1mConsolidate compiler generated dependencies of target survive-buttons[0m
[1.926s] [100%] Built target survive-buttons
[1.969s] [ 41%] [34m[1mPerforming install step for 'libsurvive'[0m
[2.034s] [  4%] Built target CNGFX
[2.040s] [ 10%] Built target cnmatrix
[2.074s] [ 17%] Built target cnkalman
[2.077s] [ 19%] Built target mpfit
[2.121s] [ 57%] Built target survive
[2.159s] [ 60%] Built target driver_dummy
[2.162s] [ 62%] Built target driver_simulator
[2.165s] [ 64%] Built target driver_playback
[2.180s] [ 67%] Built target driver_vive
[2.204s] [ 69%] Built target disambiguator_statebased
[2.211s] [ 71%] Built target poser_dummy
[2.218s] [ 73%] Built target poser_kalman_only
[2.226s] [ 76%] Built target poser_mpfit
[2.245s] [ 79%] Built target poser_barycentric_svd
[2.258s] [ 81%] Built target driver_global_scene_solver
[2.258s] [ 84%] Built target driver_udp
[2.280s] [ 86%] Built target visualize_mpfit
[2.289s] [ 88%] Built target driver_usbmon
[2.326s] [ 90%] Built target api_example
[2.328s] [ 93%] Built target survive-cli
[2.329s] [ 95%] Built target sensors-readout
[2.335s] [ 97%] Built target survive-solver
[2.362s] [100%] Built target survive-buttons
[2.392s] [36mInstall the project...[0m
[2.405s] -- Install configuration: "Release"
[2.406s] -- Up-to-date: /home/tch/mpo_500_workspace/src/libsurvive_ros2/build/libsurvive_ros2/libsurvive-install/bin/survive-cli
[2.406s] -- Up-to-date: /home/tch/mpo_500_workspace/src/libsurvive_ros2/build/libsurvive_ros2/libsurvive-install/bin/api_example
[2.406s] -- Up-to-date: /home/tch/mpo_500_workspace/src/libsurvive_ros2/build/libsurvive_ros2/libsurvive-install/bin/sensors-readout
[2.406s] -- Up-to-date: /home/tch/mpo_500_workspace/src/libsurvive_ros2/build/libsurvive_ros2/libsurvive-install/bin/survive-solver
[2.406s] -- Up-to-date: /home/tch/mpo_500_workspace/src/libsurvive_ros2/build/libsurvive_ros2/libsurvive-install/bin/survive-buttons
[2.407s] -- Up-to-date: /home/tch/mpo_500_workspace/src/libsurvive_ros2/build/libsurvive_ros2/libsurvive-install/bin/survive-websocketd
[2.407s] -- Up-to-date: /home/tch/mpo_500_workspace/src/libsurvive_ros2/build/libsurvive_ros2/libsurvive-install/include/libsurvive
[2.407s] -- Up-to-date: /home/tch/mpo_500_workspace/src/libsurvive_ros2/build/libsurvive_ros2/libsurvive-install/include/libsurvive/survive_reproject_gen2.h
[2.407s] -- Up-to-date: /home/tch/mpo_500_workspace/src/libsurvive_ros2/build/libsurvive_ros2/libsurvive-install/include/libsurvive/poser.h
[2.408s] -- Up-to-date: /home/tch/mpo_500_workspace/src/libsurvive_ros2/build/libsurvive_ros2/libsurvive-install/include/libsurvive/survive_optimizer.h
[2.408s] -- Up-to-date: /home/tch/mpo_500_workspace/src/libsurvive_ros2/build/libsurvive_ros2/libsurvive-install/include/libsurvive/survive_types.h
[2.408s] -- Up-to-date: /home/tch/mpo_500_workspace/src/libsurvive_ros2/build/libsurvive_ros2/libsurvive-install/include/libsurvive/survive.h
[2.408s] -- Up-to-date: /home/tch/mpo_500_workspace/src/libsurvive_ros2/build/libsurvive_ros2/libsurvive-install/include/libsurvive/survive_reproject.h
[2.408s] -- Up-to-date: /home/tch/mpo_500_workspace/src/libsurvive_ros2/build/libsurvive_ros2/libsurvive-install/include/libsurvive/survive_hooks.h
[2.408s] -- Up-to-date: /home/tch/mpo_500_workspace/src/libsurvive_ros2/build/libsurvive_ros2/libsurvive-install/include/libsurvive/survive_api.h
[2.408s] -- Up-to-date: /home/tch/mpo_500_workspace/src/libsurvive_ros2/build/libsurvive_ros2/libsurvive-install/include/libsurvive/redist/CNFG3D.h
[2.409s] -- Up-to-date: /home/tch/mpo_500_workspace/src/libsurvive_ros2/build/libsurvive_ros2/libsurvive-install/include/libsurvive/redist/CNFGFunctions.h
[2.409s] -- Up-to-date: /home/tch/mpo_500_workspace/src/libsurvive_ros2/build/libsurvive_ros2/libsurvive-install/include/libsurvive/redist/CNFGRasterizer.h
[2.409s] -- Up-to-date: /home/tch/mpo_500_workspace/src/libsurvive_ros2/build/libsurvive_ros2/libsurvive-install/include/libsurvive/redist/crc32.h
[2.409s] -- Up-to-date: /home/tch/mpo_500_workspace/src/libsurvive_ros2/build/libsurvive_ros2/libsurvive-install/include/libsurvive/redist/dclapack.h
[2.409s] -- Up-to-date: /home/tch/mpo_500_workspace/src/libsurvive_ros2/build/libsurvive_ros2/libsurvive-install/include/libsurvive/redist/dclhelpers.h
[2.409s] -- Up-to-date: /home/tch/mpo_500_workspace/src/libsurvive_ros2/build/libsurvive_ros2/libsurvive-install/include/libsurvive/redist/dirent.windows.h
[2.410s] -- Up-to-date: /home/tch/mpo_500_workspace/src/libsurvive_ros2/build/libsurvive_ros2/libsurvive-install/include/libsurvive/redist/glutil.h
[2.410s] -- Up-to-date: /home/tch/mpo_500_workspace/src/libsurvive_ros2/build/libsurvive_ros2/libsurvive-install/include/libsurvive/redist/hidapi.h
[2.410s] -- Up-to-date: /home/tch/mpo_500_workspace/src/libsurvive_ros2/build/libsurvive_ros2/libsurvive-install/include/libsurvive/redist/jsmn.h
[2.410s] -- Up-to-date: /home/tch/mpo_500_workspace/src/libsurvive_ros2/build/libsurvive_ros2/libsurvive-install/include/libsurvive/redist/json_helpers.h
[2.410s] -- Up-to-date: /home/tch/mpo_500_workspace/src/libsurvive_ros2/build/libsurvive_ros2/libsurvive-install/include/libsurvive/redist/linmath.h
[2.410s] -- Up-to-date: /home/tch/mpo_500_workspace/src/libsurvive_ros2/build/libsurvive_ros2/libsurvive-install/include/libsurvive/redist/os_generic.h
[2.410s] -- Up-to-date: /home/tch/mpo_500_workspace/src/libsurvive_ros2/build/libsurvive_ros2/libsurvive-install/include/libsurvive/redist/os_generic.unix.h
[2.410s] -- Up-to-date: /home/tch/mpo_500_workspace/src/libsurvive_ros2/build/libsurvive_ros2/libsurvive-install/include/libsurvive/redist/os_generic.windows.h
[2.410s] -- Up-to-date: /home/tch/mpo_500_workspace/src/libsurvive_ros2/build/libsurvive_ros2/libsurvive-install/include/libsurvive/redist/puff.h
[2.411s] -- Up-to-date: /home/tch/mpo_500_workspace/src/libsurvive_ros2/build/libsurvive_ros2/libsurvive-install/include/libsurvive/redist/symbol_enumerator.h
[2.411s] -- Up-to-date: /home/tch/mpo_500_workspace/src/libsurvive_ros2/build/libsurvive_ros2/libsurvive-install/include/libsurvive/redist/variance.h
[2.411s] -- Up-to-date: /home/tch/mpo_500_workspace/src/libsurvive_ros2/build/libsurvive_ros2/libsurvive-install/lib/pkgconfig/survive.pc
[2.411s] -- Up-to-date: /home/tch/mpo_500_workspace/src/libsurvive_ros2/build/libsurvive_ros2/libsurvive-install/include/cnkalman
[2.411s] -- Up-to-date: /home/tch/mpo_500_workspace/src/libsurvive_ros2/build/libsurvive_ros2/libsurvive-install/include/cnkalman/generated_header.h
[2.411s] -- Up-to-date: /home/tch/mpo_500_workspace/src/libsurvive_ros2/build/libsurvive_ros2/libsurvive-install/include/cnkalman/ModelPlot.h
[2.411s] -- Up-to-date: /home/tch/mpo_500_workspace/src/libsurvive_ros2/build/libsurvive_ros2/libsurvive-install/include/cnkalman/kalman.h
[2.412s] -- Up-to-date: /home/tch/mpo_500_workspace/src/libsurvive_ros2/build/libsurvive_ros2/libsurvive-install/include/cnkalman/model.h
[2.412s] -- Up-to-date: /home/tch/mpo_500_workspace/src/libsurvive_ros2/build/libsurvive_ros2/libsurvive-install/include/cnkalman/numerical_diff.h
[2.412s] -- Up-to-date: /home/tch/mpo_500_workspace/src/libsurvive_ros2/build/libsurvive_ros2/libsurvive-install/lib/pkgconfig/cnkalman.pc
[2.412s] -- Up-to-date: /home/tch/mpo_500_workspace/src/libsurvive_ros2/build/libsurvive_ros2/libsurvive-install/include/cnmatrix
[2.412s] -- Up-to-date: /home/tch/mpo_500_workspace/src/libsurvive_ros2/build/libsurvive_ros2/libsurvive-install/include/cnmatrix/cn_matrix.h
[2.412s] -- Up-to-date: /home/tch/mpo_500_workspace/src/libsurvive_ros2/build/libsurvive_ros2/libsurvive-install/include/cnmatrix/cn_matrix.hpp
[2.412s] -- Up-to-date: /home/tch/mpo_500_workspace/src/libsurvive_ros2/build/libsurvive_ros2/libsurvive-install/include/cnmatrix/cn_matrix.eigen.h
[2.412s] -- Up-to-date: /home/tch/mpo_500_workspace/src/libsurvive_ros2/build/libsurvive_ros2/libsurvive-install/include/cnmatrix/cn_flt.h
[2.413s] -- Up-to-date: /home/tch/mpo_500_workspace/src/libsurvive_ros2/build/libsurvive_ros2/libsurvive-install/include/cnmatrix/cn_matrix.blas.h
[2.413s] -- Up-to-date: /home/tch/mpo_500_workspace/src/libsurvive_ros2/build/libsurvive_ros2/libsurvive-install/lib/pkgconfig/cnmatrix.pc
[2.413s] -- Up-to-date: /home/tch/mpo_500_workspace/src/libsurvive_ros2/build/libsurvive_ros2/libsurvive-install/lib/libcnmatrix.a
[2.413s] -- Up-to-date: /home/tch/mpo_500_workspace/src/libsurvive_ros2/build/libsurvive_ros2/libsurvive-install/lib/libcnkalman.a
[2.413s] -- Up-to-date: /home/tch/mpo_500_workspace/src/libsurvive_ros2/build/libsurvive_ros2/libsurvive-install/lib/libmpfit.a
[2.413s] -- Up-to-date: /home/tch/mpo_500_workspace/src/libsurvive_ros2/build/libsurvive_ros2/libsurvive-install/lib/libsurvive/plugins/driver_dummy.so
[2.413s] -- Up-to-date: /home/tch/mpo_500_workspace/src/libsurvive_ros2/build/libsurvive_ros2/libsurvive-install/lib/libsurvive/plugins/driver_vive.so
[2.413s] -- Up-to-date: /home/tch/mpo_500_workspace/src/libsurvive_ros2/build/libsurvive_ros2/libsurvive-install/lib/libsurvive/plugins/driver_simulator.so
[2.414s] -- Up-to-date: /home/tch/mpo_500_workspace/src/libsurvive_ros2/build/libsurvive_ros2/libsurvive-install/lib/libsurvive/plugins/driver_playback.so
[2.414s] -- Up-to-date: /home/tch/mpo_500_workspace/src/libsurvive_ros2/build/libsurvive_ros2/libsurvive-install/lib/libsurvive/plugins/disambiguator_statebased.so
[2.414s] -- Up-to-date: /home/tch/mpo_500_workspace/src/libsurvive_ros2/build/libsurvive_ros2/libsurvive-install/lib/libsurvive/plugins/poser_dummy.so
[2.414s] -- Up-to-date: /home/tch/mpo_500_workspace/src/libsurvive_ros2/build/libsurvive_ros2/libsurvive-install/lib/libsurvive/plugins/poser_mpfit.so
[2.414s] -- Up-to-date: /home/tch/mpo_500_workspace/src/libsurvive_ros2/build/libsurvive_ros2/libsurvive-install/lib/libsurvive/plugins/poser_kalman_only.so
[2.414s] -- Up-to-date: /home/tch/mpo_500_workspace/src/libsurvive_ros2/build/libsurvive_ros2/libsurvive-install/lib/libsurvive/plugins/poser_barycentric_svd.so
[2.415s] -- Up-to-date: /home/tch/mpo_500_workspace/src/libsurvive_ros2/build/libsurvive_ros2/libsurvive-install/lib/libsurvive/plugins/driver_global_scene_solver.so
[2.415s] -- Up-to-date: /home/tch/mpo_500_workspace/src/libsurvive_ros2/build/libsurvive_ros2/libsurvive-install/lib/libsurvive/plugins/driver_udp.so
[2.415s] -- Up-to-date: /home/tch/mpo_500_workspace/src/libsurvive_ros2/build/libsurvive_ros2/libsurvive-install/lib/libsurvive/plugins/driver_usbmon.so
[2.415s] -- Up-to-date: /home/tch/mpo_500_workspace/src/libsurvive_ros2/build/libsurvive_ros2/libsurvive-install/lib/libsurvive/plugins/driver_dummy.so
[2.415s] -- Up-to-date: /home/tch/mpo_500_workspace/src/libsurvive_ros2/build/libsurvive_ros2/libsurvive-install/lib/libsurvive/plugins/driver_vive.so
[2.415s] -- Up-to-date: /home/tch/mpo_500_workspace/src/libsurvive_ros2/build/libsurvive_ros2/libsurvive-install/lib/libsurvive/plugins/driver_simulator.so
[2.416s] -- Up-to-date: /home/tch/mpo_500_workspace/src/libsurvive_ros2/build/libsurvive_ros2/libsurvive-install/lib/libsurvive/plugins/driver_playback.so
[2.417s] -- Up-to-date: /home/tch/mpo_500_workspace/src/libsurvive_ros2/build/libsurvive_ros2/libsurvive-install/lib/libsurvive/plugins/disambiguator_statebased.so
[2.418s] -- Up-to-date: /home/tch/mpo_500_workspace/src/libsurvive_ros2/build/libsurvive_ros2/libsurvive-install/lib/libsurvive/plugins/poser_dummy.so
[2.418s] -- Up-to-date: /home/tch/mpo_500_workspace/src/libsurvive_ros2/build/libsurvive_ros2/libsurvive-install/lib/libsurvive/plugins/poser_mpfit.so
[2.419s] -- Up-to-date: /home/tch/mpo_500_workspace/src/libsurvive_ros2/build/libsurvive_ros2/libsurvive-install/lib/libsurvive/plugins/poser_kalman_only.so
[2.419s] -- Up-to-date: /home/tch/mpo_500_workspace/src/libsurvive_ros2/build/libsurvive_ros2/libsurvive-install/lib/libsurvive/plugins/poser_barycentric_svd.so
[2.419s] -- Up-to-date: /home/tch/mpo_500_workspace/src/libsurvive_ros2/build/libsurvive_ros2/libsurvive-install/lib/libsurvive/plugins/driver_global_scene_solver.so
[2.419s] -- Up-to-date: /home/tch/mpo_500_workspace/src/libsurvive_ros2/build/libsurvive_ros2/libsurvive-install/lib/libsurvive/plugins/driver_udp.so
[2.419s] -- Up-to-date: /home/tch/mpo_500_workspace/src/libsurvive_ros2/build/libsurvive_ros2/libsurvive-install/lib/libsurvive/plugins/driver_usbmon.so
[2.420s] -- Up-to-date: /home/tch/mpo_500_workspace/src/libsurvive_ros2/build/libsurvive_ros2/libsurvive-install/lib/libsurvive.so.0.3
[2.420s] -- Up-to-date: /home/tch/mpo_500_workspace/src/libsurvive_ros2/build/libsurvive_ros2/libsurvive-install/lib/libsurvive.so.0
[2.420s] -- Up-to-date: /home/tch/mpo_500_workspace/src/libsurvive_ros2/build/libsurvive_ros2/libsurvive-install/lib/libsurvive.so
[2.448s] [ 50%] [34m[1mCompleted 'libsurvive'[0m
[2.498s] [ 66%] Built target libsurvive
[2.536s] [ 75%] [32mBuilding CXX object CMakeFiles/libsurvive_ros2_component.dir/src/component.cpp.o[0m
[12.501s] [ 83%] [32m[1mLinking CXX shared library liblibsurvive_ros2_component.so[0m
[13.017s] [ 83%] Built target libsurvive_ros2_component
[13.057s] [ 91%] [32mBuilding CXX object CMakeFiles/libsurvive_ros2_node.dir/src/node.cpp.o[0m
[17.814s] [100%] [32m[1mLinking CXX executable libsurvive_ros2_node[0m
[18.132s] [100%] Built target libsurvive_ros2_node
[18.148s] Invoked command in '/home/tch/mpo_500_workspace/src/libsurvive_ros2/build/libsurvive_ros2' returned '0': CMAKE_PREFIX_PATH=${CMAKE_PREFIX_PATH}:/home/tch/mpo_500_workspace/install/odrive_motor_op:/home/tch/mpo_500_workspace/install/neo_nav2_py_costmap2D:/home/tch/mpo_500_workspace/src/odrive_motor_op/install/odrive_motor_op:/opt/ros/humble /usr/bin/cmake --build /home/tch/mpo_500_workspace/src/libsurvive_ros2/build/libsurvive_ros2 -- -j4 -l4
[18.207s] Invoking command in '/home/tch/mpo_500_workspace/src/libsurvive_ros2/build/libsurvive_ros2': CMAKE_PREFIX_PATH=${CMAKE_PREFIX_PATH}:/home/tch/mpo_500_workspace/install/odrive_motor_op:/home/tch/mpo_500_workspace/install/neo_nav2_py_costmap2D:/home/tch/mpo_500_workspace/src/odrive_motor_op/install/odrive_motor_op:/opt/ros/humble /usr/bin/cmake --install /home/tch/mpo_500_workspace/src/libsurvive_ros2/build/libsurvive_ros2
[18.218s] -- Install configuration: ""
[18.218s] -- Up-to-date: /home/tch/mpo_500_workspace/src/libsurvive_ros2/install/libsurvive_ros2/share/libsurvive_ros2/environment/library_path.sh
[18.218s] -- Up-to-date: /home/tch/mpo_500_workspace/src/libsurvive_ros2/install/libsurvive_ros2/share/libsurvive_ros2/environment/library_path.dsv
[18.219s] -- Up-to-date: /home/tch/mpo_500_workspace/src/libsurvive_ros2/install/libsurvive_ros2
[18.219s] -- Up-to-date: /home/tch/mpo_500_workspace/src/libsurvive_ros2/install/libsurvive_ros2/include
[18.219s] -- Up-to-date: /home/tch/mpo_500_workspace/src/libsurvive_ros2/install/libsurvive_ros2/include/cnkalman
[18.219s] -- Up-to-date: /home/tch/mpo_500_workspace/src/libsurvive_ros2/install/libsurvive_ros2/include/cnkalman/generated_header.h
[18.219s] -- Up-to-date: /home/tch/mpo_500_workspace/src/libsurvive_ros2/install/libsurvive_ros2/include/cnkalman/ModelPlot.h
[18.219s] -- Up-to-date: /home/tch/mpo_500_workspace/src/libsurvive_ros2/install/libsurvive_ros2/include/cnkalman/kalman.h
[18.220s] -- Up-to-date: /home/tch/mpo_500_workspace/src/libsurvive_ros2/install/libsurvive_ros2/include/cnkalman/model.h
[18.220s] -- Up-to-date: /home/tch/mpo_500_workspace/src/libsurvive_ros2/install/libsurvive_ros2/include/cnkalman/numerical_diff.h
[18.220s] -- Up-to-date: /home/tch/mpo_500_workspace/src/libsurvive_ros2/install/libsurvive_ros2/include/libsurvive
[18.220s] -- Up-to-date: /home/tch/mpo_500_workspace/src/libsurvive_ros2/install/libsurvive_ros2/include/libsurvive/redist
[18.220s] -- Up-to-date: /home/tch/mpo_500_workspace/src/libsurvive_ros2/install/libsurvive_ros2/include/libsurvive/redist/crc32.h
[18.221s] -- Up-to-date: /home/tch/mpo_500_workspace/src/libsurvive_ros2/install/libsurvive_ros2/include/libsurvive/redist/CNFG3D.h
[18.221s] -- Up-to-date: /home/tch/mpo_500_workspace/src/libsurvive_ros2/install/libsurvive_ros2/include/libsurvive/redist/json_helpers.h
[18.221s] -- Up-to-date: /home/tch/mpo_500_workspace/src/libsurvive_ros2/install/libsurvive_ros2/include/libsurvive/redist/glutil.h
[18.221s] -- Up-to-date: /home/tch/mpo_500_workspace/src/libsurvive_ros2/install/libsurvive_ros2/include/libsurvive/redist/variance.h
[18.221s] -- Up-to-date: /home/tch/mpo_500_workspace/src/libsurvive_ros2/install/libsurvive_ros2/include/libsurvive/redist/hidapi.h
[18.221s] -- Up-to-date: /home/tch/mpo_500_workspace/src/libsurvive_ros2/install/libsurvive_ros2/include/libsurvive/redist/os_generic.windows.h
[18.221s] -- Up-to-date: /home/tch/mpo_500_workspace/src/libsurvive_ros2/install/libsurvive_ros2/include/libsurvive/redist/CNFGFunctions.h
[18.221s] -- Up-to-date: /home/tch/mpo_500_workspace/src/libsurvive_ros2/install/libsurvive_ros2/include/libsurvive/redist/linmath.h
[18.222s] -- Up-to-date: /home/tch/mpo_500_workspace/src/libsurvive_ros2/install/libsurvive_ros2/include/libsurvive/redist/os_generic.unix.h
[18.222s] -- Up-to-date: /home/tch/mpo_500_workspace/src/libsurvive_ros2/install/libsurvive_ros2/include/libsurvive/redist/os_generic.h
[18.222s] -- Up-to-date: /home/tch/mpo_500_workspace/src/libsurvive_ros2/install/libsurvive_ros2/include/libsurvive/redist/jsmn.h
[18.222s] -- Up-to-date: /home/tch/mpo_500_workspace/src/libsurvive_ros2/install/libsurvive_ros2/include/libsurvive/redist/symbol_enumerator.h
[18.222s] -- Up-to-date: /home/tch/mpo_500_workspace/src/libsurvive_ros2/install/libsurvive_ros2/include/libsurvive/redist/dirent.windows.h
[18.222s] -- Up-to-date: /home/tch/mpo_500_workspace/src/libsurvive_ros2/install/libsurvive_ros2/include/libsurvive/redist/puff.h
[18.222s] -- Up-to-date: /home/tch/mpo_500_workspace/src/libsurvive_ros2/install/libsurvive_ros2/include/libsurvive/redist/dclapack.h
[18.222s] -- Up-to-date: /home/tch/mpo_500_workspace/src/libsurvive_ros2/install/libsurvive_ros2/include/libsurvive/redist/CNFGRasterizer.h
[18.223s] -- Up-to-date: /home/tch/mpo_500_workspace/src/libsurvive_ros2/install/libsurvive_ros2/include/libsurvive/redist/dclhelpers.h
[18.223s] -- Up-to-date: /home/tch/mpo_500_workspace/src/libsurvive_ros2/install/libsurvive_ros2/include/libsurvive/survive_reproject_gen2.h
[18.223s] -- Up-to-date: /home/tch/mpo_500_workspace/src/libsurvive_ros2/install/libsurvive_ros2/include/libsurvive/poser.h
[18.223s] -- Up-to-date: /home/tch/mpo_500_workspace/src/libsurvive_ros2/install/libsurvive_ros2/include/libsurvive/survive_optimizer.h
[18.223s] -- Up-to-date: /home/tch/mpo_500_workspace/src/libsurvive_ros2/install/libsurvive_ros2/include/libsurvive/survive_types.h
[18.223s] -- Up-to-date: /home/tch/mpo_500_workspace/src/libsurvive_ros2/install/libsurvive_ros2/include/libsurvive/survive.h
[18.223s] -- Up-to-date: /home/tch/mpo_500_workspace/src/libsurvive_ros2/install/libsurvive_ros2/include/libsurvive/survive_reproject.h
[18.223s] -- Up-to-date: /home/tch/mpo_500_workspace/src/libsurvive_ros2/install/libsurvive_ros2/include/libsurvive/survive_hooks.h
[18.224s] -- Up-to-date: /home/tch/mpo_500_workspace/src/libsurvive_ros2/install/libsurvive_ros2/include/libsurvive/survive_api.h
[18.224s] -- Up-to-date: /home/tch/mpo_500_workspace/src/libsurvive_ros2/install/libsurvive_ros2/include/cnmatrix
[18.224s] -- Up-to-date: /home/tch/mpo_500_workspace/src/libsurvive_ros2/install/libsurvive_ros2/include/cnmatrix/cn_matrix.h
[18.224s] -- Up-to-date: /home/tch/mpo_500_workspace/src/libsurvive_ros2/install/libsurvive_ros2/include/cnmatrix/cn_matrix.hpp
[18.224s] -- Up-to-date: /home/tch/mpo_500_workspace/src/libsurvive_ros2/install/libsurvive_ros2/include/cnmatrix/cn_matrix.eigen.h
[18.224s] -- Up-to-date: /home/tch/mpo_500_workspace/src/libsurvive_ros2/install/libsurvive_ros2/include/cnmatrix/cn_flt.h
[18.224s] -- Up-to-date: /home/tch/mpo_500_workspace/src/libsurvive_ros2/install/libsurvive_ros2/include/cnmatrix/cn_matrix.blas.h
[18.224s] -- Up-to-date: /home/tch/mpo_500_workspace/src/libsurvive_ros2/install/libsurvive_ros2/bin
[18.224s] -- Up-to-date: /home/tch/mpo_500_workspace/src/libsurvive_ros2/install/libsurvive_ros2/bin/sensors-readout
[18.225s] -- Up-to-date: /home/tch/mpo_500_workspace/src/libsurvive_ros2/install/libsurvive_ros2/bin/survive-cli
[18.225s] -- Up-to-date: /home/tch/mpo_500_workspace/src/libsurvive_ros2/install/libsurvive_ros2/bin/survive-buttons
[18.225s] -- Up-to-date: /home/tch/mpo_500_workspace/src/libsurvive_ros2/install/libsurvive_ros2/bin/survive-websocketd
[18.225s] -- Up-to-date: /home/tch/mpo_500_workspace/src/libsurvive_ros2/install/libsurvive_ros2/bin/api_example
[18.225s] -- Up-to-date: /home/tch/mpo_500_workspace/src/libsurvive_ros2/install/libsurvive_ros2/bin/survive-solver
[18.225s] -- Up-to-date: /home/tch/mpo_500_workspace/src/libsurvive_ros2/install/libsurvive_ros2/lib
[18.225s] -- Up-to-date: /home/tch/mpo_500_workspace/src/libsurvive_ros2/install/libsurvive_ros2/lib/libsurvive.so
[18.225s] -- Up-to-date: /home/tch/mpo_500_workspace/src/libsurvive_ros2/install/libsurvive_ros2/lib/pkgconfig
[18.225s] -- Up-to-date: /home/tch/mpo_500_workspace/src/libsurvive_ros2/install/libsurvive_ros2/lib/pkgconfig/cnkalman.pc
[18.225s] -- Up-to-date: /home/tch/mpo_500_workspace/src/libsurvive_ros2/install/libsurvive_ros2/lib/pkgconfig/cnmatrix.pc
[18.226s] -- Up-to-date: /home/tch/mpo_500_workspace/src/libsurvive_ros2/install/libsurvive_ros2/lib/pkgconfig/survive.pc
[18.226s] -- Up-to-date: /home/tch/mpo_500_workspace/src/libsurvive_ros2/install/libsurvive_ros2/lib/libmpfit.a
[18.226s] -- Up-to-date: /home/tch/mpo_500_workspace/src/libsurvive_ros2/install/libsurvive_ros2/lib/libsurvive
[18.226s] -- Up-to-date: /home/tch/mpo_500_workspace/src/libsurvive_ros2/install/libsurvive_ros2/lib/libsurvive/plugins
[18.226s] -- Up-to-date: /home/tch/mpo_500_workspace/src/libsurvive_ros2/install/libsurvive_ros2/lib/libsurvive/plugins/driver_playback.so
[18.226s] -- Up-to-date: /home/tch/mpo_500_workspace/src/libsurvive_ros2/install/libsurvive_ros2/lib/libsurvive/plugins/driver_udp.so
[18.226s] -- Up-to-date: /home/tch/mpo_500_workspace/src/libsurvive_ros2/install/libsurvive_ros2/lib/libsurvive/plugins/driver_global_scene_solver.so
[18.226s] -- Up-to-date: /home/tch/mpo_500_workspace/src/libsurvive_ros2/install/libsurvive_ros2/lib/libsurvive/plugins/driver_usbmon.so
[18.226s] -- Up-to-date: /home/tch/mpo_500_workspace/src/libsurvive_ros2/install/libsurvive_ros2/lib/libsurvive/plugins/poser_dummy.so
[18.226s] -- Up-to-date: /home/tch/mpo_500_workspace/src/libsurvive_ros2/install/libsurvive_ros2/lib/libsurvive/plugins/driver_vive.so
[18.227s] -- Up-to-date: /home/tch/mpo_500_workspace/src/libsurvive_ros2/install/libsurvive_ros2/lib/libsurvive/plugins/driver_simulator.so
[18.227s] -- Up-to-date: /home/tch/mpo_500_workspace/src/libsurvive_ros2/install/libsurvive_ros2/lib/libsurvive/plugins/driver_dummy.so
[18.227s] -- Up-to-date: /home/tch/mpo_500_workspace/src/libsurvive_ros2/install/libsurvive_ros2/lib/libsurvive/plugins/poser_mpfit.so
[18.227s] -- Up-to-date: /home/tch/mpo_500_workspace/src/libsurvive_ros2/install/libsurvive_ros2/lib/libsurvive/plugins/poser_kalman_only.so
[18.227s] -- Up-to-date: /home/tch/mpo_500_workspace/src/libsurvive_ros2/install/libsurvive_ros2/lib/libsurvive/plugins/poser_barycentric_svd.so
[18.227s] -- Up-to-date: /home/tch/mpo_500_workspace/src/libsurvive_ros2/install/libsurvive_ros2/lib/libsurvive/plugins/disambiguator_statebased.so
[18.227s] -- Up-to-date: /home/tch/mpo_500_workspace/src/libsurvive_ros2/install/libsurvive_ros2/lib/libcnkalman.a
[18.227s] -- Up-to-date: /home/tch/mpo_500_workspace/src/libsurvive_ros2/install/libsurvive_ros2/lib/libsurvive.so.0
[18.228s] -- Up-to-date: /home/tch/mpo_500_workspace/src/libsurvive_ros2/install/libsurvive_ros2/lib/libcnmatrix.a
[18.228s] -- Up-to-date: /home/tch/mpo_500_workspace/src/libsurvive_ros2/install/libsurvive_ros2/lib/libsurvive.so.0.3
[18.228s] -- Installing: /home/tch/mpo_500_workspace/src/libsurvive_ros2/install/libsurvive_ros2/lib/liblibsurvive_ros2_component.so
[18.228s] -- Set runtime path of "/home/tch/mpo_500_workspace/src/libsurvive_ros2/install/libsurvive_ros2/lib/liblibsurvive_ros2_component.so" to ""
[18.228s] -- Installing: /home/tch/mpo_500_workspace/src/libsurvive_ros2/install/libsurvive_ros2/lib/libsurvive_ros2/libsurvive_ros2_node
[18.228s] -- Set runtime path of "/home/tch/mpo_500_workspace/src/libsurvive_ros2/install/libsurvive_ros2/lib/libsurvive_ros2/libsurvive_ros2_node" to ""
[18.228s] -- Up-to-date: /home/tch/mpo_500_workspace/src/libsurvive_ros2/install/libsurvive_ros2/share/libsurvive_ros2/config
[18.228s] -- Up-to-date: /home/tch/mpo_500_workspace/src/libsurvive_ros2/install/libsurvive_ros2/share/libsurvive_ros2/config/config.json
[18.229s] -- Up-to-date: /home/tch/mpo_500_workspace/src/libsurvive_ros2/install/libsurvive_ros2/share/libsurvive_ros2/launch
[18.229s] -- Up-to-date: /home/tch/mpo_500_workspace/src/libsurvive_ros2/install/libsurvive_ros2/share/libsurvive_ros2/launch/libsurvive_ros2.launch.py
[18.229s] -- Up-to-date: /home/tch/mpo_500_workspace/src/libsurvive_ros2/install/libsurvive_ros2/share/ament_index/resource_index/package_run_dependencies/libsurvive_ros2
[18.229s] -- Up-to-date: /home/tch/mpo_500_workspace/src/libsurvive_ros2/install/libsurvive_ros2/share/ament_index/resource_index/parent_prefix_path/libsurvive_ros2
[18.229s] -- Up-to-date: /home/tch/mpo_500_workspace/src/libsurvive_ros2/install/libsurvive_ros2/share/libsurvive_ros2/environment/ament_prefix_path.sh
[18.229s] -- Up-to-date: /home/tch/mpo_500_workspace/src/libsurvive_ros2/install/libsurvive_ros2/share/libsurvive_ros2/environment/ament_prefix_path.dsv
[18.229s] -- Up-to-date: /home/tch/mpo_500_workspace/src/libsurvive_ros2/install/libsurvive_ros2/share/libsurvive_ros2/environment/path.sh
[18.230s] -- Up-to-date: /home/tch/mpo_500_workspace/src/libsurvive_ros2/install/libsurvive_ros2/share/libsurvive_ros2/environment/path.dsv
[18.230s] -- Up-to-date: /home/tch/mpo_500_workspace/src/libsurvive_ros2/install/libsurvive_ros2/share/libsurvive_ros2/local_setup.bash
[18.230s] -- Up-to-date: /home/tch/mpo_500_workspace/src/libsurvive_ros2/install/libsurvive_ros2/share/libsurvive_ros2/local_setup.sh
[18.230s] -- Up-to-date: /home/tch/mpo_500_workspace/src/libsurvive_ros2/install/libsurvive_ros2/share/libsurvive_ros2/local_setup.zsh
[18.230s] -- Up-to-date: /home/tch/mpo_500_workspace/src/libsurvive_ros2/install/libsurvive_ros2/share/libsurvive_ros2/local_setup.dsv
[18.230s] -- Installing: /home/tch/mpo_500_workspace/src/libsurvive_ros2/install/libsurvive_ros2/share/libsurvive_ros2/package.dsv
[18.230s] -- Up-to-date: /home/tch/mpo_500_workspace/src/libsurvive_ros2/install/libsurvive_ros2/share/ament_index/resource_index/packages/libsurvive_ros2
[18.230s] -- Up-to-date: /home/tch/mpo_500_workspace/src/libsurvive_ros2/install/libsurvive_ros2/share/ament_index/resource_index/rclcpp_components/libsurvive_ros2
[18.231s] -- Up-to-date: /home/tch/mpo_500_workspace/src/libsurvive_ros2/install/libsurvive_ros2/share/libsurvive_ros2/cmake/ament_cmake_export_include_directories-extras.cmake
[18.231s] -- Up-to-date: /home/tch/mpo_500_workspace/src/libsurvive_ros2/install/libsurvive_ros2/share/libsurvive_ros2/cmake/libsurvive_ros2Config.cmake
[18.231s] -- Up-to-date: /home/tch/mpo_500_workspace/src/libsurvive_ros2/install/libsurvive_ros2/share/libsurvive_ros2/cmake/libsurvive_ros2Config-version.cmake
[18.231s] -- Up-to-date: /home/tch/mpo_500_workspace/src/libsurvive_ros2/install/libsurvive_ros2/share/libsurvive_ros2/package.xml
[18.234s] Invoked command in '/home/tch/mpo_500_workspace/src/libsurvive_ros2/build/libsurvive_ros2' returned '0': CMAKE_PREFIX_PATH=${CMAKE_PREFIX_PATH}:/home/tch/mpo_500_workspace/install/odrive_motor_op:/home/tch/mpo_500_workspace/install/neo_nav2_py_costmap2D:/home/tch/mpo_500_workspace/src/odrive_motor_op/install/odrive_motor_op:/opt/ros/humble /usr/bin/cmake --install /home/tch/mpo_500_workspace/src/libsurvive_ros2/build/libsurvive_ros2
