[0.296s] Invoking command in '/home/tch/mpo_500_workspace/src/libsurvive_ros2/build/libsurvive_ros2': CMAKE_PREFIX_PATH=${CMAKE_PREFIX_PATH}:/home/tch/mpo_500_workspace/install/odrive_motor_op:/home/tch/mpo_500_workspace/install/neo_nav2_py_costmap2D:/home/tch/mpo_500_workspace/src/odrive_motor_op/install/odrive_motor_op:/opt/ros/humble /usr/bin/cmake --build /home/tch/mpo_500_workspace/src/libsurvive_ros2/build/libsurvive_ros2 -- -j4 -l4
[0.373s] [  8%] [34m[1mPerforming update step for 'libsurvive'[0m
[0.921s] HEAD is now at 9e3c6bc Merge pull request #291 from caiom/fix_windows_dongle
[1.011s] [ 16%] [34m[1mNo patch step for 'libsurvive'[0m
[1.048s] [ 25%] [34m[1mPerforming configure step for 'libsurvive'[0m
[1.068s] [0m-- Option: DO_CORE_BUILD: OFF[0m
[1.069s] [0m-- Option: BUILD_STATIC: OFF[0m
[1.069s] [0m-- Option: USE_SINGLE_PRECISION: OFF[0m
[1.069s] [0m-- Option: ENABLE_WARNINGS_AS_ERRORS: OFF[0m
[1.069s] [0m-- Option: USE_HIDAPI: OFF[0m
[1.069s] [0m-- Option: USE_ASAN: OFF[0m
[1.069s] [0m-- Option: USE_MSAN: OFF[0m
[1.069s] [0m-- Option: ENABLE_TESTS: OFF[0m
[1.069s] [0m-- Option: USE_HEX_FLOAT_PRINTF: OFF[0m
[1.070s] [0m-- Option: USE_OPENCV: OFF[0m
[1.070s] [0m-- Option: USE_COLUMN_MAJOR_MATRICES: OFF[0m
[1.070s] [0m-- Option: USE_CPU_TUNE: OFF[0m
[1.070s] [0m-- Option: USE_OPENBLAS: [0m
[1.070s] [0m-- Option: BUILD_LH1_SUPPORT: ON[0m
[1.072s] [0m-- Option: BUILD_GATT_SUPPORT: [0m
[1.073s] [0m-- Option: BUILD_APPLICATIONS: ON[0m
[1.115s] [33mCMake Warning at libs/cnkalman/CMakeLists.txt:23 (find_package):
[1.115s]   By not providing "Findsciplot.cmake" in CMAKE_MODULE_PATH this project has
[1.115s]   asked CMake to find a package configuration file provided by "sciplot", but
[1.115s]   CMake did not find one.
[1.115s] 
[1.115s]   Could not find a package configuration file provided by "sciplot" with any
[1.115s]   of the following names:
[1.116s] 
[1.116s]     sciplotConfig.cmake
[1.116s]     sciplot-config.cmake
[1.116s] 
[1.116s]   Add the installation prefix of "sciplot" to CMAKE_PREFIX_PATH or set
[1.116s]   "sciplot_DIR" to a directory containing one of the above files.  If
[1.116s]   "sciplot" provides a separate development package or SDK, be sure it has
[1.116s]   been installed.
[1.116s] 
[1.117s] [0m
[1.117s] [0mCan't use sciplot...[0m
[1.121s] [0m-- CNMatrix option: DOWNLOAD_EIGEN: ON[0m
[1.121s] [0m-- CNMatrix option: USE_EIGEN: ON[0m
[1.121s] [0m-- CNMatrix option: USE_COLUMN_MAJOR_MATRICES: OFF[0m
[1.121s] [0m-- CNMatrix option: USE_SINGLE_PRECISION: OFF[0m
[1.123s] [0mFound system eigen[0m
[1.123s] [0m-- CNMatrix option: USE_OPENBLAS: OFF[0m
[1.126s] [0mFound cblas at /usr/lib/x86_64-linux-gnu/libcblas.so[0m
[1.126s] [0mFound openblas at /usr/lib/x86_64-linux-gnu/libopenblas.so[0m
[1.126s] [0mFound lapacke at /usr/lib/x86_64-linux-gnu/liblapacke.so[0m
[1.126s] [0mSearching for 'cblas.h'; found at /usr/include/x86_64-linux-gnu/cblas.h[0m
[1.126s] [0mUsing eigen backend[0m
[1.277s] [0mFound cblas at /usr/lib/x86_64-linux-gnu/libcblas.so[0m
[1.277s] [0mFound openblas at /usr/lib/x86_64-linux-gnu/libopenblas.so[0m
[1.277s] [0mFound lapacke at /usr/lib/x86_64-linux-gnu/liblapacke.so[0m
[1.277s] [0mSearching for 'cblas.h'; found at /usr/include/x86_64-linux-gnu/cblas.h[0m
[1.277s] [0mUsing eigen backend[0m
[1.278s] [0mUsing provided /home/tch/mpo_500_workspace/src/libsurvive_ros2/build/libsurvive_ros2/libsurvive-prefix/src/libsurvive/src/./generated/common_math.gen.h[0m
[1.278s] [0mUsing provided /home/tch/mpo_500_workspace/src/libsurvive_ros2/build/libsurvive_ros2/libsurvive-prefix/src/libsurvive/src/./generated/kalman_kinematics.gen.h[0m
[1.278s] [0mUsing provided /home/tch/mpo_500_workspace/src/libsurvive_ros2/build/libsurvive_ros2/libsurvive-prefix/src/libsurvive/src/./generated/lighthouse_model.gen.h[0m
[1.278s] [0mUsing provided /home/tch/mpo_500_workspace/src/libsurvive_ros2/build/libsurvive_ros2/libsurvive-prefix/src/libsurvive/src/./generated/imu_model.gen.h[0m
[1.294s] [0mUsing versioned libusb dir[0m
[1.294s] [0m-- Option: ENABLE_driver_dummy: ON[0m
[1.294s] [0m-- Option: ENABLE_driver_vive: ON[0m
[1.295s] [0m-- Option: ENABLE_driver_simulator: ON[0m
[1.295s] [0m-- Option: ENABLE_driver_playback: ON[0m
[1.295s] [0m-- Option: ENABLE_disambiguator_statebased: ON[0m
[1.295s] [0m-- Option: ENABLE_poser_dummy: ON[0m
[1.295s] [0m-- Option: ENABLE_poser_mpfit: ON[0m
[1.296s] [0m-- Option: ENABLE_poser_kalman_only: ON[0m
[1.296s] [0m-- Option: ENABLE_poser_barycentric_svd: ON[0m
[1.296s] [0m-- Option: ENABLE_driver_global_scene_solver: ON[0m
[1.296s] [0m-- Option: ENABLE_driver_udp: ON[0m
[1.297s] [0m-- Option: ENABLE_driver_usbmon: ON[0m
[1.317s] [0m-- Option: ENABLE_survive-cli: ON[0m
[1.317s] [0m-- Option: ENABLE_api_example: ON[0m
[1.317s] [0m-- Option: ENABLE_sensors-readout: ON[0m
[1.317s] [0m-- Option: ENABLE_survive-solver: ON[0m
[1.317s] [0m-- Option: ENABLE_survive-buttons: ON[0m
[1.321s] -- Configuring done
[1.403s] -- Generating done
[1.415s] -- Build files have been written to: /home/tch/mpo_500_workspace/src/libsurvive_ros2/build/libsurvive_ros2/libsurvive-prefix/src/libsurvive-build
[1.445s] [ 33%] [34m[1mPerforming build step for 'libsurvive'[0m
[1.501s] [35m[1mConsolidate compiler generated dependencies of target CNGFX[0m
[1.506s] [35m[1mConsolidate compiler generated dependencies of target cnmatrix[0m
[1.522s] [  4%] Built target CNGFX
[1.537s] [ 10%] Built target cnmatrix
[1.554s] [35m[1mConsolidate compiler generated dependencies of target cnkalman[0m
[1.555s] [35m[1mConsolidate compiler generated dependencies of target mpfit[0m
[1.577s] [ 12%] Built target mpfit
[1.597s] [ 19%] Built target cnkalman
[1.618s] [35m[1mConsolidate compiler generated dependencies of target survive[0m
[1.660s] [ 57%] Built target survive
[1.680s] [35m[1mConsolidate compiler generated dependencies of target driver_dummy[0m
[1.682s] [35m[1mConsolidate compiler generated dependencies of target driver_vive[0m
[1.688s] [35m[1mConsolidate compiler generated dependencies of target driver_simulator[0m
[1.700s] [35m[1mConsolidate compiler generated dependencies of target driver_playback[0m
[1.707s] [ 60%] Built target driver_vive
[1.713s] [ 62%] Built target driver_dummy
[1.726s] [ 64%] Built target driver_simulator
[1.726s] [35m[1mConsolidate compiler generated dependencies of target disambiguator_statebased[0m
[1.727s] [ 67%] Built target driver_playback
[1.742s] [35m[1mConsolidate compiler generated dependencies of target poser_dummy[0m
[1.753s] [ 69%] Built target disambiguator_statebased
[1.757s] [35m[1mConsolidate compiler generated dependencies of target poser_mpfit[0m
[1.763s] [35m[1mConsolidate compiler generated dependencies of target poser_kalman_only[0m
[1.773s] [ 71%] Built target poser_dummy
[1.780s] [35m[1mConsolidate compiler generated dependencies of target poser_barycentric_svd[0m
[1.783s] [ 73%] Built target poser_kalman_only
[1.787s] [ 76%] Built target poser_mpfit
[1.805s] [35m[1mConsolidate compiler generated dependencies of target driver_udp[0m
[1.806s] [35m[1mConsolidate compiler generated dependencies of target visualize_mpfit[0m
[1.810s] [35m[1mConsolidate compiler generated dependencies of target driver_global_scene_solver[0m
[1.812s] [ 79%] Built target poser_barycentric_svd
[1.831s] [35m[1mConsolidate compiler generated dependencies of target driver_usbmon[0m
[1.832s] [ 81%] Built target visualize_mpfit
[1.845s] [ 84%] Built target driver_udp
[1.847s] [ 86%] Built target driver_global_scene_solver
[1.854s] [ 88%] Built target driver_usbmon
[1.870s] [35m[1mConsolidate compiler generated dependencies of target survive-cli[0m
[1.871s] [35m[1mConsolidate compiler generated dependencies of target survive-solver[0m
[1.871s] [35m[1mConsolidate compiler generated dependencies of target api_example[0m
[1.872s] [35m[1mConsolidate compiler generated dependencies of target sensors-readout[0m
[1.893s] [ 90%] Built target survive-solver
[1.895s] [ 93%] Built target api_example
[1.907s] [ 95%] Built target survive-cli
[1.909s] [ 97%] Built target sensors-readout
[1.924s] [35m[1mConsolidate compiler generated dependencies of target survive-buttons[0m
[1.941s] [100%] Built target survive-buttons
[1.982s] [ 41%] [34m[1mPerforming install step for 'libsurvive'[0m
[2.052s] [  4%] Built target CNGFX
[2.060s] [ 10%] Built target cnmatrix
[2.093s] [ 12%] Built target mpfit
[2.098s] [ 19%] Built target cnkalman
[2.144s] [ 57%] Built target survive
[2.182s] [ 60%] Built target driver_simulator
[2.185s] [ 62%] Built target driver_vive
[2.189s] [ 64%] Built target driver_dummy
[2.191s] [ 67%] Built target driver_playback
[2.228s] [ 69%] Built target disambiguator_statebased
[2.240s] [ 71%] Built target poser_kalman_only
[2.241s] [ 73%] Built target poser_dummy
[2.245s] [ 76%] Built target poser_mpfit
[2.268s] [ 79%] Built target poser_barycentric_svd
[2.285s] [ 82%] Built target driver_global_scene_solver
[2.288s] [ 84%] Built target driver_udp
[2.297s] [ 86%] Built target visualize_mpfit
[2.305s] [ 88%] Built target driver_usbmon
[2.341s] [ 90%] Built target survive-cli
[2.344s] [ 93%] Built target sensors-readout
[2.346s] [ 96%] Built target survive-solver
[2.348s] [ 97%] Built target api_example
[2.377s] [100%] Built target survive-buttons
[2.407s] [36mInstall the project...[0m
[2.420s] -- Install configuration: "Release"
[2.420s] -- Up-to-date: /home/tch/mpo_500_workspace/src/libsurvive_ros2/build/libsurvive_ros2/libsurvive-install/bin/survive-cli
[2.420s] -- Up-to-date: /home/tch/mpo_500_workspace/src/libsurvive_ros2/build/libsurvive_ros2/libsurvive-install/bin/api_example
[2.421s] -- Up-to-date: /home/tch/mpo_500_workspace/src/libsurvive_ros2/build/libsurvive_ros2/libsurvive-install/bin/sensors-readout
[2.421s] -- Up-to-date: /home/tch/mpo_500_workspace/src/libsurvive_ros2/build/libsurvive_ros2/libsurvive-install/bin/survive-solver
[2.422s] -- Up-to-date: /home/tch/mpo_500_workspace/src/libsurvive_ros2/build/libsurvive_ros2/libsurvive-install/bin/survive-buttons
[2.422s] -- Up-to-date: /home/tch/mpo_500_workspace/src/libsurvive_ros2/build/libsurvive_ros2/libsurvive-install/bin/survive-websocketd
[2.422s] -- Up-to-date: /home/tch/mpo_500_workspace/src/libsurvive_ros2/build/libsurvive_ros2/libsurvive-install/include/libsurvive
[2.422s] -- Up-to-date: /home/tch/mpo_500_workspace/src/libsurvive_ros2/build/libsurvive_ros2/libsurvive-install/include/libsurvive/survive_reproject_gen2.h
[2.422s] -- Up-to-date: /home/tch/mpo_500_workspace/src/libsurvive_ros2/build/libsurvive_ros2/libsurvive-install/include/libsurvive/poser.h
[2.422s] -- Up-to-date: /home/tch/mpo_500_workspace/src/libsurvive_ros2/build/libsurvive_ros2/libsurvive-install/include/libsurvive/survive_optimizer.h
[2.423s] -- Up-to-date: /home/tch/mpo_500_workspace/src/libsurvive_ros2/build/libsurvive_ros2/libsurvive-install/include/libsurvive/survive_types.h
[2.423s] -- Up-to-date: /home/tch/mpo_500_workspace/src/libsurvive_ros2/build/libsurvive_ros2/libsurvive-install/include/libsurvive/survive.h
[2.423s] -- Up-to-date: /home/tch/mpo_500_workspace/src/libsurvive_ros2/build/libsurvive_ros2/libsurvive-install/include/libsurvive/survive_reproject.h
[2.423s] -- Up-to-date: /home/tch/mpo_500_workspace/src/libsurvive_ros2/build/libsurvive_ros2/libsurvive-install/include/libsurvive/survive_hooks.h
[2.424s] -- Up-to-date: /home/tch/mpo_500_workspace/src/libsurvive_ros2/build/libsurvive_ros2/libsurvive-install/include/libsurvive/survive_api.h
[2.424s] -- Up-to-date: /home/tch/mpo_500_workspace/src/libsurvive_ros2/build/libsurvive_ros2/libsurvive-install/include/libsurvive/redist/CNFG3D.h
[2.424s] -- Up-to-date: /home/tch/mpo_500_workspace/src/libsurvive_ros2/build/libsurvive_ros2/libsurvive-install/include/libsurvive/redist/CNFGFunctions.h
[2.424s] -- Up-to-date: /home/tch/mpo_500_workspace/src/libsurvive_ros2/build/libsurvive_ros2/libsurvive-install/include/libsurvive/redist/CNFGRasterizer.h
[2.424s] -- Up-to-date: /home/tch/mpo_500_workspace/src/libsurvive_ros2/build/libsurvive_ros2/libsurvive-install/include/libsurvive/redist/crc32.h
[2.424s] -- Up-to-date: /home/tch/mpo_500_workspace/src/libsurvive_ros2/build/libsurvive_ros2/libsurvive-install/include/libsurvive/redist/dclapack.h
[2.424s] -- Up-to-date: /home/tch/mpo_500_workspace/src/libsurvive_ros2/build/libsurvive_ros2/libsurvive-install/include/libsurvive/redist/dclhelpers.h
[2.425s] -- Up-to-date: /home/tch/mpo_500_workspace/src/libsurvive_ros2/build/libsurvive_ros2/libsurvive-install/include/libsurvive/redist/dirent.windows.h
[2.425s] -- Up-to-date: /home/tch/mpo_500_workspace/src/libsurvive_ros2/build/libsurvive_ros2/libsurvive-install/include/libsurvive/redist/glutil.h
[2.426s] -- Up-to-date: /home/tch/mpo_500_workspace/src/libsurvive_ros2/build/libsurvive_ros2/libsurvive-install/include/libsurvive/redist/hidapi.h
[2.426s] -- Up-to-date: /home/tch/mpo_500_workspace/src/libsurvive_ros2/build/libsurvive_ros2/libsurvive-install/include/libsurvive/redist/jsmn.h
[2.426s] -- Up-to-date: /home/tch/mpo_500_workspace/src/libsurvive_ros2/build/libsurvive_ros2/libsurvive-install/include/libsurvive/redist/json_helpers.h
[2.426s] -- Up-to-date: /home/tch/mpo_500_workspace/src/libsurvive_ros2/build/libsurvive_ros2/libsurvive-install/include/libsurvive/redist/linmath.h
[2.426s] -- Up-to-date: /home/tch/mpo_500_workspace/src/libsurvive_ros2/build/libsurvive_ros2/libsurvive-install/include/libsurvive/redist/os_generic.h
[2.426s] -- Up-to-date: /home/tch/mpo_500_workspace/src/libsurvive_ros2/build/libsurvive_ros2/libsurvive-install/include/libsurvive/redist/os_generic.unix.h
[2.427s] -- Up-to-date: /home/tch/mpo_500_workspace/src/libsurvive_ros2/build/libsurvive_ros2/libsurvive-install/include/libsurvive/redist/os_generic.windows.h
[2.427s] -- Up-to-date: /home/tch/mpo_500_workspace/src/libsurvive_ros2/build/libsurvive_ros2/libsurvive-install/include/libsurvive/redist/puff.h
[2.427s] -- Up-to-date: /home/tch/mpo_500_workspace/src/libsurvive_ros2/build/libsurvive_ros2/libsurvive-install/include/libsurvive/redist/symbol_enumerator.h
[2.428s] -- Up-to-date: /home/tch/mpo_500_workspace/src/libsurvive_ros2/build/libsurvive_ros2/libsurvive-install/include/libsurvive/redist/variance.h
[2.428s] -- Up-to-date: /home/tch/mpo_500_workspace/src/libsurvive_ros2/build/libsurvive_ros2/libsurvive-install/lib/pkgconfig/survive.pc
[2.428s] -- Up-to-date: /home/tch/mpo_500_workspace/src/libsurvive_ros2/build/libsurvive_ros2/libsurvive-install/include/cnkalman
[2.428s] -- Up-to-date: /home/tch/mpo_500_workspace/src/libsurvive_ros2/build/libsurvive_ros2/libsurvive-install/include/cnkalman/generated_header.h
[2.428s] -- Up-to-date: /home/tch/mpo_500_workspace/src/libsurvive_ros2/build/libsurvive_ros2/libsurvive-install/include/cnkalman/ModelPlot.h
[2.429s] -- Up-to-date: /home/tch/mpo_500_workspace/src/libsurvive_ros2/build/libsurvive_ros2/libsurvive-install/include/cnkalman/kalman.h
[2.429s] -- Up-to-date: /home/tch/mpo_500_workspace/src/libsurvive_ros2/build/libsurvive_ros2/libsurvive-install/include/cnkalman/model.h
[2.429s] -- Up-to-date: /home/tch/mpo_500_workspace/src/libsurvive_ros2/build/libsurvive_ros2/libsurvive-install/include/cnkalman/numerical_diff.h
[2.429s] -- Up-to-date: /home/tch/mpo_500_workspace/src/libsurvive_ros2/build/libsurvive_ros2/libsurvive-install/lib/pkgconfig/cnkalman.pc
[2.429s] -- Up-to-date: /home/tch/mpo_500_workspace/src/libsurvive_ros2/build/libsurvive_ros2/libsurvive-install/include/cnmatrix
[2.429s] -- Up-to-date: /home/tch/mpo_500_workspace/src/libsurvive_ros2/build/libsurvive_ros2/libsurvive-install/include/cnmatrix/cn_matrix.h
[2.429s] -- Up-to-date: /home/tch/mpo_500_workspace/src/libsurvive_ros2/build/libsurvive_ros2/libsurvive-install/include/cnmatrix/cn_matrix.hpp
[2.429s] -- Up-to-date: /home/tch/mpo_500_workspace/src/libsurvive_ros2/build/libsurvive_ros2/libsurvive-install/include/cnmatrix/cn_matrix.eigen.h
[2.429s] -- Up-to-date: /home/tch/mpo_500_workspace/src/libsurvive_ros2/build/libsurvive_ros2/libsurvive-install/include/cnmatrix/cn_flt.h
[2.430s] -- Up-to-date: /home/tch/mpo_500_workspace/src/libsurvive_ros2/build/libsurvive_ros2/libsurvive-install/include/cnmatrix/cn_matrix.blas.h
[2.430s] -- Up-to-date: /home/tch/mpo_500_workspace/src/libsurvive_ros2/build/libsurvive_ros2/libsurvive-install/lib/pkgconfig/cnmatrix.pc
[2.430s] -- Up-to-date: /home/tch/mpo_500_workspace/src/libsurvive_ros2/build/libsurvive_ros2/libsurvive-install/lib/libcnmatrix.a
[2.430s] -- Up-to-date: /home/tch/mpo_500_workspace/src/libsurvive_ros2/build/libsurvive_ros2/libsurvive-install/lib/libcnkalman.a
[2.430s] -- Up-to-date: /home/tch/mpo_500_workspace/src/libsurvive_ros2/build/libsurvive_ros2/libsurvive-install/lib/libmpfit.a
[2.430s] -- Up-to-date: /home/tch/mpo_500_workspace/src/libsurvive_ros2/build/libsurvive_ros2/libsurvive-install/lib/libsurvive/plugins/driver_dummy.so
[2.430s] -- Up-to-date: /home/tch/mpo_500_workspace/src/libsurvive_ros2/build/libsurvive_ros2/libsurvive-install/lib/libsurvive/plugins/driver_vive.so
[2.430s] -- Up-to-date: /home/tch/mpo_500_workspace/src/libsurvive_ros2/build/libsurvive_ros2/libsurvive-install/lib/libsurvive/plugins/driver_simulator.so
[2.431s] -- Up-to-date: /home/tch/mpo_500_workspace/src/libsurvive_ros2/build/libsurvive_ros2/libsurvive-install/lib/libsurvive/plugins/driver_playback.so
[2.431s] -- Up-to-date: /home/tch/mpo_500_workspace/src/libsurvive_ros2/build/libsurvive_ros2/libsurvive-install/lib/libsurvive/plugins/disambiguator_statebased.so
[2.431s] -- Up-to-date: /home/tch/mpo_500_workspace/src/libsurvive_ros2/build/libsurvive_ros2/libsurvive-install/lib/libsurvive/plugins/poser_dummy.so
[2.431s] -- Up-to-date: /home/tch/mpo_500_workspace/src/libsurvive_ros2/build/libsurvive_ros2/libsurvive-install/lib/libsurvive/plugins/poser_mpfit.so
[2.431s] -- Up-to-date: /home/tch/mpo_500_workspace/src/libsurvive_ros2/build/libsurvive_ros2/libsurvive-install/lib/libsurvive/plugins/poser_kalman_only.so
[2.431s] -- Up-to-date: /home/tch/mpo_500_workspace/src/libsurvive_ros2/build/libsurvive_ros2/libsurvive-install/lib/libsurvive/plugins/poser_barycentric_svd.so
[2.431s] -- Up-to-date: /home/tch/mpo_500_workspace/src/libsurvive_ros2/build/libsurvive_ros2/libsurvive-install/lib/libsurvive/plugins/driver_global_scene_solver.so
[2.432s] -- Up-to-date: /home/tch/mpo_500_workspace/src/libsurvive_ros2/build/libsurvive_ros2/libsurvive-install/lib/libsurvive/plugins/driver_udp.so
[2.432s] -- Up-to-date: /home/tch/mpo_500_workspace/src/libsurvive_ros2/build/libsurvive_ros2/libsurvive-install/lib/libsurvive/plugins/driver_usbmon.so
[2.432s] -- Up-to-date: /home/tch/mpo_500_workspace/src/libsurvive_ros2/build/libsurvive_ros2/libsurvive-install/lib/libsurvive/plugins/driver_dummy.so
[2.432s] -- Up-to-date: /home/tch/mpo_500_workspace/src/libsurvive_ros2/build/libsurvive_ros2/libsurvive-install/lib/libsurvive/plugins/driver_vive.so
[2.432s] -- Up-to-date: /home/tch/mpo_500_workspace/src/libsurvive_ros2/build/libsurvive_ros2/libsurvive-install/lib/libsurvive/plugins/driver_simulator.so
[2.432s] -- Up-to-date: /home/tch/mpo_500_workspace/src/libsurvive_ros2/build/libsurvive_ros2/libsurvive-install/lib/libsurvive/plugins/driver_playback.so
[2.432s] -- Up-to-date: /home/tch/mpo_500_workspace/src/libsurvive_ros2/build/libsurvive_ros2/libsurvive-install/lib/libsurvive/plugins/disambiguator_statebased.so
[2.433s] -- Up-to-date: /home/tch/mpo_500_workspace/src/libsurvive_ros2/build/libsurvive_ros2/libsurvive-install/lib/libsurvive/plugins/poser_dummy.so
[2.433s] -- Up-to-date: /home/tch/mpo_500_workspace/src/libsurvive_ros2/build/libsurvive_ros2/libsurvive-install/lib/libsurvive/plugins/poser_mpfit.so
[2.433s] -- Up-to-date: /home/tch/mpo_500_workspace/src/libsurvive_ros2/build/libsurvive_ros2/libsurvive-install/lib/libsurvive/plugins/poser_kalman_only.so
[2.434s] -- Up-to-date: /home/tch/mpo_500_workspace/src/libsurvive_ros2/build/libsurvive_ros2/libsurvive-install/lib/libsurvive/plugins/poser_barycentric_svd.so
[2.434s] -- Up-to-date: /home/tch/mpo_500_workspace/src/libsurvive_ros2/build/libsurvive_ros2/libsurvive-install/lib/libsurvive/plugins/driver_global_scene_solver.so
[2.435s] -- Up-to-date: /home/tch/mpo_500_workspace/src/libsurvive_ros2/build/libsurvive_ros2/libsurvive-install/lib/libsurvive/plugins/driver_udp.so
[2.435s] -- Up-to-date: /home/tch/mpo_500_workspace/src/libsurvive_ros2/build/libsurvive_ros2/libsurvive-install/lib/libsurvive/plugins/driver_usbmon.so
[2.436s] -- Up-to-date: /home/tch/mpo_500_workspace/src/libsurvive_ros2/build/libsurvive_ros2/libsurvive-install/lib/libsurvive.so.0.3
[2.436s] -- Up-to-date: /home/tch/mpo_500_workspace/src/libsurvive_ros2/build/libsurvive_ros2/libsurvive-install/lib/libsurvive.so.0
[2.436s] -- Up-to-date: /home/tch/mpo_500_workspace/src/libsurvive_ros2/build/libsurvive_ros2/libsurvive-install/lib/libsurvive.so
[2.465s] [ 50%] [34m[1mCompleted 'libsurvive'[0m
[2.516s] [ 66%] Built target libsurvive
[2.536s] [35m[1mConsolidate compiler generated dependencies of target libsurvive_ros2_component[0m
[2.564s] [ 75%] [32mBuilding CXX object CMakeFiles/libsurvive_ros2_component.dir/src/component.cpp.o[0m
[6.427s] [01m[K/home/tch/mpo_500_workspace/src/libsurvive_ros2/src/component.cpp:[m[K In function ‘[01m[Kvoid alignZAxisVertical(double*)[m[K’:
[6.427s] [01m[K/home/tch/mpo_500_workspace/src/libsurvive_ros2/src/component.cpp:76:10:[m[K [01;31m[Kerror: [m[K‘[01m[Ktf2::LinearMath[m[K’ has not been declared
[6.427s]    76 |     tf2::[01;31m[KLinearMath[m[K::Matrix3x3(originalQuaternion).getRPY(roll, pitch, yaw);
[6.427s]       |          [01;31m[K^~~~~~~~~~[m[K
[9.275s] gmake[2]: *** [CMakeFiles/libsurvive_ros2_component.dir/build.make:76: CMakeFiles/libsurvive_ros2_component.dir/src/component.cpp.o] Error 1
[9.275s] gmake[1]: *** [CMakeFiles/Makefile2:167: CMakeFiles/libsurvive_ros2_component.dir/all] Error 2
[9.275s] gmake: *** [Makefile:146: all] Error 2
[9.277s] Invoked command in '/home/tch/mpo_500_workspace/src/libsurvive_ros2/build/libsurvive_ros2' returned '2': CMAKE_PREFIX_PATH=${CMAKE_PREFIX_PATH}:/home/tch/mpo_500_workspace/install/odrive_motor_op:/home/tch/mpo_500_workspace/install/neo_nav2_py_costmap2D:/home/tch/mpo_500_workspace/src/odrive_motor_op/install/odrive_motor_op:/opt/ros/humble /usr/bin/cmake --build /home/tch/mpo_500_workspace/src/libsurvive_ros2/build/libsurvive_ros2 -- -j4 -l4
