[0.251s] Invoking command in '/home/tch/mpo_500_workspace/src/nav2_straightline_planner/build/nav2_straightline_planner': CMAKE_PREFIX_PATH=${CMAKE_PREFIX_PATH}:/opt/ros/humble /usr/bin/cmake /home/tch/mpo_500_workspace/src/nav2_straightline_planner -DCMAKE_INSTALL_PREFIX=/home/tch/mpo_500_workspace/src/nav2_straightline_planner/install/nav2_straightline_planner
[0.515s] -- The C compiler identification is GNU 11.4.0
[0.781s] -- The CXX compiler identification is GNU 11.4.0
[0.809s] -- Detecting C compiler ABI info
[0.986s] -- Detecting C compiler ABI info - done
[1.010s] -- Check for working C compiler: /usr/bin/cc - skipped
[1.012s] -- Detecting C compile features
[1.014s] -- Detecting C compile features - done
[1.026s] -- Detecting CXX compiler ABI info
[1.234s] -- Detecting CXX compiler ABI info - done
[1.255s] -- Check for working CXX compiler: /usr/bin/c++ - skipped
[1.256s] -- Detecting CXX compile features
[1.258s] -- Detecting CXX compile features - done
[1.282s] -- Found ament_cmake: 1.3.5 (/opt/ros/humble/share/ament_cmake/cmake)
[1.795s] -- Found Python3: /usr/bin/python3.10 (found version "3.10.12") found components: Interpreter 
[2.135s] -- Found rclcpp: 16.0.6 (/opt/ros/humble/share/rclcpp/cmake)
[2.306s] -- Found rosidl_generator_c: 3.1.5 (/opt/ros/humble/share/rosidl_generator_c/cmake)
[2.331s] -- Found rosidl_adapter: 3.1.5 (/opt/ros/humble/share/rosidl_adapter/cmake)
[2.371s] -- Found rosidl_generator_cpp: 3.1.5 (/opt/ros/humble/share/rosidl_generator_cpp/cmake)
[2.429s] -- Using all available rosidl_typesupport_c: rosidl_typesupport_fastrtps_c;rosidl_typesupport_introspection_c
[2.506s] -- Using all available rosidl_typesupport_cpp: rosidl_typesupport_fastrtps_cpp;rosidl_typesupport_introspection_cpp
[2.765s] -- Found rmw_implementation_cmake: 6.1.1 (/opt/ros/humble/share/rmw_implementation_cmake/cmake)
[2.781s] -- Found rmw_fastrtps_cpp: 6.2.4 (/opt/ros/humble/share/rmw_fastrtps_cpp/cmake)
[3.091s] -- Found OpenSSL: /usr/lib/x86_64-linux-gnu/libcrypto.so (found version "3.0.2")  
[3.159s] -- Found FastRTPS: /opt/ros/humble/include  
[3.270s] -- Using RMW implementation 'rmw_fastrtps_cpp' as default
[3.316s] -- Looking for pthread.h
[3.514s] -- Looking for pthread.h - found
[3.515s] -- Performing Test CMAKE_HAVE_LIBC_PTHREAD
[3.712s] -- Performing Test CMAKE_HAVE_LIBC_PTHREAD - Success
[3.714s] -- Found Threads: TRUE  
[4.224s] -- Found rclcpp_action: 16.0.6 (/opt/ros/humble/share/rclcpp_action/cmake)
[4.525s] -- Found rclcpp_lifecycle: 16.0.6 (/opt/ros/humble/share/rclcpp_lifecycle/cmake)
[4.669s] -- Found visualization_msgs: 4.2.3 (/opt/ros/humble/share/visualization_msgs/cmake)
[5.398s] -- Found nav2_util: 1.1.12 (/opt/ros/humble/share/nav2_util/cmake)
[6.981s] -- Found eigen3_cmake_module: 0.1.1 (/opt/ros/humble/share/eigen3_cmake_module/cmake)
[6.985s] -- Found Eigen3: TRUE (found version "3.4.0") 
[6.986s] -- Ensuring Eigen3 include directory is part of orocos-kdl CMake target
[7.546s] -- Found nav2_costmap_2d: 1.1.12 (/opt/ros/humble/share/nav2_costmap_2d/cmake)
[9.740s] -- Found nav2_core: 1.1.12 (/opt/ros/humble/share/nav2_core/cmake)
[22.584s] -- Found ament_lint_auto: 0.12.8 (/opt/ros/humble/share/ament_lint_auto/cmake)
[22.864s] -- Added test 'copyright' to check source files copyright and LICENSE
[22.882s] -- Added test 'cppcheck' to perform static code analysis on C / C++ code
[22.887s] -- Configured cppcheck include dirs: /home/tch/mpo_500_workspace/src/nav2_straightline_planner/include
[22.887s] -- Configured cppcheck exclude dirs and/or files: 
[22.905s] -- Added test 'cpplint' to check C / C++ code against the Google style
[22.905s] -- Configured cpplint exclude dirs and/or files: 
[22.907s] -- Added test 'flake8' to check Python code syntax and style conventions
[22.918s] -- Added test 'lint_cmake' to check CMake code style
[22.924s] -- Added test 'pep257' to check Python code against some of the docstring style conventions in PEP 257
[22.941s] -- Added test 'uncrustify' to check C / C++ code style
[22.942s] -- Configured uncrustify additional arguments: 
[22.950s] -- Added test 'xmllint' to check XML markup files
[22.962s] -- Configuring done
[23.107s] -- Generating done
[23.117s] -- Build files have been written to: /home/tch/mpo_500_workspace/src/nav2_straightline_planner/build/nav2_straightline_planner
[23.155s] Invoked command in '/home/tch/mpo_500_workspace/src/nav2_straightline_planner/build/nav2_straightline_planner' returned '0': CMAKE_PREFIX_PATH=${CMAKE_PREFIX_PATH}:/opt/ros/humble /usr/bin/cmake /home/tch/mpo_500_workspace/src/nav2_straightline_planner -DCMAKE_INSTALL_PREFIX=/home/tch/mpo_500_workspace/src/nav2_straightline_planner/install/nav2_straightline_planner
[23.161s] Invoking command in '/home/tch/mpo_500_workspace/src/nav2_straightline_planner/build/nav2_straightline_planner': CMAKE_PREFIX_PATH=${CMAKE_PREFIX_PATH}:/opt/ros/humble /usr/bin/cmake --build /home/tch/mpo_500_workspace/src/nav2_straightline_planner/build/nav2_straightline_planner -- -j4 -l4
[23.290s] [ 50%] [32mBuilding CXX object CMakeFiles/nav2_straightline_planner_plugin.dir/src/straight_line_planner.cpp.o[0m
[39.214s] [100%] [32m[1mLinking CXX shared library libnav2_straightline_planner_plugin.so[0m
[39.881s] [100%] Built target nav2_straightline_planner_plugin
[39.915s] Invoked command in '/home/tch/mpo_500_workspace/src/nav2_straightline_planner/build/nav2_straightline_planner' returned '0': CMAKE_PREFIX_PATH=${CMAKE_PREFIX_PATH}:/opt/ros/humble /usr/bin/cmake --build /home/tch/mpo_500_workspace/src/nav2_straightline_planner/build/nav2_straightline_planner -- -j4 -l4
[40.012s] Invoking command in '/home/tch/mpo_500_workspace/src/nav2_straightline_planner/build/nav2_straightline_planner': CMAKE_PREFIX_PATH=${CMAKE_PREFIX_PATH}:/opt/ros/humble /usr/bin/cmake --install /home/tch/mpo_500_workspace/src/nav2_straightline_planner/build/nav2_straightline_planner
[40.031s] -- Install configuration: ""
[40.031s] -- Up-to-date: /home/tch/mpo_500_workspace/src/nav2_straightline_planner/install/nav2_straightline_planner/share/nav2_straightline_planner/global_planner_plugin.xml
[40.032s] -- Installing: /home/tch/mpo_500_workspace/src/nav2_straightline_planner/install/nav2_straightline_planner/lib/libnav2_straightline_planner_plugin.so
[40.034s] -- Set runtime path of "/home/tch/mpo_500_workspace/src/nav2_straightline_planner/install/nav2_straightline_planner/lib/libnav2_straightline_planner_plugin.so" to ""
[40.034s] -- Up-to-date: /home/tch/mpo_500_workspace/src/nav2_straightline_planner/install/nav2_straightline_planner/include/
[40.034s] -- Up-to-date: /home/tch/mpo_500_workspace/src/nav2_straightline_planner/install/nav2_straightline_planner/include//nav2_straightline_planner
[40.035s] -- Up-to-date: /home/tch/mpo_500_workspace/src/nav2_straightline_planner/install/nav2_straightline_planner/include//nav2_straightline_planner/straight_line_planner.hpp
[40.035s] -- Up-to-date: /home/tch/mpo_500_workspace/src/nav2_straightline_planner/install/nav2_straightline_planner/share/nav2_straightline_planner/global_planner_plugin.xml
[40.036s] -- Installing: /home/tch/mpo_500_workspace/src/nav2_straightline_planner/install/nav2_straightline_planner/share/nav2_straightline_planner/environment/library_path.sh
[40.038s] -- Installing: /home/tch/mpo_500_workspace/src/nav2_straightline_planner/install/nav2_straightline_planner/share/nav2_straightline_planner/environment/library_path.dsv
[40.039s] -- Installing: /home/tch/mpo_500_workspace/src/nav2_straightline_planner/install/nav2_straightline_planner/share/ament_index/resource_index/package_run_dependencies/nav2_straightline_planner
[40.040s] -- Installing: /home/tch/mpo_500_workspace/src/nav2_straightline_planner/install/nav2_straightline_planner/share/ament_index/resource_index/parent_prefix_path/nav2_straightline_planner
[40.041s] -- Up-to-date: /home/tch/mpo_500_workspace/src/nav2_straightline_planner/install/nav2_straightline_planner/share/nav2_straightline_planner/environment/ament_prefix_path.sh
[40.042s] -- Installing: /home/tch/mpo_500_workspace/src/nav2_straightline_planner/install/nav2_straightline_planner/share/nav2_straightline_planner/environment/ament_prefix_path.dsv
[40.042s] -- Up-to-date: /home/tch/mpo_500_workspace/src/nav2_straightline_planner/install/nav2_straightline_planner/share/nav2_straightline_planner/environment/path.sh
[40.042s] -- Installing: /home/tch/mpo_500_workspace/src/nav2_straightline_planner/install/nav2_straightline_planner/share/nav2_straightline_planner/environment/path.dsv
[40.042s] -- Installing: /home/tch/mpo_500_workspace/src/nav2_straightline_planner/install/nav2_straightline_planner/share/nav2_straightline_planner/local_setup.bash
[40.042s] -- Installing: /home/tch/mpo_500_workspace/src/nav2_straightline_planner/install/nav2_straightline_planner/share/nav2_straightline_planner/local_setup.sh
[40.043s] -- Installing: /home/tch/mpo_500_workspace/src/nav2_straightline_planner/install/nav2_straightline_planner/share/nav2_straightline_planner/local_setup.zsh
[40.043s] -- Installing: /home/tch/mpo_500_workspace/src/nav2_straightline_planner/install/nav2_straightline_planner/share/nav2_straightline_planner/local_setup.dsv
[40.043s] -- Installing: /home/tch/mpo_500_workspace/src/nav2_straightline_planner/install/nav2_straightline_planner/share/nav2_straightline_planner/package.dsv
[40.043s] -- Installing: /home/tch/mpo_500_workspace/src/nav2_straightline_planner/install/nav2_straightline_planner/share/ament_index/resource_index/packages/nav2_straightline_planner
[40.043s] -- Installing: /home/tch/mpo_500_workspace/src/nav2_straightline_planner/install/nav2_straightline_planner/share/ament_index/resource_index/nav2_core__pluginlib__plugin/nav2_straightline_planner
[40.043s] -- Installing: /home/tch/mpo_500_workspace/src/nav2_straightline_planner/install/nav2_straightline_planner/share/nav2_straightline_planner/cmake/ament_cmake_export_include_directories-extras.cmake
[40.043s] -- Installing: /home/tch/mpo_500_workspace/src/nav2_straightline_planner/install/nav2_straightline_planner/share/nav2_straightline_planner/cmake/ament_cmake_export_libraries-extras.cmake
[40.044s] -- Installing: /home/tch/mpo_500_workspace/src/nav2_straightline_planner/install/nav2_straightline_planner/share/nav2_straightline_planner/cmake/ament_cmake_export_dependencies-extras.cmake
[40.044s] -- Installing: /home/tch/mpo_500_workspace/src/nav2_straightline_planner/install/nav2_straightline_planner/share/nav2_straightline_planner/cmake/nav2_straightline_plannerConfig.cmake
[40.044s] -- Installing: /home/tch/mpo_500_workspace/src/nav2_straightline_planner/install/nav2_straightline_planner/share/nav2_straightline_planner/cmake/nav2_straightline_plannerConfig-version.cmake
[40.044s] -- Up-to-date: /home/tch/mpo_500_workspace/src/nav2_straightline_planner/install/nav2_straightline_planner/share/nav2_straightline_planner/package.xml
[40.046s] Invoked command in '/home/tch/mpo_500_workspace/src/nav2_straightline_planner/build/nav2_straightline_planner' returned '0': CMAKE_PREFIX_PATH=${CMAKE_PREFIX_PATH}:/opt/ros/humble /usr/bin/cmake --install /home/tch/mpo_500_workspace/src/nav2_straightline_planner/build/nav2_straightline_planner
