[2.016s] DEBUG:colcon:Command line arguments: ['/usr/bin/colcon', 'build']
[2.016s] DEBUG:colcon:Parsed command line arguments: Namespace(log_base=None, log_level=None, verb_name='build', build_base='build', install_base='install', merge_install=False, symlink_install=False, test_result_base=None, continue_on_error=False, executor='parallel', parallel_workers=4, event_handlers=None, ignore_user_meta=False, metas=['./colcon.meta'], base_paths=['.'], packages_ignore=None, packages_ignore_regex=None, paths=None, packages_up_to=None, packages_up_to_regex=None, packages_above=None, packages_above_and_dependencies=None, packages_above_depth=None, packages_select_by_dep=None, packages_skip_by_dep=None, packages_skip_up_to=None, packages_select_build_failed=False, packages_skip_build_finished=False, packages_select_test_failures=False, packages_skip_test_passed=False, packages_select=None, packages_skip=None, packages_select_regex=None, packages_skip_regex=None, packages_start=None, packages_end=None, allow_overriding=[], cmake_args=None, cmake_target=None, cmake_target_skip_unavailable=False, cmake_clean_cache=False, cmake_clean_first=False, cmake_force_configure=False, ament_cmake_args=None, catkin_cmake_args=None, catkin_skip_building_tests=False, verb_parser=<colcon_defaults.argument_parser.defaults.DefaultArgumentsDecorator object at 0x7f16eb8c1420>, verb_extension=<colcon_core.verb.build.BuildVerb object at 0x7f16eb8c1f30>, main=<bound method BuildVerb.main of <colcon_core.verb.build.BuildVerb object at 0x7f16eb8c1f30>>)
[2.129s] Level 1:colcon.colcon_core.package_discovery:discover_packages(colcon_meta) check parameters
[2.130s] Level 1:colcon.colcon_core.package_discovery:discover_packages(recursive) check parameters
[2.130s] Level 1:colcon.colcon_core.package_discovery:discover_packages(ignore) check parameters
[2.130s] Level 1:colcon.colcon_core.package_discovery:discover_packages(path) check parameters
[2.130s] Level 1:colcon.colcon_core.package_discovery:discover_packages(colcon_meta) discover
[2.130s] Level 1:colcon.colcon_core.package_discovery:discover_packages(recursive) discover
[2.130s] INFO:colcon.colcon_core.package_discovery:Crawling recursively for packages in '/home/tch/mpo_500_workspace/src/libsurvive_ros2'
[2.130s] Level 1:colcon.colcon_core.package_identification:_identify(.) by extensions ['ignore', 'ignore_ament_install']
[2.130s] Level 1:colcon.colcon_core.package_identification:_identify(.) by extension 'ignore'
[2.130s] Level 1:colcon.colcon_core.package_identification:_identify(.) by extension 'ignore_ament_install'
[2.130s] Level 1:colcon.colcon_core.package_identification:_identify(.) by extensions ['colcon_pkg']
[2.130s] Level 1:colcon.colcon_core.package_identification:_identify(.) by extension 'colcon_pkg'
[2.130s] Level 1:colcon.colcon_core.package_identification:_identify(.) by extensions ['colcon_meta']
[2.130s] Level 1:colcon.colcon_core.package_identification:_identify(.) by extension 'colcon_meta'
[2.131s] Level 1:colcon.colcon_core.package_identification:_identify(.) by extensions ['ros']
[2.131s] Level 1:colcon.colcon_core.package_identification:_identify(.) by extension 'ros'
[2.160s] DEBUG:colcon.colcon_core.package_identification:Package '.' with type 'ros.ament_cmake' and name 'libsurvive_ros2'
[2.161s] Level 1:colcon.colcon_core.package_discovery:discover_packages(recursive) using defaults
[2.161s] Level 1:colcon.colcon_core.package_discovery:discover_packages(ignore) discover
[2.161s] Level 1:colcon.colcon_core.package_discovery:discover_packages(ignore) using defaults
[2.161s] Level 1:colcon.colcon_core.package_discovery:discover_packages(path) discover
[2.161s] Level 1:colcon.colcon_core.package_discovery:discover_packages(path) using defaults
[2.329s] Level 1:colcon.colcon_core.package_discovery:discover_packages(prefix_path) check parameters
[2.329s] Level 1:colcon.colcon_core.package_discovery:discover_packages(prefix_path) discover
[2.390s] DEBUG:colcon.colcon_installed_package_information.package_discovery:Found 7 installed packages in /home/tch/neobotix_workspace/install
[2.415s] DEBUG:colcon.colcon_installed_package_information.package_discovery:Found 18 installed packages in /home/tch/mpo_500_workspace/install
[2.442s] DEBUG:colcon.colcon_installed_package_information.package_discovery:Found 1 installed packages in /home/tch/mpo_500_workspace/src/neo_mpo_500-2/install
[2.467s] DEBUG:colcon.colcon_installed_package_information.package_discovery:Found 1 installed packages in /home/tch/mpo_500_workspace/src/neo_kinematics_mecanum2/install
[2.509s] DEBUG:colcon.colcon_installed_package_information.package_discovery:Found 1 installed packages in /home/tch/laser_filters-ros2/install
[2.535s] DEBUG:colcon.colcon_installed_package_information.package_discovery:Found 1 installed packages in /home/tch/filters-ros2/install
[2.560s] DEBUG:colcon.colcon_installed_package_information.package_discovery:Found 1 installed packages in /home/tch/mpo_500_workspace/src/odrive_motor_op/install
[2.588s] DEBUG:colcon.colcon_installed_package_information.package_discovery:Found 331 installed packages in /opt/ros/humble
[2.591s] Level 1:colcon.colcon_core.package_discovery:discover_packages(prefix_path) using defaults
[2.810s] Level 5:colcon.colcon_core.verb:set package 'libsurvive_ros2' build argument 'cmake_args' from command line to 'None'
[2.810s] Level 5:colcon.colcon_core.verb:set package 'libsurvive_ros2' build argument 'cmake_target' from command line to 'None'
[2.810s] Level 5:colcon.colcon_core.verb:set package 'libsurvive_ros2' build argument 'cmake_target_skip_unavailable' from command line to 'False'
[2.810s] Level 5:colcon.colcon_core.verb:set package 'libsurvive_ros2' build argument 'cmake_clean_cache' from command line to 'False'
[2.810s] Level 5:colcon.colcon_core.verb:set package 'libsurvive_ros2' build argument 'cmake_clean_first' from command line to 'False'
[2.810s] Level 5:colcon.colcon_core.verb:set package 'libsurvive_ros2' build argument 'cmake_force_configure' from command line to 'False'
[2.810s] Level 5:colcon.colcon_core.verb:set package 'libsurvive_ros2' build argument 'ament_cmake_args' from command line to 'None'
[2.810s] Level 5:colcon.colcon_core.verb:set package 'libsurvive_ros2' build argument 'catkin_cmake_args' from command line to 'None'
[2.811s] Level 5:colcon.colcon_core.verb:set package 'libsurvive_ros2' build argument 'catkin_skip_building_tests' from command line to 'False'
[2.811s] DEBUG:colcon.colcon_core.verb:Building package 'libsurvive_ros2' with the following arguments: {'ament_cmake_args': None, 'build_base': '/home/tch/mpo_500_workspace/src/libsurvive_ros2/build/libsurvive_ros2', 'catkin_cmake_args': None, 'catkin_skip_building_tests': False, 'cmake_args': None, 'cmake_clean_cache': False, 'cmake_clean_first': False, 'cmake_force_configure': False, 'cmake_target': None, 'cmake_target_skip_unavailable': False, 'install_base': '/home/tch/mpo_500_workspace/src/libsurvive_ros2/install/libsurvive_ros2', 'merge_install': False, 'path': '/home/tch/mpo_500_workspace/src/libsurvive_ros2', 'symlink_install': False, 'test_result_base': None}
[2.835s] INFO:colcon.colcon_core.executor:Executing jobs using 'parallel' executor
[2.861s] DEBUG:colcon.colcon_parallel_executor.executor.parallel:run_until_complete
[2.861s] INFO:colcon.colcon_ros.task.ament_cmake.build:Building ROS package in '/home/tch/mpo_500_workspace/src/libsurvive_ros2' with build type 'ament_cmake'
[2.862s] INFO:colcon.colcon_cmake.task.cmake.build:Building CMake package in '/home/tch/mpo_500_workspace/src/libsurvive_ros2'
[2.898s] INFO:colcon.colcon_core.plugin_system:Skipping extension 'colcon_core.shell.bat': Not used on non-Windows systems
[2.898s] INFO:colcon.colcon_core.shell:Skip shell extension 'powershell' for command environment: Not usable outside of PowerShell
[2.898s] DEBUG:colcon.colcon_core.shell:Skip shell extension 'dsv' for command environment
[3.144s] DEBUG:colcon.colcon_core.event_handler.log_command:Invoking command in '/home/tch/mpo_500_workspace/src/libsurvive_ros2/build/libsurvive_ros2': CMAKE_PREFIX_PATH=${CMAKE_PREFIX_PATH}:/home/tch/mpo_500_workspace/install/odrive_motor_op:/home/tch/mpo_500_workspace/install/neo_nav2_py_costmap2D:/home/tch/mpo_500_workspace/src/odrive_motor_op/install/odrive_motor_op:/opt/ros/humble /usr/bin/cmake --build /home/tch/mpo_500_workspace/src/libsurvive_ros2/build/libsurvive_ros2 -- -j4 -l4
[5.986s] DEBUG:colcon.colcon_core.event_handler.log_command:Invoked command in '/home/tch/mpo_500_workspace/src/libsurvive_ros2/build/libsurvive_ros2' returned '0': CMAKE_PREFIX_PATH=${CMAKE_PREFIX_PATH}:/home/tch/mpo_500_workspace/install/odrive_motor_op:/home/tch/mpo_500_workspace/install/neo_nav2_py_costmap2D:/home/tch/mpo_500_workspace/src/odrive_motor_op/install/odrive_motor_op:/opt/ros/humble /usr/bin/cmake --build /home/tch/mpo_500_workspace/src/libsurvive_ros2/build/libsurvive_ros2 -- -j4 -l4
[6.042s] DEBUG:colcon.colcon_core.event_handler.log_command:Invoking command in '/home/tch/mpo_500_workspace/src/libsurvive_ros2/build/libsurvive_ros2': CMAKE_PREFIX_PATH=${CMAKE_PREFIX_PATH}:/home/tch/mpo_500_workspace/install/odrive_motor_op:/home/tch/mpo_500_workspace/install/neo_nav2_py_costmap2D:/home/tch/mpo_500_workspace/src/odrive_motor_op/install/odrive_motor_op:/opt/ros/humble /usr/bin/cmake --install /home/tch/mpo_500_workspace/src/libsurvive_ros2/build/libsurvive_ros2
[6.078s] Level 1:colcon.colcon_core.environment:create_environment_scripts_only(libsurvive_ros2)
[6.078s] DEBUG:colcon.colcon_core.event_handler.log_command:Invoked command in '/home/tch/mpo_500_workspace/src/libsurvive_ros2/build/libsurvive_ros2' returned '0': CMAKE_PREFIX_PATH=${CMAKE_PREFIX_PATH}:/home/tch/mpo_500_workspace/install/odrive_motor_op:/home/tch/mpo_500_workspace/install/neo_nav2_py_costmap2D:/home/tch/mpo_500_workspace/src/odrive_motor_op/install/odrive_motor_op:/opt/ros/humble /usr/bin/cmake --install /home/tch/mpo_500_workspace/src/libsurvive_ros2/build/libsurvive_ros2
[6.114s] Level 1:colcon.colcon_core.environment:checking '/home/tch/mpo_500_workspace/src/libsurvive_ros2/install/libsurvive_ros2' for CMake module files
[6.115s] Level 1:colcon.colcon_core.environment:checking '/home/tch/mpo_500_workspace/src/libsurvive_ros2/install/libsurvive_ros2' for CMake config files
[6.117s] Level 1:colcon.colcon_core.shell:create_environment_hook('libsurvive_ros2', 'cmake_prefix_path')
[6.143s] INFO:colcon.colcon_core.shell:Creating environment hook '/home/tch/mpo_500_workspace/src/libsurvive_ros2/install/libsurvive_ros2/share/libsurvive_ros2/hook/cmake_prefix_path.ps1'
[6.146s] INFO:colcon.colcon_core.shell:Creating environment descriptor '/home/tch/mpo_500_workspace/src/libsurvive_ros2/install/libsurvive_ros2/share/libsurvive_ros2/hook/cmake_prefix_path.dsv'
[6.147s] INFO:colcon.colcon_core.shell:Creating environment hook '/home/tch/mpo_500_workspace/src/libsurvive_ros2/install/libsurvive_ros2/share/libsurvive_ros2/hook/cmake_prefix_path.sh'
[6.148s] Level 1:colcon.colcon_core.environment:checking '/home/tch/mpo_500_workspace/src/libsurvive_ros2/install/libsurvive_ros2/lib'
[6.148s] Level 1:colcon.colcon_core.shell:create_environment_hook('libsurvive_ros2', 'ld_library_path_lib')
[6.175s] INFO:colcon.colcon_core.shell:Creating environment hook '/home/tch/mpo_500_workspace/src/libsurvive_ros2/install/libsurvive_ros2/share/libsurvive_ros2/hook/ld_library_path_lib.ps1'
[6.175s] INFO:colcon.colcon_core.shell:Creating environment descriptor '/home/tch/mpo_500_workspace/src/libsurvive_ros2/install/libsurvive_ros2/share/libsurvive_ros2/hook/ld_library_path_lib.dsv'
[6.176s] INFO:colcon.colcon_core.shell:Creating environment hook '/home/tch/mpo_500_workspace/src/libsurvive_ros2/install/libsurvive_ros2/share/libsurvive_ros2/hook/ld_library_path_lib.sh'
[6.176s] Level 1:colcon.colcon_core.environment:checking '/home/tch/mpo_500_workspace/src/libsurvive_ros2/install/libsurvive_ros2/bin'
[6.177s] Level 1:colcon.colcon_core.shell:create_environment_hook('libsurvive_ros2', 'path')
[6.201s] INFO:colcon.colcon_core.shell:Creating environment hook '/home/tch/mpo_500_workspace/src/libsurvive_ros2/install/libsurvive_ros2/share/libsurvive_ros2/hook/path.ps1'
[6.202s] INFO:colcon.colcon_core.shell:Creating environment descriptor '/home/tch/mpo_500_workspace/src/libsurvive_ros2/install/libsurvive_ros2/share/libsurvive_ros2/hook/path.dsv'
[6.203s] INFO:colcon.colcon_core.shell:Creating environment hook '/home/tch/mpo_500_workspace/src/libsurvive_ros2/install/libsurvive_ros2/share/libsurvive_ros2/hook/path.sh'
[6.203s] Level 1:colcon.colcon_core.environment:checking '/home/tch/mpo_500_workspace/src/libsurvive_ros2/install/libsurvive_ros2/lib/pkgconfig/libsurvive_ros2.pc'
[6.204s] Level 1:colcon.colcon_core.environment:checking '/home/tch/mpo_500_workspace/src/libsurvive_ros2/install/libsurvive_ros2/lib/python3.10/site-packages'
[6.204s] Level 1:colcon.colcon_core.environment:checking '/home/tch/mpo_500_workspace/src/libsurvive_ros2/install/libsurvive_ros2/bin'
[6.204s] Level 1:colcon.colcon_core.shell:create_environment_hook('libsurvive_ros2', 'pythonscriptspath')
[6.231s] INFO:colcon.colcon_core.shell:Creating environment hook '/home/tch/mpo_500_workspace/src/libsurvive_ros2/install/libsurvive_ros2/share/libsurvive_ros2/hook/pythonscriptspath.ps1'
[6.232s] INFO:colcon.colcon_core.shell:Creating environment descriptor '/home/tch/mpo_500_workspace/src/libsurvive_ros2/install/libsurvive_ros2/share/libsurvive_ros2/hook/pythonscriptspath.dsv'
[6.232s] INFO:colcon.colcon_core.shell:Creating environment hook '/home/tch/mpo_500_workspace/src/libsurvive_ros2/install/libsurvive_ros2/share/libsurvive_ros2/hook/pythonscriptspath.sh'
[6.258s] INFO:colcon.colcon_core.shell:Creating package script '/home/tch/mpo_500_workspace/src/libsurvive_ros2/install/libsurvive_ros2/share/libsurvive_ros2/package.ps1'
[6.260s] INFO:colcon.colcon_core.shell:Creating package descriptor '/home/tch/mpo_500_workspace/src/libsurvive_ros2/install/libsurvive_ros2/share/libsurvive_ros2/package.dsv'
[6.261s] INFO:colcon.colcon_core.shell:Creating package script '/home/tch/mpo_500_workspace/src/libsurvive_ros2/install/libsurvive_ros2/share/libsurvive_ros2/package.sh'
[6.263s] INFO:colcon.colcon_core.shell:Creating package script '/home/tch/mpo_500_workspace/src/libsurvive_ros2/install/libsurvive_ros2/share/libsurvive_ros2/package.bash'
[6.265s] INFO:colcon.colcon_core.shell:Creating package script '/home/tch/mpo_500_workspace/src/libsurvive_ros2/install/libsurvive_ros2/share/libsurvive_ros2/package.zsh'
[6.266s] Level 1:colcon.colcon_core.environment:create_file_with_runtime_dependencies(/home/tch/mpo_500_workspace/src/libsurvive_ros2/install/libsurvive_ros2/share/colcon-core/packages/libsurvive_ros2)
[6.336s] Level 1:colcon.colcon_core.environment:create_environment_scripts_only(libsurvive_ros2)
[6.364s] Level 1:colcon.colcon_core.environment:checking '/home/tch/mpo_500_workspace/src/libsurvive_ros2/install/libsurvive_ros2' for CMake module files
[6.364s] Level 1:colcon.colcon_core.environment:checking '/home/tch/mpo_500_workspace/src/libsurvive_ros2/install/libsurvive_ros2' for CMake config files
[6.365s] Level 1:colcon.colcon_core.shell:create_environment_hook('libsurvive_ros2', 'cmake_prefix_path')
[6.391s] INFO:colcon.colcon_core.shell:Creating environment hook '/home/tch/mpo_500_workspace/src/libsurvive_ros2/install/libsurvive_ros2/share/libsurvive_ros2/hook/cmake_prefix_path.ps1'
[6.392s] INFO:colcon.colcon_core.shell:Creating environment descriptor '/home/tch/mpo_500_workspace/src/libsurvive_ros2/install/libsurvive_ros2/share/libsurvive_ros2/hook/cmake_prefix_path.dsv'
[6.393s] INFO:colcon.colcon_core.shell:Creating environment hook '/home/tch/mpo_500_workspace/src/libsurvive_ros2/install/libsurvive_ros2/share/libsurvive_ros2/hook/cmake_prefix_path.sh'
[6.393s] Level 1:colcon.colcon_core.environment:checking '/home/tch/mpo_500_workspace/src/libsurvive_ros2/install/libsurvive_ros2/lib'
[6.394s] Level 1:colcon.colcon_core.shell:create_environment_hook('libsurvive_ros2', 'ld_library_path_lib')
[6.418s] INFO:colcon.colcon_core.shell:Creating environment hook '/home/tch/mpo_500_workspace/src/libsurvive_ros2/install/libsurvive_ros2/share/libsurvive_ros2/hook/ld_library_path_lib.ps1'
[6.419s] INFO:colcon.colcon_core.shell:Creating environment descriptor '/home/tch/mpo_500_workspace/src/libsurvive_ros2/install/libsurvive_ros2/share/libsurvive_ros2/hook/ld_library_path_lib.dsv'
[6.419s] INFO:colcon.colcon_core.shell:Creating environment hook '/home/tch/mpo_500_workspace/src/libsurvive_ros2/install/libsurvive_ros2/share/libsurvive_ros2/hook/ld_library_path_lib.sh'
[6.420s] Level 1:colcon.colcon_core.environment:checking '/home/tch/mpo_500_workspace/src/libsurvive_ros2/install/libsurvive_ros2/bin'
[6.420s] Level 1:colcon.colcon_core.shell:create_environment_hook('libsurvive_ros2', 'path')
[6.447s] INFO:colcon.colcon_core.shell:Creating environment hook '/home/tch/mpo_500_workspace/src/libsurvive_ros2/install/libsurvive_ros2/share/libsurvive_ros2/hook/path.ps1'
[6.447s] INFO:colcon.colcon_core.shell:Creating environment descriptor '/home/tch/mpo_500_workspace/src/libsurvive_ros2/install/libsurvive_ros2/share/libsurvive_ros2/hook/path.dsv'
[6.448s] INFO:colcon.colcon_core.shell:Creating environment hook '/home/tch/mpo_500_workspace/src/libsurvive_ros2/install/libsurvive_ros2/share/libsurvive_ros2/hook/path.sh'
[6.448s] Level 1:colcon.colcon_core.environment:checking '/home/tch/mpo_500_workspace/src/libsurvive_ros2/install/libsurvive_ros2/lib/pkgconfig/libsurvive_ros2.pc'
[6.449s] Level 1:colcon.colcon_core.environment:checking '/home/tch/mpo_500_workspace/src/libsurvive_ros2/install/libsurvive_ros2/lib/python3.10/site-packages'
[6.449s] Level 1:colcon.colcon_core.environment:checking '/home/tch/mpo_500_workspace/src/libsurvive_ros2/install/libsurvive_ros2/bin'
[6.449s] Level 1:colcon.colcon_core.shell:create_environment_hook('libsurvive_ros2', 'pythonscriptspath')
[6.474s] INFO:colcon.colcon_core.shell:Creating environment hook '/home/tch/mpo_500_workspace/src/libsurvive_ros2/install/libsurvive_ros2/share/libsurvive_ros2/hook/pythonscriptspath.ps1'
[6.475s] INFO:colcon.colcon_core.shell:Creating environment descriptor '/home/tch/mpo_500_workspace/src/libsurvive_ros2/install/libsurvive_ros2/share/libsurvive_ros2/hook/pythonscriptspath.dsv'
[6.475s] INFO:colcon.colcon_core.shell:Creating environment hook '/home/tch/mpo_500_workspace/src/libsurvive_ros2/install/libsurvive_ros2/share/libsurvive_ros2/hook/pythonscriptspath.sh'
[6.502s] INFO:colcon.colcon_core.shell:Creating package script '/home/tch/mpo_500_workspace/src/libsurvive_ros2/install/libsurvive_ros2/share/libsurvive_ros2/package.ps1'
[6.503s] INFO:colcon.colcon_core.shell:Creating package descriptor '/home/tch/mpo_500_workspace/src/libsurvive_ros2/install/libsurvive_ros2/share/libsurvive_ros2/package.dsv'
[6.504s] INFO:colcon.colcon_core.shell:Creating package script '/home/tch/mpo_500_workspace/src/libsurvive_ros2/install/libsurvive_ros2/share/libsurvive_ros2/package.sh'
[6.505s] INFO:colcon.colcon_core.shell:Creating package script '/home/tch/mpo_500_workspace/src/libsurvive_ros2/install/libsurvive_ros2/share/libsurvive_ros2/package.bash'
[6.505s] INFO:colcon.colcon_core.shell:Creating package script '/home/tch/mpo_500_workspace/src/libsurvive_ros2/install/libsurvive_ros2/share/libsurvive_ros2/package.zsh'
[6.506s] Level 1:colcon.colcon_core.environment:create_file_with_runtime_dependencies(/home/tch/mpo_500_workspace/src/libsurvive_ros2/install/libsurvive_ros2/share/colcon-core/packages/libsurvive_ros2)
[6.507s] DEBUG:colcon.colcon_parallel_executor.executor.parallel:closing loop
[6.507s] DEBUG:colcon.colcon_parallel_executor.executor.parallel:loop closed
[6.507s] DEBUG:colcon.colcon_parallel_executor.executor.parallel:run_until_complete finished with '0'
[6.508s] DEBUG:colcon.colcon_core.event_reactor:joining thread
[6.543s] INFO:colcon.colcon_core.plugin_system:Skipping extension 'colcon_notification.desktop_notification.terminal_notifier': Not used on non-Darwin systems
[6.543s] INFO:colcon.colcon_core.plugin_system:Skipping extension 'colcon_notification.desktop_notification.win32': Not used on non-Windows systems
[6.543s] INFO:colcon.colcon_notification.desktop_notification:Sending desktop notification using 'notify2'
[6.560s] DEBUG:colcon.colcon_core.event_reactor:joined thread
[6.588s] INFO:colcon.colcon_core.shell:Creating prefix script '/home/tch/mpo_500_workspace/src/libsurvive_ros2/install/local_setup.ps1'
[6.591s] INFO:colcon.colcon_core.shell:Creating prefix util module '/home/tch/mpo_500_workspace/src/libsurvive_ros2/install/_local_setup_util_ps1.py'
[6.593s] INFO:colcon.colcon_core.shell:Creating prefix chain script '/home/tch/mpo_500_workspace/src/libsurvive_ros2/install/setup.ps1'
[6.623s] INFO:colcon.colcon_core.shell:Creating prefix script '/home/tch/mpo_500_workspace/src/libsurvive_ros2/install/local_setup.sh'
[6.624s] INFO:colcon.colcon_core.shell:Creating prefix util module '/home/tch/mpo_500_workspace/src/libsurvive_ros2/install/_local_setup_util_sh.py'
[6.625s] INFO:colcon.colcon_core.shell:Creating prefix chain script '/home/tch/mpo_500_workspace/src/libsurvive_ros2/install/setup.sh'
[6.656s] INFO:colcon.colcon_core.shell:Creating prefix script '/home/tch/mpo_500_workspace/src/libsurvive_ros2/install/local_setup.bash'
[6.657s] INFO:colcon.colcon_core.shell:Creating prefix chain script '/home/tch/mpo_500_workspace/src/libsurvive_ros2/install/setup.bash'
[6.686s] INFO:colcon.colcon_core.shell:Creating prefix script '/home/tch/mpo_500_workspace/src/libsurvive_ros2/install/local_setup.zsh'
[6.688s] INFO:colcon.colcon_core.shell:Creating prefix chain script '/home/tch/mpo_500_workspace/src/libsurvive_ros2/install/setup.zsh'
