[0.038s] Invoking command in '/home/tch/nav2_straightline_planner/build/nav2_straightline_planner': CMAKE_PREFIX_PATH=${CMAKE_PREFIX_PATH}:/home/tch/neo_nav2_py_costmap2D-main/install/neo_nav2_py_costmap2D:/opt/ros/humble /usr/bin/cmake --build /home/tch/nav2_straightline_planner/build/nav2_straightline_planner -- -j8 -l8
[0.109s] [35m[1mConsolidate compiler generated dependencies of target nav2_straightline_planner_plugin[0m
[0.138s] [ 50%] [32mBuilding CXX object CMakeFiles/nav2_straightline_planner_plugin.dir/src/straight_line_planner.cpp.o[0m
[10.411s] [100%] [32m[1mLinking CXX shared library libnav2_straightline_planner_plugin.so[0m
[10.890s] [100%] Built target nav2_straightline_planner_plugin
[10.912s] Invoked command in '/home/tch/nav2_straightline_planner/build/nav2_straightline_planner' returned '0': CMAKE_PREFIX_PATH=${CMAKE_PREFIX_PATH}:/home/tch/neo_nav2_py_costmap2D-main/install/neo_nav2_py_costmap2D:/opt/ros/humble /usr/bin/cmake --build /home/tch/nav2_straightline_planner/build/nav2_straightline_planner -- -j8 -l8
[10.970s] Invoking command in '/home/tch/nav2_straightline_planner/build/nav2_straightline_planner': CMAKE_PREFIX_PATH=${CMAKE_PREFIX_PATH}:/home/tch/neo_nav2_py_costmap2D-main/install/neo_nav2_py_costmap2D:/opt/ros/humble /usr/bin/cmake --install /home/tch/nav2_straightline_planner/build/nav2_straightline_planner
[10.984s] -- Install configuration: ""
[10.984s] -- Up-to-date: /home/tch/nav2_straightline_planner/install/nav2_straightline_planner/share/nav2_straightline_planner/global_planner_plugin.xml
[10.984s] -- Installing: /home/tch/nav2_straightline_planner/install/nav2_straightline_planner/lib/libnav2_straightline_planner_plugin.so
[10.985s] -- Set runtime path of "/home/tch/nav2_straightline_planner/install/nav2_straightline_planner/lib/libnav2_straightline_planner_plugin.so" to ""
[10.985s] -- Up-to-date: /home/tch/nav2_straightline_planner/install/nav2_straightline_planner/include/
[10.985s] -- Up-to-date: /home/tch/nav2_straightline_planner/install/nav2_straightline_planner/include//nav2_straightline_planner
[10.985s] -- Up-to-date: /home/tch/nav2_straightline_planner/install/nav2_straightline_planner/include//nav2_straightline_planner/straight_line_planner.hpp
[10.985s] -- Up-to-date: /home/tch/nav2_straightline_planner/install/nav2_straightline_planner/share/nav2_straightline_planner/global_planner_plugin.xml
[10.985s] -- Up-to-date: /home/tch/nav2_straightline_planner/install/nav2_straightline_planner/share/nav2_straightline_planner/environment/library_path.sh
[10.985s] -- Up-to-date: /home/tch/nav2_straightline_planner/install/nav2_straightline_planner/share/nav2_straightline_planner/environment/library_path.dsv
[10.985s] -- Up-to-date: /home/tch/nav2_straightline_planner/install/nav2_straightline_planner/share/ament_index/resource_index/package_run_dependencies/nav2_straightline_planner
[10.986s] -- Up-to-date: /home/tch/nav2_straightline_planner/install/nav2_straightline_planner/share/ament_index/resource_index/parent_prefix_path/nav2_straightline_planner
[10.986s] -- Up-to-date: /home/tch/nav2_straightline_planner/install/nav2_straightline_planner/share/nav2_straightline_planner/environment/ament_prefix_path.sh
[10.986s] -- Up-to-date: /home/tch/nav2_straightline_planner/install/nav2_straightline_planner/share/nav2_straightline_planner/environment/ament_prefix_path.dsv
[10.986s] -- Up-to-date: /home/tch/nav2_straightline_planner/install/nav2_straightline_planner/share/nav2_straightline_planner/environment/path.sh
[10.986s] -- Up-to-date: /home/tch/nav2_straightline_planner/install/nav2_straightline_planner/share/nav2_straightline_planner/environment/path.dsv
[10.986s] -- Up-to-date: /home/tch/nav2_straightline_planner/install/nav2_straightline_planner/share/nav2_straightline_planner/local_setup.bash
[10.986s] -- Up-to-date: /home/tch/nav2_straightline_planner/install/nav2_straightline_planner/share/nav2_straightline_planner/local_setup.sh
[10.986s] -- Up-to-date: /home/tch/nav2_straightline_planner/install/nav2_straightline_planner/share/nav2_straightline_planner/local_setup.zsh
[10.986s] -- Up-to-date: /home/tch/nav2_straightline_planner/install/nav2_straightline_planner/share/nav2_straightline_planner/local_setup.dsv
[10.986s] -- Installing: /home/tch/nav2_straightline_planner/install/nav2_straightline_planner/share/nav2_straightline_planner/package.dsv
[10.986s] -- Up-to-date: /home/tch/nav2_straightline_planner/install/nav2_straightline_planner/share/ament_index/resource_index/packages/nav2_straightline_planner
[10.987s] -- Up-to-date: /home/tch/nav2_straightline_planner/install/nav2_straightline_planner/share/ament_index/resource_index/nav2_core__pluginlib__plugin/nav2_straightline_planner
[10.987s] -- Up-to-date: /home/tch/nav2_straightline_planner/install/nav2_straightline_planner/share/nav2_straightline_planner/cmake/ament_cmake_export_include_directories-extras.cmake
[10.987s] -- Up-to-date: /home/tch/nav2_straightline_planner/install/nav2_straightline_planner/share/nav2_straightline_planner/cmake/ament_cmake_export_libraries-extras.cmake
[10.988s] -- Up-to-date: /home/tch/nav2_straightline_planner/install/nav2_straightline_planner/share/nav2_straightline_planner/cmake/ament_cmake_export_dependencies-extras.cmake
[10.991s] -- Up-to-date: /home/tch/nav2_straightline_planner/install/nav2_straightline_planner/share/nav2_straightline_planner/cmake/nav2_straightline_plannerConfig.cmake
[10.992s] -- Up-to-date: /home/tch/nav2_straightline_planner/install/nav2_straightline_planner/share/nav2_straightline_planner/cmake/nav2_straightline_plannerConfig-version.cmake
[10.992s] -- Up-to-date: /home/tch/nav2_straightline_planner/install/nav2_straightline_planner/share/nav2_straightline_planner/package.xml
[10.992s] Invoked command in '/home/tch/nav2_straightline_planner/build/nav2_straightline_planner' returned '0': CMAKE_PREFIX_PATH=${CMAKE_PREFIX_PATH}:/home/tch/neo_nav2_py_costmap2D-main/install/neo_nav2_py_costmap2D:/opt/ros/humble /usr/bin/cmake --install /home/tch/nav2_straightline_planner/build/nav2_straightline_planner
