[1.922s] DEBUG:colcon:Command line arguments: ['/usr/bin/colcon', 'build']
[1.922s] DEBUG:colcon:Parsed command line arguments: Namespace(log_base=None, log_level=None, verb_name='build', build_base='build', install_base='install', merge_install=False, symlink_install=False, test_result_base=None, continue_on_error=False, executor='parallel', parallel_workers=4, event_handlers=None, ignore_user_meta=False, metas=['./colcon.meta'], base_paths=['.'], packages_ignore=None, packages_ignore_regex=None, paths=None, packages_up_to=None, packages_up_to_regex=None, packages_above=None, packages_above_and_dependencies=None, packages_above_depth=None, packages_select_by_dep=None, packages_skip_by_dep=None, packages_skip_up_to=None, packages_select_build_failed=False, packages_skip_build_finished=False, packages_select_test_failures=False, packages_skip_test_passed=False, packages_select=None, packages_skip=None, packages_select_regex=None, packages_skip_regex=None, packages_start=None, packages_end=None, allow_overriding=[], cmake_args=None, cmake_target=None, cmake_target_skip_unavailable=False, cmake_clean_cache=False, cmake_clean_first=False, cmake_force_configure=False, ament_cmake_args=None, catkin_cmake_args=None, catkin_skip_building_tests=False, verb_parser=<colcon_defaults.argument_parser.defaults.DefaultArgumentsDecorator object at 0x7f2d546c0eb0>, verb_extension=<colcon_core.verb.build.BuildVerb object at 0x7f2d546c37c0>, main=<bound method BuildVerb.main of <colcon_core.verb.build.BuildVerb object at 0x7f2d546c37c0>>)
[2.035s] Level 1:colcon.colcon_core.package_discovery:discover_packages(colcon_meta) check parameters
[2.035s] Level 1:colcon.colcon_core.package_discovery:discover_packages(recursive) check parameters
[2.035s] Level 1:colcon.colcon_core.package_discovery:discover_packages(ignore) check parameters
[2.035s] Level 1:colcon.colcon_core.package_discovery:discover_packages(path) check parameters
[2.035s] Level 1:colcon.colcon_core.package_discovery:discover_packages(colcon_meta) discover
[2.035s] Level 1:colcon.colcon_core.package_discovery:discover_packages(recursive) discover
[2.035s] INFO:colcon.colcon_core.package_discovery:Crawling recursively for packages in '/home/tch/mpo_500_workspace/src/neo_mpo_500-2'
[2.035s] Level 1:colcon.colcon_core.package_identification:_identify(.) by extensions ['ignore', 'ignore_ament_install']
[2.036s] Level 1:colcon.colcon_core.package_identification:_identify(.) by extension 'ignore'
[2.036s] Level 1:colcon.colcon_core.package_identification:_identify(.) by extension 'ignore_ament_install'
[2.036s] Level 1:colcon.colcon_core.package_identification:_identify(.) by extensions ['colcon_pkg']
[2.036s] Level 1:colcon.colcon_core.package_identification:_identify(.) by extension 'colcon_pkg'
[2.036s] Level 1:colcon.colcon_core.package_identification:_identify(.) by extensions ['colcon_meta']
[2.036s] Level 1:colcon.colcon_core.package_identification:_identify(.) by extension 'colcon_meta'
[2.036s] Level 1:colcon.colcon_core.package_identification:_identify(.) by extensions ['ros']
[2.036s] Level 1:colcon.colcon_core.package_identification:_identify(.) by extension 'ros'
[2.063s] DEBUG:colcon.colcon_core.package_identification:Package '.' with type 'ros.ament_cmake' and name 'neo_mpo_500-2'
[2.063s] Level 1:colcon.colcon_core.package_discovery:discover_packages(recursive) using defaults
[2.063s] Level 1:colcon.colcon_core.package_discovery:discover_packages(ignore) discover
[2.063s] Level 1:colcon.colcon_core.package_discovery:discover_packages(ignore) using defaults
[2.063s] Level 1:colcon.colcon_core.package_discovery:discover_packages(path) discover
[2.063s] Level 1:colcon.colcon_core.package_discovery:discover_packages(path) using defaults
[2.230s] Level 1:colcon.colcon_core.package_discovery:discover_packages(prefix_path) check parameters
[2.230s] Level 1:colcon.colcon_core.package_discovery:discover_packages(prefix_path) discover
[2.287s] DEBUG:colcon.colcon_installed_package_information.package_discovery:Found 7 installed packages in /home/tch/neobotix_workspace/install
[2.312s] DEBUG:colcon.colcon_installed_package_information.package_discovery:Found 18 installed packages in /home/tch/mpo_500_workspace/install
[2.337s] DEBUG:colcon.colcon_installed_package_information.package_discovery:Found 1 installed packages in /home/tch/mpo_500_workspace/src/neo_mpo_500-2/install
[2.363s] DEBUG:colcon.colcon_installed_package_information.package_discovery:Found 1 installed packages in /home/tch/mpo_500_workspace/src/neo_kinematics_mecanum2/install
[2.404s] DEBUG:colcon.colcon_installed_package_information.package_discovery:Found 1 installed packages in /home/tch/laser_filters-ros2/install
[2.430s] DEBUG:colcon.colcon_installed_package_information.package_discovery:Found 1 installed packages in /home/tch/filters-ros2/install
[2.456s] DEBUG:colcon.colcon_installed_package_information.package_discovery:Found 1 installed packages in /home/tch/mpo_500_workspace/src/odrive_motor_op/install
[2.482s] DEBUG:colcon.colcon_installed_package_information.package_discovery:Found 331 installed packages in /opt/ros/humble
[2.485s] Level 1:colcon.colcon_core.package_discovery:discover_packages(prefix_path) using defaults
[2.667s] Level 5:colcon.colcon_core.verb:set package 'neo_mpo_500-2' build argument 'cmake_args' from command line to 'None'
[2.667s] Level 5:colcon.colcon_core.verb:set package 'neo_mpo_500-2' build argument 'cmake_target' from command line to 'None'
[2.667s] Level 5:colcon.colcon_core.verb:set package 'neo_mpo_500-2' build argument 'cmake_target_skip_unavailable' from command line to 'False'
[2.667s] Level 5:colcon.colcon_core.verb:set package 'neo_mpo_500-2' build argument 'cmake_clean_cache' from command line to 'False'
[2.667s] Level 5:colcon.colcon_core.verb:set package 'neo_mpo_500-2' build argument 'cmake_clean_first' from command line to 'False'
[2.667s] Level 5:colcon.colcon_core.verb:set package 'neo_mpo_500-2' build argument 'cmake_force_configure' from command line to 'False'
[2.667s] Level 5:colcon.colcon_core.verb:set package 'neo_mpo_500-2' build argument 'ament_cmake_args' from command line to 'None'
[2.667s] Level 5:colcon.colcon_core.verb:set package 'neo_mpo_500-2' build argument 'catkin_cmake_args' from command line to 'None'
[2.667s] Level 5:colcon.colcon_core.verb:set package 'neo_mpo_500-2' build argument 'catkin_skip_building_tests' from command line to 'False'
[2.667s] DEBUG:colcon.colcon_core.verb:Building package 'neo_mpo_500-2' with the following arguments: {'ament_cmake_args': None, 'build_base': '/home/tch/mpo_500_workspace/src/neo_mpo_500-2/build/neo_mpo_500-2', 'catkin_cmake_args': None, 'catkin_skip_building_tests': False, 'cmake_args': None, 'cmake_clean_cache': False, 'cmake_clean_first': False, 'cmake_force_configure': False, 'cmake_target': None, 'cmake_target_skip_unavailable': False, 'install_base': '/home/tch/mpo_500_workspace/src/neo_mpo_500-2/install/neo_mpo_500-2', 'merge_install': False, 'path': '/home/tch/mpo_500_workspace/src/neo_mpo_500-2', 'symlink_install': False, 'test_result_base': None}
[2.692s] INFO:colcon.colcon_core.executor:Executing jobs using 'parallel' executor
[2.721s] DEBUG:colcon.colcon_parallel_executor.executor.parallel:run_until_complete
[2.722s] INFO:colcon.colcon_ros.task.ament_cmake.build:Building ROS package in '/home/tch/mpo_500_workspace/src/neo_mpo_500-2' with build type 'ament_cmake'
[2.722s] INFO:colcon.colcon_cmake.task.cmake.build:Building CMake package in '/home/tch/mpo_500_workspace/src/neo_mpo_500-2'
[2.755s] INFO:colcon.colcon_core.plugin_system:Skipping extension 'colcon_core.shell.bat': Not used on non-Windows systems
[2.756s] INFO:colcon.colcon_core.shell:Skip shell extension 'powershell' for command environment: Not usable outside of PowerShell
[2.756s] DEBUG:colcon.colcon_core.shell:Skip shell extension 'dsv' for command environment
[2.990s] DEBUG:colcon.colcon_core.event_handler.log_command:Invoking command in '/home/tch/mpo_500_workspace/src/neo_mpo_500-2/build/neo_mpo_500-2': CMAKE_PREFIX_PATH=${CMAKE_PREFIX_PATH}:/home/tch/mpo_500_workspace/install/odrive_motor_op:/home/tch/mpo_500_workspace/install/neo_nav2_py_costmap2D:/home/tch/mpo_500_workspace/src/odrive_motor_op/install/odrive_motor_op:/opt/ros/humble /usr/bin/cmake --build /home/tch/mpo_500_workspace/src/neo_mpo_500-2/build/neo_mpo_500-2 -- -j4 -l4
[3.109s] DEBUG:colcon.colcon_core.event_handler.log_command:Invoked command in '/home/tch/mpo_500_workspace/src/neo_mpo_500-2/build/neo_mpo_500-2' returned '0': CMAKE_PREFIX_PATH=${CMAKE_PREFIX_PATH}:/home/tch/mpo_500_workspace/install/odrive_motor_op:/home/tch/mpo_500_workspace/install/neo_nav2_py_costmap2D:/home/tch/mpo_500_workspace/src/odrive_motor_op/install/odrive_motor_op:/opt/ros/humble /usr/bin/cmake --build /home/tch/mpo_500_workspace/src/neo_mpo_500-2/build/neo_mpo_500-2 -- -j4 -l4
[3.154s] DEBUG:colcon.colcon_core.event_handler.log_command:Invoking command in '/home/tch/mpo_500_workspace/src/neo_mpo_500-2/build/neo_mpo_500-2': CMAKE_PREFIX_PATH=${CMAKE_PREFIX_PATH}:/home/tch/mpo_500_workspace/install/odrive_motor_op:/home/tch/mpo_500_workspace/install/neo_nav2_py_costmap2D:/home/tch/mpo_500_workspace/src/odrive_motor_op/install/odrive_motor_op:/opt/ros/humble /usr/bin/cmake --install /home/tch/mpo_500_workspace/src/neo_mpo_500-2/build/neo_mpo_500-2
[3.178s] Level 1:colcon.colcon_core.environment:create_environment_scripts_only(neo_mpo_500-2)
[3.199s] DEBUG:colcon.colcon_core.event_handler.log_command:Invoked command in '/home/tch/mpo_500_workspace/src/neo_mpo_500-2/build/neo_mpo_500-2' returned '0': CMAKE_PREFIX_PATH=${CMAKE_PREFIX_PATH}:/home/tch/mpo_500_workspace/install/odrive_motor_op:/home/tch/mpo_500_workspace/install/neo_nav2_py_costmap2D:/home/tch/mpo_500_workspace/src/odrive_motor_op/install/odrive_motor_op:/opt/ros/humble /usr/bin/cmake --install /home/tch/mpo_500_workspace/src/neo_mpo_500-2/build/neo_mpo_500-2
[3.224s] Level 1:colcon.colcon_core.environment:checking '/home/tch/mpo_500_workspace/src/neo_mpo_500-2/install/neo_mpo_500-2' for CMake module files
[3.225s] Level 1:colcon.colcon_core.environment:checking '/home/tch/mpo_500_workspace/src/neo_mpo_500-2/install/neo_mpo_500-2' for CMake config files
[3.226s] Level 1:colcon.colcon_core.shell:create_environment_hook('neo_mpo_500-2', 'cmake_prefix_path')
[3.250s] INFO:colcon.colcon_core.shell:Creating environment hook '/home/tch/mpo_500_workspace/src/neo_mpo_500-2/install/neo_mpo_500-2/share/neo_mpo_500-2/hook/cmake_prefix_path.ps1'
[3.253s] INFO:colcon.colcon_core.shell:Creating environment descriptor '/home/tch/mpo_500_workspace/src/neo_mpo_500-2/install/neo_mpo_500-2/share/neo_mpo_500-2/hook/cmake_prefix_path.dsv'
[3.254s] INFO:colcon.colcon_core.shell:Creating environment hook '/home/tch/mpo_500_workspace/src/neo_mpo_500-2/install/neo_mpo_500-2/share/neo_mpo_500-2/hook/cmake_prefix_path.sh'
[3.256s] Level 1:colcon.colcon_core.environment:checking '/home/tch/mpo_500_workspace/src/neo_mpo_500-2/install/neo_mpo_500-2/bin'
[3.256s] Level 1:colcon.colcon_core.environment:checking '/home/tch/mpo_500_workspace/src/neo_mpo_500-2/install/neo_mpo_500-2/lib/pkgconfig/neo_mpo_500-2.pc'
[3.256s] Level 1:colcon.colcon_core.environment:checking '/home/tch/mpo_500_workspace/src/neo_mpo_500-2/install/neo_mpo_500-2/lib/python3.10/site-packages'
[3.257s] Level 1:colcon.colcon_core.environment:checking '/home/tch/mpo_500_workspace/src/neo_mpo_500-2/install/neo_mpo_500-2/bin'
[3.280s] INFO:colcon.colcon_core.shell:Creating package script '/home/tch/mpo_500_workspace/src/neo_mpo_500-2/install/neo_mpo_500-2/share/neo_mpo_500-2/package.ps1'
[3.282s] INFO:colcon.colcon_core.shell:Creating package descriptor '/home/tch/mpo_500_workspace/src/neo_mpo_500-2/install/neo_mpo_500-2/share/neo_mpo_500-2/package.dsv'
[3.284s] INFO:colcon.colcon_core.shell:Creating package script '/home/tch/mpo_500_workspace/src/neo_mpo_500-2/install/neo_mpo_500-2/share/neo_mpo_500-2/package.sh'
[3.285s] INFO:colcon.colcon_core.shell:Creating package script '/home/tch/mpo_500_workspace/src/neo_mpo_500-2/install/neo_mpo_500-2/share/neo_mpo_500-2/package.bash'
[3.287s] INFO:colcon.colcon_core.shell:Creating package script '/home/tch/mpo_500_workspace/src/neo_mpo_500-2/install/neo_mpo_500-2/share/neo_mpo_500-2/package.zsh'
[3.289s] Level 1:colcon.colcon_core.environment:create_file_with_runtime_dependencies(/home/tch/mpo_500_workspace/src/neo_mpo_500-2/install/neo_mpo_500-2/share/colcon-core/packages/neo_mpo_500-2)
[3.346s] Level 1:colcon.colcon_core.environment:create_environment_scripts_only(neo_mpo_500-2)
[3.370s] Level 1:colcon.colcon_core.environment:checking '/home/tch/mpo_500_workspace/src/neo_mpo_500-2/install/neo_mpo_500-2' for CMake module files
[3.371s] Level 1:colcon.colcon_core.environment:checking '/home/tch/mpo_500_workspace/src/neo_mpo_500-2/install/neo_mpo_500-2' for CMake config files
[3.372s] Level 1:colcon.colcon_core.shell:create_environment_hook('neo_mpo_500-2', 'cmake_prefix_path')
[3.396s] INFO:colcon.colcon_core.shell:Creating environment hook '/home/tch/mpo_500_workspace/src/neo_mpo_500-2/install/neo_mpo_500-2/share/neo_mpo_500-2/hook/cmake_prefix_path.ps1'
[3.397s] INFO:colcon.colcon_core.shell:Creating environment descriptor '/home/tch/mpo_500_workspace/src/neo_mpo_500-2/install/neo_mpo_500-2/share/neo_mpo_500-2/hook/cmake_prefix_path.dsv'
[3.398s] INFO:colcon.colcon_core.shell:Creating environment hook '/home/tch/mpo_500_workspace/src/neo_mpo_500-2/install/neo_mpo_500-2/share/neo_mpo_500-2/hook/cmake_prefix_path.sh'
[3.399s] Level 1:colcon.colcon_core.environment:checking '/home/tch/mpo_500_workspace/src/neo_mpo_500-2/install/neo_mpo_500-2/bin'
[3.399s] Level 1:colcon.colcon_core.environment:checking '/home/tch/mpo_500_workspace/src/neo_mpo_500-2/install/neo_mpo_500-2/lib/pkgconfig/neo_mpo_500-2.pc'
[3.399s] Level 1:colcon.colcon_core.environment:checking '/home/tch/mpo_500_workspace/src/neo_mpo_500-2/install/neo_mpo_500-2/lib/python3.10/site-packages'
[3.399s] Level 1:colcon.colcon_core.environment:checking '/home/tch/mpo_500_workspace/src/neo_mpo_500-2/install/neo_mpo_500-2/bin'
[3.423s] INFO:colcon.colcon_core.shell:Creating package script '/home/tch/mpo_500_workspace/src/neo_mpo_500-2/install/neo_mpo_500-2/share/neo_mpo_500-2/package.ps1'
[3.425s] INFO:colcon.colcon_core.shell:Creating package descriptor '/home/tch/mpo_500_workspace/src/neo_mpo_500-2/install/neo_mpo_500-2/share/neo_mpo_500-2/package.dsv'
[3.425s] INFO:colcon.colcon_core.shell:Creating package script '/home/tch/mpo_500_workspace/src/neo_mpo_500-2/install/neo_mpo_500-2/share/neo_mpo_500-2/package.sh'
[3.426s] INFO:colcon.colcon_core.shell:Creating package script '/home/tch/mpo_500_workspace/src/neo_mpo_500-2/install/neo_mpo_500-2/share/neo_mpo_500-2/package.bash'
[3.427s] INFO:colcon.colcon_core.shell:Creating package script '/home/tch/mpo_500_workspace/src/neo_mpo_500-2/install/neo_mpo_500-2/share/neo_mpo_500-2/package.zsh'
[3.427s] Level 1:colcon.colcon_core.environment:create_file_with_runtime_dependencies(/home/tch/mpo_500_workspace/src/neo_mpo_500-2/install/neo_mpo_500-2/share/colcon-core/packages/neo_mpo_500-2)
[3.428s] DEBUG:colcon.colcon_parallel_executor.executor.parallel:closing loop
[3.428s] DEBUG:colcon.colcon_parallel_executor.executor.parallel:loop closed
[3.428s] DEBUG:colcon.colcon_parallel_executor.executor.parallel:run_until_complete finished with '0'
[3.428s] DEBUG:colcon.colcon_core.event_reactor:joining thread
[3.461s] INFO:colcon.colcon_core.plugin_system:Skipping extension 'colcon_notification.desktop_notification.terminal_notifier': Not used on non-Darwin systems
[3.461s] INFO:colcon.colcon_core.plugin_system:Skipping extension 'colcon_notification.desktop_notification.win32': Not used on non-Windows systems
[3.461s] INFO:colcon.colcon_notification.desktop_notification:Sending desktop notification using 'notify2'
[3.477s] DEBUG:colcon.colcon_core.event_reactor:joined thread
[3.501s] INFO:colcon.colcon_core.shell:Creating prefix script '/home/tch/mpo_500_workspace/src/neo_mpo_500-2/install/local_setup.ps1'
[3.504s] INFO:colcon.colcon_core.shell:Creating prefix util module '/home/tch/mpo_500_workspace/src/neo_mpo_500-2/install/_local_setup_util_ps1.py'
[3.506s] INFO:colcon.colcon_core.shell:Creating prefix chain script '/home/tch/mpo_500_workspace/src/neo_mpo_500-2/install/setup.ps1'
[3.535s] INFO:colcon.colcon_core.shell:Creating prefix script '/home/tch/mpo_500_workspace/src/neo_mpo_500-2/install/local_setup.sh'
[3.536s] INFO:colcon.colcon_core.shell:Creating prefix util module '/home/tch/mpo_500_workspace/src/neo_mpo_500-2/install/_local_setup_util_sh.py'
[3.537s] INFO:colcon.colcon_core.shell:Creating prefix chain script '/home/tch/mpo_500_workspace/src/neo_mpo_500-2/install/setup.sh'
[3.565s] INFO:colcon.colcon_core.shell:Creating prefix script '/home/tch/mpo_500_workspace/src/neo_mpo_500-2/install/local_setup.bash'
[3.567s] INFO:colcon.colcon_core.shell:Creating prefix chain script '/home/tch/mpo_500_workspace/src/neo_mpo_500-2/install/setup.bash'
[3.595s] INFO:colcon.colcon_core.shell:Creating prefix script '/home/tch/mpo_500_workspace/src/neo_mpo_500-2/install/local_setup.zsh'
[3.596s] INFO:colcon.colcon_core.shell:Creating prefix chain script '/home/tch/mpo_500_workspace/src/neo_mpo_500-2/install/setup.zsh'
