[1.779s] DEBUG:colcon:Command line arguments: ['/usr/bin/colcon', 'build']
[1.780s] DEBUG:colcon:Parsed command line arguments: Namespace(log_base=None, log_level=None, verb_name='build', build_base='build', install_base='install', merge_install=False, symlink_install=False, test_result_base=None, continue_on_error=False, executor='parallel', parallel_workers=4, event_handlers=None, ignore_user_meta=False, metas=['./colcon.meta'], base_paths=['.'], packages_ignore=None, packages_ignore_regex=None, paths=None, packages_up_to=None, packages_up_to_regex=None, packages_above=None, packages_above_and_dependencies=None, packages_above_depth=None, packages_select_by_dep=None, packages_skip_by_dep=None, packages_skip_up_to=None, packages_select_build_failed=False, packages_skip_build_finished=False, packages_select_test_failures=False, packages_skip_test_passed=False, packages_select=None, packages_skip=None, packages_select_regex=None, packages_skip_regex=None, packages_start=None, packages_end=None, allow_overriding=[], cmake_args=None, cmake_target=None, cmake_target_skip_unavailable=False, cmake_clean_cache=False, cmake_clean_first=False, cmake_force_configure=False, ament_cmake_args=None, catkin_cmake_args=None, catkin_skip_building_tests=False, verb_parser=<colcon_defaults.argument_parser.defaults.DefaultArgumentsDecorator object at 0x7f8da59ccd30>, verb_extension=<colcon_core.verb.build.BuildVerb object at 0x7f8da59cd180>, main=<bound method BuildVerb.main of <colcon_core.verb.build.BuildVerb object at 0x7f8da59cd180>>)
[1.862s] Level 1:colcon.colcon_core.package_discovery:discover_packages(colcon_meta) check parameters
[1.862s] Level 1:colcon.colcon_core.package_discovery:discover_packages(recursive) check parameters
[1.862s] Level 1:colcon.colcon_core.package_discovery:discover_packages(ignore) check parameters
[1.862s] Level 1:colcon.colcon_core.package_discovery:discover_packages(path) check parameters
[1.862s] Level 1:colcon.colcon_core.package_discovery:discover_packages(colcon_meta) discover
[1.863s] Level 1:colcon.colcon_core.package_discovery:discover_packages(recursive) discover
[1.863s] INFO:colcon.colcon_core.package_discovery:Crawling recursively for packages in '/home/tch/mpo_500_workspace/src/libsurvive_ros2'
[1.863s] Level 1:colcon.colcon_core.package_identification:_identify(.) by extensions ['ignore', 'ignore_ament_install']
[1.863s] Level 1:colcon.colcon_core.package_identification:_identify(.) by extension 'ignore'
[1.863s] Level 1:colcon.colcon_core.package_identification:_identify(.) by extension 'ignore_ament_install'
[1.863s] Level 1:colcon.colcon_core.package_identification:_identify(.) by extensions ['colcon_pkg']
[1.863s] Level 1:colcon.colcon_core.package_identification:_identify(.) by extension 'colcon_pkg'
[1.863s] Level 1:colcon.colcon_core.package_identification:_identify(.) by extensions ['colcon_meta']
[1.863s] Level 1:colcon.colcon_core.package_identification:_identify(.) by extension 'colcon_meta'
[1.863s] Level 1:colcon.colcon_core.package_identification:_identify(.) by extensions ['ros']
[1.864s] Level 1:colcon.colcon_core.package_identification:_identify(.) by extension 'ros'
[1.884s] DEBUG:colcon.colcon_core.package_identification:Package '.' with type 'ros.ament_cmake' and name 'libsurvive_ros2'
[1.884s] Level 1:colcon.colcon_core.package_discovery:discover_packages(recursive) using defaults
[1.884s] Level 1:colcon.colcon_core.package_discovery:discover_packages(ignore) discover
[1.884s] Level 1:colcon.colcon_core.package_discovery:discover_packages(ignore) using defaults
[1.884s] Level 1:colcon.colcon_core.package_discovery:discover_packages(path) discover
[1.884s] Level 1:colcon.colcon_core.package_discovery:discover_packages(path) using defaults
[2.044s] Level 1:colcon.colcon_core.package_discovery:discover_packages(prefix_path) check parameters
[2.044s] Level 1:colcon.colcon_core.package_discovery:discover_packages(prefix_path) discover
[2.099s] DEBUG:colcon.colcon_installed_package_information.package_discovery:Found 1 installed packages in /home/tch/mpo_500_workspace/src/libsurvive_ros2/install
[2.125s] DEBUG:colcon.colcon_installed_package_information.package_discovery:Found 7 installed packages in /home/tch/neobotix_workspace/install
[2.152s] DEBUG:colcon.colcon_installed_package_information.package_discovery:Found 18 installed packages in /home/tch/mpo_500_workspace/install
[2.179s] DEBUG:colcon.colcon_installed_package_information.package_discovery:Found 1 installed packages in /home/tch/mpo_500_workspace/src/neo_mpo_500-2/install
[2.221s] DEBUG:colcon.colcon_installed_package_information.package_discovery:Found 1 installed packages in /home/tch/mpo_500_workspace/src/neo_kinematics_mecanum2/install
[2.247s] DEBUG:colcon.colcon_installed_package_information.package_discovery:Found 1 installed packages in /home/tch/laser_filters-ros2/install
[2.273s] DEBUG:colcon.colcon_installed_package_information.package_discovery:Found 1 installed packages in /home/tch/filters-ros2/install
[2.300s] DEBUG:colcon.colcon_installed_package_information.package_discovery:Found 1 installed packages in /home/tch/mpo_500_workspace/src/odrive_motor_op/install
[2.328s] DEBUG:colcon.colcon_installed_package_information.package_discovery:Found 331 installed packages in /opt/ros/humble
[2.331s] Level 1:colcon.colcon_core.package_discovery:discover_packages(prefix_path) using defaults
[2.507s] Level 5:colcon.colcon_core.verb:set package 'libsurvive_ros2' build argument 'cmake_args' from command line to 'None'
[2.507s] Level 5:colcon.colcon_core.verb:set package 'libsurvive_ros2' build argument 'cmake_target' from command line to 'None'
[2.507s] Level 5:colcon.colcon_core.verb:set package 'libsurvive_ros2' build argument 'cmake_target_skip_unavailable' from command line to 'False'
[2.507s] Level 5:colcon.colcon_core.verb:set package 'libsurvive_ros2' build argument 'cmake_clean_cache' from command line to 'False'
[2.507s] Level 5:colcon.colcon_core.verb:set package 'libsurvive_ros2' build argument 'cmake_clean_first' from command line to 'False'
[2.508s] Level 5:colcon.colcon_core.verb:set package 'libsurvive_ros2' build argument 'cmake_force_configure' from command line to 'False'
[2.508s] Level 5:colcon.colcon_core.verb:set package 'libsurvive_ros2' build argument 'ament_cmake_args' from command line to 'None'
[2.508s] Level 5:colcon.colcon_core.verb:set package 'libsurvive_ros2' build argument 'catkin_cmake_args' from command line to 'None'
[2.508s] Level 5:colcon.colcon_core.verb:set package 'libsurvive_ros2' build argument 'catkin_skip_building_tests' from command line to 'False'
[2.508s] DEBUG:colcon.colcon_core.verb:Building package 'libsurvive_ros2' with the following arguments: {'ament_cmake_args': None, 'build_base': '/home/tch/mpo_500_workspace/src/libsurvive_ros2/build/libsurvive_ros2', 'catkin_cmake_args': None, 'catkin_skip_building_tests': False, 'cmake_args': None, 'cmake_clean_cache': False, 'cmake_clean_first': False, 'cmake_force_configure': False, 'cmake_target': None, 'cmake_target_skip_unavailable': False, 'install_base': '/home/tch/mpo_500_workspace/src/libsurvive_ros2/install/libsurvive_ros2', 'merge_install': False, 'path': '/home/tch/mpo_500_workspace/src/libsurvive_ros2', 'symlink_install': False, 'test_result_base': None}
[2.534s] INFO:colcon.colcon_core.executor:Executing jobs using 'parallel' executor
[2.560s] DEBUG:colcon.colcon_parallel_executor.executor.parallel:run_until_complete
[2.561s] INFO:colcon.colcon_ros.task.ament_cmake.build:Building ROS package in '/home/tch/mpo_500_workspace/src/libsurvive_ros2' with build type 'ament_cmake'
[2.561s] INFO:colcon.colcon_cmake.task.cmake.build:Building CMake package in '/home/tch/mpo_500_workspace/src/libsurvive_ros2'
[2.591s] INFO:colcon.colcon_core.plugin_system:Skipping extension 'colcon_core.shell.bat': Not used on non-Windows systems
[2.591s] INFO:colcon.colcon_core.shell:Skip shell extension 'powershell' for command environment: Not usable outside of PowerShell
[2.591s] DEBUG:colcon.colcon_core.shell:Skip shell extension 'dsv' for command environment
[2.870s] DEBUG:colcon.colcon_core.event_handler.log_command:Invoking command in '/home/tch/mpo_500_workspace/src/libsurvive_ros2/build/libsurvive_ros2': CMAKE_PREFIX_PATH=${CMAKE_PREFIX_PATH}:/home/tch/mpo_500_workspace/install/odrive_motor_op:/home/tch/mpo_500_workspace/install/neo_nav2_py_costmap2D:/home/tch/mpo_500_workspace/src/odrive_motor_op/install/odrive_motor_op:/opt/ros/humble /usr/bin/cmake --build /home/tch/mpo_500_workspace/src/libsurvive_ros2/build/libsurvive_ros2 -- -j4 -l4
[16.231s] DEBUG:colcon.colcon_core.event_handler.log_command:Invoked command in '/home/tch/mpo_500_workspace/src/libsurvive_ros2/build/libsurvive_ros2' returned '0': CMAKE_PREFIX_PATH=${CMAKE_PREFIX_PATH}:/home/tch/mpo_500_workspace/install/odrive_motor_op:/home/tch/mpo_500_workspace/install/neo_nav2_py_costmap2D:/home/tch/mpo_500_workspace/src/odrive_motor_op/install/odrive_motor_op:/opt/ros/humble /usr/bin/cmake --build /home/tch/mpo_500_workspace/src/libsurvive_ros2/build/libsurvive_ros2 -- -j4 -l4
[16.291s] DEBUG:colcon.colcon_core.event_handler.log_command:Invoking command in '/home/tch/mpo_500_workspace/src/libsurvive_ros2/build/libsurvive_ros2': CMAKE_PREFIX_PATH=${CMAKE_PREFIX_PATH}:/home/tch/mpo_500_workspace/install/odrive_motor_op:/home/tch/mpo_500_workspace/install/neo_nav2_py_costmap2D:/home/tch/mpo_500_workspace/src/odrive_motor_op/install/odrive_motor_op:/opt/ros/humble /usr/bin/cmake --install /home/tch/mpo_500_workspace/src/libsurvive_ros2/build/libsurvive_ros2
[16.318s] Level 1:colcon.colcon_core.environment:create_environment_scripts_only(libsurvive_ros2)
[16.319s] DEBUG:colcon.colcon_core.event_handler.log_command:Invoked command in '/home/tch/mpo_500_workspace/src/libsurvive_ros2/build/libsurvive_ros2' returned '0': CMAKE_PREFIX_PATH=${CMAKE_PREFIX_PATH}:/home/tch/mpo_500_workspace/install/odrive_motor_op:/home/tch/mpo_500_workspace/install/neo_nav2_py_costmap2D:/home/tch/mpo_500_workspace/src/odrive_motor_op/install/odrive_motor_op:/opt/ros/humble /usr/bin/cmake --install /home/tch/mpo_500_workspace/src/libsurvive_ros2/build/libsurvive_ros2
[16.350s] Level 1:colcon.colcon_core.environment:checking '/home/tch/mpo_500_workspace/src/libsurvive_ros2/install/libsurvive_ros2' for CMake module files
[16.351s] Level 1:colcon.colcon_core.environment:checking '/home/tch/mpo_500_workspace/src/libsurvive_ros2/install/libsurvive_ros2' for CMake config files
[16.352s] Level 1:colcon.colcon_core.shell:create_environment_hook('libsurvive_ros2', 'cmake_prefix_path')
[16.378s] INFO:colcon.colcon_core.shell:Creating environment hook '/home/tch/mpo_500_workspace/src/libsurvive_ros2/install/libsurvive_ros2/share/libsurvive_ros2/hook/cmake_prefix_path.ps1'
[16.379s] INFO:colcon.colcon_core.shell:Creating environment descriptor '/home/tch/mpo_500_workspace/src/libsurvive_ros2/install/libsurvive_ros2/share/libsurvive_ros2/hook/cmake_prefix_path.dsv'
[16.379s] INFO:colcon.colcon_core.shell:Creating environment hook '/home/tch/mpo_500_workspace/src/libsurvive_ros2/install/libsurvive_ros2/share/libsurvive_ros2/hook/cmake_prefix_path.sh'
[16.381s] Level 1:colcon.colcon_core.environment:checking '/home/tch/mpo_500_workspace/src/libsurvive_ros2/install/libsurvive_ros2/lib'
[16.381s] Level 1:colcon.colcon_core.shell:create_environment_hook('libsurvive_ros2', 'ld_library_path_lib')
[16.410s] INFO:colcon.colcon_core.shell:Creating environment hook '/home/tch/mpo_500_workspace/src/libsurvive_ros2/install/libsurvive_ros2/share/libsurvive_ros2/hook/ld_library_path_lib.ps1'
[16.411s] INFO:colcon.colcon_core.shell:Creating environment descriptor '/home/tch/mpo_500_workspace/src/libsurvive_ros2/install/libsurvive_ros2/share/libsurvive_ros2/hook/ld_library_path_lib.dsv'
[16.411s] INFO:colcon.colcon_core.shell:Creating environment hook '/home/tch/mpo_500_workspace/src/libsurvive_ros2/install/libsurvive_ros2/share/libsurvive_ros2/hook/ld_library_path_lib.sh'
[16.412s] Level 1:colcon.colcon_core.environment:checking '/home/tch/mpo_500_workspace/src/libsurvive_ros2/install/libsurvive_ros2/bin'
[16.412s] Level 1:colcon.colcon_core.shell:create_environment_hook('libsurvive_ros2', 'path')
[16.441s] INFO:colcon.colcon_core.shell:Creating environment hook '/home/tch/mpo_500_workspace/src/libsurvive_ros2/install/libsurvive_ros2/share/libsurvive_ros2/hook/path.ps1'
[16.442s] INFO:colcon.colcon_core.shell:Creating environment descriptor '/home/tch/mpo_500_workspace/src/libsurvive_ros2/install/libsurvive_ros2/share/libsurvive_ros2/hook/path.dsv'
[16.443s] INFO:colcon.colcon_core.shell:Creating environment hook '/home/tch/mpo_500_workspace/src/libsurvive_ros2/install/libsurvive_ros2/share/libsurvive_ros2/hook/path.sh'
[16.443s] Level 1:colcon.colcon_core.environment:checking '/home/tch/mpo_500_workspace/src/libsurvive_ros2/install/libsurvive_ros2/lib/pkgconfig/libsurvive_ros2.pc'
[16.444s] Level 1:colcon.colcon_core.environment:checking '/home/tch/mpo_500_workspace/src/libsurvive_ros2/install/libsurvive_ros2/lib/python3.10/site-packages'
[16.444s] Level 1:colcon.colcon_core.environment:checking '/home/tch/mpo_500_workspace/src/libsurvive_ros2/install/libsurvive_ros2/bin'
[16.445s] Level 1:colcon.colcon_core.shell:create_environment_hook('libsurvive_ros2', 'pythonscriptspath')
[16.470s] INFO:colcon.colcon_core.shell:Creating environment hook '/home/tch/mpo_500_workspace/src/libsurvive_ros2/install/libsurvive_ros2/share/libsurvive_ros2/hook/pythonscriptspath.ps1'
[16.471s] INFO:colcon.colcon_core.shell:Creating environment descriptor '/home/tch/mpo_500_workspace/src/libsurvive_ros2/install/libsurvive_ros2/share/libsurvive_ros2/hook/pythonscriptspath.dsv'
[16.471s] INFO:colcon.colcon_core.shell:Creating environment hook '/home/tch/mpo_500_workspace/src/libsurvive_ros2/install/libsurvive_ros2/share/libsurvive_ros2/hook/pythonscriptspath.sh'
[16.500s] INFO:colcon.colcon_core.shell:Creating package script '/home/tch/mpo_500_workspace/src/libsurvive_ros2/install/libsurvive_ros2/share/libsurvive_ros2/package.ps1'
[16.502s] INFO:colcon.colcon_core.shell:Creating package descriptor '/home/tch/mpo_500_workspace/src/libsurvive_ros2/install/libsurvive_ros2/share/libsurvive_ros2/package.dsv'
[16.503s] INFO:colcon.colcon_core.shell:Creating package script '/home/tch/mpo_500_workspace/src/libsurvive_ros2/install/libsurvive_ros2/share/libsurvive_ros2/package.sh'
[16.504s] INFO:colcon.colcon_core.shell:Creating package script '/home/tch/mpo_500_workspace/src/libsurvive_ros2/install/libsurvive_ros2/share/libsurvive_ros2/package.bash'
[16.506s] INFO:colcon.colcon_core.shell:Creating package script '/home/tch/mpo_500_workspace/src/libsurvive_ros2/install/libsurvive_ros2/share/libsurvive_ros2/package.zsh'
[16.506s] Level 1:colcon.colcon_core.environment:create_file_with_runtime_dependencies(/home/tch/mpo_500_workspace/src/libsurvive_ros2/install/libsurvive_ros2/share/colcon-core/packages/libsurvive_ros2)
[16.578s] Level 1:colcon.colcon_core.environment:create_environment_scripts_only(libsurvive_ros2)
[16.603s] Level 1:colcon.colcon_core.environment:checking '/home/tch/mpo_500_workspace/src/libsurvive_ros2/install/libsurvive_ros2' for CMake module files
[16.604s] Level 1:colcon.colcon_core.environment:checking '/home/tch/mpo_500_workspace/src/libsurvive_ros2/install/libsurvive_ros2' for CMake config files
[16.605s] Level 1:colcon.colcon_core.shell:create_environment_hook('libsurvive_ros2', 'cmake_prefix_path')
[16.632s] INFO:colcon.colcon_core.shell:Creating environment hook '/home/tch/mpo_500_workspace/src/libsurvive_ros2/install/libsurvive_ros2/share/libsurvive_ros2/hook/cmake_prefix_path.ps1'
[16.633s] INFO:colcon.colcon_core.shell:Creating environment descriptor '/home/tch/mpo_500_workspace/src/libsurvive_ros2/install/libsurvive_ros2/share/libsurvive_ros2/hook/cmake_prefix_path.dsv'
[16.634s] INFO:colcon.colcon_core.shell:Creating environment hook '/home/tch/mpo_500_workspace/src/libsurvive_ros2/install/libsurvive_ros2/share/libsurvive_ros2/hook/cmake_prefix_path.sh'
[16.635s] Level 1:colcon.colcon_core.environment:checking '/home/tch/mpo_500_workspace/src/libsurvive_ros2/install/libsurvive_ros2/lib'
[16.635s] Level 1:colcon.colcon_core.shell:create_environment_hook('libsurvive_ros2', 'ld_library_path_lib')
[16.662s] INFO:colcon.colcon_core.shell:Creating environment hook '/home/tch/mpo_500_workspace/src/libsurvive_ros2/install/libsurvive_ros2/share/libsurvive_ros2/hook/ld_library_path_lib.ps1'
[16.663s] INFO:colcon.colcon_core.shell:Creating environment descriptor '/home/tch/mpo_500_workspace/src/libsurvive_ros2/install/libsurvive_ros2/share/libsurvive_ros2/hook/ld_library_path_lib.dsv'
[16.664s] INFO:colcon.colcon_core.shell:Creating environment hook '/home/tch/mpo_500_workspace/src/libsurvive_ros2/install/libsurvive_ros2/share/libsurvive_ros2/hook/ld_library_path_lib.sh'
[16.664s] Level 1:colcon.colcon_core.environment:checking '/home/tch/mpo_500_workspace/src/libsurvive_ros2/install/libsurvive_ros2/bin'
[16.665s] Level 1:colcon.colcon_core.shell:create_environment_hook('libsurvive_ros2', 'path')
[16.690s] INFO:colcon.colcon_core.shell:Creating environment hook '/home/tch/mpo_500_workspace/src/libsurvive_ros2/install/libsurvive_ros2/share/libsurvive_ros2/hook/path.ps1'
[16.690s] INFO:colcon.colcon_core.shell:Creating environment descriptor '/home/tch/mpo_500_workspace/src/libsurvive_ros2/install/libsurvive_ros2/share/libsurvive_ros2/hook/path.dsv'
[16.691s] INFO:colcon.colcon_core.shell:Creating environment hook '/home/tch/mpo_500_workspace/src/libsurvive_ros2/install/libsurvive_ros2/share/libsurvive_ros2/hook/path.sh'
[16.692s] Level 1:colcon.colcon_core.environment:checking '/home/tch/mpo_500_workspace/src/libsurvive_ros2/install/libsurvive_ros2/lib/pkgconfig/libsurvive_ros2.pc'
[16.692s] Level 1:colcon.colcon_core.environment:checking '/home/tch/mpo_500_workspace/src/libsurvive_ros2/install/libsurvive_ros2/lib/python3.10/site-packages'
[16.692s] Level 1:colcon.colcon_core.environment:checking '/home/tch/mpo_500_workspace/src/libsurvive_ros2/install/libsurvive_ros2/bin'
[16.693s] Level 1:colcon.colcon_core.shell:create_environment_hook('libsurvive_ros2', 'pythonscriptspath')
[16.720s] INFO:colcon.colcon_core.shell:Creating environment hook '/home/tch/mpo_500_workspace/src/libsurvive_ros2/install/libsurvive_ros2/share/libsurvive_ros2/hook/pythonscriptspath.ps1'
[16.721s] INFO:colcon.colcon_core.shell:Creating environment descriptor '/home/tch/mpo_500_workspace/src/libsurvive_ros2/install/libsurvive_ros2/share/libsurvive_ros2/hook/pythonscriptspath.dsv'
[16.722s] INFO:colcon.colcon_core.shell:Creating environment hook '/home/tch/mpo_500_workspace/src/libsurvive_ros2/install/libsurvive_ros2/share/libsurvive_ros2/hook/pythonscriptspath.sh'
[16.748s] INFO:colcon.colcon_core.shell:Creating package script '/home/tch/mpo_500_workspace/src/libsurvive_ros2/install/libsurvive_ros2/share/libsurvive_ros2/package.ps1'
[16.749s] INFO:colcon.colcon_core.shell:Creating package descriptor '/home/tch/mpo_500_workspace/src/libsurvive_ros2/install/libsurvive_ros2/share/libsurvive_ros2/package.dsv'
[16.750s] INFO:colcon.colcon_core.shell:Creating package script '/home/tch/mpo_500_workspace/src/libsurvive_ros2/install/libsurvive_ros2/share/libsurvive_ros2/package.sh'
[16.751s] INFO:colcon.colcon_core.shell:Creating package script '/home/tch/mpo_500_workspace/src/libsurvive_ros2/install/libsurvive_ros2/share/libsurvive_ros2/package.bash'
[16.752s] INFO:colcon.colcon_core.shell:Creating package script '/home/tch/mpo_500_workspace/src/libsurvive_ros2/install/libsurvive_ros2/share/libsurvive_ros2/package.zsh'
[16.752s] Level 1:colcon.colcon_core.environment:create_file_with_runtime_dependencies(/home/tch/mpo_500_workspace/src/libsurvive_ros2/install/libsurvive_ros2/share/colcon-core/packages/libsurvive_ros2)
[16.753s] DEBUG:colcon.colcon_parallel_executor.executor.parallel:closing loop
[16.753s] DEBUG:colcon.colcon_parallel_executor.executor.parallel:loop closed
[16.753s] DEBUG:colcon.colcon_parallel_executor.executor.parallel:run_until_complete finished with '0'
[16.754s] DEBUG:colcon.colcon_core.event_reactor:joining thread
[16.788s] INFO:colcon.colcon_core.plugin_system:Skipping extension 'colcon_notification.desktop_notification.terminal_notifier': Not used on non-Darwin systems
[16.789s] INFO:colcon.colcon_core.plugin_system:Skipping extension 'colcon_notification.desktop_notification.win32': Not used on non-Windows systems
[16.789s] INFO:colcon.colcon_notification.desktop_notification:Sending desktop notification using 'notify2'
[16.801s] DEBUG:colcon.colcon_core.event_reactor:joined thread
[16.827s] INFO:colcon.colcon_core.shell:Creating prefix script '/home/tch/mpo_500_workspace/src/libsurvive_ros2/install/local_setup.ps1'
[16.830s] INFO:colcon.colcon_core.shell:Creating prefix util module '/home/tch/mpo_500_workspace/src/libsurvive_ros2/install/_local_setup_util_ps1.py'
[16.832s] INFO:colcon.colcon_core.shell:Creating prefix chain script '/home/tch/mpo_500_workspace/src/libsurvive_ros2/install/setup.ps1'
[16.863s] INFO:colcon.colcon_core.shell:Creating prefix script '/home/tch/mpo_500_workspace/src/libsurvive_ros2/install/local_setup.sh'
[16.864s] INFO:colcon.colcon_core.shell:Creating prefix util module '/home/tch/mpo_500_workspace/src/libsurvive_ros2/install/_local_setup_util_sh.py'
[16.865s] INFO:colcon.colcon_core.shell:Creating prefix chain script '/home/tch/mpo_500_workspace/src/libsurvive_ros2/install/setup.sh'
[16.893s] INFO:colcon.colcon_core.shell:Creating prefix script '/home/tch/mpo_500_workspace/src/libsurvive_ros2/install/local_setup.bash'
[16.894s] INFO:colcon.colcon_core.shell:Creating prefix chain script '/home/tch/mpo_500_workspace/src/libsurvive_ros2/install/setup.bash'
[16.924s] INFO:colcon.colcon_core.shell:Creating prefix script '/home/tch/mpo_500_workspace/src/libsurvive_ros2/install/local_setup.zsh'
[16.925s] INFO:colcon.colcon_core.shell:Creating prefix chain script '/home/tch/mpo_500_workspace/src/libsurvive_ros2/install/setup.zsh'
