[0.140s] Invoking command in '/home/tch/mpo_500_workspace/src/rplidar_ros-ros2/build/rplidar_ros': CMAKE_PREFIX_PATH=${CMAKE_PREFIX_PATH}:/home/tch/mpo_500_workspace/install/odrive_motor_op:/home/tch/mpo_500_workspace/install/neo_nav2_py_costmap2D:/opt/ros/humble /usr/bin/cmake --build /home/tch/mpo_500_workspace/src/rplidar_ros-ros2/build/rplidar_ros -- -j4 -l4
[0.357s] [  5%] Built target rplidar_client
[0.366s] [100%] Built target rplidar_composition
[0.366s] [100%] Built target rplidar_node
[0.380s] Invoked command in '/home/tch/mpo_500_workspace/src/rplidar_ros-ros2/build/rplidar_ros' returned '0': CMAKE_PREFIX_PATH=${CMAKE_PREFIX_PATH}:/home/tch/mpo_500_workspace/install/odrive_motor_op:/home/tch/mpo_500_workspace/install/neo_nav2_py_costmap2D:/opt/ros/humble /usr/bin/cmake --build /home/tch/mpo_500_workspace/src/rplidar_ros-ros2/build/rplidar_ros -- -j4 -l4
[0.480s] Invoking command in '/home/tch/mpo_500_workspace/src/rplidar_ros-ros2/build/rplidar_ros': CMAKE_PREFIX_PATH=${CMAKE_PREFIX_PATH}:/home/tch/mpo_500_workspace/install/odrive_motor_op:/home/tch/mpo_500_workspace/install/neo_nav2_py_costmap2D:/opt/ros/humble /usr/bin/cmake --install /home/tch/mpo_500_workspace/src/rplidar_ros-ros2/build/rplidar_ros
[0.494s] -- Install configuration: ""
[0.495s] -- Up-to-date: /home/tch/mpo_500_workspace/src/rplidar_ros-ros2/install/rplidar_ros/share/rplidar_ros/launch
[0.496s] -- Up-to-date: /home/tch/mpo_500_workspace/src/rplidar_ros-ros2/install/rplidar_ros/share/rplidar_ros/launch/view_rplidar_s1_tcp_launch.py
[0.496s] -- Up-to-date: /home/tch/mpo_500_workspace/src/rplidar_ros-ros2/install/rplidar_ros/share/rplidar_ros/launch/view_rplidar_a2m8_launch.py
[0.496s] -- Up-to-date: /home/tch/mpo_500_workspace/src/rplidar_ros-ros2/install/rplidar_ros/share/rplidar_ros/launch/view_rplidar_a2m12_launch.py
[0.496s] -- Up-to-date: /home/tch/mpo_500_workspace/src/rplidar_ros-ros2/install/rplidar_ros/share/rplidar_ros/launch/view_rplidar_c1_launch.py
[0.497s] -- Up-to-date: /home/tch/mpo_500_workspace/src/rplidar_ros-ros2/install/rplidar_ros/share/rplidar_ros/launch/view_rplidar_a1_launch.py
[0.497s] -- Up-to-date: /home/tch/mpo_500_workspace/src/rplidar_ros-ros2/install/rplidar_ros/share/rplidar_ros/launch/view_rplidar_s1_launch.py
[0.497s] -- Up-to-date: /home/tch/mpo_500_workspace/src/rplidar_ros-ros2/install/rplidar_ros/share/rplidar_ros/launch/rplidar_s2_launch.py
[0.497s] -- Up-to-date: /home/tch/mpo_500_workspace/src/rplidar_ros-ros2/install/rplidar_ros/share/rplidar_ros/launch/rplidar_a2m12_launch.py
[0.497s] -- Up-to-date: /home/tch/mpo_500_workspace/src/rplidar_ros-ros2/install/rplidar_ros/share/rplidar_ros/launch/view_rplidar_s3_launch.py
[0.497s] -- Up-to-date: /home/tch/mpo_500_workspace/src/rplidar_ros-ros2/install/rplidar_ros/share/rplidar_ros/launch/view_rplidar_t1_launch.py
[0.498s] -- Up-to-date: /home/tch/mpo_500_workspace/src/rplidar_ros-ros2/install/rplidar_ros/share/rplidar_ros/launch/view_rplidar_s2e_launch.py
[0.498s] -- Up-to-date: /home/tch/mpo_500_workspace/src/rplidar_ros-ros2/install/rplidar_ros/share/rplidar_ros/launch/rplidar_a2m7_launch.py
[0.498s] -- Up-to-date: /home/tch/mpo_500_workspace/src/rplidar_ros-ros2/install/rplidar_ros/share/rplidar_ros/launch/rplidar_c1_launch.py
[0.498s] -- Up-to-date: /home/tch/mpo_500_workspace/src/rplidar_ros-ros2/install/rplidar_ros/share/rplidar_ros/launch/view_rplidar_s2_launch.py
[0.498s] -- Up-to-date: /home/tch/mpo_500_workspace/src/rplidar_ros-ros2/install/rplidar_ros/share/rplidar_ros/launch/rplidar_s2e_launch.py
[0.498s] -- Up-to-date: /home/tch/mpo_500_workspace/src/rplidar_ros-ros2/install/rplidar_ros/share/rplidar_ros/launch/rplidar_s1_tcp_launch.py
[0.499s] -- Up-to-date: /home/tch/mpo_500_workspace/src/rplidar_ros-ros2/install/rplidar_ros/share/rplidar_ros/launch/rplidar_t1_launch.py
[0.499s] -- Up-to-date: /home/tch/mpo_500_workspace/src/rplidar_ros-ros2/install/rplidar_ros/share/rplidar_ros/launch/rplidar_a2m8_launch.py
[0.499s] -- Up-to-date: /home/tch/mpo_500_workspace/src/rplidar_ros-ros2/install/rplidar_ros/share/rplidar_ros/launch/rplidar_s3_launch.py
[0.499s] -- Up-to-date: /home/tch/mpo_500_workspace/src/rplidar_ros-ros2/install/rplidar_ros/share/rplidar_ros/launch/rplidar_s1_launch.py
[0.499s] -- Up-to-date: /home/tch/mpo_500_workspace/src/rplidar_ros-ros2/install/rplidar_ros/share/rplidar_ros/launch/view_rplidar_a2m7_launch.py
[0.499s] -- Installing: /home/tch/mpo_500_workspace/src/rplidar_ros-ros2/install/rplidar_ros/share/rplidar_ros/launch/rplidar_a1_launch.py
[0.499s] -- Up-to-date: /home/tch/mpo_500_workspace/src/rplidar_ros-ros2/install/rplidar_ros/share/rplidar_ros/launch/rplidar_a3_launch.py
[0.500s] -- Up-to-date: /home/tch/mpo_500_workspace/src/rplidar_ros-ros2/install/rplidar_ros/share/rplidar_ros/launch/view_rplidar_a3_launch.py
[0.500s] -- Up-to-date: /home/tch/mpo_500_workspace/src/rplidar_ros-ros2/install/rplidar_ros/share/rplidar_ros/rviz
[0.500s] -- Up-to-date: /home/tch/mpo_500_workspace/src/rplidar_ros-ros2/install/rplidar_ros/share/rplidar_ros/rviz/rplidar_ros.rviz
[0.500s] -- Up-to-date: /home/tch/mpo_500_workspace/src/rplidar_ros-ros2/install/rplidar_ros/lib/rplidar_ros/rplidar_node
[0.502s] -- Up-to-date: /home/tch/mpo_500_workspace/src/rplidar_ros-ros2/install/rplidar_ros/lib/rplidar_ros/rplidar_composition
[0.504s] -- Up-to-date: /home/tch/mpo_500_workspace/src/rplidar_ros-ros2/install/rplidar_ros/lib/rplidar_ros/rplidar_client
[0.506s] -- Up-to-date: /home/tch/mpo_500_workspace/src/rplidar_ros-ros2/install/rplidar_ros/share/ament_index/resource_index/package_run_dependencies/rplidar_ros
[0.506s] -- Up-to-date: /home/tch/mpo_500_workspace/src/rplidar_ros-ros2/install/rplidar_ros/share/ament_index/resource_index/parent_prefix_path/rplidar_ros
[0.507s] -- Up-to-date: /home/tch/mpo_500_workspace/src/rplidar_ros-ros2/install/rplidar_ros/share/rplidar_ros/environment/ament_prefix_path.sh
[0.507s] -- Up-to-date: /home/tch/mpo_500_workspace/src/rplidar_ros-ros2/install/rplidar_ros/share/rplidar_ros/environment/ament_prefix_path.dsv
[0.508s] -- Up-to-date: /home/tch/mpo_500_workspace/src/rplidar_ros-ros2/install/rplidar_ros/share/rplidar_ros/environment/path.sh
[0.508s] -- Up-to-date: /home/tch/mpo_500_workspace/src/rplidar_ros-ros2/install/rplidar_ros/share/rplidar_ros/environment/path.dsv
[0.508s] -- Up-to-date: /home/tch/mpo_500_workspace/src/rplidar_ros-ros2/install/rplidar_ros/share/rplidar_ros/local_setup.bash
[0.508s] -- Up-to-date: /home/tch/mpo_500_workspace/src/rplidar_ros-ros2/install/rplidar_ros/share/rplidar_ros/local_setup.sh
[0.508s] -- Up-to-date: /home/tch/mpo_500_workspace/src/rplidar_ros-ros2/install/rplidar_ros/share/rplidar_ros/local_setup.zsh
[0.509s] -- Up-to-date: /home/tch/mpo_500_workspace/src/rplidar_ros-ros2/install/rplidar_ros/share/rplidar_ros/local_setup.dsv
[0.509s] -- Installing: /home/tch/mpo_500_workspace/src/rplidar_ros-ros2/install/rplidar_ros/share/rplidar_ros/package.dsv
[0.509s] -- Up-to-date: /home/tch/mpo_500_workspace/src/rplidar_ros-ros2/install/rplidar_ros/share/ament_index/resource_index/packages/rplidar_ros
[0.510s] -- Up-to-date: /home/tch/mpo_500_workspace/src/rplidar_ros-ros2/install/rplidar_ros/share/rplidar_ros/cmake/ament_cmake_export_dependencies-extras.cmake
[0.510s] -- Up-to-date: /home/tch/mpo_500_workspace/src/rplidar_ros-ros2/install/rplidar_ros/share/rplidar_ros/cmake/ament_cmake_export_include_directories-extras.cmake
[0.510s] -- Up-to-date: /home/tch/mpo_500_workspace/src/rplidar_ros-ros2/install/rplidar_ros/share/rplidar_ros/cmake/rplidar_rosConfig.cmake
[0.510s] -- Up-to-date: /home/tch/mpo_500_workspace/src/rplidar_ros-ros2/install/rplidar_ros/share/rplidar_ros/cmake/rplidar_rosConfig-version.cmake
[0.511s] -- Up-to-date: /home/tch/mpo_500_workspace/src/rplidar_ros-ros2/install/rplidar_ros/share/rplidar_ros/package.xml
[0.514s] Invoked command in '/home/tch/mpo_500_workspace/src/rplidar_ros-ros2/build/rplidar_ros' returned '0': CMAKE_PREFIX_PATH=${CMAKE_PREFIX_PATH}:/home/tch/mpo_500_workspace/install/odrive_motor_op:/home/tch/mpo_500_workspace/install/neo_nav2_py_costmap2D:/opt/ros/humble /usr/bin/cmake --install /home/tch/mpo_500_workspace/src/rplidar_ros-ros2/build/rplidar_ros
