[  8%] [34m[1mPerforming update step for 'libsurvive'[0m
From https://github.com/cntools/libsurvive
   9e3c6bc..1a540ac  master     -> origin/master
Previous HEAD position was 9e3c6bc Merge pull request #291 from caiom/fix_windows_dongle
HEAD is now at 1a540ac Merge pull request #299 from JulianGro/patch-1
[ 16%] [34m[1mNo patch step for 'libsurvive'[0m
[ 25%] [34m[1mPerforming configure step for 'libsurvive'[0m
[0m-- Option: DO_CORE_BUILD: OFF[0m
[0m-- Option: BUILD_STATIC: OFF[0m
[0m-- Option: USE_SINGLE_PRECISION: OFF[0m
[0m-- Option: ENABLE_WARNINGS_AS_ERRORS: OFF[0m
[0m-- Option: USE_HIDAPI: OFF[0m
[0m-- Option: USE_ASAN: OFF[0m
[0m-- Option: USE_MSAN: OFF[0m
[0m-- Option: ENABLE_TESTS: OFF[0m
[0m-- Option: USE_HEX_FLOAT_PRINTF: OFF[0m
[0m-- Option: USE_OPENCV: OFF[0m
[0m-- Option: USE_COLUMN_MAJOR_MATRICES: OFF[0m
[0m-- Option: USE_CPU_TUNE: OFF[0m
[0m-- Option: USE_OPENBLAS: [0m
[0m-- Option: BUILD_LH1_SUPPORT: ON[0m
[0m-- Option: BUILD_GATT_SUPPORT: [0m
[0m-- Option: BUILD_APPLICATIONS: ON[0m
[33mCMake Warning at libs/cnkalman/CMakeLists.txt:23 (find_package):
  By not providing "Findsciplot.cmake" in CMAKE_MODULE_PATH this project has
  asked CMake to find a package configuration file provided by "sciplot", but
  CMake did not find one.

  Could not find a package configuration file provided by "sciplot" with any
  of the following names:

    sciplotConfig.cmake
    sciplot-config.cmake

  Add the installation prefix of "sciplot" to CMAKE_PREFIX_PATH or set
  "sciplot_DIR" to a directory containing one of the above files.  If
  "sciplot" provides a separate development package or SDK, be sure it has
  been installed.

[0m
[0mCan't use sciplot...[0m
[0m-- CNMatrix option: DOWNLOAD_EIGEN: ON[0m
[0m-- CNMatrix option: USE_EIGEN: ON[0m
[0m-- CNMatrix option: USE_COLUMN_MAJOR_MATRICES: OFF[0m
[0m-- CNMatrix option: USE_SINGLE_PRECISION: OFF[0m
[0mFound system eigen[0m
[0m-- CNMatrix option: USE_OPENBLAS: OFF[0m
[0mFound cblas at /usr/lib/x86_64-linux-gnu/libcblas.so[0m
[0mFound openblas at /usr/lib/x86_64-linux-gnu/libopenblas.so[0m
[0mFound lapacke at /usr/lib/x86_64-linux-gnu/liblapacke.so[0m
[0mSearching for 'cblas.h'; found at /usr/include/x86_64-linux-gnu/cblas.h[0m
[0mUsing eigen backend[0m
[0mFound cblas at /usr/lib/x86_64-linux-gnu/libcblas.so[0m
[0mFound openblas at /usr/lib/x86_64-linux-gnu/libopenblas.so[0m
[0mFound lapacke at /usr/lib/x86_64-linux-gnu/liblapacke.so[0m
[0mSearching for 'cblas.h'; found at /usr/include/x86_64-linux-gnu/cblas.h[0m
[0mUsing eigen backend[0m
[0mUsing provided /home/tch/mpo_500_workspace/src/libsurvive_ros2/build/libsurvive_ros2/libsurvive-prefix/src/libsurvive/src/./generated/common_math.gen.h[0m
[0mUsing provided /home/tch/mpo_500_workspace/src/libsurvive_ros2/build/libsurvive_ros2/libsurvive-prefix/src/libsurvive/src/./generated/kalman_kinematics.gen.h[0m
[0mUsing provided /home/tch/mpo_500_workspace/src/libsurvive_ros2/build/libsurvive_ros2/libsurvive-prefix/src/libsurvive/src/./generated/lighthouse_model.gen.h[0m
[0mUsing provided /home/tch/mpo_500_workspace/src/libsurvive_ros2/build/libsurvive_ros2/libsurvive-prefix/src/libsurvive/src/./generated/imu_model.gen.h[0m
[0mUsing versioned libusb dir[0m
[0m-- Option: ENABLE_driver_dummy: ON[0m
[0m-- Option: ENABLE_driver_vive: ON[0m
[0m-- Option: ENABLE_driver_simulator: ON[0m
[0m-- Option: ENABLE_driver_playback: ON[0m
[0m-- Option: ENABLE_disambiguator_statebased: ON[0m
[0m-- Option: ENABLE_poser_dummy: ON[0m
[0m-- Option: ENABLE_poser_mpfit: ON[0m
[0m-- Option: ENABLE_poser_kalman_only: ON[0m
[0m-- Option: ENABLE_poser_barycentric_svd: ON[0m
[0m-- Option: ENABLE_driver_global_scene_solver: ON[0m
[0m-- Option: ENABLE_driver_udp: ON[0m
[0m-- Option: ENABLE_driver_usbmon: ON[0m
[0m-- Option: ENABLE_survive-cli: ON[0m
[0m-- Option: ENABLE_api_example: ON[0m
[0m-- Option: ENABLE_sensors-readout: ON[0m
[0m-- Option: ENABLE_survive-solver: ON[0m
[0m-- Option: ENABLE_survive-buttons: ON[0m
-- Configuring done
-- Generating done
-- Build files have been written to: /home/tch/mpo_500_workspace/src/libsurvive_ros2/build/libsurvive_ros2/libsurvive-prefix/src/libsurvive-build
[ 33%] [34m[1mPerforming build step for 'libsurvive'[0m
[35m[1mConsolidate compiler generated dependencies of target CNGFX[0m
[35m[1mConsolidate compiler generated dependencies of target cnmatrix[0m
[  4%] Built target CNGFX
[ 10%] Built target cnmatrix
[35m[1mConsolidate compiler generated dependencies of target mpfit[0m
[35m[1mConsolidate compiler generated dependencies of target cnkalman[0m
[ 12%] Built target mpfit
[ 19%] Built target cnkalman
[35m[1mConsolidate compiler generated dependencies of target survive[0m
[ 20%] [32mBuilding C object src/CMakeFiles/survive.dir/ootx_decoder.c.o[0m
[ 21%] [32mBuilding C object src/CMakeFiles/survive.dir/survive.c.o[0m
[ 22%] [32mBuilding C object src/CMakeFiles/survive.dir/poser_general_optimizer.c.o[0m
[ 23%] [32mBuilding C object src/CMakeFiles/survive.dir/poser.c.o[0m
[ 25%] [32mBuilding C object src/CMakeFiles/survive.dir/survive_buildinfo.c.o[0m
[ 26%] [32mBuilding C object src/CMakeFiles/survive.dir/survive_api.c.o[0m
[ 27%] [32mBuilding C object src/CMakeFiles/survive.dir/survive_config.c.o[0m
[ 28%] [32mBuilding C object src/CMakeFiles/survive.dir/survive_default_devices.c.o[0m
[ 29%] [32mBuilding C object src/CMakeFiles/survive.dir/survive_disambiguator.c.o[0m
[ 30%] [32mBuilding C object src/CMakeFiles/survive.dir/survive_driverman.c.o[0m
[ 31%] [32mBuilding C object src/CMakeFiles/survive.dir/survive_kalman_tracker.c.o[0m
[ 32%] [32mBuilding C object src/CMakeFiles/survive.dir/survive_optimizer.c.o[0m
[ 34%] [32mBuilding C object src/CMakeFiles/survive.dir/survive_recording.c.o[0m
[ 35%] [32mBuilding C object src/CMakeFiles/survive.dir/survive_plugins.c.o[0m
[01m[K/home/tch/mpo_500_workspace/src/libsurvive_ros2/build/libsurvive_ros2/libsurvive-prefix/src/libsurvive/src/survive_optimizer.c:1844:98:[m[K [01;35m[Kwarning: [m[Kargument 4 of type ‘[01m[Kconst double *[m[K’ declared as a pointer [[01;35m[K]8;;https://gcc.gnu.org/onlinedocs/gcc/Warning-Options.html#index-Warray-parameter=-Warray-parameter=]8;;[m[K]
 1844 | et_cam_up_vector(survive_optimizer *ctx, int i, FLT variance, [01;35m[Kconst FLT *up[m[K) {
      |                                                               [01;35m[K~~~~~~~~~~~^~[m[K

In file included from [01m[K/home/tch/mpo_500_workspace/src/libsurvive_ros2/build/libsurvive_ros2/libsurvive-prefix/src/libsurvive/src/survive_optimizer.c:3[m[K:
[01m[K/home/tch/mpo_500_workspace/src/libsurvive_ros2/build/libsurvive_ros2/libsurvive-prefix/src/libsurvive/include/libsurvive/survive_optimizer.h:278:132:[m[K [01;36m[Knote: [m[Kpreviously declared as an array ‘[01m[Kconst double[3][m[K’
  278 |                                                        [01;36m[Kconst LinmathVec3d up[m[K);
      |                                                        [01;36m[K~~~~~~~~~~~~~~~~~~~^~[m[K

[01m[K/home/tch/mpo_500_workspace/src/libsurvive_ros2/build/libsurvive_ros2/libsurvive-prefix/src/libsurvive/src/survive_optimizer.c:1859:98:[m[K [01;35m[Kwarning: [m[Kargument 4 of type ‘[01m[Kconst double *[m[K’ declared as a pointer [[01;35m[K]8;;https://gcc.gnu.org/onlinedocs/gcc/Warning-Options.html#index-Warray-parameter=-Warray-parameter=]8;;[m[K]
 1859 | et_obj_up_vector(survive_optimizer *ctx, int i, FLT variance, [01;35m[Kconst FLT *up[m[K) {
      |                                                               [01;35m[K~~~~~~~~~~~^~[m[K

In file included from [01m[K/home/tch/mpo_500_workspace/src/libsurvive_ros2/build/libsurvive_ros2/libsurvive-prefix/src/libsurvive/src/survive_optimizer.c:3[m[K:
[01m[K/home/tch/mpo_500_workspace/src/libsurvive_ros2/build/libsurvive_ros2/libsurvive-prefix/src/libsurvive/include/libsurvive/survive_optimizer.h:280:132:[m[K [01;36m[Knote: [m[Kpreviously declared as an array ‘[01m[Kconst double[3][m[K’
  280 |                                                        [01;36m[Kconst LinmathVec3d up[m[K);
      |                                                        [01;36m[K~~~~~~~~~~~~~~~~~~~^~[m[K

[ 36%] [32mBuilding C object src/CMakeFiles/survive.dir/survive_process.c.o[0m
[ 37%] [32mBuilding C object src/CMakeFiles/survive.dir/survive_process_gen2.c.o[0m
[ 38%] [32mBuilding C object src/CMakeFiles/survive.dir/survive_sensor_activations.c.o[0m
[ 39%] [32mBuilding C object src/CMakeFiles/survive.dir/survive_kalman_lighthouses.c.o[0m
[ 40%] [32mBuilding C object src/CMakeFiles/survive.dir/barycentric_svd/barycentric_svd.c.o[0m
[ 42%] [32mBuilding C object src/CMakeFiles/survive.dir/survive_reproject_gen2.c.o[0m
[ 43%] [32mBuilding C object src/CMakeFiles/survive.dir/survive_process_gen1.c.o[0m
[ 44%] [32mBuilding C object src/CMakeFiles/survive.dir/survive_reproject.c.o[0m
[ 45%] [32mBuilding C object src/CMakeFiles/survive.dir/lfsr.c.o[0m
[ 46%] [32mBuilding C object src/CMakeFiles/survive.dir/lfsr_lh2.c.o[0m
[ 47%] [32mBuilding C object src/CMakeFiles/survive.dir/survive_str.c.o[0m
[ 48%] [32mBuilding C object src/CMakeFiles/survive.dir/test_cases/str.c.o[0m
[ 50%] [32mBuilding C object src/CMakeFiles/survive.dir/survive_async_optimizer.c.o[0m
[ 51%] [32mBuilding C object src/CMakeFiles/survive.dir/__/redist/linmath.c.o[0m
[ 52%] [32mBuilding C object src/CMakeFiles/survive.dir/__/redist/puff.c.o[0m
[ 53%] [32mBuilding C object src/CMakeFiles/survive.dir/__/redist/symbol_enumerator.c.o[0m
[ 54%] [32mBuilding C object src/CMakeFiles/survive.dir/__/redist/jsmn.c.o[0m
[ 55%] [32mBuilding C object src/CMakeFiles/survive.dir/__/redist/json_helpers.c.o[0m
[ 56%] [32mBuilding C object src/CMakeFiles/survive.dir/__/redist/crc32.c.o[0m
[ 57%] [32m[1mLinking CXX shared library ../libsurvive.so[0m
[ 57%] Built target survive
[35m[1mConsolidate compiler generated dependencies of target driver_vive[0m
[35m[1mConsolidate compiler generated dependencies of target driver_dummy[0m
[35m[1mConsolidate compiler generated dependencies of target driver_playback[0m
[35m[1mConsolidate compiler generated dependencies of target driver_simulator[0m
[ 59%] [32m[1mLinking CXX shared library ../plugins/driver_playback.so[0m
[ 60%] [32m[1mLinking CXX shared library ../plugins/driver_vive.so[0m
[ 61%] [32m[1mLinking CXX shared library ../plugins/driver_dummy.so[0m
[ 62%] [32m[1mLinking CXX shared library ../plugins/driver_simulator.so[0m
[ 63%] Built target driver_dummy
[ 64%] Built target driver_vive
[ 65%] Built target driver_playback
[35m[1mConsolidate compiler generated dependencies of target poser_dummy[0m
[35m[1mConsolidate compiler generated dependencies of target disambiguator_statebased[0m
[35m[1mConsolidate compiler generated dependencies of target poser_mpfit[0m
[ 67%] Built target driver_simulator
[ 68%] [32m[1mLinking CXX shared library ../plugins/poser_dummy.so[0m
[ 69%] [32m[1mLinking CXX shared library ../plugins/disambiguator_statebased.so[0m
[35m[1mConsolidate compiler generated dependencies of target poser_kalman_only[0m
[ 70%] [32m[1mLinking CXX shared library ../plugins/poser_mpfit.so[0m
[ 71%] [32m[1mLinking CXX shared library ../plugins/poser_kalman_only.so[0m
[ 72%] Built target poser_dummy
[ 73%] Built target poser_mpfit
[ 75%] Built target poser_kalman_only
[35m[1mConsolidate compiler generated dependencies of target poser_barycentric_svd[0m
[ 76%] Built target disambiguator_statebased
[35m[1mConsolidate compiler generated dependencies of target driver_udp[0m
[35m[1mConsolidate compiler generated dependencies of target driver_global_scene_solver[0m
[ 77%] [32m[1mLinking CXX shared library ../plugins/driver_udp.so[0m
[35m[1mConsolidate compiler generated dependencies of target visualize_mpfit[0m
[ 78%] [32m[1mLinking CXX shared library ../plugins/poser_barycentric_svd.so[0m
[ 79%] [32m[1mLinking CXX shared library ../plugins/driver_global_scene_solver.so[0m
[ 80%] [32m[1mLinking CXX executable visualize_mpfit[0m
[ 81%] Built target driver_global_scene_solver
[ 82%] Built target driver_udp
[35m[1mConsolidate compiler generated dependencies of target driver_usbmon[0m
[ 84%] [32m[1mLinking CXX shared library ../plugins/driver_usbmon.so[0m
[ 86%] Built target poser_barycentric_svd
[ 87%] Built target visualize_mpfit
[ 88%] Built target driver_usbmon
[35m[1mConsolidate compiler generated dependencies of target survive-cli[0m
[35m[1mConsolidate compiler generated dependencies of target survive-solver[0m
[35m[1mConsolidate compiler generated dependencies of target sensors-readout[0m
[35m[1mConsolidate compiler generated dependencies of target api_example[0m
[ 89%] [32m[1mLinking CXX executable survive-solver[0m
[ 90%] [32m[1mLinking CXX executable survive-cli[0m
[ 92%] [32m[1mLinking CXX executable sensors-readout[0m
[ 93%] [32m[1mLinking CXX executable api_example[0m
[ 94%] Built target survive-solver
[ 95%] Built target survive-cli
[35m[1mConsolidate compiler generated dependencies of target survive-buttons[0m
[ 96%] [32m[1mLinking CXX executable survive-buttons[0m
[ 98%] Built target api_example
[ 98%] Built target sensors-readout
[100%] Built target survive-buttons
[ 41%] [34m[1mPerforming install step for 'libsurvive'[0m
[  4%] Built target CNGFX
[ 10%] Built target cnmatrix
[ 15%] Built target mpfit
[ 19%] Built target cnkalman
[35m[1mConsolidate compiler generated dependencies of target survive[0m
[ 57%] Built target survive
[ 60%] Built target driver_simulator
[ 62%] Built target driver_dummy
[ 64%] Built target driver_vive
[ 67%] Built target driver_playback
[ 69%] Built target disambiguator_statebased
[ 71%] Built target poser_dummy
[ 73%] Built target poser_kalman_only
[ 76%] Built target poser_mpfit
[ 78%] Built target driver_global_scene_solver
[ 81%] Built target poser_barycentric_svd
[ 84%] Built target driver_udp
[ 86%] Built target visualize_mpfit
[ 88%] Built target driver_usbmon
[ 90%] Built target sensors-readout
[ 93%] Built target survive-cli
[ 95%] Built target api_example
[ 97%] Built target survive-solver
[100%] Built target survive-buttons
[36mInstall the project...[0m
-- Install configuration: "Release"
-- Installing: /home/tch/mpo_500_workspace/src/libsurvive_ros2/build/libsurvive_ros2/libsurvive-install/bin/survive-cli
-- Set runtime path of "/home/tch/mpo_500_workspace/src/libsurvive_ros2/build/libsurvive_ros2/libsurvive-install/bin/survive-cli" to ""
-- Installing: /home/tch/mpo_500_workspace/src/libsurvive_ros2/build/libsurvive_ros2/libsurvive-install/bin/api_example
-- Set runtime path of "/home/tch/mpo_500_workspace/src/libsurvive_ros2/build/libsurvive_ros2/libsurvive-install/bin/api_example" to ""
-- Installing: /home/tch/mpo_500_workspace/src/libsurvive_ros2/build/libsurvive_ros2/libsurvive-install/bin/sensors-readout
-- Set runtime path of "/home/tch/mpo_500_workspace/src/libsurvive_ros2/build/libsurvive_ros2/libsurvive-install/bin/sensors-readout" to ""
-- Installing: /home/tch/mpo_500_workspace/src/libsurvive_ros2/build/libsurvive_ros2/libsurvive-install/bin/survive-solver
-- Set runtime path of "/home/tch/mpo_500_workspace/src/libsurvive_ros2/build/libsurvive_ros2/libsurvive-install/bin/survive-solver" to ""
-- Installing: /home/tch/mpo_500_workspace/src/libsurvive_ros2/build/libsurvive_ros2/libsurvive-install/bin/survive-buttons
-- Set runtime path of "/home/tch/mpo_500_workspace/src/libsurvive_ros2/build/libsurvive_ros2/libsurvive-install/bin/survive-buttons" to ""
-- Up-to-date: /home/tch/mpo_500_workspace/src/libsurvive_ros2/build/libsurvive_ros2/libsurvive-install/bin/survive-websocketd
-- Up-to-date: /home/tch/mpo_500_workspace/src/libsurvive_ros2/build/libsurvive_ros2/libsurvive-install/include/libsurvive
-- Up-to-date: /home/tch/mpo_500_workspace/src/libsurvive_ros2/build/libsurvive_ros2/libsurvive-install/include/libsurvive/survive_reproject_gen2.h
-- Up-to-date: /home/tch/mpo_500_workspace/src/libsurvive_ros2/build/libsurvive_ros2/libsurvive-install/include/libsurvive/poser.h
-- Up-to-date: /home/tch/mpo_500_workspace/src/libsurvive_ros2/build/libsurvive_ros2/libsurvive-install/include/libsurvive/survive_optimizer.h
-- Up-to-date: /home/tch/mpo_500_workspace/src/libsurvive_ros2/build/libsurvive_ros2/libsurvive-install/include/libsurvive/survive_types.h
-- Up-to-date: /home/tch/mpo_500_workspace/src/libsurvive_ros2/build/libsurvive_ros2/libsurvive-install/include/libsurvive/survive.h
-- Up-to-date: /home/tch/mpo_500_workspace/src/libsurvive_ros2/build/libsurvive_ros2/libsurvive-install/include/libsurvive/survive_reproject.h
-- Up-to-date: /home/tch/mpo_500_workspace/src/libsurvive_ros2/build/libsurvive_ros2/libsurvive-install/include/libsurvive/survive_hooks.h
-- Up-to-date: /home/tch/mpo_500_workspace/src/libsurvive_ros2/build/libsurvive_ros2/libsurvive-install/include/libsurvive/survive_api.h
-- Up-to-date: /home/tch/mpo_500_workspace/src/libsurvive_ros2/build/libsurvive_ros2/libsurvive-install/include/libsurvive/redist/CNFG3D.h
-- Up-to-date: /home/tch/mpo_500_workspace/src/libsurvive_ros2/build/libsurvive_ros2/libsurvive-install/include/libsurvive/redist/CNFGFunctions.h
-- Up-to-date: /home/tch/mpo_500_workspace/src/libsurvive_ros2/build/libsurvive_ros2/libsurvive-install/include/libsurvive/redist/CNFGRasterizer.h
-- Up-to-date: /home/tch/mpo_500_workspace/src/libsurvive_ros2/build/libsurvive_ros2/libsurvive-install/include/libsurvive/redist/crc32.h
-- Up-to-date: /home/tch/mpo_500_workspace/src/libsurvive_ros2/build/libsurvive_ros2/libsurvive-install/include/libsurvive/redist/dclapack.h
-- Up-to-date: /home/tch/mpo_500_workspace/src/libsurvive_ros2/build/libsurvive_ros2/libsurvive-install/include/libsurvive/redist/dclhelpers.h
-- Up-to-date: /home/tch/mpo_500_workspace/src/libsurvive_ros2/build/libsurvive_ros2/libsurvive-install/include/libsurvive/redist/dirent.windows.h
-- Up-to-date: /home/tch/mpo_500_workspace/src/libsurvive_ros2/build/libsurvive_ros2/libsurvive-install/include/libsurvive/redist/glutil.h
-- Up-to-date: /home/tch/mpo_500_workspace/src/libsurvive_ros2/build/libsurvive_ros2/libsurvive-install/include/libsurvive/redist/hidapi.h
-- Up-to-date: /home/tch/mpo_500_workspace/src/libsurvive_ros2/build/libsurvive_ros2/libsurvive-install/include/libsurvive/redist/jsmn.h
-- Up-to-date: /home/tch/mpo_500_workspace/src/libsurvive_ros2/build/libsurvive_ros2/libsurvive-install/include/libsurvive/redist/json_helpers.h
-- Up-to-date: /home/tch/mpo_500_workspace/src/libsurvive_ros2/build/libsurvive_ros2/libsurvive-install/include/libsurvive/redist/linmath.h
-- Up-to-date: /home/tch/mpo_500_workspace/src/libsurvive_ros2/build/libsurvive_ros2/libsurvive-install/include/libsurvive/redist/os_generic.h
-- Up-to-date: /home/tch/mpo_500_workspace/src/libsurvive_ros2/build/libsurvive_ros2/libsurvive-install/include/libsurvive/redist/os_generic.unix.h
-- Up-to-date: /home/tch/mpo_500_workspace/src/libsurvive_ros2/build/libsurvive_ros2/libsurvive-install/include/libsurvive/redist/os_generic.windows.h
-- Up-to-date: /home/tch/mpo_500_workspace/src/libsurvive_ros2/build/libsurvive_ros2/libsurvive-install/include/libsurvive/redist/puff.h
-- Up-to-date: /home/tch/mpo_500_workspace/src/libsurvive_ros2/build/libsurvive_ros2/libsurvive-install/include/libsurvive/redist/symbol_enumerator.h
-- Up-to-date: /home/tch/mpo_500_workspace/src/libsurvive_ros2/build/libsurvive_ros2/libsurvive-install/include/libsurvive/redist/variance.h
-- Up-to-date: /home/tch/mpo_500_workspace/src/libsurvive_ros2/build/libsurvive_ros2/libsurvive-install/lib/pkgconfig/survive.pc
-- Up-to-date: /home/tch/mpo_500_workspace/src/libsurvive_ros2/build/libsurvive_ros2/libsurvive-install/include/cnkalman
-- Up-to-date: /home/tch/mpo_500_workspace/src/libsurvive_ros2/build/libsurvive_ros2/libsurvive-install/include/cnkalman/generated_header.h
-- Up-to-date: /home/tch/mpo_500_workspace/src/libsurvive_ros2/build/libsurvive_ros2/libsurvive-install/include/cnkalman/ModelPlot.h
-- Up-to-date: /home/tch/mpo_500_workspace/src/libsurvive_ros2/build/libsurvive_ros2/libsurvive-install/include/cnkalman/kalman.h
-- Up-to-date: /home/tch/mpo_500_workspace/src/libsurvive_ros2/build/libsurvive_ros2/libsurvive-install/include/cnkalman/model.h
-- Up-to-date: /home/tch/mpo_500_workspace/src/libsurvive_ros2/build/libsurvive_ros2/libsurvive-install/include/cnkalman/numerical_diff.h
-- Up-to-date: /home/tch/mpo_500_workspace/src/libsurvive_ros2/build/libsurvive_ros2/libsurvive-install/lib/pkgconfig/cnkalman.pc
-- Up-to-date: /home/tch/mpo_500_workspace/src/libsurvive_ros2/build/libsurvive_ros2/libsurvive-install/include/cnmatrix
-- Up-to-date: /home/tch/mpo_500_workspace/src/libsurvive_ros2/build/libsurvive_ros2/libsurvive-install/include/cnmatrix/cn_matrix.h
-- Up-to-date: /home/tch/mpo_500_workspace/src/libsurvive_ros2/build/libsurvive_ros2/libsurvive-install/include/cnmatrix/cn_matrix.hpp
-- Up-to-date: /home/tch/mpo_500_workspace/src/libsurvive_ros2/build/libsurvive_ros2/libsurvive-install/include/cnmatrix/cn_matrix.eigen.h
-- Up-to-date: /home/tch/mpo_500_workspace/src/libsurvive_ros2/build/libsurvive_ros2/libsurvive-install/include/cnmatrix/cn_flt.h
-- Up-to-date: /home/tch/mpo_500_workspace/src/libsurvive_ros2/build/libsurvive_ros2/libsurvive-install/include/cnmatrix/cn_matrix.blas.h
-- Up-to-date: /home/tch/mpo_500_workspace/src/libsurvive_ros2/build/libsurvive_ros2/libsurvive-install/lib/pkgconfig/cnmatrix.pc
-- Up-to-date: /home/tch/mpo_500_workspace/src/libsurvive_ros2/build/libsurvive_ros2/libsurvive-install/lib/libcnmatrix.a
-- Up-to-date: /home/tch/mpo_500_workspace/src/libsurvive_ros2/build/libsurvive_ros2/libsurvive-install/lib/libcnkalman.a
-- Up-to-date: /home/tch/mpo_500_workspace/src/libsurvive_ros2/build/libsurvive_ros2/libsurvive-install/lib/libmpfit.a
-- Installing: /home/tch/mpo_500_workspace/src/libsurvive_ros2/build/libsurvive_ros2/libsurvive-install/lib/libsurvive/plugins/driver_dummy.so
-- Set runtime path of "/home/tch/mpo_500_workspace/src/libsurvive_ros2/build/libsurvive_ros2/libsurvive-install/lib/libsurvive/plugins/driver_dummy.so" to "$ORIGIN/../..:$ORIGIN"
-- Installing: /home/tch/mpo_500_workspace/src/libsurvive_ros2/build/libsurvive_ros2/libsurvive-install/lib/libsurvive/plugins/driver_vive.so
-- Set runtime path of "/home/tch/mpo_500_workspace/src/libsurvive_ros2/build/libsurvive_ros2/libsurvive-install/lib/libsurvive/plugins/driver_vive.so" to "$ORIGIN/../..:$ORIGIN"
-- Installing: /home/tch/mpo_500_workspace/src/libsurvive_ros2/build/libsurvive_ros2/libsurvive-install/lib/libsurvive/plugins/driver_simulator.so
-- Set runtime path of "/home/tch/mpo_500_workspace/src/libsurvive_ros2/build/libsurvive_ros2/libsurvive-install/lib/libsurvive/plugins/driver_simulator.so" to "$ORIGIN/../..:$ORIGIN"
-- Installing: /home/tch/mpo_500_workspace/src/libsurvive_ros2/build/libsurvive_ros2/libsurvive-install/lib/libsurvive/plugins/driver_playback.so
-- Set runtime path of "/home/tch/mpo_500_workspace/src/libsurvive_ros2/build/libsurvive_ros2/libsurvive-install/lib/libsurvive/plugins/driver_playback.so" to "$ORIGIN/../..:$ORIGIN"
-- Installing: /home/tch/mpo_500_workspace/src/libsurvive_ros2/build/libsurvive_ros2/libsurvive-install/lib/libsurvive/plugins/disambiguator_statebased.so
-- Set runtime path of "/home/tch/mpo_500_workspace/src/libsurvive_ros2/build/libsurvive_ros2/libsurvive-install/lib/libsurvive/plugins/disambiguator_statebased.so" to "$ORIGIN/../..:$ORIGIN"
-- Installing: /home/tch/mpo_500_workspace/src/libsurvive_ros2/build/libsurvive_ros2/libsurvive-install/lib/libsurvive/plugins/poser_dummy.so
-- Set runtime path of "/home/tch/mpo_500_workspace/src/libsurvive_ros2/build/libsurvive_ros2/libsurvive-install/lib/libsurvive/plugins/poser_dummy.so" to "$ORIGIN/../..:$ORIGIN"
-- Installing: /home/tch/mpo_500_workspace/src/libsurvive_ros2/build/libsurvive_ros2/libsurvive-install/lib/libsurvive/plugins/poser_mpfit.so
-- Set runtime path of "/home/tch/mpo_500_workspace/src/libsurvive_ros2/build/libsurvive_ros2/libsurvive-install/lib/libsurvive/plugins/poser_mpfit.so" to "$ORIGIN/../..:$ORIGIN"
-- Installing: /home/tch/mpo_500_workspace/src/libsurvive_ros2/build/libsurvive_ros2/libsurvive-install/lib/libsurvive/plugins/poser_kalman_only.so
-- Set runtime path of "/home/tch/mpo_500_workspace/src/libsurvive_ros2/build/libsurvive_ros2/libsurvive-install/lib/libsurvive/plugins/poser_kalman_only.so" to "$ORIGIN/../..:$ORIGIN"
-- Installing: /home/tch/mpo_500_workspace/src/libsurvive_ros2/build/libsurvive_ros2/libsurvive-install/lib/libsurvive/plugins/poser_barycentric_svd.so
-- Set runtime path of "/home/tch/mpo_500_workspace/src/libsurvive_ros2/build/libsurvive_ros2/libsurvive-install/lib/libsurvive/plugins/poser_barycentric_svd.so" to "$ORIGIN/../..:$ORIGIN"
-- Installing: /home/tch/mpo_500_workspace/src/libsurvive_ros2/build/libsurvive_ros2/libsurvive-install/lib/libsurvive/plugins/driver_global_scene_solver.so
-- Set runtime path of "/home/tch/mpo_500_workspace/src/libsurvive_ros2/build/libsurvive_ros2/libsurvive-install/lib/libsurvive/plugins/driver_global_scene_solver.so" to "$ORIGIN/../..:$ORIGIN"
-- Installing: /home/tch/mpo_500_workspace/src/libsurvive_ros2/build/libsurvive_ros2/libsurvive-install/lib/libsurvive/plugins/driver_udp.so
-- Set runtime path of "/home/tch/mpo_500_workspace/src/libsurvive_ros2/build/libsurvive_ros2/libsurvive-install/lib/libsurvive/plugins/driver_udp.so" to "$ORIGIN/../..:$ORIGIN"
-- Installing: /home/tch/mpo_500_workspace/src/libsurvive_ros2/build/libsurvive_ros2/libsurvive-install/lib/libsurvive/plugins/driver_usbmon.so
-- Set runtime path of "/home/tch/mpo_500_workspace/src/libsurvive_ros2/build/libsurvive_ros2/libsurvive-install/lib/libsurvive/plugins/driver_usbmon.so" to "$ORIGIN/../..:$ORIGIN"
-- Up-to-date: /home/tch/mpo_500_workspace/src/libsurvive_ros2/build/libsurvive_ros2/libsurvive-install/lib/libsurvive/plugins/driver_dummy.so
-- Up-to-date: /home/tch/mpo_500_workspace/src/libsurvive_ros2/build/libsurvive_ros2/libsurvive-install/lib/libsurvive/plugins/driver_vive.so
-- Up-to-date: /home/tch/mpo_500_workspace/src/libsurvive_ros2/build/libsurvive_ros2/libsurvive-install/lib/libsurvive/plugins/driver_simulator.so
-- Up-to-date: /home/tch/mpo_500_workspace/src/libsurvive_ros2/build/libsurvive_ros2/libsurvive-install/lib/libsurvive/plugins/driver_playback.so
-- Up-to-date: /home/tch/mpo_500_workspace/src/libsurvive_ros2/build/libsurvive_ros2/libsurvive-install/lib/libsurvive/plugins/disambiguator_statebased.so
-- Up-to-date: /home/tch/mpo_500_workspace/src/libsurvive_ros2/build/libsurvive_ros2/libsurvive-install/lib/libsurvive/plugins/poser_dummy.so
-- Up-to-date: /home/tch/mpo_500_workspace/src/libsurvive_ros2/build/libsurvive_ros2/libsurvive-install/lib/libsurvive/plugins/poser_mpfit.so
-- Up-to-date: /home/tch/mpo_500_workspace/src/libsurvive_ros2/build/libsurvive_ros2/libsurvive-install/lib/libsurvive/plugins/poser_kalman_only.so
-- Up-to-date: /home/tch/mpo_500_workspace/src/libsurvive_ros2/build/libsurvive_ros2/libsurvive-install/lib/libsurvive/plugins/poser_barycentric_svd.so
-- Up-to-date: /home/tch/mpo_500_workspace/src/libsurvive_ros2/build/libsurvive_ros2/libsurvive-install/lib/libsurvive/plugins/driver_global_scene_solver.so
-- Up-to-date: /home/tch/mpo_500_workspace/src/libsurvive_ros2/build/libsurvive_ros2/libsurvive-install/lib/libsurvive/plugins/driver_udp.so
-- Up-to-date: /home/tch/mpo_500_workspace/src/libsurvive_ros2/build/libsurvive_ros2/libsurvive-install/lib/libsurvive/plugins/driver_usbmon.so
-- Installing: /home/tch/mpo_500_workspace/src/libsurvive_ros2/build/libsurvive_ros2/libsurvive-install/lib/libsurvive.so.0.3
-- Up-to-date: /home/tch/mpo_500_workspace/src/libsurvive_ros2/build/libsurvive_ros2/libsurvive-install/lib/libsurvive.so.0
-- Up-to-date: /home/tch/mpo_500_workspace/src/libsurvive_ros2/build/libsurvive_ros2/libsurvive-install/lib/libsurvive.so
[ 50%] [34m[1mCompleted 'libsurvive'[0m
[ 66%] Built target libsurvive
[35m[1mConsolidate compiler generated dependencies of target libsurvive_ros2_component[0m
[ 83%] Built target libsurvive_ros2_component
[100%] Built target libsurvive_ros2_node
-- Install configuration: ""
-- Up-to-date: /home/tch/mpo_500_workspace/src/libsurvive_ros2/install/libsurvive_ros2/share/libsurvive_ros2/environment/library_path.sh
-- Up-to-date: /home/tch/mpo_500_workspace/src/libsurvive_ros2/install/libsurvive_ros2/share/libsurvive_ros2/environment/library_path.dsv
-- Up-to-date: /home/tch/mpo_500_workspace/src/libsurvive_ros2/install/libsurvive_ros2
-- Up-to-date: /home/tch/mpo_500_workspace/src/libsurvive_ros2/install/libsurvive_ros2/include
-- Up-to-date: /home/tch/mpo_500_workspace/src/libsurvive_ros2/install/libsurvive_ros2/include/cnkalman
-- Up-to-date: /home/tch/mpo_500_workspace/src/libsurvive_ros2/install/libsurvive_ros2/include/cnkalman/generated_header.h
-- Up-to-date: /home/tch/mpo_500_workspace/src/libsurvive_ros2/install/libsurvive_ros2/include/cnkalman/ModelPlot.h
-- Up-to-date: /home/tch/mpo_500_workspace/src/libsurvive_ros2/install/libsurvive_ros2/include/cnkalman/kalman.h
-- Up-to-date: /home/tch/mpo_500_workspace/src/libsurvive_ros2/install/libsurvive_ros2/include/cnkalman/model.h
-- Up-to-date: /home/tch/mpo_500_workspace/src/libsurvive_ros2/install/libsurvive_ros2/include/cnkalman/numerical_diff.h
-- Up-to-date: /home/tch/mpo_500_workspace/src/libsurvive_ros2/install/libsurvive_ros2/include/libsurvive
-- Up-to-date: /home/tch/mpo_500_workspace/src/libsurvive_ros2/install/libsurvive_ros2/include/libsurvive/redist
-- Up-to-date: /home/tch/mpo_500_workspace/src/libsurvive_ros2/install/libsurvive_ros2/include/libsurvive/redist/crc32.h
-- Up-to-date: /home/tch/mpo_500_workspace/src/libsurvive_ros2/install/libsurvive_ros2/include/libsurvive/redist/CNFG3D.h
-- Up-to-date: /home/tch/mpo_500_workspace/src/libsurvive_ros2/install/libsurvive_ros2/include/libsurvive/redist/json_helpers.h
-- Up-to-date: /home/tch/mpo_500_workspace/src/libsurvive_ros2/install/libsurvive_ros2/include/libsurvive/redist/glutil.h
-- Up-to-date: /home/tch/mpo_500_workspace/src/libsurvive_ros2/install/libsurvive_ros2/include/libsurvive/redist/variance.h
-- Up-to-date: /home/tch/mpo_500_workspace/src/libsurvive_ros2/install/libsurvive_ros2/include/libsurvive/redist/hidapi.h
-- Up-to-date: /home/tch/mpo_500_workspace/src/libsurvive_ros2/install/libsurvive_ros2/include/libsurvive/redist/os_generic.windows.h
-- Up-to-date: /home/tch/mpo_500_workspace/src/libsurvive_ros2/install/libsurvive_ros2/include/libsurvive/redist/CNFGFunctions.h
-- Up-to-date: /home/tch/mpo_500_workspace/src/libsurvive_ros2/install/libsurvive_ros2/include/libsurvive/redist/linmath.h
-- Up-to-date: /home/tch/mpo_500_workspace/src/libsurvive_ros2/install/libsurvive_ros2/include/libsurvive/redist/os_generic.unix.h
-- Up-to-date: /home/tch/mpo_500_workspace/src/libsurvive_ros2/install/libsurvive_ros2/include/libsurvive/redist/os_generic.h
-- Up-to-date: /home/tch/mpo_500_workspace/src/libsurvive_ros2/install/libsurvive_ros2/include/libsurvive/redist/jsmn.h
-- Up-to-date: /home/tch/mpo_500_workspace/src/libsurvive_ros2/install/libsurvive_ros2/include/libsurvive/redist/symbol_enumerator.h
-- Up-to-date: /home/tch/mpo_500_workspace/src/libsurvive_ros2/install/libsurvive_ros2/include/libsurvive/redist/dirent.windows.h
-- Up-to-date: /home/tch/mpo_500_workspace/src/libsurvive_ros2/install/libsurvive_ros2/include/libsurvive/redist/puff.h
-- Up-to-date: /home/tch/mpo_500_workspace/src/libsurvive_ros2/install/libsurvive_ros2/include/libsurvive/redist/dclapack.h
-- Up-to-date: /home/tch/mpo_500_workspace/src/libsurvive_ros2/install/libsurvive_ros2/include/libsurvive/redist/CNFGRasterizer.h
-- Up-to-date: /home/tch/mpo_500_workspace/src/libsurvive_ros2/install/libsurvive_ros2/include/libsurvive/redist/dclhelpers.h
-- Up-to-date: /home/tch/mpo_500_workspace/src/libsurvive_ros2/install/libsurvive_ros2/include/libsurvive/survive_reproject_gen2.h
-- Up-to-date: /home/tch/mpo_500_workspace/src/libsurvive_ros2/install/libsurvive_ros2/include/libsurvive/poser.h
-- Up-to-date: /home/tch/mpo_500_workspace/src/libsurvive_ros2/install/libsurvive_ros2/include/libsurvive/survive_optimizer.h
-- Up-to-date: /home/tch/mpo_500_workspace/src/libsurvive_ros2/install/libsurvive_ros2/include/libsurvive/survive_types.h
-- Up-to-date: /home/tch/mpo_500_workspace/src/libsurvive_ros2/install/libsurvive_ros2/include/libsurvive/survive.h
-- Up-to-date: /home/tch/mpo_500_workspace/src/libsurvive_ros2/install/libsurvive_ros2/include/libsurvive/survive_reproject.h
-- Up-to-date: /home/tch/mpo_500_workspace/src/libsurvive_ros2/install/libsurvive_ros2/include/libsurvive/survive_hooks.h
-- Up-to-date: /home/tch/mpo_500_workspace/src/libsurvive_ros2/install/libsurvive_ros2/include/libsurvive/survive_api.h
-- Up-to-date: /home/tch/mpo_500_workspace/src/libsurvive_ros2/install/libsurvive_ros2/include/cnmatrix
-- Up-to-date: /home/tch/mpo_500_workspace/src/libsurvive_ros2/install/libsurvive_ros2/include/cnmatrix/cn_matrix.h
-- Up-to-date: /home/tch/mpo_500_workspace/src/libsurvive_ros2/install/libsurvive_ros2/include/cnmatrix/cn_matrix.hpp
-- Up-to-date: /home/tch/mpo_500_workspace/src/libsurvive_ros2/install/libsurvive_ros2/include/cnmatrix/cn_matrix.eigen.h
-- Up-to-date: /home/tch/mpo_500_workspace/src/libsurvive_ros2/install/libsurvive_ros2/include/cnmatrix/cn_flt.h
-- Up-to-date: /home/tch/mpo_500_workspace/src/libsurvive_ros2/install/libsurvive_ros2/include/cnmatrix/cn_matrix.blas.h
-- Up-to-date: /home/tch/mpo_500_workspace/src/libsurvive_ros2/install/libsurvive_ros2/bin
-- Installing: /home/tch/mpo_500_workspace/src/libsurvive_ros2/install/libsurvive_ros2/bin/sensors-readout
-- Installing: /home/tch/mpo_500_workspace/src/libsurvive_ros2/install/libsurvive_ros2/bin/survive-cli
-- Installing: /home/tch/mpo_500_workspace/src/libsurvive_ros2/install/libsurvive_ros2/bin/survive-buttons
-- Up-to-date: /home/tch/mpo_500_workspace/src/libsurvive_ros2/install/libsurvive_ros2/bin/survive-websocketd
-- Installing: /home/tch/mpo_500_workspace/src/libsurvive_ros2/install/libsurvive_ros2/bin/api_example
-- Installing: /home/tch/mpo_500_workspace/src/libsurvive_ros2/install/libsurvive_ros2/bin/survive-solver
-- Up-to-date: /home/tch/mpo_500_workspace/src/libsurvive_ros2/install/libsurvive_ros2/lib
-- Up-to-date: /home/tch/mpo_500_workspace/src/libsurvive_ros2/install/libsurvive_ros2/lib/libsurvive.so
-- Up-to-date: /home/tch/mpo_500_workspace/src/libsurvive_ros2/install/libsurvive_ros2/lib/pkgconfig
-- Up-to-date: /home/tch/mpo_500_workspace/src/libsurvive_ros2/install/libsurvive_ros2/lib/pkgconfig/cnkalman.pc
-- Up-to-date: /home/tch/mpo_500_workspace/src/libsurvive_ros2/install/libsurvive_ros2/lib/pkgconfig/cnmatrix.pc
-- Up-to-date: /home/tch/mpo_500_workspace/src/libsurvive_ros2/install/libsurvive_ros2/lib/pkgconfig/survive.pc
-- Up-to-date: /home/tch/mpo_500_workspace/src/libsurvive_ros2/install/libsurvive_ros2/lib/libmpfit.a
-- Up-to-date: /home/tch/mpo_500_workspace/src/libsurvive_ros2/install/libsurvive_ros2/lib/libsurvive
-- Up-to-date: /home/tch/mpo_500_workspace/src/libsurvive_ros2/install/libsurvive_ros2/lib/libsurvive/plugins
-- Installing: /home/tch/mpo_500_workspace/src/libsurvive_ros2/install/libsurvive_ros2/lib/libsurvive/plugins/driver_playback.so
-- Installing: /home/tch/mpo_500_workspace/src/libsurvive_ros2/install/libsurvive_ros2/lib/libsurvive/plugins/driver_udp.so
-- Installing: /home/tch/mpo_500_workspace/src/libsurvive_ros2/install/libsurvive_ros2/lib/libsurvive/plugins/driver_global_scene_solver.so
-- Installing: /home/tch/mpo_500_workspace/src/libsurvive_ros2/install/libsurvive_ros2/lib/libsurvive/plugins/driver_usbmon.so
-- Installing: /home/tch/mpo_500_workspace/src/libsurvive_ros2/install/libsurvive_ros2/lib/libsurvive/plugins/poser_dummy.so
-- Installing: /home/tch/mpo_500_workspace/src/libsurvive_ros2/install/libsurvive_ros2/lib/libsurvive/plugins/driver_vive.so
-- Installing: /home/tch/mpo_500_workspace/src/libsurvive_ros2/install/libsurvive_ros2/lib/libsurvive/plugins/driver_simulator.so
-- Installing: /home/tch/mpo_500_workspace/src/libsurvive_ros2/install/libsurvive_ros2/lib/libsurvive/plugins/driver_dummy.so
-- Installing: /home/tch/mpo_500_workspace/src/libsurvive_ros2/install/libsurvive_ros2/lib/libsurvive/plugins/poser_mpfit.so
-- Installing: /home/tch/mpo_500_workspace/src/libsurvive_ros2/install/libsurvive_ros2/lib/libsurvive/plugins/poser_kalman_only.so
-- Installing: /home/tch/mpo_500_workspace/src/libsurvive_ros2/install/libsurvive_ros2/lib/libsurvive/plugins/poser_barycentric_svd.so
-- Installing: /home/tch/mpo_500_workspace/src/libsurvive_ros2/install/libsurvive_ros2/lib/libsurvive/plugins/disambiguator_statebased.so
-- Up-to-date: /home/tch/mpo_500_workspace/src/libsurvive_ros2/install/libsurvive_ros2/lib/libcnkalman.a
-- Up-to-date: /home/tch/mpo_500_workspace/src/libsurvive_ros2/install/libsurvive_ros2/lib/libsurvive.so.0
-- Up-to-date: /home/tch/mpo_500_workspace/src/libsurvive_ros2/install/libsurvive_ros2/lib/libcnmatrix.a
-- Installing: /home/tch/mpo_500_workspace/src/libsurvive_ros2/install/libsurvive_ros2/lib/libsurvive.so.0.3
-- Up-to-date: /home/tch/mpo_500_workspace/src/libsurvive_ros2/install/libsurvive_ros2/lib/liblibsurvive_ros2_component.so
-- Up-to-date: /home/tch/mpo_500_workspace/src/libsurvive_ros2/install/libsurvive_ros2/lib/libsurvive_ros2/libsurvive_ros2_node
-- Up-to-date: /home/tch/mpo_500_workspace/src/libsurvive_ros2/install/libsurvive_ros2/share/libsurvive_ros2/config
-- Up-to-date: /home/tch/mpo_500_workspace/src/libsurvive_ros2/install/libsurvive_ros2/share/libsurvive_ros2/config/config.json
-- Up-to-date: /home/tch/mpo_500_workspace/src/libsurvive_ros2/install/libsurvive_ros2/share/libsurvive_ros2/launch
-- Up-to-date: /home/tch/mpo_500_workspace/src/libsurvive_ros2/install/libsurvive_ros2/share/libsurvive_ros2/launch/libsurvive_ros2.launch.py
-- Up-to-date: /home/tch/mpo_500_workspace/src/libsurvive_ros2/install/libsurvive_ros2/share/ament_index/resource_index/package_run_dependencies/libsurvive_ros2
-- Up-to-date: /home/tch/mpo_500_workspace/src/libsurvive_ros2/install/libsurvive_ros2/share/ament_index/resource_index/parent_prefix_path/libsurvive_ros2
-- Up-to-date: /home/tch/mpo_500_workspace/src/libsurvive_ros2/install/libsurvive_ros2/share/libsurvive_ros2/environment/ament_prefix_path.sh
-- Up-to-date: /home/tch/mpo_500_workspace/src/libsurvive_ros2/install/libsurvive_ros2/share/libsurvive_ros2/environment/ament_prefix_path.dsv
-- Up-to-date: /home/tch/mpo_500_workspace/src/libsurvive_ros2/install/libsurvive_ros2/share/libsurvive_ros2/environment/path.sh
-- Up-to-date: /home/tch/mpo_500_workspace/src/libsurvive_ros2/install/libsurvive_ros2/share/libsurvive_ros2/environment/path.dsv
-- Up-to-date: /home/tch/mpo_500_workspace/src/libsurvive_ros2/install/libsurvive_ros2/share/libsurvive_ros2/local_setup.bash
-- Up-to-date: /home/tch/mpo_500_workspace/src/libsurvive_ros2/install/libsurvive_ros2/share/libsurvive_ros2/local_setup.sh
-- Up-to-date: /home/tch/mpo_500_workspace/src/libsurvive_ros2/install/libsurvive_ros2/share/libsurvive_ros2/local_setup.zsh
-- Up-to-date: /home/tch/mpo_500_workspace/src/libsurvive_ros2/install/libsurvive_ros2/share/libsurvive_ros2/local_setup.dsv
-- Installing: /home/tch/mpo_500_workspace/src/libsurvive_ros2/install/libsurvive_ros2/share/libsurvive_ros2/package.dsv
-- Up-to-date: /home/tch/mpo_500_workspace/src/libsurvive_ros2/install/libsurvive_ros2/share/ament_index/resource_index/packages/libsurvive_ros2
-- Up-to-date: /home/tch/mpo_500_workspace/src/libsurvive_ros2/install/libsurvive_ros2/share/ament_index/resource_index/rclcpp_components/libsurvive_ros2
-- Up-to-date: /home/tch/mpo_500_workspace/src/libsurvive_ros2/install/libsurvive_ros2/share/libsurvive_ros2/cmake/ament_cmake_export_include_directories-extras.cmake
-- Up-to-date: /home/tch/mpo_500_workspace/src/libsurvive_ros2/install/libsurvive_ros2/share/libsurvive_ros2/cmake/libsurvive_ros2Config.cmake
-- Up-to-date: /home/tch/mpo_500_workspace/src/libsurvive_ros2/install/libsurvive_ros2/share/libsurvive_ros2/cmake/libsurvive_ros2Config-version.cmake
-- Up-to-date: /home/tch/mpo_500_workspace/src/libsurvive_ros2/install/libsurvive_ros2/share/libsurvive_ros2/package.xml
