[0.301s] Invoking command in '/home/tch/mpo_500_workspace/src/libsurvive_ros2/build/libsurvive_ros2': CMAKE_PREFIX_PATH=${CMAKE_PREFIX_PATH}:/home/tch/mpo_500_workspace/install/odrive_motor_op:/home/tch/mpo_500_workspace/install/neo_nav2_py_costmap2D:/home/tch/mpo_500_workspace/src/odrive_motor_op/install/odrive_motor_op:/opt/ros/humble /usr/bin/cmake --build /home/tch/mpo_500_workspace/src/libsurvive_ros2/build/libsurvive_ros2 -- -j4 -l4
[0.380s] [  8%] [34m[1mPerforming update step for 'libsurvive'[0m
[0.912s] HEAD is now at 9e3c6bc Merge pull request #291 from caiom/fix_windows_dongle
[1.001s] [ 16%] [34m[1mNo patch step for 'libsurvive'[0m
[1.036s] [ 25%] [34m[1mPerforming configure step for 'libsurvive'[0m
[1.058s] [0m-- Option: DO_CORE_BUILD: OFF[0m
[1.058s] [0m-- Option: BUILD_STATIC: OFF[0m
[1.058s] [0m-- Option: USE_SINGLE_PRECISION: OFF[0m
[1.058s] [0m-- Option: ENABLE_WARNINGS_AS_ERRORS: OFF[0m
[1.058s] [0m-- Option: USE_HIDAPI: OFF[0m
[1.059s] [0m-- Option: USE_ASAN: OFF[0m
[1.059s] [0m-- Option: USE_MSAN: OFF[0m
[1.059s] [0m-- Option: ENABLE_TESTS: OFF[0m
[1.059s] [0m-- Option: USE_HEX_FLOAT_PRINTF: OFF[0m
[1.059s] [0m-- Option: USE_OPENCV: OFF[0m
[1.059s] [0m-- Option: USE_COLUMN_MAJOR_MATRICES: OFF[0m
[1.059s] [0m-- Option: USE_CPU_TUNE: OFF[0m
[1.063s] [0m-- Option: USE_OPENBLAS: [0m
[1.063s] [0m-- Option: BUILD_LH1_SUPPORT: ON[0m
[1.064s] [0m-- Option: BUILD_GATT_SUPPORT: [0m
[1.064s] [0m-- Option: BUILD_APPLICATIONS: ON[0m
[1.107s] [33mCMake Warning at libs/cnkalman/CMakeLists.txt:23 (find_package):
[1.107s]   By not providing "Findsciplot.cmake" in CMAKE_MODULE_PATH this project has
[1.107s]   asked CMake to find a package configuration file provided by "sciplot", but
[1.107s]   CMake did not find one.
[1.107s] 
[1.107s]   Could not find a package configuration file provided by "sciplot" with any
[1.107s]   of the following names:
[1.108s] 
[1.108s]     sciplotConfig.cmake
[1.108s]     sciplot-config.cmake
[1.108s] 
[1.108s]   Add the installation prefix of "sciplot" to CMAKE_PREFIX_PATH or set
[1.108s]   "sciplot_DIR" to a directory containing one of the above files.  If
[1.108s]   "sciplot" provides a separate development package or SDK, be sure it has
[1.108s]   been installed.
[1.108s] 
[1.108s] [0m
[1.108s] [0mCan't use sciplot...[0m
[1.113s] [0m-- CNMatrix option: DOWNLOAD_EIGEN: ON[0m
[1.113s] [0m-- CNMatrix option: USE_EIGEN: ON[0m
[1.113s] [0m-- CNMatrix option: USE_COLUMN_MAJOR_MATRICES: OFF[0m
[1.113s] [0m-- CNMatrix option: USE_SINGLE_PRECISION: OFF[0m
[1.115s] [0mFound system eigen[0m
[1.115s] [0m-- CNMatrix option: USE_OPENBLAS: OFF[0m
[1.118s] [0mFound cblas at /usr/lib/x86_64-linux-gnu/libcblas.so[0m
[1.118s] [0mFound openblas at /usr/lib/x86_64-linux-gnu/libopenblas.so[0m
[1.118s] [0mFound lapacke at /usr/lib/x86_64-linux-gnu/liblapacke.so[0m
[1.118s] [0mSearching for 'cblas.h'; found at /usr/include/x86_64-linux-gnu/cblas.h[0m
[1.118s] [0mUsing eigen backend[0m
[1.270s] [0mFound cblas at /usr/lib/x86_64-linux-gnu/libcblas.so[0m
[1.270s] [0mFound openblas at /usr/lib/x86_64-linux-gnu/libopenblas.so[0m
[1.271s] [0mFound lapacke at /usr/lib/x86_64-linux-gnu/liblapacke.so[0m
[1.271s] [0mSearching for 'cblas.h'; found at /usr/include/x86_64-linux-gnu/cblas.h[0m
[1.271s] [0mUsing eigen backend[0m
[1.271s] [0mUsing provided /home/tch/mpo_500_workspace/src/libsurvive_ros2/build/libsurvive_ros2/libsurvive-prefix/src/libsurvive/src/./generated/common_math.gen.h[0m
[1.271s] [0mUsing provided /home/tch/mpo_500_workspace/src/libsurvive_ros2/build/libsurvive_ros2/libsurvive-prefix/src/libsurvive/src/./generated/kalman_kinematics.gen.h[0m
[1.271s] [0mUsing provided /home/tch/mpo_500_workspace/src/libsurvive_ros2/build/libsurvive_ros2/libsurvive-prefix/src/libsurvive/src/./generated/lighthouse_model.gen.h[0m
[1.272s] [0mUsing provided /home/tch/mpo_500_workspace/src/libsurvive_ros2/build/libsurvive_ros2/libsurvive-prefix/src/libsurvive/src/./generated/imu_model.gen.h[0m
[1.288s] [0mUsing versioned libusb dir[0m
[1.288s] [0m-- Option: ENABLE_driver_dummy: ON[0m
[1.288s] [0m-- Option: ENABLE_driver_vive: ON[0m
[1.288s] [0m-- Option: ENABLE_driver_simulator: ON[0m
[1.288s] [0m-- Option: ENABLE_driver_playback: ON[0m
[1.289s] [0m-- Option: ENABLE_disambiguator_statebased: ON[0m
[1.289s] [0m-- Option: ENABLE_poser_dummy: ON[0m
[1.289s] [0m-- Option: ENABLE_poser_mpfit: ON[0m
[1.289s] [0m-- Option: ENABLE_poser_kalman_only: ON[0m
[1.289s] [0m-- Option: ENABLE_poser_barycentric_svd: ON[0m
[1.290s] [0m-- Option: ENABLE_driver_global_scene_solver: ON[0m
[1.290s] [0m-- Option: ENABLE_driver_udp: ON[0m
[1.290s] [0m-- Option: ENABLE_driver_usbmon: ON[0m
[1.310s] [0m-- Option: ENABLE_survive-cli: ON[0m
[1.310s] [0m-- Option: ENABLE_api_example: ON[0m
[1.310s] [0m-- Option: ENABLE_sensors-readout: ON[0m
[1.310s] [0m-- Option: ENABLE_survive-solver: ON[0m
[1.310s] [0m-- Option: ENABLE_survive-buttons: ON[0m
[1.314s] -- Configuring done
[1.401s] -- Generating done
[1.413s] -- Build files have been written to: /home/tch/mpo_500_workspace/src/libsurvive_ros2/build/libsurvive_ros2/libsurvive-prefix/src/libsurvive-build
[1.444s] [ 33%] [34m[1mPerforming build step for 'libsurvive'[0m
[1.500s] [35m[1mConsolidate compiler generated dependencies of target cnmatrix[0m
[1.501s] [35m[1mConsolidate compiler generated dependencies of target CNGFX[0m
[1.527s] [  4%] Built target CNGFX
[1.530s] [ 10%] Built target cnmatrix
[1.546s] [35m[1mConsolidate compiler generated dependencies of target mpfit[0m
[1.550s] [35m[1mConsolidate compiler generated dependencies of target cnkalman[0m
[1.571s] [ 12%] Built target mpfit
[1.577s] [ 19%] Built target cnkalman
[1.599s] [35m[1mConsolidate compiler generated dependencies of target survive[0m
[1.637s] [ 57%] Built target survive
[1.659s] [35m[1mConsolidate compiler generated dependencies of target driver_dummy[0m
[1.659s] [35m[1mConsolidate compiler generated dependencies of target driver_vive[0m
[1.665s] [35m[1mConsolidate compiler generated dependencies of target driver_simulator[0m
[1.685s] [35m[1mConsolidate compiler generated dependencies of target driver_playback[0m
[1.687s] [ 60%] Built target driver_dummy
[1.694s] [ 62%] Built target driver_simulator
[1.696s] [ 64%] Built target driver_vive
[1.711s] [35m[1mConsolidate compiler generated dependencies of target disambiguator_statebased[0m
[1.714s] [35m[1mConsolidate compiler generated dependencies of target poser_dummy[0m
[1.717s] [ 67%] Built target driver_playback
[1.738s] [ 69%] Built target poser_dummy
[1.741s] [35m[1mConsolidate compiler generated dependencies of target poser_kalman_only[0m
[1.747s] [35m[1mConsolidate compiler generated dependencies of target poser_mpfit[0m
[1.760s] [ 71%] Built target disambiguator_statebased
[1.767s] [35m[1mConsolidate compiler generated dependencies of target poser_barycentric_svd[0m
[1.781s] [35m[1mConsolidate compiler generated dependencies of target driver_global_scene_solver[0m
[1.785s] [ 73%] Built target poser_kalman_only
[1.788s] [ 76%] Built target poser_mpfit
[1.805s] [ 79%] Built target poser_barycentric_svd
[1.824s] [35m[1mConsolidate compiler generated dependencies of target driver_usbmon[0m
[1.826s] [35m[1mConsolidate compiler generated dependencies of target driver_udp[0m
[1.830s] [35m[1mConsolidate compiler generated dependencies of target visualize_mpfit[0m
[1.844s] [ 81%] Built target driver_global_scene_solver
[1.854s] [ 84%] Built target driver_udp
[1.859s] [ 86%] Built target driver_usbmon
[1.866s] [ 88%] Built target visualize_mpfit
[1.882s] [35m[1mConsolidate compiler generated dependencies of target survive-cli[0m
[1.885s] [35m[1mConsolidate compiler generated dependencies of target survive-solver[0m
[1.889s] [35m[1mConsolidate compiler generated dependencies of target api_example[0m
[1.898s] [35m[1mConsolidate compiler generated dependencies of target sensors-readout[0m
[1.918s] [ 90%] Built target api_example
[1.926s] [ 93%] Built target survive-solver
[1.930s] [ 95%] Built target survive-cli
[1.938s] [ 97%] Built target sensors-readout
[1.942s] [35m[1mConsolidate compiler generated dependencies of target survive-buttons[0m
[1.961s] [100%] Built target survive-buttons
[2.004s] [ 41%] [34m[1mPerforming install step for 'libsurvive'[0m
[2.072s] [  4%] Built target CNGFX
[2.078s] [ 10%] Built target cnmatrix
[2.112s] [ 12%] Built target mpfit
[2.113s] [ 19%] Built target cnkalman
[2.158s] [ 57%] Built target survive
[2.201s] [ 60%] Built target driver_vive
[2.206s] [ 62%] Built target driver_dummy
[2.208s] [ 64%] Built target driver_playback
[2.224s] [ 67%] Built target driver_simulator
[2.252s] [ 69%] Built target disambiguator_statebased
[2.253s] [ 71%] Built target poser_dummy
[2.257s] [ 73%] Built target poser_mpfit
[2.272s] [ 76%] Built target poser_kalman_only
[2.291s] [ 79%] Built target poser_barycentric_svd
[2.300s] [ 81%] Built target driver_global_scene_solver
[2.309s] [ 84%] Built target driver_udp
[2.324s] [ 86%] Built target visualize_mpfit
[2.336s] [ 88%] Built target driver_usbmon
[2.374s] [ 90%] Built target api_example
[2.375s] [ 93%] Built target sensors-readout
[2.379s] [ 95%] Built target survive-cli
[2.387s] [ 97%] Built target survive-solver
[2.417s] [100%] Built target survive-buttons
[2.449s] [36mInstall the project...[0m
[2.461s] -- Install configuration: "Release"
[2.461s] -- Up-to-date: /home/tch/mpo_500_workspace/src/libsurvive_ros2/build/libsurvive_ros2/libsurvive-install/bin/survive-cli
[2.462s] -- Up-to-date: /home/tch/mpo_500_workspace/src/libsurvive_ros2/build/libsurvive_ros2/libsurvive-install/bin/api_example
[2.462s] -- Up-to-date: /home/tch/mpo_500_workspace/src/libsurvive_ros2/build/libsurvive_ros2/libsurvive-install/bin/sensors-readout
[2.462s] -- Up-to-date: /home/tch/mpo_500_workspace/src/libsurvive_ros2/build/libsurvive_ros2/libsurvive-install/bin/survive-solver
[2.463s] -- Up-to-date: /home/tch/mpo_500_workspace/src/libsurvive_ros2/build/libsurvive_ros2/libsurvive-install/bin/survive-buttons
[2.463s] -- Up-to-date: /home/tch/mpo_500_workspace/src/libsurvive_ros2/build/libsurvive_ros2/libsurvive-install/bin/survive-websocketd
[2.463s] -- Up-to-date: /home/tch/mpo_500_workspace/src/libsurvive_ros2/build/libsurvive_ros2/libsurvive-install/include/libsurvive
[2.463s] -- Up-to-date: /home/tch/mpo_500_workspace/src/libsurvive_ros2/build/libsurvive_ros2/libsurvive-install/include/libsurvive/survive_reproject_gen2.h
[2.463s] -- Up-to-date: /home/tch/mpo_500_workspace/src/libsurvive_ros2/build/libsurvive_ros2/libsurvive-install/include/libsurvive/poser.h
[2.464s] -- Up-to-date: /home/tch/mpo_500_workspace/src/libsurvive_ros2/build/libsurvive_ros2/libsurvive-install/include/libsurvive/survive_optimizer.h
[2.465s] -- Up-to-date: /home/tch/mpo_500_workspace/src/libsurvive_ros2/build/libsurvive_ros2/libsurvive-install/include/libsurvive/survive_types.h
[2.465s] -- Up-to-date: /home/tch/mpo_500_workspace/src/libsurvive_ros2/build/libsurvive_ros2/libsurvive-install/include/libsurvive/survive.h
[2.466s] -- Up-to-date: /home/tch/mpo_500_workspace/src/libsurvive_ros2/build/libsurvive_ros2/libsurvive-install/include/libsurvive/survive_reproject.h
[2.466s] -- Up-to-date: /home/tch/mpo_500_workspace/src/libsurvive_ros2/build/libsurvive_ros2/libsurvive-install/include/libsurvive/survive_hooks.h
[2.466s] -- Up-to-date: /home/tch/mpo_500_workspace/src/libsurvive_ros2/build/libsurvive_ros2/libsurvive-install/include/libsurvive/survive_api.h
[2.466s] -- Up-to-date: /home/tch/mpo_500_workspace/src/libsurvive_ros2/build/libsurvive_ros2/libsurvive-install/include/libsurvive/redist/CNFG3D.h
[2.467s] -- Up-to-date: /home/tch/mpo_500_workspace/src/libsurvive_ros2/build/libsurvive_ros2/libsurvive-install/include/libsurvive/redist/CNFGFunctions.h
[2.467s] -- Up-to-date: /home/tch/mpo_500_workspace/src/libsurvive_ros2/build/libsurvive_ros2/libsurvive-install/include/libsurvive/redist/CNFGRasterizer.h
[2.467s] -- Up-to-date: /home/tch/mpo_500_workspace/src/libsurvive_ros2/build/libsurvive_ros2/libsurvive-install/include/libsurvive/redist/crc32.h
[2.467s] -- Up-to-date: /home/tch/mpo_500_workspace/src/libsurvive_ros2/build/libsurvive_ros2/libsurvive-install/include/libsurvive/redist/dclapack.h
[2.467s] -- Up-to-date: /home/tch/mpo_500_workspace/src/libsurvive_ros2/build/libsurvive_ros2/libsurvive-install/include/libsurvive/redist/dclhelpers.h
[2.467s] -- Up-to-date: /home/tch/mpo_500_workspace/src/libsurvive_ros2/build/libsurvive_ros2/libsurvive-install/include/libsurvive/redist/dirent.windows.h
[2.468s] -- Up-to-date: /home/tch/mpo_500_workspace/src/libsurvive_ros2/build/libsurvive_ros2/libsurvive-install/include/libsurvive/redist/glutil.h
[2.468s] -- Up-to-date: /home/tch/mpo_500_workspace/src/libsurvive_ros2/build/libsurvive_ros2/libsurvive-install/include/libsurvive/redist/hidapi.h
[2.468s] -- Up-to-date: /home/tch/mpo_500_workspace/src/libsurvive_ros2/build/libsurvive_ros2/libsurvive-install/include/libsurvive/redist/jsmn.h
[2.468s] -- Up-to-date: /home/tch/mpo_500_workspace/src/libsurvive_ros2/build/libsurvive_ros2/libsurvive-install/include/libsurvive/redist/json_helpers.h
[2.468s] -- Up-to-date: /home/tch/mpo_500_workspace/src/libsurvive_ros2/build/libsurvive_ros2/libsurvive-install/include/libsurvive/redist/linmath.h
[2.468s] -- Up-to-date: /home/tch/mpo_500_workspace/src/libsurvive_ros2/build/libsurvive_ros2/libsurvive-install/include/libsurvive/redist/os_generic.h
[2.468s] -- Up-to-date: /home/tch/mpo_500_workspace/src/libsurvive_ros2/build/libsurvive_ros2/libsurvive-install/include/libsurvive/redist/os_generic.unix.h
[2.468s] -- Up-to-date: /home/tch/mpo_500_workspace/src/libsurvive_ros2/build/libsurvive_ros2/libsurvive-install/include/libsurvive/redist/os_generic.windows.h
[2.469s] -- Up-to-date: /home/tch/mpo_500_workspace/src/libsurvive_ros2/build/libsurvive_ros2/libsurvive-install/include/libsurvive/redist/puff.h
[2.469s] -- Up-to-date: /home/tch/mpo_500_workspace/src/libsurvive_ros2/build/libsurvive_ros2/libsurvive-install/include/libsurvive/redist/symbol_enumerator.h
[2.469s] -- Up-to-date: /home/tch/mpo_500_workspace/src/libsurvive_ros2/build/libsurvive_ros2/libsurvive-install/include/libsurvive/redist/variance.h
[2.469s] -- Up-to-date: /home/tch/mpo_500_workspace/src/libsurvive_ros2/build/libsurvive_ros2/libsurvive-install/lib/pkgconfig/survive.pc
[2.469s] -- Up-to-date: /home/tch/mpo_500_workspace/src/libsurvive_ros2/build/libsurvive_ros2/libsurvive-install/include/cnkalman
[2.469s] -- Up-to-date: /home/tch/mpo_500_workspace/src/libsurvive_ros2/build/libsurvive_ros2/libsurvive-install/include/cnkalman/generated_header.h
[2.469s] -- Up-to-date: /home/tch/mpo_500_workspace/src/libsurvive_ros2/build/libsurvive_ros2/libsurvive-install/include/cnkalman/ModelPlot.h
[2.469s] -- Up-to-date: /home/tch/mpo_500_workspace/src/libsurvive_ros2/build/libsurvive_ros2/libsurvive-install/include/cnkalman/kalman.h
[2.470s] -- Up-to-date: /home/tch/mpo_500_workspace/src/libsurvive_ros2/build/libsurvive_ros2/libsurvive-install/include/cnkalman/model.h
[2.470s] -- Up-to-date: /home/tch/mpo_500_workspace/src/libsurvive_ros2/build/libsurvive_ros2/libsurvive-install/include/cnkalman/numerical_diff.h
[2.470s] -- Up-to-date: /home/tch/mpo_500_workspace/src/libsurvive_ros2/build/libsurvive_ros2/libsurvive-install/lib/pkgconfig/cnkalman.pc
[2.470s] -- Up-to-date: /home/tch/mpo_500_workspace/src/libsurvive_ros2/build/libsurvive_ros2/libsurvive-install/include/cnmatrix
[2.470s] -- Up-to-date: /home/tch/mpo_500_workspace/src/libsurvive_ros2/build/libsurvive_ros2/libsurvive-install/include/cnmatrix/cn_matrix.h
[2.470s] -- Up-to-date: /home/tch/mpo_500_workspace/src/libsurvive_ros2/build/libsurvive_ros2/libsurvive-install/include/cnmatrix/cn_matrix.hpp
[2.471s] -- Up-to-date: /home/tch/mpo_500_workspace/src/libsurvive_ros2/build/libsurvive_ros2/libsurvive-install/include/cnmatrix/cn_matrix.eigen.h
[2.471s] -- Up-to-date: /home/tch/mpo_500_workspace/src/libsurvive_ros2/build/libsurvive_ros2/libsurvive-install/include/cnmatrix/cn_flt.h
[2.471s] -- Up-to-date: /home/tch/mpo_500_workspace/src/libsurvive_ros2/build/libsurvive_ros2/libsurvive-install/include/cnmatrix/cn_matrix.blas.h
[2.471s] -- Up-to-date: /home/tch/mpo_500_workspace/src/libsurvive_ros2/build/libsurvive_ros2/libsurvive-install/lib/pkgconfig/cnmatrix.pc
[2.471s] -- Up-to-date: /home/tch/mpo_500_workspace/src/libsurvive_ros2/build/libsurvive_ros2/libsurvive-install/lib/libcnmatrix.a
[2.471s] -- Up-to-date: /home/tch/mpo_500_workspace/src/libsurvive_ros2/build/libsurvive_ros2/libsurvive-install/lib/libcnkalman.a
[2.471s] -- Up-to-date: /home/tch/mpo_500_workspace/src/libsurvive_ros2/build/libsurvive_ros2/libsurvive-install/lib/libmpfit.a
[2.471s] -- Up-to-date: /home/tch/mpo_500_workspace/src/libsurvive_ros2/build/libsurvive_ros2/libsurvive-install/lib/libsurvive/plugins/driver_dummy.so
[2.472s] -- Up-to-date: /home/tch/mpo_500_workspace/src/libsurvive_ros2/build/libsurvive_ros2/libsurvive-install/lib/libsurvive/plugins/driver_vive.so
[2.472s] -- Up-to-date: /home/tch/mpo_500_workspace/src/libsurvive_ros2/build/libsurvive_ros2/libsurvive-install/lib/libsurvive/plugins/driver_simulator.so
[2.472s] -- Up-to-date: /home/tch/mpo_500_workspace/src/libsurvive_ros2/build/libsurvive_ros2/libsurvive-install/lib/libsurvive/plugins/driver_playback.so
[2.472s] -- Up-to-date: /home/tch/mpo_500_workspace/src/libsurvive_ros2/build/libsurvive_ros2/libsurvive-install/lib/libsurvive/plugins/disambiguator_statebased.so
[2.472s] -- Up-to-date: /home/tch/mpo_500_workspace/src/libsurvive_ros2/build/libsurvive_ros2/libsurvive-install/lib/libsurvive/plugins/poser_dummy.so
[2.472s] -- Up-to-date: /home/tch/mpo_500_workspace/src/libsurvive_ros2/build/libsurvive_ros2/libsurvive-install/lib/libsurvive/plugins/poser_mpfit.so
[2.472s] -- Up-to-date: /home/tch/mpo_500_workspace/src/libsurvive_ros2/build/libsurvive_ros2/libsurvive-install/lib/libsurvive/plugins/poser_kalman_only.so
[2.472s] -- Up-to-date: /home/tch/mpo_500_workspace/src/libsurvive_ros2/build/libsurvive_ros2/libsurvive-install/lib/libsurvive/plugins/poser_barycentric_svd.so
[2.472s] -- Up-to-date: /home/tch/mpo_500_workspace/src/libsurvive_ros2/build/libsurvive_ros2/libsurvive-install/lib/libsurvive/plugins/driver_global_scene_solver.so
[2.472s] -- Up-to-date: /home/tch/mpo_500_workspace/src/libsurvive_ros2/build/libsurvive_ros2/libsurvive-install/lib/libsurvive/plugins/driver_udp.so
[2.473s] -- Up-to-date: /home/tch/mpo_500_workspace/src/libsurvive_ros2/build/libsurvive_ros2/libsurvive-install/lib/libsurvive/plugins/driver_usbmon.so
[2.473s] -- Up-to-date: /home/tch/mpo_500_workspace/src/libsurvive_ros2/build/libsurvive_ros2/libsurvive-install/lib/libsurvive/plugins/driver_dummy.so
[2.473s] -- Up-to-date: /home/tch/mpo_500_workspace/src/libsurvive_ros2/build/libsurvive_ros2/libsurvive-install/lib/libsurvive/plugins/driver_vive.so
[2.473s] -- Up-to-date: /home/tch/mpo_500_workspace/src/libsurvive_ros2/build/libsurvive_ros2/libsurvive-install/lib/libsurvive/plugins/driver_simulator.so
[2.473s] -- Up-to-date: /home/tch/mpo_500_workspace/src/libsurvive_ros2/build/libsurvive_ros2/libsurvive-install/lib/libsurvive/plugins/driver_playback.so
[2.473s] -- Up-to-date: /home/tch/mpo_500_workspace/src/libsurvive_ros2/build/libsurvive_ros2/libsurvive-install/lib/libsurvive/plugins/disambiguator_statebased.so
[2.473s] -- Up-to-date: /home/tch/mpo_500_workspace/src/libsurvive_ros2/build/libsurvive_ros2/libsurvive-install/lib/libsurvive/plugins/poser_dummy.so
[2.473s] -- Up-to-date: /home/tch/mpo_500_workspace/src/libsurvive_ros2/build/libsurvive_ros2/libsurvive-install/lib/libsurvive/plugins/poser_mpfit.so
[2.474s] -- Up-to-date: /home/tch/mpo_500_workspace/src/libsurvive_ros2/build/libsurvive_ros2/libsurvive-install/lib/libsurvive/plugins/poser_kalman_only.so
[2.474s] -- Up-to-date: /home/tch/mpo_500_workspace/src/libsurvive_ros2/build/libsurvive_ros2/libsurvive-install/lib/libsurvive/plugins/poser_barycentric_svd.so
[2.475s] -- Up-to-date: /home/tch/mpo_500_workspace/src/libsurvive_ros2/build/libsurvive_ros2/libsurvive-install/lib/libsurvive/plugins/driver_global_scene_solver.so
[2.476s] -- Up-to-date: /home/tch/mpo_500_workspace/src/libsurvive_ros2/build/libsurvive_ros2/libsurvive-install/lib/libsurvive/plugins/driver_udp.so
[2.476s] -- Up-to-date: /home/tch/mpo_500_workspace/src/libsurvive_ros2/build/libsurvive_ros2/libsurvive-install/lib/libsurvive/plugins/driver_usbmon.so
[2.476s] -- Up-to-date: /home/tch/mpo_500_workspace/src/libsurvive_ros2/build/libsurvive_ros2/libsurvive-install/lib/libsurvive.so.0.3
[2.477s] -- Up-to-date: /home/tch/mpo_500_workspace/src/libsurvive_ros2/build/libsurvive_ros2/libsurvive-install/lib/libsurvive.so.0
[2.477s] -- Up-to-date: /home/tch/mpo_500_workspace/src/libsurvive_ros2/build/libsurvive_ros2/libsurvive-install/lib/libsurvive.so
[2.504s] [ 50%] [34m[1mCompleted 'libsurvive'[0m
[2.555s] [ 66%] Built target libsurvive
[2.597s] [ 75%] [32mBuilding CXX object CMakeFiles/libsurvive_ros2_component.dir/src/component.cpp.o[0m
[2.927s] In file included from [01m[K/home/tch/mpo_500_workspace/src/libsurvive_ros2/src/component.cpp:27[m[K:
[2.927s] [01m[K/home/tch/mpo_500_workspace/src/libsurvive_ros2/include/libsurvive_ros2/component.hpp:53:10:[m[K [01;31m[Kfatal error: [m[Ktf2/Matrix3x3.h: No such file or directory
[2.927s]    53 | #include [01;31m[K<tf2/Matrix3x3.h>[m[K // Corrected include for Matrix3x3
[2.927s]       |          [01;31m[K^~~~~~~~~~~~~~~~~[m[K
[2.927s] compilation terminated.
[2.933s] gmake[2]: *** [CMakeFiles/libsurvive_ros2_component.dir/build.make:76: CMakeFiles/libsurvive_ros2_component.dir/src/component.cpp.o] Error 1
[2.933s] gmake[1]: *** [CMakeFiles/Makefile2:167: CMakeFiles/libsurvive_ros2_component.dir/all] Error 2
[2.933s] gmake: *** [Makefile:146: all] Error 2
[2.936s] Invoked command in '/home/tch/mpo_500_workspace/src/libsurvive_ros2/build/libsurvive_ros2' returned '2': CMAKE_PREFIX_PATH=${CMAKE_PREFIX_PATH}:/home/tch/mpo_500_workspace/install/odrive_motor_op:/home/tch/mpo_500_workspace/install/neo_nav2_py_costmap2D:/home/tch/mpo_500_workspace/src/odrive_motor_op/install/odrive_motor_op:/opt/ros/humble /usr/bin/cmake --build /home/tch/mpo_500_workspace/src/libsurvive_ros2/build/libsurvive_ros2 -- -j4 -l4
