[0.240s] Invoking command in '/home/tch/mpo_500_workspace/src/libsurvive_ros2/build/libsurvive_ros2': CMAKE_PREFIX_PATH=${CMAKE_PREFIX_PATH}:/home/tch/mpo_500_workspace/install/odrive_motor_op:/home/tch/mpo_500_workspace/install/neo_nav2_py_costmap2D:/home/tch/mpo_500_workspace/src/odrive_motor_op/install/odrive_motor_op:/opt/ros/humble /usr/bin/cmake --build /home/tch/mpo_500_workspace/src/libsurvive_ros2/build/libsurvive_ros2 -- -j4 -l4
[0.310s] [  8%] [34m[1mPerforming update step for 'libsurvive'[0m
[0.816s] HEAD is now at 9e3c6bc Merge pull request #291 from caiom/fix_windows_dongle
[0.899s] [ 16%] [34m[1mNo patch step for 'libsurvive'[0m
[0.933s] [ 25%] [34m[1mPerforming configure step for 'libsurvive'[0m
[0.953s] [0m-- Option: DO_CORE_BUILD: OFF[0m
[0.953s] [0m-- Option: BUILD_STATIC: OFF[0m
[0.953s] [0m-- Option: USE_SINGLE_PRECISION: OFF[0m
[0.953s] [0m-- Option: ENABLE_WARNINGS_AS_ERRORS: OFF[0m
[0.953s] [0m-- Option: USE_HIDAPI: OFF[0m
[0.953s] [0m-- Option: USE_ASAN: OFF[0m
[0.953s] [0m-- Option: USE_MSAN: OFF[0m
[0.953s] [0m-- Option: ENABLE_TESTS: OFF[0m
[0.954s] [0m-- Option: USE_HEX_FLOAT_PRINTF: OFF[0m
[0.954s] [0m-- Option: USE_OPENCV: OFF[0m
[0.954s] [0m-- Option: USE_COLUMN_MAJOR_MATRICES: OFF[0m
[0.954s] [0m-- Option: USE_CPU_TUNE: OFF[0m
[0.954s] [0m-- Option: USE_OPENBLAS: [0m
[0.954s] [0m-- Option: BUILD_LH1_SUPPORT: ON[0m
[0.956s] [0m-- Option: BUILD_GATT_SUPPORT: [0m
[0.956s] [0m-- Option: BUILD_APPLICATIONS: ON[0m
[0.995s] [33mCMake Warning at libs/cnkalman/CMakeLists.txt:23 (find_package):
[0.995s]   By not providing "Findsciplot.cmake" in CMAKE_MODULE_PATH this project has
[0.996s]   asked CMake to find a package configuration file provided by "sciplot", but
[0.996s]   CMake did not find one.
[0.996s] 
[0.996s]   Could not find a package configuration file provided by "sciplot" with any
[0.996s]   of the following names:
[0.996s] 
[0.996s]     sciplotConfig.cmake
[0.996s]     sciplot-config.cmake
[0.996s] 
[0.996s]   Add the installation prefix of "sciplot" to CMAKE_PREFIX_PATH or set
[0.996s]   "sciplot_DIR" to a directory containing one of the above files.  If
[0.997s]   "sciplot" provides a separate development package or SDK, be sure it has
[0.997s]   been installed.
[0.997s] 
[0.997s] [0m
[0.997s] [0mCan't use sciplot...[0m
[1.001s] [0m-- CNMatrix option: DOWNLOAD_EIGEN: ON[0m
[1.001s] [0m-- CNMatrix option: USE_EIGEN: ON[0m
[1.001s] [0m-- CNMatrix option: USE_COLUMN_MAJOR_MATRICES: OFF[0m
[1.001s] [0m-- CNMatrix option: USE_SINGLE_PRECISION: OFF[0m
[1.003s] [0mFound system eigen[0m
[1.003s] [0m-- CNMatrix option: USE_OPENBLAS: OFF[0m
[1.006s] [0mFound cblas at /usr/lib/x86_64-linux-gnu/libcblas.so[0m
[1.006s] [0mFound openblas at /usr/lib/x86_64-linux-gnu/libopenblas.so[0m
[1.006s] [0mFound lapacke at /usr/lib/x86_64-linux-gnu/liblapacke.so[0m
[1.006s] [0mSearching for 'cblas.h'; found at /usr/include/x86_64-linux-gnu/cblas.h[0m
[1.006s] [0mUsing eigen backend[0m
[1.140s] [0mFound cblas at /usr/lib/x86_64-linux-gnu/libcblas.so[0m
[1.140s] [0mFound openblas at /usr/lib/x86_64-linux-gnu/libopenblas.so[0m
[1.140s] [0mFound lapacke at /usr/lib/x86_64-linux-gnu/liblapacke.so[0m
[1.140s] [0mSearching for 'cblas.h'; found at /usr/include/x86_64-linux-gnu/cblas.h[0m
[1.140s] [0mUsing eigen backend[0m
[1.141s] [0mUsing provided /home/tch/mpo_500_workspace/src/libsurvive_ros2/build/libsurvive_ros2/libsurvive-prefix/src/libsurvive/src/./generated/common_math.gen.h[0m
[1.141s] [0mUsing provided /home/tch/mpo_500_workspace/src/libsurvive_ros2/build/libsurvive_ros2/libsurvive-prefix/src/libsurvive/src/./generated/kalman_kinematics.gen.h[0m
[1.141s] [0mUsing provided /home/tch/mpo_500_workspace/src/libsurvive_ros2/build/libsurvive_ros2/libsurvive-prefix/src/libsurvive/src/./generated/lighthouse_model.gen.h[0m
[1.141s] [0mUsing provided /home/tch/mpo_500_workspace/src/libsurvive_ros2/build/libsurvive_ros2/libsurvive-prefix/src/libsurvive/src/./generated/imu_model.gen.h[0m
[1.156s] [0mUsing versioned libusb dir[0m
[1.157s] [0m-- Option: ENABLE_driver_dummy: ON[0m
[1.157s] [0m-- Option: ENABLE_driver_vive: ON[0m
[1.157s] [0m-- Option: ENABLE_driver_simulator: ON[0m
[1.157s] [0m-- Option: ENABLE_driver_playback: ON[0m
[1.157s] [0m-- Option: ENABLE_disambiguator_statebased: ON[0m
[1.157s] [0m-- Option: ENABLE_poser_dummy: ON[0m
[1.158s] [0m-- Option: ENABLE_poser_mpfit: ON[0m
[1.158s] [0m-- Option: ENABLE_poser_kalman_only: ON[0m
[1.158s] [0m-- Option: ENABLE_poser_barycentric_svd: ON[0m
[1.158s] [0m-- Option: ENABLE_driver_global_scene_solver: ON[0m
[1.158s] [0m-- Option: ENABLE_driver_udp: ON[0m
[1.159s] [0m-- Option: ENABLE_driver_usbmon: ON[0m
[1.177s] [0m-- Option: ENABLE_survive-cli: ON[0m
[1.177s] [0m-- Option: ENABLE_api_example: ON[0m
[1.177s] [0m-- Option: ENABLE_sensors-readout: ON[0m
[1.177s] [0m-- Option: ENABLE_survive-solver: ON[0m
[1.178s] [0m-- Option: ENABLE_survive-buttons: ON[0m
[1.181s] -- Configuring done
[1.256s] -- Generating done
[1.265s] -- Build files have been written to: /home/tch/mpo_500_workspace/src/libsurvive_ros2/build/libsurvive_ros2/libsurvive-prefix/src/libsurvive-build
[1.294s] [ 33%] [34m[1mPerforming build step for 'libsurvive'[0m
[1.340s] [35m[1mConsolidate compiler generated dependencies of target CNGFX[0m
[1.341s] [35m[1mConsolidate compiler generated dependencies of target cnmatrix[0m
[1.358s] [  4%] Built target CNGFX
[1.366s] [ 10%] Built target cnmatrix
[1.381s] [35m[1mConsolidate compiler generated dependencies of target mpfit[0m
[1.381s] [35m[1mConsolidate compiler generated dependencies of target cnkalman[0m
[1.397s] [ 12%] Built target mpfit
[1.404s] [ 19%] Built target cnkalman
[1.424s] [35m[1mConsolidate compiler generated dependencies of target survive[0m
[1.460s] [ 57%] Built target survive
[1.475s] [35m[1mConsolidate compiler generated dependencies of target driver_dummy[0m
[1.477s] [35m[1mConsolidate compiler generated dependencies of target driver_simulator[0m
[1.477s] [35m[1mConsolidate compiler generated dependencies of target driver_playback[0m
[1.485s] [35m[1mConsolidate compiler generated dependencies of target driver_vive[0m
[1.501s] [ 60%] Built target driver_dummy
[1.502s] [ 62%] Built target driver_simulator
[1.505s] [ 64%] Built target driver_playback
[1.514s] [ 67%] Built target driver_vive
[1.519s] [35m[1mConsolidate compiler generated dependencies of target disambiguator_statebased[0m
[1.528s] [35m[1mConsolidate compiler generated dependencies of target poser_dummy[0m
[1.534s] [35m[1mConsolidate compiler generated dependencies of target poser_mpfit[0m
[1.543s] [35m[1mConsolidate compiler generated dependencies of target poser_kalman_only[0m
[1.555s] [ 71%] Built target poser_dummy
[1.555s] [ 71%] Built target disambiguator_statebased
[1.556s] [ 73%] Built target poser_mpfit
[1.571s] [35m[1mConsolidate compiler generated dependencies of target driver_global_scene_solver[0m
[1.571s] [35m[1mConsolidate compiler generated dependencies of target poser_barycentric_svd[0m
[1.573s] [ 76%] Built target poser_kalman_only
[1.584s] [35m[1mConsolidate compiler generated dependencies of target driver_udp[0m
[1.592s] [ 79%] Built target poser_barycentric_svd
[1.592s] [35m[1mConsolidate compiler generated dependencies of target visualize_mpfit[0m
[1.598s] [ 81%] Built target driver_global_scene_solver
[1.617s] [ 84%] Built target driver_udp
[1.620s] [35m[1mConsolidate compiler generated dependencies of target driver_usbmon[0m
[1.622s] [ 86%] Built target visualize_mpfit
[1.641s] [ 88%] Built target driver_usbmon
[1.656s] [35m[1mConsolidate compiler generated dependencies of target survive-cli[0m
[1.658s] [35m[1mConsolidate compiler generated dependencies of target api_example[0m
[1.660s] [35m[1mConsolidate compiler generated dependencies of target sensors-readout[0m
[1.666s] [35m[1mConsolidate compiler generated dependencies of target survive-solver[0m
[1.678s] [ 90%] Built target survive-cli
[1.682s] [ 93%] Built target api_example
[1.683s] [ 95%] Built target sensors-readout
[1.691s] [ 97%] Built target survive-solver
[1.698s] [35m[1mConsolidate compiler generated dependencies of target survive-buttons[0m
[1.715s] [100%] Built target survive-buttons
[1.753s] [ 41%] [34m[1mPerforming install step for 'libsurvive'[0m
[1.813s] [  4%] Built target CNGFX
[1.817s] [ 10%] Built target cnmatrix
[1.846s] [ 12%] Built target mpfit
[1.847s] [ 19%] Built target cnkalman
[1.888s] [ 57%] Built target survive
[1.920s] [ 61%] Built target driver_dummy
[1.920s] [ 62%] Built target driver_vive
[1.927s] [ 64%] Built target driver_playback
[1.929s] [ 67%] Built target driver_simulator
[1.954s] [ 71%] Built target disambiguator_statebased
[1.955s] [ 71%] Built target poser_dummy
[1.961s] [ 73%] Built target poser_mpfit
[1.965s] [ 76%] Built target poser_kalman_only
[1.990s] [ 79%] Built target poser_barycentric_svd
[1.992s] [ 81%] Built target driver_global_scene_solver
[1.995s] [ 84%] Built target driver_udp
[2.002s] [ 86%] Built target visualize_mpfit
[2.021s] [ 88%] Built target driver_usbmon
[2.055s] [ 95%] Built target sensors-readout
[2.055s] [ 96%] Built target survive-solver
[2.056s] [ 96%] Built target api_example
[2.056s] [ 97%] Built target survive-cli
[2.086s] [100%] Built target survive-buttons
[2.115s] [36mInstall the project...[0m
[2.128s] -- Install configuration: "Release"
[2.128s] -- Up-to-date: /home/tch/mpo_500_workspace/src/libsurvive_ros2/build/libsurvive_ros2/libsurvive-install/bin/survive-cli
[2.128s] -- Up-to-date: /home/tch/mpo_500_workspace/src/libsurvive_ros2/build/libsurvive_ros2/libsurvive-install/bin/api_example
[2.129s] -- Up-to-date: /home/tch/mpo_500_workspace/src/libsurvive_ros2/build/libsurvive_ros2/libsurvive-install/bin/sensors-readout
[2.129s] -- Up-to-date: /home/tch/mpo_500_workspace/src/libsurvive_ros2/build/libsurvive_ros2/libsurvive-install/bin/survive-solver
[2.129s] -- Up-to-date: /home/tch/mpo_500_workspace/src/libsurvive_ros2/build/libsurvive_ros2/libsurvive-install/bin/survive-buttons
[2.129s] -- Up-to-date: /home/tch/mpo_500_workspace/src/libsurvive_ros2/build/libsurvive_ros2/libsurvive-install/bin/survive-websocketd
[2.130s] -- Up-to-date: /home/tch/mpo_500_workspace/src/libsurvive_ros2/build/libsurvive_ros2/libsurvive-install/include/libsurvive
[2.130s] -- Up-to-date: /home/tch/mpo_500_workspace/src/libsurvive_ros2/build/libsurvive_ros2/libsurvive-install/include/libsurvive/survive_reproject_gen2.h
[2.130s] -- Up-to-date: /home/tch/mpo_500_workspace/src/libsurvive_ros2/build/libsurvive_ros2/libsurvive-install/include/libsurvive/poser.h
[2.130s] -- Up-to-date: /home/tch/mpo_500_workspace/src/libsurvive_ros2/build/libsurvive_ros2/libsurvive-install/include/libsurvive/survive_optimizer.h
[2.130s] -- Up-to-date: /home/tch/mpo_500_workspace/src/libsurvive_ros2/build/libsurvive_ros2/libsurvive-install/include/libsurvive/survive_types.h
[2.130s] -- Up-to-date: /home/tch/mpo_500_workspace/src/libsurvive_ros2/build/libsurvive_ros2/libsurvive-install/include/libsurvive/survive.h
[2.130s] -- Up-to-date: /home/tch/mpo_500_workspace/src/libsurvive_ros2/build/libsurvive_ros2/libsurvive-install/include/libsurvive/survive_reproject.h
[2.131s] -- Up-to-date: /home/tch/mpo_500_workspace/src/libsurvive_ros2/build/libsurvive_ros2/libsurvive-install/include/libsurvive/survive_hooks.h
[2.131s] -- Up-to-date: /home/tch/mpo_500_workspace/src/libsurvive_ros2/build/libsurvive_ros2/libsurvive-install/include/libsurvive/survive_api.h
[2.131s] -- Up-to-date: /home/tch/mpo_500_workspace/src/libsurvive_ros2/build/libsurvive_ros2/libsurvive-install/include/libsurvive/redist/CNFG3D.h
[2.131s] -- Up-to-date: /home/tch/mpo_500_workspace/src/libsurvive_ros2/build/libsurvive_ros2/libsurvive-install/include/libsurvive/redist/CNFGFunctions.h
[2.131s] -- Up-to-date: /home/tch/mpo_500_workspace/src/libsurvive_ros2/build/libsurvive_ros2/libsurvive-install/include/libsurvive/redist/CNFGRasterizer.h
[2.131s] -- Up-to-date: /home/tch/mpo_500_workspace/src/libsurvive_ros2/build/libsurvive_ros2/libsurvive-install/include/libsurvive/redist/crc32.h
[2.131s] -- Up-to-date: /home/tch/mpo_500_workspace/src/libsurvive_ros2/build/libsurvive_ros2/libsurvive-install/include/libsurvive/redist/dclapack.h
[2.131s] -- Up-to-date: /home/tch/mpo_500_workspace/src/libsurvive_ros2/build/libsurvive_ros2/libsurvive-install/include/libsurvive/redist/dclhelpers.h
[2.132s] -- Up-to-date: /home/tch/mpo_500_workspace/src/libsurvive_ros2/build/libsurvive_ros2/libsurvive-install/include/libsurvive/redist/dirent.windows.h
[2.132s] -- Up-to-date: /home/tch/mpo_500_workspace/src/libsurvive_ros2/build/libsurvive_ros2/libsurvive-install/include/libsurvive/redist/glutil.h
[2.132s] -- Up-to-date: /home/tch/mpo_500_workspace/src/libsurvive_ros2/build/libsurvive_ros2/libsurvive-install/include/libsurvive/redist/hidapi.h
[2.132s] -- Up-to-date: /home/tch/mpo_500_workspace/src/libsurvive_ros2/build/libsurvive_ros2/libsurvive-install/include/libsurvive/redist/jsmn.h
[2.132s] -- Up-to-date: /home/tch/mpo_500_workspace/src/libsurvive_ros2/build/libsurvive_ros2/libsurvive-install/include/libsurvive/redist/json_helpers.h
[2.132s] -- Up-to-date: /home/tch/mpo_500_workspace/src/libsurvive_ros2/build/libsurvive_ros2/libsurvive-install/include/libsurvive/redist/linmath.h
[2.132s] -- Up-to-date: /home/tch/mpo_500_workspace/src/libsurvive_ros2/build/libsurvive_ros2/libsurvive-install/include/libsurvive/redist/os_generic.h
[2.132s] -- Up-to-date: /home/tch/mpo_500_workspace/src/libsurvive_ros2/build/libsurvive_ros2/libsurvive-install/include/libsurvive/redist/os_generic.unix.h
[2.132s] -- Up-to-date: /home/tch/mpo_500_workspace/src/libsurvive_ros2/build/libsurvive_ros2/libsurvive-install/include/libsurvive/redist/os_generic.windows.h
[2.132s] -- Up-to-date: /home/tch/mpo_500_workspace/src/libsurvive_ros2/build/libsurvive_ros2/libsurvive-install/include/libsurvive/redist/puff.h
[2.133s] -- Up-to-date: /home/tch/mpo_500_workspace/src/libsurvive_ros2/build/libsurvive_ros2/libsurvive-install/include/libsurvive/redist/symbol_enumerator.h
[2.133s] -- Up-to-date: /home/tch/mpo_500_workspace/src/libsurvive_ros2/build/libsurvive_ros2/libsurvive-install/include/libsurvive/redist/variance.h
[2.133s] -- Up-to-date: /home/tch/mpo_500_workspace/src/libsurvive_ros2/build/libsurvive_ros2/libsurvive-install/lib/pkgconfig/survive.pc
[2.133s] -- Up-to-date: /home/tch/mpo_500_workspace/src/libsurvive_ros2/build/libsurvive_ros2/libsurvive-install/include/cnkalman
[2.133s] -- Up-to-date: /home/tch/mpo_500_workspace/src/libsurvive_ros2/build/libsurvive_ros2/libsurvive-install/include/cnkalman/generated_header.h
[2.133s] -- Up-to-date: /home/tch/mpo_500_workspace/src/libsurvive_ros2/build/libsurvive_ros2/libsurvive-install/include/cnkalman/ModelPlot.h
[2.133s] -- Up-to-date: /home/tch/mpo_500_workspace/src/libsurvive_ros2/build/libsurvive_ros2/libsurvive-install/include/cnkalman/kalman.h
[2.133s] -- Up-to-date: /home/tch/mpo_500_workspace/src/libsurvive_ros2/build/libsurvive_ros2/libsurvive-install/include/cnkalman/model.h
[2.133s] -- Up-to-date: /home/tch/mpo_500_workspace/src/libsurvive_ros2/build/libsurvive_ros2/libsurvive-install/include/cnkalman/numerical_diff.h
[2.134s] -- Up-to-date: /home/tch/mpo_500_workspace/src/libsurvive_ros2/build/libsurvive_ros2/libsurvive-install/lib/pkgconfig/cnkalman.pc
[2.134s] -- Up-to-date: /home/tch/mpo_500_workspace/src/libsurvive_ros2/build/libsurvive_ros2/libsurvive-install/include/cnmatrix
[2.134s] -- Up-to-date: /home/tch/mpo_500_workspace/src/libsurvive_ros2/build/libsurvive_ros2/libsurvive-install/include/cnmatrix/cn_matrix.h
[2.134s] -- Up-to-date: /home/tch/mpo_500_workspace/src/libsurvive_ros2/build/libsurvive_ros2/libsurvive-install/include/cnmatrix/cn_matrix.hpp
[2.134s] -- Up-to-date: /home/tch/mpo_500_workspace/src/libsurvive_ros2/build/libsurvive_ros2/libsurvive-install/include/cnmatrix/cn_matrix.eigen.h
[2.134s] -- Up-to-date: /home/tch/mpo_500_workspace/src/libsurvive_ros2/build/libsurvive_ros2/libsurvive-install/include/cnmatrix/cn_flt.h
[2.134s] -- Up-to-date: /home/tch/mpo_500_workspace/src/libsurvive_ros2/build/libsurvive_ros2/libsurvive-install/include/cnmatrix/cn_matrix.blas.h
[2.134s] -- Up-to-date: /home/tch/mpo_500_workspace/src/libsurvive_ros2/build/libsurvive_ros2/libsurvive-install/lib/pkgconfig/cnmatrix.pc
[2.134s] -- Up-to-date: /home/tch/mpo_500_workspace/src/libsurvive_ros2/build/libsurvive_ros2/libsurvive-install/lib/libcnmatrix.a
[2.134s] -- Up-to-date: /home/tch/mpo_500_workspace/src/libsurvive_ros2/build/libsurvive_ros2/libsurvive-install/lib/libcnkalman.a
[2.135s] -- Up-to-date: /home/tch/mpo_500_workspace/src/libsurvive_ros2/build/libsurvive_ros2/libsurvive-install/lib/libmpfit.a
[2.135s] -- Up-to-date: /home/tch/mpo_500_workspace/src/libsurvive_ros2/build/libsurvive_ros2/libsurvive-install/lib/libsurvive/plugins/driver_dummy.so
[2.135s] -- Up-to-date: /home/tch/mpo_500_workspace/src/libsurvive_ros2/build/libsurvive_ros2/libsurvive-install/lib/libsurvive/plugins/driver_vive.so
[2.135s] -- Up-to-date: /home/tch/mpo_500_workspace/src/libsurvive_ros2/build/libsurvive_ros2/libsurvive-install/lib/libsurvive/plugins/driver_simulator.so
[2.135s] -- Up-to-date: /home/tch/mpo_500_workspace/src/libsurvive_ros2/build/libsurvive_ros2/libsurvive-install/lib/libsurvive/plugins/driver_playback.so
[2.135s] -- Up-to-date: /home/tch/mpo_500_workspace/src/libsurvive_ros2/build/libsurvive_ros2/libsurvive-install/lib/libsurvive/plugins/disambiguator_statebased.so
[2.135s] -- Up-to-date: /home/tch/mpo_500_workspace/src/libsurvive_ros2/build/libsurvive_ros2/libsurvive-install/lib/libsurvive/plugins/poser_dummy.so
[2.135s] -- Up-to-date: /home/tch/mpo_500_workspace/src/libsurvive_ros2/build/libsurvive_ros2/libsurvive-install/lib/libsurvive/plugins/poser_mpfit.so
[2.136s] -- Up-to-date: /home/tch/mpo_500_workspace/src/libsurvive_ros2/build/libsurvive_ros2/libsurvive-install/lib/libsurvive/plugins/poser_kalman_only.so
[2.136s] -- Up-to-date: /home/tch/mpo_500_workspace/src/libsurvive_ros2/build/libsurvive_ros2/libsurvive-install/lib/libsurvive/plugins/poser_barycentric_svd.so
[2.136s] -- Up-to-date: /home/tch/mpo_500_workspace/src/libsurvive_ros2/build/libsurvive_ros2/libsurvive-install/lib/libsurvive/plugins/driver_global_scene_solver.so
[2.136s] -- Up-to-date: /home/tch/mpo_500_workspace/src/libsurvive_ros2/build/libsurvive_ros2/libsurvive-install/lib/libsurvive/plugins/driver_udp.so
[2.136s] -- Up-to-date: /home/tch/mpo_500_workspace/src/libsurvive_ros2/build/libsurvive_ros2/libsurvive-install/lib/libsurvive/plugins/driver_usbmon.so
[2.137s] -- Up-to-date: /home/tch/mpo_500_workspace/src/libsurvive_ros2/build/libsurvive_ros2/libsurvive-install/lib/libsurvive/plugins/driver_dummy.so
[2.137s] -- Up-to-date: /home/tch/mpo_500_workspace/src/libsurvive_ros2/build/libsurvive_ros2/libsurvive-install/lib/libsurvive/plugins/driver_vive.so
[2.137s] -- Up-to-date: /home/tch/mpo_500_workspace/src/libsurvive_ros2/build/libsurvive_ros2/libsurvive-install/lib/libsurvive/plugins/driver_simulator.so
[2.138s] -- Up-to-date: /home/tch/mpo_500_workspace/src/libsurvive_ros2/build/libsurvive_ros2/libsurvive-install/lib/libsurvive/plugins/driver_playback.so
[2.138s] -- Up-to-date: /home/tch/mpo_500_workspace/src/libsurvive_ros2/build/libsurvive_ros2/libsurvive-install/lib/libsurvive/plugins/disambiguator_statebased.so
[2.138s] -- Up-to-date: /home/tch/mpo_500_workspace/src/libsurvive_ros2/build/libsurvive_ros2/libsurvive-install/lib/libsurvive/plugins/poser_dummy.so
[2.138s] -- Up-to-date: /home/tch/mpo_500_workspace/src/libsurvive_ros2/build/libsurvive_ros2/libsurvive-install/lib/libsurvive/plugins/poser_mpfit.so
[2.139s] -- Up-to-date: /home/tch/mpo_500_workspace/src/libsurvive_ros2/build/libsurvive_ros2/libsurvive-install/lib/libsurvive/plugins/poser_kalman_only.so
[2.139s] -- Up-to-date: /home/tch/mpo_500_workspace/src/libsurvive_ros2/build/libsurvive_ros2/libsurvive-install/lib/libsurvive/plugins/poser_barycentric_svd.so
[2.139s] -- Up-to-date: /home/tch/mpo_500_workspace/src/libsurvive_ros2/build/libsurvive_ros2/libsurvive-install/lib/libsurvive/plugins/driver_global_scene_solver.so
[2.140s] -- Up-to-date: /home/tch/mpo_500_workspace/src/libsurvive_ros2/build/libsurvive_ros2/libsurvive-install/lib/libsurvive/plugins/driver_udp.so
[2.140s] -- Up-to-date: /home/tch/mpo_500_workspace/src/libsurvive_ros2/build/libsurvive_ros2/libsurvive-install/lib/libsurvive/plugins/driver_usbmon.so
[2.140s] -- Up-to-date: /home/tch/mpo_500_workspace/src/libsurvive_ros2/build/libsurvive_ros2/libsurvive-install/lib/libsurvive.so.0.3
[2.141s] -- Up-to-date: /home/tch/mpo_500_workspace/src/libsurvive_ros2/build/libsurvive_ros2/libsurvive-install/lib/libsurvive.so.0
[2.141s] -- Up-to-date: /home/tch/mpo_500_workspace/src/libsurvive_ros2/build/libsurvive_ros2/libsurvive-install/lib/libsurvive.so
[2.167s] [ 50%] [34m[1mCompleted 'libsurvive'[0m
[2.213s] [ 66%] Built target libsurvive
[2.231s] [35m[1mConsolidate compiler generated dependencies of target libsurvive_ros2_component[0m
[2.257s] [ 75%] [32mBuilding CXX object CMakeFiles/libsurvive_ros2_component.dir/src/component.cpp.o[0m
[5.622s] [01m[K/home/tch/mpo_500_workspace/src/libsurvive_ros2/src/component.cpp:[m[K In member function ‘[01m[Kvoid libsurvive_ros2::Component::work()[m[K’:
[5.622s] [01m[K/home/tch/mpo_500_workspace/src/libsurvive_ros2/src/component.cpp:201:29:[m[K [01;31m[Kerror: [m[K‘[01m[Kusing _pose_type = struct geometry_msgs::msg::PoseWithCovariance_<std::allocator<void> >[m[K’ {aka ‘[01m[Kstruct geometry_msgs::msg::PoseWithCovariance_<std::allocator<void> >[m[K’} has no member named ‘[01m[Kposition[m[K’
[5.622s]   201 |               pose_msg.pose.[01;31m[Kposition[m[K.x = pose.Pos[0];
[5.622s]       |                             [01;31m[K^~~~~~~~[m[K
[5.622s] [01m[K/home/tch/mpo_500_workspace/src/libsurvive_ros2/src/component.cpp:202:29:[m[K [01;31m[Kerror: [m[K‘[01m[Kusing _pose_type = struct geometry_msgs::msg::PoseWithCovariance_<std::allocator<void> >[m[K’ {aka ‘[01m[Kstruct geometry_msgs::msg::PoseWithCovariance_<std::allocator<void> >[m[K’} has no member named ‘[01m[Kposition[m[K’
[5.622s]   202 |               pose_msg.pose.[01;31m[Kposition[m[K.y = pose.Pos[1];
[5.623s]       |                             [01;31m[K^~~~~~~~[m[K
[5.623s] [01m[K/home/tch/mpo_500_workspace/src/libsurvive_ros2/src/component.cpp:203:29:[m[K [01;31m[Kerror: [m[K‘[01m[Kusing _pose_type = struct geometry_msgs::msg::PoseWithCovariance_<std::allocator<void> >[m[K’ {aka ‘[01m[Kstruct geometry_msgs::msg::PoseWithCovariance_<std::allocator<void> >[m[K’} has no member named ‘[01m[Kposition[m[K’
[5.623s]   203 |               pose_msg.pose.[01;31m[Kposition[m[K.z = pose.Pos[2];
[5.623s]       |                             [01;31m[K^~~~~~~~[m[K
[5.623s] [01m[K/home/tch/mpo_500_workspace/src/libsurvive_ros2/src/component.cpp:204:29:[m[K [01;31m[Kerror: [m[K‘[01m[Kusing _pose_type = struct geometry_msgs::msg::PoseWithCovariance_<std::allocator<void> >[m[K’ {aka ‘[01m[Kstruct geometry_msgs::msg::PoseWithCovariance_<std::allocator<void> >[m[K’} has no member named ‘[01m[Korientation[m[K’
[5.623s]   204 |               pose_msg.pose.[01;31m[Korientation[m[K.w = pose.Rot[0];
[5.623s]       |                             [01;31m[K^~~~~~~~~~~[m[K
[5.623s] [01m[K/home/tch/mpo_500_workspace/src/libsurvive_ros2/src/component.cpp:205:29:[m[K [01;31m[Kerror: [m[K‘[01m[Kusing _pose_type = struct geometry_msgs::msg::PoseWithCovariance_<std::allocator<void> >[m[K’ {aka ‘[01m[Kstruct geometry_msgs::msg::PoseWithCovariance_<std::allocator<void> >[m[K’} has no member named ‘[01m[Korientation[m[K’
[5.624s]   205 |               pose_msg.pose.[01;31m[Korientation[m[K.x = pose.Rot[1];
[5.624s]       |                             [01;31m[K^~~~~~~~~~~[m[K
[5.624s] [01m[K/home/tch/mpo_500_workspace/src/libsurvive_ros2/src/component.cpp:206:29:[m[K [01;31m[Kerror: [m[K‘[01m[Kusing _pose_type = struct geometry_msgs::msg::PoseWithCovariance_<std::allocator<void> >[m[K’ {aka ‘[01m[Kstruct geometry_msgs::msg::PoseWithCovariance_<std::allocator<void> >[m[K’} has no member named ‘[01m[Korientation[m[K’
[5.624s]   206 |               pose_msg.pose.[01;31m[Korientation[m[K.y = pose.Rot[2];
[5.624s]       |                             [01;31m[K^~~~~~~~~~~[m[K
[5.624s] [01m[K/home/tch/mpo_500_workspace/src/libsurvive_ros2/src/component.cpp:207:29:[m[K [01;31m[Kerror: [m[K‘[01m[Kusing _pose_type = struct geometry_msgs::msg::PoseWithCovariance_<std::allocator<void> >[m[K’ {aka ‘[01m[Kstruct geometry_msgs::msg::PoseWithCovariance_<std::allocator<void> >[m[K’} has no member named ‘[01m[Korientation[m[K’
[5.624s]   207 |               pose_msg.pose.[01;31m[Korientation[m[K.z = pose.Rot[3];
[5.624s]       |                             [01;31m[K^~~~~~~~~~~[m[K
[7.597s] gmake[2]: *** [CMakeFiles/libsurvive_ros2_component.dir/build.make:76: CMakeFiles/libsurvive_ros2_component.dir/src/component.cpp.o] Error 1
[7.598s] gmake[1]: *** [CMakeFiles/Makefile2:167: CMakeFiles/libsurvive_ros2_component.dir/all] Error 2
[7.598s] gmake: *** [Makefile:146: all] Error 2
[7.600s] Invoked command in '/home/tch/mpo_500_workspace/src/libsurvive_ros2/build/libsurvive_ros2' returned '2': CMAKE_PREFIX_PATH=${CMAKE_PREFIX_PATH}:/home/tch/mpo_500_workspace/install/odrive_motor_op:/home/tch/mpo_500_workspace/install/neo_nav2_py_costmap2D:/home/tch/mpo_500_workspace/src/odrive_motor_op/install/odrive_motor_op:/opt/ros/humble /usr/bin/cmake --build /home/tch/mpo_500_workspace/src/libsurvive_ros2/build/libsurvive_ros2 -- -j4 -l4
