[0.293s] Invoking command in '/home/tch/mpo_500_workspace/src/libsurvive_ros2/build/libsurvive_ros2': CMAKE_PREFIX_PATH=${CMAKE_PREFIX_PATH}:/home/tch/mpo_500_workspace/install/odrive_motor_op:/home/tch/mpo_500_workspace/install/neo_nav2_py_costmap2D:/home/tch/mpo_500_workspace/src/odrive_motor_op/install/odrive_motor_op:/opt/ros/humble /usr/bin/cmake --build /home/tch/mpo_500_workspace/src/libsurvive_ros2/build/libsurvive_ros2 -- -j4 -l4
[0.372s] [  8%] [34m[1mPerforming update step for 'libsurvive'[0m
[0.953s] HEAD is now at 9e3c6bc Merge pull request #291 from caiom/fix_windows_dongle
[1.043s] [ 16%] [34m[1mNo patch step for 'libsurvive'[0m
[1.079s] [ 25%] [34m[1mPerforming configure step for 'libsurvive'[0m
[1.101s] [0m-- Option: DO_CORE_BUILD: OFF[0m
[1.102s] [0m-- Option: BUILD_STATIC: OFF[0m
[1.102s] [0m-- Option: USE_SINGLE_PRECISION: OFF[0m
[1.102s] [0m-- Option: ENABLE_WARNINGS_AS_ERRORS: OFF[0m
[1.102s] [0m-- Option: USE_HIDAPI: OFF[0m
[1.102s] [0m-- Option: USE_ASAN: OFF[0m
[1.103s] [0m-- Option: USE_MSAN: OFF[0m
[1.103s] [0m-- Option: ENABLE_TESTS: OFF[0m
[1.103s] [0m-- Option: USE_HEX_FLOAT_PRINTF: OFF[0m
[1.103s] [0m-- Option: USE_OPENCV: OFF[0m
[1.103s] [0m-- Option: USE_COLUMN_MAJOR_MATRICES: OFF[0m
[1.103s] [0m-- Option: USE_CPU_TUNE: OFF[0m
[1.103s] [0m-- Option: USE_OPENBLAS: [0m
[1.103s] [0m-- Option: BUILD_LH1_SUPPORT: ON[0m
[1.104s] [0m-- Option: BUILD_GATT_SUPPORT: [0m
[1.104s] [0m-- Option: BUILD_APPLICATIONS: ON[0m
[1.146s] [33mCMake Warning at libs/cnkalman/CMakeLists.txt:23 (find_package):
[1.146s]   By not providing "Findsciplot.cmake" in CMAKE_MODULE_PATH this project has
[1.147s]   asked CMake to find a package configuration file provided by "sciplot", but
[1.147s]   CMake did not find one.
[1.147s] 
[1.147s]   Could not find a package configuration file provided by "sciplot" with any
[1.147s]   of the following names:
[1.147s] 
[1.147s]     sciplotConfig.cmake
[1.147s]     sciplot-config.cmake
[1.147s] 
[1.147s]   Add the installation prefix of "sciplot" to CMAKE_PREFIX_PATH or set
[1.148s]   "sciplot_DIR" to a directory containing one of the above files.  If
[1.148s]   "sciplot" provides a separate development package or SDK, be sure it has
[1.148s]   been installed.
[1.148s] 
[1.148s] [0m
[1.148s] [0mCan't use sciplot...[0m
[1.152s] [0m-- CNMatrix option: DOWNLOAD_EIGEN: ON[0m
[1.152s] [0m-- CNMatrix option: USE_EIGEN: ON[0m
[1.152s] [0m-- CNMatrix option: USE_COLUMN_MAJOR_MATRICES: OFF[0m
[1.152s] [0m-- CNMatrix option: USE_SINGLE_PRECISION: OFF[0m
[1.156s] [0mFound system eigen[0m
[1.157s] [0m-- CNMatrix option: USE_OPENBLAS: OFF[0m
[1.158s] [0mFound cblas at /usr/lib/x86_64-linux-gnu/libcblas.so[0m
[1.158s] [0mFound openblas at /usr/lib/x86_64-linux-gnu/libopenblas.so[0m
[1.158s] [0mFound lapacke at /usr/lib/x86_64-linux-gnu/liblapacke.so[0m
[1.158s] [0mSearching for 'cblas.h'; found at /usr/include/x86_64-linux-gnu/cblas.h[0m
[1.158s] [0mUsing eigen backend[0m
[1.308s] [0mFound cblas at /usr/lib/x86_64-linux-gnu/libcblas.so[0m
[1.308s] [0mFound openblas at /usr/lib/x86_64-linux-gnu/libopenblas.so[0m
[1.309s] [0mFound lapacke at /usr/lib/x86_64-linux-gnu/liblapacke.so[0m
[1.309s] [0mSearching for 'cblas.h'; found at /usr/include/x86_64-linux-gnu/cblas.h[0m
[1.309s] [0mUsing eigen backend[0m
[1.309s] [0mUsing provided /home/tch/mpo_500_workspace/src/libsurvive_ros2/build/libsurvive_ros2/libsurvive-prefix/src/libsurvive/src/./generated/common_math.gen.h[0m
[1.309s] [0mUsing provided /home/tch/mpo_500_workspace/src/libsurvive_ros2/build/libsurvive_ros2/libsurvive-prefix/src/libsurvive/src/./generated/kalman_kinematics.gen.h[0m
[1.309s] [0mUsing provided /home/tch/mpo_500_workspace/src/libsurvive_ros2/build/libsurvive_ros2/libsurvive-prefix/src/libsurvive/src/./generated/lighthouse_model.gen.h[0m
[1.309s] [0mUsing provided /home/tch/mpo_500_workspace/src/libsurvive_ros2/build/libsurvive_ros2/libsurvive-prefix/src/libsurvive/src/./generated/imu_model.gen.h[0m
[1.325s] [0mUsing versioned libusb dir[0m
[1.326s] [0m-- Option: ENABLE_driver_dummy: ON[0m
[1.326s] [0m-- Option: ENABLE_driver_vive: ON[0m
[1.326s] [0m-- Option: ENABLE_driver_simulator: ON[0m
[1.326s] [0m-- Option: ENABLE_driver_playback: ON[0m
[1.327s] [0m-- Option: ENABLE_disambiguator_statebased: ON[0m
[1.327s] [0m-- Option: ENABLE_poser_dummy: ON[0m
[1.327s] [0m-- Option: ENABLE_poser_mpfit: ON[0m
[1.327s] [0m-- Option: ENABLE_poser_kalman_only: ON[0m
[1.327s] [0m-- Option: ENABLE_poser_barycentric_svd: ON[0m
[1.328s] [0m-- Option: ENABLE_driver_global_scene_solver: ON[0m
[1.328s] [0m-- Option: ENABLE_driver_udp: ON[0m
[1.328s] [0m-- Option: ENABLE_driver_usbmon: ON[0m
[1.348s] [0m-- Option: ENABLE_survive-cli: ON[0m
[1.348s] [0m-- Option: ENABLE_api_example: ON[0m
[1.348s] [0m-- Option: ENABLE_sensors-readout: ON[0m
[1.348s] [0m-- Option: ENABLE_survive-solver: ON[0m
[1.348s] [0m-- Option: ENABLE_survive-buttons: ON[0m
[1.352s] -- Configuring done
[1.437s] -- Generating done
[1.448s] -- Build files have been written to: /home/tch/mpo_500_workspace/src/libsurvive_ros2/build/libsurvive_ros2/libsurvive-prefix/src/libsurvive-build
[1.483s] [ 33%] [34m[1mPerforming build step for 'libsurvive'[0m
[1.535s] [35m[1mConsolidate compiler generated dependencies of target CNGFX[0m
[1.537s] [35m[1mConsolidate compiler generated dependencies of target cnmatrix[0m
[1.557s] [  4%] Built target CNGFX
[1.564s] [ 10%] Built target cnmatrix
[1.580s] [35m[1mConsolidate compiler generated dependencies of target cnkalman[0m
[1.583s] [35m[1mConsolidate compiler generated dependencies of target mpfit[0m
[1.602s] [ 19%] Built target cnkalman
[1.603s] [ 19%] Built target mpfit
[1.625s] [35m[1mConsolidate compiler generated dependencies of target survive[0m
[1.665s] [ 57%] Built target survive
[1.682s] [35m[1mConsolidate compiler generated dependencies of target driver_dummy[0m
[1.688s] [35m[1mConsolidate compiler generated dependencies of target driver_playback[0m
[1.692s] [35m[1mConsolidate compiler generated dependencies of target driver_vive[0m
[1.715s] [35m[1mConsolidate compiler generated dependencies of target driver_simulator[0m
[1.716s] [ 60%] Built target driver_dummy
[1.723s] [ 62%] Built target driver_playback
[1.736s] [35m[1mConsolidate compiler generated dependencies of target disambiguator_statebased[0m
[1.736s] [ 64%] Built target driver_vive
[1.743s] [ 67%] Built target driver_simulator
[1.754s] [35m[1mConsolidate compiler generated dependencies of target poser_dummy[0m
[1.757s] [ 69%] Built target disambiguator_statebased
[1.761s] [35m[1mConsolidate compiler generated dependencies of target poser_mpfit[0m
[1.779s] [35m[1mConsolidate compiler generated dependencies of target poser_kalman_only[0m
[1.779s] [ 71%] Built target poser_dummy
[1.780s] [35m[1mConsolidate compiler generated dependencies of target poser_barycentric_svd[0m
[1.801s] [ 73%] Built target poser_kalman_only
[1.802s] [ 79%] Built target poser_mpfit
[1.803s] [ 77%] Built target poser_barycentric_svd
[1.813s] [35m[1mConsolidate compiler generated dependencies of target driver_global_scene_solver[0m
[1.822s] [35m[1mConsolidate compiler generated dependencies of target driver_udp[0m
[1.825s] [35m[1mConsolidate compiler generated dependencies of target visualize_mpfit[0m
[1.833s] [35m[1mConsolidate compiler generated dependencies of target driver_usbmon[0m
[1.835s] [ 81%] Built target driver_global_scene_solver
[1.845s] [ 84%] Built target driver_udp
[1.852s] [ 86%] Built target visualize_mpfit
[1.865s] [ 88%] Built target driver_usbmon
[1.883s] [35m[1mConsolidate compiler generated dependencies of target survive-cli[0m
[1.883s] [35m[1mConsolidate compiler generated dependencies of target sensors-readout[0m
[1.885s] [35m[1mConsolidate compiler generated dependencies of target survive-solver[0m
[1.890s] [35m[1mConsolidate compiler generated dependencies of target api_example[0m
[1.908s] [ 90%] Built target survive-cli
[1.911s] [ 93%] Built target survive-solver
[1.911s] [ 95%] Built target api_example
[1.918s] [ 97%] Built target sensors-readout
[1.929s] [35m[1mConsolidate compiler generated dependencies of target survive-buttons[0m
[1.947s] [100%] Built target survive-buttons
[1.989s] [ 41%] [34m[1mPerforming install step for 'libsurvive'[0m
[2.061s] [  4%] Built target CNGFX
[2.065s] [ 10%] Built target cnmatrix
[2.100s] [ 12%] Built target mpfit
[2.108s] [ 19%] Built target cnkalman
[2.152s] [ 57%] Built target survive
[2.192s] [ 60%] Built target driver_dummy
[2.197s] [ 62%] Built target driver_simulator
[2.199s] [ 64%] Built target driver_vive
[2.210s] [ 67%] Built target driver_playback
[2.240s] [ 69%] Built target disambiguator_statebased
[2.254s] [ 71%] Built target poser_dummy
[2.255s] [ 73%] Built target poser_mpfit
[2.271s] [ 76%] Built target poser_kalman_only
[2.302s] [ 80%] Built target poser_barycentric_svd
[2.302s] [ 81%] Built target driver_global_scene_solver
[2.302s] [ 84%] Built target driver_udp
[2.312s] [ 86%] Built target visualize_mpfit
[2.334s] [ 88%] Built target driver_usbmon
[2.386s] [ 92%] Built target survive-cli
[2.386s] [ 94%] Built target sensors-readout
[2.386s] [ 95%] Built target survive-solver
[2.391s] [ 97%] Built target api_example
[2.407s] [100%] Built target survive-buttons
[2.438s] [36mInstall the project...[0m
[2.451s] -- Install configuration: "Release"
[2.452s] -- Up-to-date: /home/tch/mpo_500_workspace/src/libsurvive_ros2/build/libsurvive_ros2/libsurvive-install/bin/survive-cli
[2.452s] -- Up-to-date: /home/tch/mpo_500_workspace/src/libsurvive_ros2/build/libsurvive_ros2/libsurvive-install/bin/api_example
[2.452s] -- Up-to-date: /home/tch/mpo_500_workspace/src/libsurvive_ros2/build/libsurvive_ros2/libsurvive-install/bin/sensors-readout
[2.452s] -- Up-to-date: /home/tch/mpo_500_workspace/src/libsurvive_ros2/build/libsurvive_ros2/libsurvive-install/bin/survive-solver
[2.453s] -- Up-to-date: /home/tch/mpo_500_workspace/src/libsurvive_ros2/build/libsurvive_ros2/libsurvive-install/bin/survive-buttons
[2.453s] -- Up-to-date: /home/tch/mpo_500_workspace/src/libsurvive_ros2/build/libsurvive_ros2/libsurvive-install/bin/survive-websocketd
[2.454s] -- Up-to-date: /home/tch/mpo_500_workspace/src/libsurvive_ros2/build/libsurvive_ros2/libsurvive-install/include/libsurvive
[2.454s] -- Up-to-date: /home/tch/mpo_500_workspace/src/libsurvive_ros2/build/libsurvive_ros2/libsurvive-install/include/libsurvive/survive_reproject_gen2.h
[2.454s] -- Up-to-date: /home/tch/mpo_500_workspace/src/libsurvive_ros2/build/libsurvive_ros2/libsurvive-install/include/libsurvive/poser.h
[2.455s] -- Up-to-date: /home/tch/mpo_500_workspace/src/libsurvive_ros2/build/libsurvive_ros2/libsurvive-install/include/libsurvive/survive_optimizer.h
[2.455s] -- Up-to-date: /home/tch/mpo_500_workspace/src/libsurvive_ros2/build/libsurvive_ros2/libsurvive-install/include/libsurvive/survive_types.h
[2.455s] -- Up-to-date: /home/tch/mpo_500_workspace/src/libsurvive_ros2/build/libsurvive_ros2/libsurvive-install/include/libsurvive/survive.h
[2.456s] -- Up-to-date: /home/tch/mpo_500_workspace/src/libsurvive_ros2/build/libsurvive_ros2/libsurvive-install/include/libsurvive/survive_reproject.h
[2.456s] -- Up-to-date: /home/tch/mpo_500_workspace/src/libsurvive_ros2/build/libsurvive_ros2/libsurvive-install/include/libsurvive/survive_hooks.h
[2.456s] -- Up-to-date: /home/tch/mpo_500_workspace/src/libsurvive_ros2/build/libsurvive_ros2/libsurvive-install/include/libsurvive/survive_api.h
[2.456s] -- Up-to-date: /home/tch/mpo_500_workspace/src/libsurvive_ros2/build/libsurvive_ros2/libsurvive-install/include/libsurvive/redist/CNFG3D.h
[2.456s] -- Up-to-date: /home/tch/mpo_500_workspace/src/libsurvive_ros2/build/libsurvive_ros2/libsurvive-install/include/libsurvive/redist/CNFGFunctions.h
[2.456s] -- Up-to-date: /home/tch/mpo_500_workspace/src/libsurvive_ros2/build/libsurvive_ros2/libsurvive-install/include/libsurvive/redist/CNFGRasterizer.h
[2.456s] -- Up-to-date: /home/tch/mpo_500_workspace/src/libsurvive_ros2/build/libsurvive_ros2/libsurvive-install/include/libsurvive/redist/crc32.h
[2.456s] -- Up-to-date: /home/tch/mpo_500_workspace/src/libsurvive_ros2/build/libsurvive_ros2/libsurvive-install/include/libsurvive/redist/dclapack.h
[2.456s] -- Up-to-date: /home/tch/mpo_500_workspace/src/libsurvive_ros2/build/libsurvive_ros2/libsurvive-install/include/libsurvive/redist/dclhelpers.h
[2.457s] -- Up-to-date: /home/tch/mpo_500_workspace/src/libsurvive_ros2/build/libsurvive_ros2/libsurvive-install/include/libsurvive/redist/dirent.windows.h
[2.457s] -- Up-to-date: /home/tch/mpo_500_workspace/src/libsurvive_ros2/build/libsurvive_ros2/libsurvive-install/include/libsurvive/redist/glutil.h
[2.457s] -- Up-to-date: /home/tch/mpo_500_workspace/src/libsurvive_ros2/build/libsurvive_ros2/libsurvive-install/include/libsurvive/redist/hidapi.h
[2.457s] -- Up-to-date: /home/tch/mpo_500_workspace/src/libsurvive_ros2/build/libsurvive_ros2/libsurvive-install/include/libsurvive/redist/jsmn.h
[2.457s] -- Up-to-date: /home/tch/mpo_500_workspace/src/libsurvive_ros2/build/libsurvive_ros2/libsurvive-install/include/libsurvive/redist/json_helpers.h
[2.457s] -- Up-to-date: /home/tch/mpo_500_workspace/src/libsurvive_ros2/build/libsurvive_ros2/libsurvive-install/include/libsurvive/redist/linmath.h
[2.457s] -- Up-to-date: /home/tch/mpo_500_workspace/src/libsurvive_ros2/build/libsurvive_ros2/libsurvive-install/include/libsurvive/redist/os_generic.h
[2.458s] -- Up-to-date: /home/tch/mpo_500_workspace/src/libsurvive_ros2/build/libsurvive_ros2/libsurvive-install/include/libsurvive/redist/os_generic.unix.h
[2.458s] -- Up-to-date: /home/tch/mpo_500_workspace/src/libsurvive_ros2/build/libsurvive_ros2/libsurvive-install/include/libsurvive/redist/os_generic.windows.h
[2.458s] -- Up-to-date: /home/tch/mpo_500_workspace/src/libsurvive_ros2/build/libsurvive_ros2/libsurvive-install/include/libsurvive/redist/puff.h
[2.458s] -- Up-to-date: /home/tch/mpo_500_workspace/src/libsurvive_ros2/build/libsurvive_ros2/libsurvive-install/include/libsurvive/redist/symbol_enumerator.h
[2.458s] -- Up-to-date: /home/tch/mpo_500_workspace/src/libsurvive_ros2/build/libsurvive_ros2/libsurvive-install/include/libsurvive/redist/variance.h
[2.458s] -- Up-to-date: /home/tch/mpo_500_workspace/src/libsurvive_ros2/build/libsurvive_ros2/libsurvive-install/lib/pkgconfig/survive.pc
[2.458s] -- Up-to-date: /home/tch/mpo_500_workspace/src/libsurvive_ros2/build/libsurvive_ros2/libsurvive-install/include/cnkalman
[2.459s] -- Up-to-date: /home/tch/mpo_500_workspace/src/libsurvive_ros2/build/libsurvive_ros2/libsurvive-install/include/cnkalman/generated_header.h
[2.459s] -- Up-to-date: /home/tch/mpo_500_workspace/src/libsurvive_ros2/build/libsurvive_ros2/libsurvive-install/include/cnkalman/ModelPlot.h
[2.459s] -- Up-to-date: /home/tch/mpo_500_workspace/src/libsurvive_ros2/build/libsurvive_ros2/libsurvive-install/include/cnkalman/kalman.h
[2.459s] -- Up-to-date: /home/tch/mpo_500_workspace/src/libsurvive_ros2/build/libsurvive_ros2/libsurvive-install/include/cnkalman/model.h
[2.459s] -- Up-to-date: /home/tch/mpo_500_workspace/src/libsurvive_ros2/build/libsurvive_ros2/libsurvive-install/include/cnkalman/numerical_diff.h
[2.459s] -- Up-to-date: /home/tch/mpo_500_workspace/src/libsurvive_ros2/build/libsurvive_ros2/libsurvive-install/lib/pkgconfig/cnkalman.pc
[2.459s] -- Up-to-date: /home/tch/mpo_500_workspace/src/libsurvive_ros2/build/libsurvive_ros2/libsurvive-install/include/cnmatrix
[2.459s] -- Up-to-date: /home/tch/mpo_500_workspace/src/libsurvive_ros2/build/libsurvive_ros2/libsurvive-install/include/cnmatrix/cn_matrix.h
[2.460s] -- Up-to-date: /home/tch/mpo_500_workspace/src/libsurvive_ros2/build/libsurvive_ros2/libsurvive-install/include/cnmatrix/cn_matrix.hpp
[2.460s] -- Up-to-date: /home/tch/mpo_500_workspace/src/libsurvive_ros2/build/libsurvive_ros2/libsurvive-install/include/cnmatrix/cn_matrix.eigen.h
[2.460s] -- Up-to-date: /home/tch/mpo_500_workspace/src/libsurvive_ros2/build/libsurvive_ros2/libsurvive-install/include/cnmatrix/cn_flt.h
[2.460s] -- Up-to-date: /home/tch/mpo_500_workspace/src/libsurvive_ros2/build/libsurvive_ros2/libsurvive-install/include/cnmatrix/cn_matrix.blas.h
[2.460s] -- Up-to-date: /home/tch/mpo_500_workspace/src/libsurvive_ros2/build/libsurvive_ros2/libsurvive-install/lib/pkgconfig/cnmatrix.pc
[2.460s] -- Up-to-date: /home/tch/mpo_500_workspace/src/libsurvive_ros2/build/libsurvive_ros2/libsurvive-install/lib/libcnmatrix.a
[2.460s] -- Up-to-date: /home/tch/mpo_500_workspace/src/libsurvive_ros2/build/libsurvive_ros2/libsurvive-install/lib/libcnkalman.a
[2.460s] -- Up-to-date: /home/tch/mpo_500_workspace/src/libsurvive_ros2/build/libsurvive_ros2/libsurvive-install/lib/libmpfit.a
[2.460s] -- Up-to-date: /home/tch/mpo_500_workspace/src/libsurvive_ros2/build/libsurvive_ros2/libsurvive-install/lib/libsurvive/plugins/driver_dummy.so
[2.461s] -- Up-to-date: /home/tch/mpo_500_workspace/src/libsurvive_ros2/build/libsurvive_ros2/libsurvive-install/lib/libsurvive/plugins/driver_vive.so
[2.461s] -- Up-to-date: /home/tch/mpo_500_workspace/src/libsurvive_ros2/build/libsurvive_ros2/libsurvive-install/lib/libsurvive/plugins/driver_simulator.so
[2.461s] -- Up-to-date: /home/tch/mpo_500_workspace/src/libsurvive_ros2/build/libsurvive_ros2/libsurvive-install/lib/libsurvive/plugins/driver_playback.so
[2.461s] -- Up-to-date: /home/tch/mpo_500_workspace/src/libsurvive_ros2/build/libsurvive_ros2/libsurvive-install/lib/libsurvive/plugins/disambiguator_statebased.so
[2.461s] -- Up-to-date: /home/tch/mpo_500_workspace/src/libsurvive_ros2/build/libsurvive_ros2/libsurvive-install/lib/libsurvive/plugins/poser_dummy.so
[2.461s] -- Up-to-date: /home/tch/mpo_500_workspace/src/libsurvive_ros2/build/libsurvive_ros2/libsurvive-install/lib/libsurvive/plugins/poser_mpfit.so
[2.461s] -- Up-to-date: /home/tch/mpo_500_workspace/src/libsurvive_ros2/build/libsurvive_ros2/libsurvive-install/lib/libsurvive/plugins/poser_kalman_only.so
[2.461s] -- Up-to-date: /home/tch/mpo_500_workspace/src/libsurvive_ros2/build/libsurvive_ros2/libsurvive-install/lib/libsurvive/plugins/poser_barycentric_svd.so
[2.462s] -- Up-to-date: /home/tch/mpo_500_workspace/src/libsurvive_ros2/build/libsurvive_ros2/libsurvive-install/lib/libsurvive/plugins/driver_global_scene_solver.so
[2.462s] -- Up-to-date: /home/tch/mpo_500_workspace/src/libsurvive_ros2/build/libsurvive_ros2/libsurvive-install/lib/libsurvive/plugins/driver_udp.so
[2.462s] -- Up-to-date: /home/tch/mpo_500_workspace/src/libsurvive_ros2/build/libsurvive_ros2/libsurvive-install/lib/libsurvive/plugins/driver_usbmon.so
[2.462s] -- Up-to-date: /home/tch/mpo_500_workspace/src/libsurvive_ros2/build/libsurvive_ros2/libsurvive-install/lib/libsurvive/plugins/driver_dummy.so
[2.462s] -- Up-to-date: /home/tch/mpo_500_workspace/src/libsurvive_ros2/build/libsurvive_ros2/libsurvive-install/lib/libsurvive/plugins/driver_vive.so
[2.462s] -- Up-to-date: /home/tch/mpo_500_workspace/src/libsurvive_ros2/build/libsurvive_ros2/libsurvive-install/lib/libsurvive/plugins/driver_simulator.so
[2.463s] -- Up-to-date: /home/tch/mpo_500_workspace/src/libsurvive_ros2/build/libsurvive_ros2/libsurvive-install/lib/libsurvive/plugins/driver_playback.so
[2.463s] -- Up-to-date: /home/tch/mpo_500_workspace/src/libsurvive_ros2/build/libsurvive_ros2/libsurvive-install/lib/libsurvive/plugins/disambiguator_statebased.so
[2.463s] -- Up-to-date: /home/tch/mpo_500_workspace/src/libsurvive_ros2/build/libsurvive_ros2/libsurvive-install/lib/libsurvive/plugins/poser_dummy.so
[2.463s] -- Up-to-date: /home/tch/mpo_500_workspace/src/libsurvive_ros2/build/libsurvive_ros2/libsurvive-install/lib/libsurvive/plugins/poser_mpfit.so
[2.463s] -- Up-to-date: /home/tch/mpo_500_workspace/src/libsurvive_ros2/build/libsurvive_ros2/libsurvive-install/lib/libsurvive/plugins/poser_kalman_only.so
[2.467s] -- Up-to-date: /home/tch/mpo_500_workspace/src/libsurvive_ros2/build/libsurvive_ros2/libsurvive-install/lib/libsurvive/plugins/poser_barycentric_svd.so
[2.467s] -- Up-to-date: /home/tch/mpo_500_workspace/src/libsurvive_ros2/build/libsurvive_ros2/libsurvive-install/lib/libsurvive/plugins/driver_global_scene_solver.so
[2.467s] -- Up-to-date: /home/tch/mpo_500_workspace/src/libsurvive_ros2/build/libsurvive_ros2/libsurvive-install/lib/libsurvive/plugins/driver_udp.so
[2.467s] -- Up-to-date: /home/tch/mpo_500_workspace/src/libsurvive_ros2/build/libsurvive_ros2/libsurvive-install/lib/libsurvive/plugins/driver_usbmon.so
[2.467s] -- Up-to-date: /home/tch/mpo_500_workspace/src/libsurvive_ros2/build/libsurvive_ros2/libsurvive-install/lib/libsurvive.so.0.3
[2.468s] -- Up-to-date: /home/tch/mpo_500_workspace/src/libsurvive_ros2/build/libsurvive_ros2/libsurvive-install/lib/libsurvive.so.0
[2.468s] -- Up-to-date: /home/tch/mpo_500_workspace/src/libsurvive_ros2/build/libsurvive_ros2/libsurvive-install/lib/libsurvive.so
[2.494s] [ 50%] [34m[1mCompleted 'libsurvive'[0m
[2.546s] [ 66%] Built target libsurvive
[2.565s] [35m[1mConsolidate compiler generated dependencies of target libsurvive_ros2_component[0m
[2.594s] [ 75%] [32mBuilding CXX object CMakeFiles/libsurvive_ros2_component.dir/src/component.cpp.o[0m
[12.576s] [ 83%] [32m[1mLinking CXX shared library liblibsurvive_ros2_component.so[0m
[13.093s] [ 83%] Built target libsurvive_ros2_component
[13.112s] [35m[1mConsolidate compiler generated dependencies of target libsurvive_ros2_node[0m
[13.139s] [ 91%] [32m[1mLinking CXX executable libsurvive_ros2_node[0m
[13.465s] [100%] Built target libsurvive_ros2_node
[13.481s] Invoked command in '/home/tch/mpo_500_workspace/src/libsurvive_ros2/build/libsurvive_ros2' returned '0': CMAKE_PREFIX_PATH=${CMAKE_PREFIX_PATH}:/home/tch/mpo_500_workspace/install/odrive_motor_op:/home/tch/mpo_500_workspace/install/neo_nav2_py_costmap2D:/home/tch/mpo_500_workspace/src/odrive_motor_op/install/odrive_motor_op:/opt/ros/humble /usr/bin/cmake --build /home/tch/mpo_500_workspace/src/libsurvive_ros2/build/libsurvive_ros2 -- -j4 -l4
[13.540s] Invoking command in '/home/tch/mpo_500_workspace/src/libsurvive_ros2/build/libsurvive_ros2': CMAKE_PREFIX_PATH=${CMAKE_PREFIX_PATH}:/home/tch/mpo_500_workspace/install/odrive_motor_op:/home/tch/mpo_500_workspace/install/neo_nav2_py_costmap2D:/home/tch/mpo_500_workspace/src/odrive_motor_op/install/odrive_motor_op:/opt/ros/humble /usr/bin/cmake --install /home/tch/mpo_500_workspace/src/libsurvive_ros2/build/libsurvive_ros2
[13.552s] -- Install configuration: ""
[13.552s] -- Up-to-date: /home/tch/mpo_500_workspace/src/libsurvive_ros2/install/libsurvive_ros2/share/libsurvive_ros2/environment/library_path.sh
[13.552s] -- Up-to-date: /home/tch/mpo_500_workspace/src/libsurvive_ros2/install/libsurvive_ros2/share/libsurvive_ros2/environment/library_path.dsv
[13.552s] -- Up-to-date: /home/tch/mpo_500_workspace/src/libsurvive_ros2/install/libsurvive_ros2
[13.552s] -- Up-to-date: /home/tch/mpo_500_workspace/src/libsurvive_ros2/install/libsurvive_ros2/include
[13.552s] -- Up-to-date: /home/tch/mpo_500_workspace/src/libsurvive_ros2/install/libsurvive_ros2/include/cnkalman
[13.553s] -- Up-to-date: /home/tch/mpo_500_workspace/src/libsurvive_ros2/install/libsurvive_ros2/include/cnkalman/generated_header.h
[13.553s] -- Up-to-date: /home/tch/mpo_500_workspace/src/libsurvive_ros2/install/libsurvive_ros2/include/cnkalman/ModelPlot.h
[13.553s] -- Up-to-date: /home/tch/mpo_500_workspace/src/libsurvive_ros2/install/libsurvive_ros2/include/cnkalman/kalman.h
[13.553s] -- Up-to-date: /home/tch/mpo_500_workspace/src/libsurvive_ros2/install/libsurvive_ros2/include/cnkalman/model.h
[13.554s] -- Up-to-date: /home/tch/mpo_500_workspace/src/libsurvive_ros2/install/libsurvive_ros2/include/cnkalman/numerical_diff.h
[13.554s] -- Up-to-date: /home/tch/mpo_500_workspace/src/libsurvive_ros2/install/libsurvive_ros2/include/libsurvive
[13.554s] -- Up-to-date: /home/tch/mpo_500_workspace/src/libsurvive_ros2/install/libsurvive_ros2/include/libsurvive/redist
[13.554s] -- Up-to-date: /home/tch/mpo_500_workspace/src/libsurvive_ros2/install/libsurvive_ros2/include/libsurvive/redist/crc32.h
[13.554s] -- Up-to-date: /home/tch/mpo_500_workspace/src/libsurvive_ros2/install/libsurvive_ros2/include/libsurvive/redist/CNFG3D.h
[13.554s] -- Up-to-date: /home/tch/mpo_500_workspace/src/libsurvive_ros2/install/libsurvive_ros2/include/libsurvive/redist/json_helpers.h
[13.554s] -- Up-to-date: /home/tch/mpo_500_workspace/src/libsurvive_ros2/install/libsurvive_ros2/include/libsurvive/redist/glutil.h
[13.554s] -- Up-to-date: /home/tch/mpo_500_workspace/src/libsurvive_ros2/install/libsurvive_ros2/include/libsurvive/redist/variance.h
[13.554s] -- Up-to-date: /home/tch/mpo_500_workspace/src/libsurvive_ros2/install/libsurvive_ros2/include/libsurvive/redist/hidapi.h
[13.555s] -- Up-to-date: /home/tch/mpo_500_workspace/src/libsurvive_ros2/install/libsurvive_ros2/include/libsurvive/redist/os_generic.windows.h
[13.555s] -- Up-to-date: /home/tch/mpo_500_workspace/src/libsurvive_ros2/install/libsurvive_ros2/include/libsurvive/redist/CNFGFunctions.h
[13.555s] -- Up-to-date: /home/tch/mpo_500_workspace/src/libsurvive_ros2/install/libsurvive_ros2/include/libsurvive/redist/linmath.h
[13.555s] -- Up-to-date: /home/tch/mpo_500_workspace/src/libsurvive_ros2/install/libsurvive_ros2/include/libsurvive/redist/os_generic.unix.h
[13.555s] -- Up-to-date: /home/tch/mpo_500_workspace/src/libsurvive_ros2/install/libsurvive_ros2/include/libsurvive/redist/os_generic.h
[13.556s] -- Up-to-date: /home/tch/mpo_500_workspace/src/libsurvive_ros2/install/libsurvive_ros2/include/libsurvive/redist/jsmn.h
[13.556s] -- Up-to-date: /home/tch/mpo_500_workspace/src/libsurvive_ros2/install/libsurvive_ros2/include/libsurvive/redist/symbol_enumerator.h
[13.556s] -- Up-to-date: /home/tch/mpo_500_workspace/src/libsurvive_ros2/install/libsurvive_ros2/include/libsurvive/redist/dirent.windows.h
[13.556s] -- Up-to-date: /home/tch/mpo_500_workspace/src/libsurvive_ros2/install/libsurvive_ros2/include/libsurvive/redist/puff.h
[13.556s] -- Up-to-date: /home/tch/mpo_500_workspace/src/libsurvive_ros2/install/libsurvive_ros2/include/libsurvive/redist/dclapack.h
[13.556s] -- Up-to-date: /home/tch/mpo_500_workspace/src/libsurvive_ros2/install/libsurvive_ros2/include/libsurvive/redist/CNFGRasterizer.h
[13.557s] -- Up-to-date: /home/tch/mpo_500_workspace/src/libsurvive_ros2/install/libsurvive_ros2/include/libsurvive/redist/dclhelpers.h
[13.557s] -- Up-to-date: /home/tch/mpo_500_workspace/src/libsurvive_ros2/install/libsurvive_ros2/include/libsurvive/survive_reproject_gen2.h
[13.557s] -- Up-to-date: /home/tch/mpo_500_workspace/src/libsurvive_ros2/install/libsurvive_ros2/include/libsurvive/poser.h
[13.557s] -- Up-to-date: /home/tch/mpo_500_workspace/src/libsurvive_ros2/install/libsurvive_ros2/include/libsurvive/survive_optimizer.h
[13.557s] -- Up-to-date: /home/tch/mpo_500_workspace/src/libsurvive_ros2/install/libsurvive_ros2/include/libsurvive/survive_types.h
[13.557s] -- Up-to-date: /home/tch/mpo_500_workspace/src/libsurvive_ros2/install/libsurvive_ros2/include/libsurvive/survive.h
[13.557s] -- Up-to-date: /home/tch/mpo_500_workspace/src/libsurvive_ros2/install/libsurvive_ros2/include/libsurvive/survive_reproject.h
[13.558s] -- Up-to-date: /home/tch/mpo_500_workspace/src/libsurvive_ros2/install/libsurvive_ros2/include/libsurvive/survive_hooks.h
[13.558s] -- Up-to-date: /home/tch/mpo_500_workspace/src/libsurvive_ros2/install/libsurvive_ros2/include/libsurvive/survive_api.h
[13.558s] -- Up-to-date: /home/tch/mpo_500_workspace/src/libsurvive_ros2/install/libsurvive_ros2/include/cnmatrix
[13.558s] -- Up-to-date: /home/tch/mpo_500_workspace/src/libsurvive_ros2/install/libsurvive_ros2/include/cnmatrix/cn_matrix.h
[13.558s] -- Up-to-date: /home/tch/mpo_500_workspace/src/libsurvive_ros2/install/libsurvive_ros2/include/cnmatrix/cn_matrix.hpp
[13.558s] -- Up-to-date: /home/tch/mpo_500_workspace/src/libsurvive_ros2/install/libsurvive_ros2/include/cnmatrix/cn_matrix.eigen.h
[13.558s] -- Up-to-date: /home/tch/mpo_500_workspace/src/libsurvive_ros2/install/libsurvive_ros2/include/cnmatrix/cn_flt.h
[13.558s] -- Up-to-date: /home/tch/mpo_500_workspace/src/libsurvive_ros2/install/libsurvive_ros2/include/cnmatrix/cn_matrix.blas.h
[13.559s] -- Up-to-date: /home/tch/mpo_500_workspace/src/libsurvive_ros2/install/libsurvive_ros2/bin
[13.559s] -- Up-to-date: /home/tch/mpo_500_workspace/src/libsurvive_ros2/install/libsurvive_ros2/bin/sensors-readout
[13.559s] -- Up-to-date: /home/tch/mpo_500_workspace/src/libsurvive_ros2/install/libsurvive_ros2/bin/survive-cli
[13.559s] -- Up-to-date: /home/tch/mpo_500_workspace/src/libsurvive_ros2/install/libsurvive_ros2/bin/survive-buttons
[13.559s] -- Up-to-date: /home/tch/mpo_500_workspace/src/libsurvive_ros2/install/libsurvive_ros2/bin/survive-websocketd
[13.559s] -- Up-to-date: /home/tch/mpo_500_workspace/src/libsurvive_ros2/install/libsurvive_ros2/bin/api_example
[13.559s] -- Up-to-date: /home/tch/mpo_500_workspace/src/libsurvive_ros2/install/libsurvive_ros2/bin/survive-solver
[13.560s] -- Up-to-date: /home/tch/mpo_500_workspace/src/libsurvive_ros2/install/libsurvive_ros2/lib
[13.560s] -- Up-to-date: /home/tch/mpo_500_workspace/src/libsurvive_ros2/install/libsurvive_ros2/lib/libsurvive.so
[13.560s] -- Up-to-date: /home/tch/mpo_500_workspace/src/libsurvive_ros2/install/libsurvive_ros2/lib/pkgconfig
[13.560s] -- Up-to-date: /home/tch/mpo_500_workspace/src/libsurvive_ros2/install/libsurvive_ros2/lib/pkgconfig/cnkalman.pc
[13.560s] -- Up-to-date: /home/tch/mpo_500_workspace/src/libsurvive_ros2/install/libsurvive_ros2/lib/pkgconfig/cnmatrix.pc
[13.560s] -- Up-to-date: /home/tch/mpo_500_workspace/src/libsurvive_ros2/install/libsurvive_ros2/lib/pkgconfig/survive.pc
[13.560s] -- Up-to-date: /home/tch/mpo_500_workspace/src/libsurvive_ros2/install/libsurvive_ros2/lib/libmpfit.a
[13.560s] -- Up-to-date: /home/tch/mpo_500_workspace/src/libsurvive_ros2/install/libsurvive_ros2/lib/libsurvive
[13.560s] -- Up-to-date: /home/tch/mpo_500_workspace/src/libsurvive_ros2/install/libsurvive_ros2/lib/libsurvive/plugins
[13.560s] -- Up-to-date: /home/tch/mpo_500_workspace/src/libsurvive_ros2/install/libsurvive_ros2/lib/libsurvive/plugins/driver_playback.so
[13.561s] -- Up-to-date: /home/tch/mpo_500_workspace/src/libsurvive_ros2/install/libsurvive_ros2/lib/libsurvive/plugins/driver_udp.so
[13.561s] -- Up-to-date: /home/tch/mpo_500_workspace/src/libsurvive_ros2/install/libsurvive_ros2/lib/libsurvive/plugins/driver_global_scene_solver.so
[13.561s] -- Up-to-date: /home/tch/mpo_500_workspace/src/libsurvive_ros2/install/libsurvive_ros2/lib/libsurvive/plugins/driver_usbmon.so
[13.561s] -- Up-to-date: /home/tch/mpo_500_workspace/src/libsurvive_ros2/install/libsurvive_ros2/lib/libsurvive/plugins/poser_dummy.so
[13.561s] -- Up-to-date: /home/tch/mpo_500_workspace/src/libsurvive_ros2/install/libsurvive_ros2/lib/libsurvive/plugins/driver_vive.so
[13.561s] -- Up-to-date: /home/tch/mpo_500_workspace/src/libsurvive_ros2/install/libsurvive_ros2/lib/libsurvive/plugins/driver_simulator.so
[13.561s] -- Up-to-date: /home/tch/mpo_500_workspace/src/libsurvive_ros2/install/libsurvive_ros2/lib/libsurvive/plugins/driver_dummy.so
[13.561s] -- Up-to-date: /home/tch/mpo_500_workspace/src/libsurvive_ros2/install/libsurvive_ros2/lib/libsurvive/plugins/poser_mpfit.so
[13.562s] -- Up-to-date: /home/tch/mpo_500_workspace/src/libsurvive_ros2/install/libsurvive_ros2/lib/libsurvive/plugins/poser_kalman_only.so
[13.562s] -- Up-to-date: /home/tch/mpo_500_workspace/src/libsurvive_ros2/install/libsurvive_ros2/lib/libsurvive/plugins/poser_barycentric_svd.so
[13.562s] -- Up-to-date: /home/tch/mpo_500_workspace/src/libsurvive_ros2/install/libsurvive_ros2/lib/libsurvive/plugins/disambiguator_statebased.so
[13.562s] -- Up-to-date: /home/tch/mpo_500_workspace/src/libsurvive_ros2/install/libsurvive_ros2/lib/libcnkalman.a
[13.562s] -- Up-to-date: /home/tch/mpo_500_workspace/src/libsurvive_ros2/install/libsurvive_ros2/lib/libsurvive.so.0
[13.562s] -- Up-to-date: /home/tch/mpo_500_workspace/src/libsurvive_ros2/install/libsurvive_ros2/lib/libcnmatrix.a
[13.562s] -- Up-to-date: /home/tch/mpo_500_workspace/src/libsurvive_ros2/install/libsurvive_ros2/lib/libsurvive.so.0.3
[13.562s] -- Installing: /home/tch/mpo_500_workspace/src/libsurvive_ros2/install/libsurvive_ros2/lib/liblibsurvive_ros2_component.so
[13.562s] -- Set runtime path of "/home/tch/mpo_500_workspace/src/libsurvive_ros2/install/libsurvive_ros2/lib/liblibsurvive_ros2_component.so" to ""
[13.563s] -- Installing: /home/tch/mpo_500_workspace/src/libsurvive_ros2/install/libsurvive_ros2/lib/libsurvive_ros2/libsurvive_ros2_node
[13.563s] -- Set runtime path of "/home/tch/mpo_500_workspace/src/libsurvive_ros2/install/libsurvive_ros2/lib/libsurvive_ros2/libsurvive_ros2_node" to ""
[13.563s] -- Up-to-date: /home/tch/mpo_500_workspace/src/libsurvive_ros2/install/libsurvive_ros2/share/libsurvive_ros2/config
[13.563s] -- Up-to-date: /home/tch/mpo_500_workspace/src/libsurvive_ros2/install/libsurvive_ros2/share/libsurvive_ros2/config/config.json
[13.563s] -- Up-to-date: /home/tch/mpo_500_workspace/src/libsurvive_ros2/install/libsurvive_ros2/share/libsurvive_ros2/launch
[13.563s] -- Up-to-date: /home/tch/mpo_500_workspace/src/libsurvive_ros2/install/libsurvive_ros2/share/libsurvive_ros2/launch/libsurvive_ros2.launch.py
[13.564s] -- Up-to-date: /home/tch/mpo_500_workspace/src/libsurvive_ros2/install/libsurvive_ros2/share/ament_index/resource_index/package_run_dependencies/libsurvive_ros2
[13.564s] -- Up-to-date: /home/tch/mpo_500_workspace/src/libsurvive_ros2/install/libsurvive_ros2/share/ament_index/resource_index/parent_prefix_path/libsurvive_ros2
[13.564s] -- Up-to-date: /home/tch/mpo_500_workspace/src/libsurvive_ros2/install/libsurvive_ros2/share/libsurvive_ros2/environment/ament_prefix_path.sh
[13.564s] -- Up-to-date: /home/tch/mpo_500_workspace/src/libsurvive_ros2/install/libsurvive_ros2/share/libsurvive_ros2/environment/ament_prefix_path.dsv
[13.564s] -- Up-to-date: /home/tch/mpo_500_workspace/src/libsurvive_ros2/install/libsurvive_ros2/share/libsurvive_ros2/environment/path.sh
[13.564s] -- Up-to-date: /home/tch/mpo_500_workspace/src/libsurvive_ros2/install/libsurvive_ros2/share/libsurvive_ros2/environment/path.dsv
[13.564s] -- Up-to-date: /home/tch/mpo_500_workspace/src/libsurvive_ros2/install/libsurvive_ros2/share/libsurvive_ros2/local_setup.bash
[13.564s] -- Up-to-date: /home/tch/mpo_500_workspace/src/libsurvive_ros2/install/libsurvive_ros2/share/libsurvive_ros2/local_setup.sh
[13.564s] -- Up-to-date: /home/tch/mpo_500_workspace/src/libsurvive_ros2/install/libsurvive_ros2/share/libsurvive_ros2/local_setup.zsh
[13.565s] -- Up-to-date: /home/tch/mpo_500_workspace/src/libsurvive_ros2/install/libsurvive_ros2/share/libsurvive_ros2/local_setup.dsv
[13.565s] -- Installing: /home/tch/mpo_500_workspace/src/libsurvive_ros2/install/libsurvive_ros2/share/libsurvive_ros2/package.dsv
[13.565s] -- Up-to-date: /home/tch/mpo_500_workspace/src/libsurvive_ros2/install/libsurvive_ros2/share/ament_index/resource_index/packages/libsurvive_ros2
[13.565s] -- Up-to-date: /home/tch/mpo_500_workspace/src/libsurvive_ros2/install/libsurvive_ros2/share/ament_index/resource_index/rclcpp_components/libsurvive_ros2
[13.565s] -- Up-to-date: /home/tch/mpo_500_workspace/src/libsurvive_ros2/install/libsurvive_ros2/share/libsurvive_ros2/cmake/ament_cmake_export_include_directories-extras.cmake
[13.565s] -- Up-to-date: /home/tch/mpo_500_workspace/src/libsurvive_ros2/install/libsurvive_ros2/share/libsurvive_ros2/cmake/libsurvive_ros2Config.cmake
[13.565s] -- Up-to-date: /home/tch/mpo_500_workspace/src/libsurvive_ros2/install/libsurvive_ros2/share/libsurvive_ros2/cmake/libsurvive_ros2Config-version.cmake
[13.565s] -- Up-to-date: /home/tch/mpo_500_workspace/src/libsurvive_ros2/install/libsurvive_ros2/share/libsurvive_ros2/package.xml
[13.568s] Invoked command in '/home/tch/mpo_500_workspace/src/libsurvive_ros2/build/libsurvive_ros2' returned '0': CMAKE_PREFIX_PATH=${CMAKE_PREFIX_PATH}:/home/tch/mpo_500_workspace/install/odrive_motor_op:/home/tch/mpo_500_workspace/install/neo_nav2_py_costmap2D:/home/tch/mpo_500_workspace/src/odrive_motor_op/install/odrive_motor_op:/opt/ros/humble /usr/bin/cmake --install /home/tch/mpo_500_workspace/src/libsurvive_ros2/build/libsurvive_ros2
