[0.865s] DEBUG:colcon:Command line arguments: ['/usr/bin/colcon', 'build']
[0.865s] DEBUG:colcon:Parsed command line arguments: Namespace(log_base=None, log_level=None, verb_name='build', build_base='build', install_base='install', merge_install=False, symlink_install=False, test_result_base=None, continue_on_error=False, executor='parallel', parallel_workers=8, event_handlers=None, ignore_user_meta=False, metas=['./colcon.meta'], base_paths=['.'], packages_ignore=None, packages_ignore_regex=None, paths=None, packages_up_to=None, packages_up_to_regex=None, packages_above=None, packages_above_and_dependencies=None, packages_above_depth=None, packages_select_by_dep=None, packages_skip_by_dep=None, packages_skip_up_to=None, packages_select_build_failed=False, packages_skip_build_finished=False, packages_select_test_failures=False, packages_skip_test_passed=False, packages_select=None, packages_skip=None, packages_select_regex=None, packages_skip_regex=None, packages_start=None, packages_end=None, allow_overriding=[], cmake_args=None, cmake_target=None, cmake_target_skip_unavailable=False, cmake_clean_cache=False, cmake_clean_first=False, cmake_force_configure=False, ament_cmake_args=None, catkin_cmake_args=None, catkin_skip_building_tests=False, verb_parser=<colcon_defaults.argument_parser.defaults.DefaultArgumentsDecorator object at 0x7f27d2ecdc90>, verb_extension=<colcon_core.verb.build.BuildVerb object at 0x7f27d2ecd720>, main=<bound method BuildVerb.main of <colcon_core.verb.build.BuildVerb object at 0x7f27d2ecd720>>)
[0.927s] Level 1:colcon.colcon_core.package_discovery:discover_packages(colcon_meta) check parameters
[0.928s] Level 1:colcon.colcon_core.package_discovery:discover_packages(recursive) check parameters
[0.928s] Level 1:colcon.colcon_core.package_discovery:discover_packages(ignore) check parameters
[0.928s] Level 1:colcon.colcon_core.package_discovery:discover_packages(path) check parameters
[0.928s] Level 1:colcon.colcon_core.package_discovery:discover_packages(colcon_meta) discover
[0.928s] Level 1:colcon.colcon_core.package_discovery:discover_packages(recursive) discover
[0.928s] INFO:colcon.colcon_core.package_discovery:Crawling recursively for packages in '/home/tch/nav2_straightline_planner'
[0.928s] Level 1:colcon.colcon_core.package_identification:_identify(.) by extensions ['ignore', 'ignore_ament_install']
[0.928s] Level 1:colcon.colcon_core.package_identification:_identify(.) by extension 'ignore'
[0.929s] Level 1:colcon.colcon_core.package_identification:_identify(.) by extension 'ignore_ament_install'
[0.929s] Level 1:colcon.colcon_core.package_identification:_identify(.) by extensions ['colcon_pkg']
[0.929s] Level 1:colcon.colcon_core.package_identification:_identify(.) by extension 'colcon_pkg'
[0.929s] Level 1:colcon.colcon_core.package_identification:_identify(.) by extensions ['colcon_meta']
[0.929s] Level 1:colcon.colcon_core.package_identification:_identify(.) by extension 'colcon_meta'
[0.929s] Level 1:colcon.colcon_core.package_identification:_identify(.) by extensions ['ros']
[0.929s] Level 1:colcon.colcon_core.package_identification:_identify(.) by extension 'ros'
[0.968s] DEBUG:colcon.colcon_core.package_identification:Package '.' with type 'ros.ament_cmake' and name 'nav2_straightline_planner'
[0.968s] Level 1:colcon.colcon_core.package_discovery:discover_packages(recursive) using defaults
[0.969s] Level 1:colcon.colcon_core.package_discovery:discover_packages(ignore) discover
[0.969s] Level 1:colcon.colcon_core.package_discovery:discover_packages(ignore) using defaults
[0.970s] Level 1:colcon.colcon_core.package_discovery:discover_packages(path) discover
[0.970s] Level 1:colcon.colcon_core.package_discovery:discover_packages(path) using defaults
[1.025s] Level 1:colcon.colcon_core.package_discovery:discover_packages(prefix_path) check parameters
[1.025s] Level 1:colcon.colcon_core.package_discovery:discover_packages(prefix_path) discover
[1.033s] DEBUG:colcon.colcon_installed_package_information.package_discovery:Found 1 installed packages in /home/tch/nav2_straightline_planner/install
[1.036s] DEBUG:colcon.colcon_installed_package_information.package_discovery:Found 1 installed packages in /home/tch/neo_local_planner2-humble/install
[1.038s] DEBUG:colcon.colcon_installed_package_information.package_discovery:Found 1 installed packages in /home/tch/neo_simulation2-humble/install
[1.041s] DEBUG:colcon.colcon_installed_package_information.package_discovery:Found 1 installed packages in /home/tch/neo_srvs2-master/install
[1.043s] DEBUG:colcon.colcon_installed_package_information.package_discovery:Found 1 installed packages in /home/tch/neo_nav2_py_costmap2D-main/install
[1.046s] DEBUG:colcon.colcon_installed_package_information.package_discovery:Found 1 installed packages in /home/tch/neo_nav2_bringup-humble/install
[1.048s] DEBUG:colcon.colcon_installed_package_information.package_discovery:Found 1 installed packages in /home/tch/neo_mpc_planner2-humble/install
[1.050s] DEBUG:colcon.colcon_installed_package_information.package_discovery:Found 1 installed packages in /home/tch/neo_localization2-humble/install
[1.051s] DEBUG:colcon.colcon_installed_package_information.package_discovery:Found 1 installed packages in /home/tch/neo_common2-master/install
[1.055s] DEBUG:colcon.colcon_installed_package_information.package_discovery:Found 399 installed packages in /opt/ros/humble
[1.065s] Level 1:colcon.colcon_core.package_discovery:discover_packages(prefix_path) using defaults
[1.228s] Level 5:colcon.colcon_core.verb:set package 'nav2_straightline_planner' build argument 'cmake_args' from command line to 'None'
[1.228s] Level 5:colcon.colcon_core.verb:set package 'nav2_straightline_planner' build argument 'cmake_target' from command line to 'None'
[1.228s] Level 5:colcon.colcon_core.verb:set package 'nav2_straightline_planner' build argument 'cmake_target_skip_unavailable' from command line to 'False'
[1.228s] Level 5:colcon.colcon_core.verb:set package 'nav2_straightline_planner' build argument 'cmake_clean_cache' from command line to 'False'
[1.229s] Level 5:colcon.colcon_core.verb:set package 'nav2_straightline_planner' build argument 'cmake_clean_first' from command line to 'False'
[1.229s] Level 5:colcon.colcon_core.verb:set package 'nav2_straightline_planner' build argument 'cmake_force_configure' from command line to 'False'
[1.229s] Level 5:colcon.colcon_core.verb:set package 'nav2_straightline_planner' build argument 'ament_cmake_args' from command line to 'None'
[1.229s] Level 5:colcon.colcon_core.verb:set package 'nav2_straightline_planner' build argument 'catkin_cmake_args' from command line to 'None'
[1.229s] Level 5:colcon.colcon_core.verb:set package 'nav2_straightline_planner' build argument 'catkin_skip_building_tests' from command line to 'False'
[1.229s] DEBUG:colcon.colcon_core.verb:Building package 'nav2_straightline_planner' with the following arguments: {'ament_cmake_args': None, 'build_base': '/home/tch/nav2_straightline_planner/build/nav2_straightline_planner', 'catkin_cmake_args': None, 'catkin_skip_building_tests': False, 'cmake_args': None, 'cmake_clean_cache': False, 'cmake_clean_first': False, 'cmake_force_configure': False, 'cmake_target': None, 'cmake_target_skip_unavailable': False, 'install_base': '/home/tch/nav2_straightline_planner/install/nav2_straightline_planner', 'merge_install': False, 'path': '/home/tch/nav2_straightline_planner', 'symlink_install': False, 'test_result_base': None}
[1.231s] INFO:colcon.colcon_core.executor:Executing jobs using 'parallel' executor
[1.236s] DEBUG:colcon.colcon_parallel_executor.executor.parallel:run_until_complete
[1.237s] INFO:colcon.colcon_ros.task.ament_cmake.build:Building ROS package in '/home/tch/nav2_straightline_planner' with build type 'ament_cmake'
[1.237s] INFO:colcon.colcon_cmake.task.cmake.build:Building CMake package in '/home/tch/nav2_straightline_planner'
[1.247s] INFO:colcon.colcon_core.plugin_system:Skipping extension 'colcon_core.shell.bat': Not used on non-Windows systems
[1.247s] INFO:colcon.colcon_core.shell:Skip shell extension 'powershell' for command environment: Not usable outside of PowerShell
[1.248s] DEBUG:colcon.colcon_core.shell:Skip shell extension 'dsv' for command environment
[1.288s] DEBUG:colcon.colcon_core.event_handler.log_command:Invoking command in '/home/tch/nav2_straightline_planner/build/nav2_straightline_planner': CMAKE_PREFIX_PATH=${CMAKE_PREFIX_PATH}:/home/tch/neo_nav2_py_costmap2D-main/install/neo_nav2_py_costmap2D:/opt/ros/humble /usr/bin/cmake --build /home/tch/nav2_straightline_planner/build/nav2_straightline_planner -- -j8 -l8
[14.996s] DEBUG:colcon.colcon_core.event_handler.log_command:Invoked command in '/home/tch/nav2_straightline_planner/build/nav2_straightline_planner' returned '0': CMAKE_PREFIX_PATH=${CMAKE_PREFIX_PATH}:/home/tch/neo_nav2_py_costmap2D-main/install/neo_nav2_py_costmap2D:/opt/ros/humble /usr/bin/cmake --build /home/tch/nav2_straightline_planner/build/nav2_straightline_planner -- -j8 -l8
[15.069s] DEBUG:colcon.colcon_core.event_handler.log_command:Invoking command in '/home/tch/nav2_straightline_planner/build/nav2_straightline_planner': CMAKE_PREFIX_PATH=${CMAKE_PREFIX_PATH}:/home/tch/neo_nav2_py_costmap2D-main/install/neo_nav2_py_costmap2D:/opt/ros/humble /usr/bin/cmake --install /home/tch/nav2_straightline_planner/build/nav2_straightline_planner
[15.093s] Level 1:colcon.colcon_core.environment:create_environment_scripts_only(nav2_straightline_planner)
[15.096s] DEBUG:colcon.colcon_core.event_handler.log_command:Invoked command in '/home/tch/nav2_straightline_planner/build/nav2_straightline_planner' returned '0': CMAKE_PREFIX_PATH=${CMAKE_PREFIX_PATH}:/home/tch/neo_nav2_py_costmap2D-main/install/neo_nav2_py_costmap2D:/opt/ros/humble /usr/bin/cmake --install /home/tch/nav2_straightline_planner/build/nav2_straightline_planner
[15.107s] Level 1:colcon.colcon_core.environment:checking '/home/tch/nav2_straightline_planner/install/nav2_straightline_planner' for CMake module files
[15.110s] Level 1:colcon.colcon_core.environment:checking '/home/tch/nav2_straightline_planner/install/nav2_straightline_planner' for CMake config files
[15.110s] Level 1:colcon.colcon_core.shell:create_environment_hook('nav2_straightline_planner', 'cmake_prefix_path')
[15.112s] INFO:colcon.colcon_core.shell:Creating environment hook '/home/tch/nav2_straightline_planner/install/nav2_straightline_planner/share/nav2_straightline_planner/hook/cmake_prefix_path.ps1'
[15.112s] INFO:colcon.colcon_core.shell:Creating environment descriptor '/home/tch/nav2_straightline_planner/install/nav2_straightline_planner/share/nav2_straightline_planner/hook/cmake_prefix_path.dsv'
[15.113s] INFO:colcon.colcon_core.shell:Creating environment hook '/home/tch/nav2_straightline_planner/install/nav2_straightline_planner/share/nav2_straightline_planner/hook/cmake_prefix_path.sh'
[15.115s] Level 1:colcon.colcon_core.environment:checking '/home/tch/nav2_straightline_planner/install/nav2_straightline_planner/lib'
[15.116s] Level 1:colcon.colcon_core.shell:create_environment_hook('nav2_straightline_planner', 'ld_library_path_lib')
[15.119s] INFO:colcon.colcon_core.shell:Creating environment hook '/home/tch/nav2_straightline_planner/install/nav2_straightline_planner/share/nav2_straightline_planner/hook/ld_library_path_lib.ps1'
[15.121s] INFO:colcon.colcon_core.shell:Creating environment descriptor '/home/tch/nav2_straightline_planner/install/nav2_straightline_planner/share/nav2_straightline_planner/hook/ld_library_path_lib.dsv'
[15.122s] INFO:colcon.colcon_core.shell:Creating environment hook '/home/tch/nav2_straightline_planner/install/nav2_straightline_planner/share/nav2_straightline_planner/hook/ld_library_path_lib.sh'
[15.124s] Level 1:colcon.colcon_core.environment:checking '/home/tch/nav2_straightline_planner/install/nav2_straightline_planner/bin'
[15.124s] Level 1:colcon.colcon_core.environment:checking '/home/tch/nav2_straightline_planner/install/nav2_straightline_planner/lib/pkgconfig/nav2_straightline_planner.pc'
[15.125s] Level 1:colcon.colcon_core.environment:checking '/home/tch/nav2_straightline_planner/install/nav2_straightline_planner/lib/python3.10/site-packages'
[15.125s] Level 1:colcon.colcon_core.environment:checking '/home/tch/nav2_straightline_planner/install/nav2_straightline_planner/bin'
[15.130s] INFO:colcon.colcon_core.shell:Creating package script '/home/tch/nav2_straightline_planner/install/nav2_straightline_planner/share/nav2_straightline_planner/package.ps1'
[15.131s] INFO:colcon.colcon_core.shell:Creating package descriptor '/home/tch/nav2_straightline_planner/install/nav2_straightline_planner/share/nav2_straightline_planner/package.dsv'
[15.132s] INFO:colcon.colcon_core.shell:Creating package script '/home/tch/nav2_straightline_planner/install/nav2_straightline_planner/share/nav2_straightline_planner/package.sh'
[15.133s] INFO:colcon.colcon_core.shell:Creating package script '/home/tch/nav2_straightline_planner/install/nav2_straightline_planner/share/nav2_straightline_planner/package.bash'
[15.135s] INFO:colcon.colcon_core.shell:Creating package script '/home/tch/nav2_straightline_planner/install/nav2_straightline_planner/share/nav2_straightline_planner/package.zsh'
[15.136s] Level 1:colcon.colcon_core.environment:create_file_with_runtime_dependencies(/home/tch/nav2_straightline_planner/install/nav2_straightline_planner/share/colcon-core/packages/nav2_straightline_planner)
[15.196s] Level 1:colcon.colcon_core.environment:create_environment_scripts_only(nav2_straightline_planner)
[15.200s] Level 1:colcon.colcon_core.environment:checking '/home/tch/nav2_straightline_planner/install/nav2_straightline_planner' for CMake module files
[15.201s] Level 1:colcon.colcon_core.environment:checking '/home/tch/nav2_straightline_planner/install/nav2_straightline_planner' for CMake config files
[15.201s] Level 1:colcon.colcon_core.shell:create_environment_hook('nav2_straightline_planner', 'cmake_prefix_path')
[15.207s] INFO:colcon.colcon_core.shell:Creating environment hook '/home/tch/nav2_straightline_planner/install/nav2_straightline_planner/share/nav2_straightline_planner/hook/cmake_prefix_path.ps1'
[15.208s] INFO:colcon.colcon_core.shell:Creating environment descriptor '/home/tch/nav2_straightline_planner/install/nav2_straightline_planner/share/nav2_straightline_planner/hook/cmake_prefix_path.dsv'
[15.208s] INFO:colcon.colcon_core.shell:Creating environment hook '/home/tch/nav2_straightline_planner/install/nav2_straightline_planner/share/nav2_straightline_planner/hook/cmake_prefix_path.sh'
[15.209s] Level 1:colcon.colcon_core.environment:checking '/home/tch/nav2_straightline_planner/install/nav2_straightline_planner/lib'
[15.209s] Level 1:colcon.colcon_core.shell:create_environment_hook('nav2_straightline_planner', 'ld_library_path_lib')
[15.214s] INFO:colcon.colcon_core.shell:Creating environment hook '/home/tch/nav2_straightline_planner/install/nav2_straightline_planner/share/nav2_straightline_planner/hook/ld_library_path_lib.ps1'
[15.216s] INFO:colcon.colcon_core.shell:Creating environment descriptor '/home/tch/nav2_straightline_planner/install/nav2_straightline_planner/share/nav2_straightline_planner/hook/ld_library_path_lib.dsv'
[15.217s] INFO:colcon.colcon_core.shell:Creating environment hook '/home/tch/nav2_straightline_planner/install/nav2_straightline_planner/share/nav2_straightline_planner/hook/ld_library_path_lib.sh'
[15.218s] Level 1:colcon.colcon_core.environment:checking '/home/tch/nav2_straightline_planner/install/nav2_straightline_planner/bin'
[15.218s] Level 1:colcon.colcon_core.environment:checking '/home/tch/nav2_straightline_planner/install/nav2_straightline_planner/lib/pkgconfig/nav2_straightline_planner.pc'
[15.219s] Level 1:colcon.colcon_core.environment:checking '/home/tch/nav2_straightline_planner/install/nav2_straightline_planner/lib/python3.10/site-packages'
[15.219s] Level 1:colcon.colcon_core.environment:checking '/home/tch/nav2_straightline_planner/install/nav2_straightline_planner/bin'
[15.223s] INFO:colcon.colcon_core.shell:Creating package script '/home/tch/nav2_straightline_planner/install/nav2_straightline_planner/share/nav2_straightline_planner/package.ps1'
[15.227s] INFO:colcon.colcon_core.shell:Creating package descriptor '/home/tch/nav2_straightline_planner/install/nav2_straightline_planner/share/nav2_straightline_planner/package.dsv'
[15.228s] INFO:colcon.colcon_core.shell:Creating package script '/home/tch/nav2_straightline_planner/install/nav2_straightline_planner/share/nav2_straightline_planner/package.sh'
[15.228s] INFO:colcon.colcon_core.shell:Creating package script '/home/tch/nav2_straightline_planner/install/nav2_straightline_planner/share/nav2_straightline_planner/package.bash'
[15.229s] INFO:colcon.colcon_core.shell:Creating package script '/home/tch/nav2_straightline_planner/install/nav2_straightline_planner/share/nav2_straightline_planner/package.zsh'
[15.229s] Level 1:colcon.colcon_core.environment:create_file_with_runtime_dependencies(/home/tch/nav2_straightline_planner/install/nav2_straightline_planner/share/colcon-core/packages/nav2_straightline_planner)
[15.229s] DEBUG:colcon.colcon_parallel_executor.executor.parallel:closing loop
[15.230s] DEBUG:colcon.colcon_parallel_executor.executor.parallel:loop closed
[15.230s] DEBUG:colcon.colcon_parallel_executor.executor.parallel:run_until_complete finished with '0'
[15.231s] DEBUG:colcon.colcon_core.event_reactor:joining thread
[15.246s] INFO:colcon.colcon_core.plugin_system:Skipping extension 'colcon_notification.desktop_notification.terminal_notifier': Not used on non-Darwin systems
[15.247s] INFO:colcon.colcon_core.plugin_system:Skipping extension 'colcon_notification.desktop_notification.win32': Not used on non-Windows systems
[15.247s] INFO:colcon.colcon_notification.desktop_notification:Sending desktop notification using 'notify2'
[15.266s] DEBUG:colcon.colcon_core.event_reactor:joined thread
[15.268s] INFO:colcon.colcon_core.shell:Creating prefix script '/home/tch/nav2_straightline_planner/install/local_setup.ps1'
[15.270s] INFO:colcon.colcon_core.shell:Creating prefix util module '/home/tch/nav2_straightline_planner/install/_local_setup_util_ps1.py'
[15.273s] INFO:colcon.colcon_core.shell:Creating prefix chain script '/home/tch/nav2_straightline_planner/install/setup.ps1'
[15.277s] INFO:colcon.colcon_core.shell:Creating prefix script '/home/tch/nav2_straightline_planner/install/local_setup.sh'
[15.278s] INFO:colcon.colcon_core.shell:Creating prefix util module '/home/tch/nav2_straightline_planner/install/_local_setup_util_sh.py'
[15.279s] INFO:colcon.colcon_core.shell:Creating prefix chain script '/home/tch/nav2_straightline_planner/install/setup.sh'
[15.283s] INFO:colcon.colcon_core.shell:Creating prefix script '/home/tch/nav2_straightline_planner/install/local_setup.bash'
[15.286s] INFO:colcon.colcon_core.shell:Creating prefix chain script '/home/tch/nav2_straightline_planner/install/setup.bash'
[15.289s] INFO:colcon.colcon_core.shell:Creating prefix script '/home/tch/nav2_straightline_planner/install/local_setup.zsh'
[15.289s] INFO:colcon.colcon_core.shell:Creating prefix chain script '/home/tch/nav2_straightline_planner/install/setup.zsh'
